[2024-08-02 11:38:02] production.ERROR: SQLSTATE[HY000] [1045] Access denied for user 'forge'@'localhost' (using password: NO) (SQL: select `search_total_results` from `theme_configuration` limit 1) {"exception":"[object] (Illuminate\\Database\\QueryException(code: 1045): SQLSTATE[HY000] [1045] Access denied for user 'forge'@'localhost' (using password: NO) (SQL: select `search_total_results` from `theme_configuration` limit 1) at C:\\xampp\\htdocs\\backend\\vendor\\illuminate\\database\\Connection.php:712)
[stacktrace]
#0 C:\\xampp\\htdocs\\backend\\vendor\\illuminate\\database\\Connection.php(672): Illuminate\\Database\\Connection->runQueryCallback('select `search_...', Array, Object(Closure))
#1 C:\\xampp\\htdocs\\backend\\vendor\\illuminate\\database\\Connection.php(359): Illuminate\\Database\\Connection->run('select `search_...', Array, Object(Closure))
#2 C:\\xampp\\htdocs\\backend\\vendor\\illuminate\\database\\Query\\Builder.php(2413): Illuminate\\Database\\Connection->select('select `search_...', Array, true)
#3 C:\\xampp\\htdocs\\backend\\vendor\\illuminate\\database\\Query\\Builder.php(2402): Illuminate\\Database\\Query\\Builder->runSelect()
#4 C:\\xampp\\htdocs\\backend\\vendor\\illuminate\\database\\Query\\Builder.php(2936): Illuminate\\Database\\Query\\Builder->Illuminate\\Database\\Query\\{closure}()
#5 C:\\xampp\\htdocs\\backend\\vendor\\illuminate\\database\\Query\\Builder.php(2401): Illuminate\\Database\\Query\\Builder->onceWithColumns(Array, Object(Closure))
#6 C:\\xampp\\htdocs\\backend\\vendor\\illuminate\\database\\Concerns\\BuildsQueries.php(294): Illuminate\\Database\\Query\\Builder->get(Array)
#7 C:\\xampp\\htdocs\\backend\\app\\helper.php(506): Illuminate\\Database\\Query\\Builder->first()
#8 C:\\xampp\\htdocs\\backend\\app\\Http\\Controllers\\ContentController.php(51): maxresult()
#9 [internal function]: App\\Http\\Controllers\\ContentController->__construct()
#10 C:\\xampp\\htdocs\\backend\\vendor\\illuminate\\container\\Container.php(917): ReflectionClass->newInstanceArgs(Array)
#11 C:\\xampp\\htdocs\\backend\\vendor\\illuminate\\container\\Container.php(758): Illuminate\\Container\\Container->build('App\\\\Http\\\\Contro...')
#12 C:\\xampp\\htdocs\\backend\\vendor\\illuminate\\container\\Container.php(694): Illuminate\\Container\\Container->resolve('App\\\\Http\\\\Contro...', Array)
#13 C:\\xampp\\htdocs\\backend\\vendor\\laravel\\lumen-framework\\src\\Application.php(300): Illuminate\\Container\\Container->make('App\\\\Http\\\\Contro...', Array)
#14 C:\\xampp\\htdocs\\backend\\vendor\\laravel\\lumen-framework\\src\\Concerns\\RoutesRequests.php(325): Laravel\\Lumen\\Application->make('App\\\\Http\\\\Contro...')
#15 C:\\xampp\\htdocs\\backend\\vendor\\laravel\\lumen-framework\\src\\Concerns\\RoutesRequests.php(283): Laravel\\Lumen\\Application->callControllerAction(Array)
#16 C:\\xampp\\htdocs\\backend\\vendor\\laravel\\lumen-framework\\src\\Concerns\\RoutesRequests.php(268): Laravel\\Lumen\\Application->callActionOnArrayBasedRoute(Array)
#17 C:\\xampp\\htdocs\\backend\\vendor\\laravel\\lumen-framework\\src\\Concerns\\RoutesRequests.php(170): Laravel\\Lumen\\Application->handleFoundRoute(Array)
#18 C:\\xampp\\htdocs\\backend\\vendor\\laravel\\lumen-framework\\src\\Routing\\Pipeline.php(48): Laravel\\Lumen\\Application->Laravel\\Lumen\\Concerns\\{closure}(Object(Laravel\\Lumen\\Http\\Request))
#19 C:\\xampp\\htdocs\\backend\\vendor\\illuminate\\session\\Middleware\\StartSession.php(121): Laravel\\Lumen\\Routing\\Pipeline->Laravel\\Lumen\\Routing\\{closure}(Object(Laravel\\Lumen\\Http\\Request))
#20 C:\\xampp\\htdocs\\backend\\vendor\\illuminate\\session\\Middleware\\StartSession.php(64): Illuminate\\Session\\Middleware\\StartSession->handleStatefulRequest(Object(Laravel\\Lumen\\Http\\Request), Object(Illuminate\\Session\\Store), Object(Closure))
#21 C:\\xampp\\htdocs\\backend\\vendor\\illuminate\\pipeline\\Pipeline.php(167): Illuminate\\Session\\Middleware\\StartSession->handle(Object(Laravel\\Lumen\\Http\\Request), Object(Closure))
#22 C:\\xampp\\htdocs\\backend\\vendor\\laravel\\lumen-framework\\src\\Routing\\Pipeline.php(30): Illuminate\\Pipeline\\Pipeline->Illuminate\\Pipeline\\{closure}(Object(Laravel\\Lumen\\Http\\Request))
#23 C:\\xampp\\htdocs\\backend\\vendor\\illuminate\\pipeline\\Pipeline.php(103): Laravel\\Lumen\\Routing\\Pipeline->Laravel\\Lumen\\Routing\\{closure}(Object(Laravel\\Lumen\\Http\\Request))
#24 C:\\xampp\\htdocs\\backend\\vendor\\laravel\\lumen-framework\\src\\Concerns\\RoutesRequests.php(427): Illuminate\\Pipeline\\Pipeline->then(Object(Closure))
#25 C:\\xampp\\htdocs\\backend\\vendor\\laravel\\lumen-framework\\src\\Concerns\\RoutesRequests.php(166): Laravel\\Lumen\\Application->sendThroughPipeline(Array, Object(Closure))
#26 C:\\xampp\\htdocs\\backend\\vendor\\laravel\\lumen-framework\\src\\Concerns\\RoutesRequests.php(113): Laravel\\Lumen\\Application->dispatch(NULL)
#27 C:\\xampp\\htdocs\\backend\\public\\index.php(28): Laravel\\Lumen\\Application->run()
#28 {main}

[previous exception] [object] (PDOException(code: 1045): SQLSTATE[HY000] [1045] Access denied for user 'forge'@'localhost' (using password: NO) at C:\\xampp\\htdocs\\backend\\vendor\\illuminate\\database\\Connectors\\Connector.php:70)
[stacktrace]
#0 C:\\xampp\\htdocs\\backend\\vendor\\illuminate\\database\\Connectors\\Connector.php(70): PDO->__construct('mysql:host=127....', 'forge', Object(SensitiveParameterValue), Array)
#1 C:\\xampp\\htdocs\\backend\\vendor\\illuminate\\database\\Connectors\\Connector.php(45): Illuminate\\Database\\Connectors\\Connector->createPdoConnection('mysql:host=127....', 'forge', '', Array)
#2 C:\\xampp\\htdocs\\backend\\vendor\\illuminate\\database\\Connectors\\MySqlConnector.php(24): Illuminate\\Database\\Connectors\\Connector->createConnection('mysql:host=127....', Array, Array)
#3 C:\\xampp\\htdocs\\backend\\vendor\\illuminate\\database\\Connectors\\ConnectionFactory.php(184): Illuminate\\Database\\Connectors\\MySqlConnector->connect(Array)
#4 [internal function]: Illuminate\\Database\\Connectors\\ConnectionFactory->Illuminate\\Database\\Connectors\\{closure}()
#5 C:\\xampp\\htdocs\\backend\\vendor\\illuminate\\database\\Connection.php(1064): call_user_func(Object(Closure))
#6 C:\\xampp\\htdocs\\backend\\vendor\\illuminate\\database\\Connection.php(1100): Illuminate\\Database\\Connection->getPdo()
#7 C:\\xampp\\htdocs\\backend\\vendor\\illuminate\\database\\Connection.php(442): Illuminate\\Database\\Connection->getReadPdo()
#8 C:\\xampp\\htdocs\\backend\\vendor\\illuminate\\database\\Connection.php(368): Illuminate\\Database\\Connection->getPdoForSelect(true)
#9 C:\\xampp\\htdocs\\backend\\vendor\\illuminate\\database\\Connection.php(705): Illuminate\\Database\\Connection->Illuminate\\Database\\{closure}('select `search_...', Array)
#10 C:\\xampp\\htdocs\\backend\\vendor\\illuminate\\database\\Connection.php(672): Illuminate\\Database\\Connection->runQueryCallback('select `search_...', Array, Object(Closure))
#11 C:\\xampp\\htdocs\\backend\\vendor\\illuminate\\database\\Connection.php(359): Illuminate\\Database\\Connection->run('select `search_...', Array, Object(Closure))
#12 C:\\xampp\\htdocs\\backend\\vendor\\illuminate\\database\\Query\\Builder.php(2413): Illuminate\\Database\\Connection->select('select `search_...', Array, true)
#13 C:\\xampp\\htdocs\\backend\\vendor\\illuminate\\database\\Query\\Builder.php(2402): Illuminate\\Database\\Query\\Builder->runSelect()
#14 C:\\xampp\\htdocs\\backend\\vendor\\illuminate\\database\\Query\\Builder.php(2936): Illuminate\\Database\\Query\\Builder->Illuminate\\Database\\Query\\{closure}()
#15 C:\\xampp\\htdocs\\backend\\vendor\\illuminate\\database\\Query\\Builder.php(2401): Illuminate\\Database\\Query\\Builder->onceWithColumns(Array, Object(Closure))
#16 C:\\xampp\\htdocs\\backend\\vendor\\illuminate\\database\\Concerns\\BuildsQueries.php(294): Illuminate\\Database\\Query\\Builder->get(Array)
#17 C:\\xampp\\htdocs\\backend\\app\\helper.php(506): Illuminate\\Database\\Query\\Builder->first()
#18 C:\\xampp\\htdocs\\backend\\app\\Http\\Controllers\\ContentController.php(51): maxresult()
#19 [internal function]: App\\Http\\Controllers\\ContentController->__construct()
#20 C:\\xampp\\htdocs\\backend\\vendor\\illuminate\\container\\Container.php(917): ReflectionClass->newInstanceArgs(Array)
#21 C:\\xampp\\htdocs\\backend\\vendor\\illuminate\\container\\Container.php(758): Illuminate\\Container\\Container->build('App\\\\Http\\\\Contro...')
#22 C:\\xampp\\htdocs\\backend\\vendor\\illuminate\\container\\Container.php(694): Illuminate\\Container\\Container->resolve('App\\\\Http\\\\Contro...', Array)
#23 C:\\xampp\\htdocs\\backend\\vendor\\laravel\\lumen-framework\\src\\Application.php(300): Illuminate\\Container\\Container->make('App\\\\Http\\\\Contro...', Array)
#24 C:\\xampp\\htdocs\\backend\\vendor\\laravel\\lumen-framework\\src\\Concerns\\RoutesRequests.php(325): Laravel\\Lumen\\Application->make('App\\\\Http\\\\Contro...')
#25 C:\\xampp\\htdocs\\backend\\vendor\\laravel\\lumen-framework\\src\\Concerns\\RoutesRequests.php(283): Laravel\\Lumen\\Application->callControllerAction(Array)
#26 C:\\xampp\\htdocs\\backend\\vendor\\laravel\\lumen-framework\\src\\Concerns\\RoutesRequests.php(268): Laravel\\Lumen\\Application->callActionOnArrayBasedRoute(Array)
#27 C:\\xampp\\htdocs\\backend\\vendor\\laravel\\lumen-framework\\src\\Concerns\\RoutesRequests.php(170): Laravel\\Lumen\\Application->handleFoundRoute(Array)
#28 C:\\xampp\\htdocs\\backend\\vendor\\laravel\\lumen-framework\\src\\Routing\\Pipeline.php(48): Laravel\\Lumen\\Application->Laravel\\Lumen\\Concerns\\{closure}(Object(Laravel\\Lumen\\Http\\Request))
#29 C:\\xampp\\htdocs\\backend\\vendor\\illuminate\\session\\Middleware\\StartSession.php(121): Laravel\\Lumen\\Routing\\Pipeline->Laravel\\Lumen\\Routing\\{closure}(Object(Laravel\\Lumen\\Http\\Request))
#30 C:\\xampp\\htdocs\\backend\\vendor\\illuminate\\session\\Middleware\\StartSession.php(64): Illuminate\\Session\\Middleware\\StartSession->handleStatefulRequest(Object(Laravel\\Lumen\\Http\\Request), Object(Illuminate\\Session\\Store), Object(Closure))
#31 C:\\xampp\\htdocs\\backend\\vendor\\illuminate\\pipeline\\Pipeline.php(167): Illuminate\\Session\\Middleware\\StartSession->handle(Object(Laravel\\Lumen\\Http\\Request), Object(Closure))
#32 C:\\xampp\\htdocs\\backend\\vendor\\laravel\\lumen-framework\\src\\Routing\\Pipeline.php(30): Illuminate\\Pipeline\\Pipeline->Illuminate\\Pipeline\\{closure}(Object(Laravel\\Lumen\\Http\\Request))
#33 C:\\xampp\\htdocs\\backend\\vendor\\illuminate\\pipeline\\Pipeline.php(103): Laravel\\Lumen\\Routing\\Pipeline->Laravel\\Lumen\\Routing\\{closure}(Object(Laravel\\Lumen\\Http\\Request))
#34 C:\\xampp\\htdocs\\backend\\vendor\\laravel\\lumen-framework\\src\\Concerns\\RoutesRequests.php(427): Illuminate\\Pipeline\\Pipeline->then(Object(Closure))
#35 C:\\xampp\\htdocs\\backend\\vendor\\laravel\\lumen-framework\\src\\Concerns\\RoutesRequests.php(166): Laravel\\Lumen\\Application->sendThroughPipeline(Array, Object(Closure))
#36 C:\\xampp\\htdocs\\backend\\vendor\\laravel\\lumen-framework\\src\\Concerns\\RoutesRequests.php(113): Laravel\\Lumen\\Application->dispatch(NULL)
#37 C:\\xampp\\htdocs\\backend\\public\\index.php(28): Laravel\\Lumen\\Application->run()
#38 {main}
"} 
[2024-08-02 12:23:29] production.ERROR: SQLSTATE[HY000] [1045] Access denied for user 'forge'@'localhost' (using password: NO) (SQL: select `search_total_results` from `theme_configuration` limit 1) {"exception":"[object] (Illuminate\\Database\\QueryException(code: 1045): SQLSTATE[HY000] [1045] Access denied for user 'forge'@'localhost' (using password: NO) (SQL: select `search_total_results` from `theme_configuration` limit 1) at C:\\xampp\\htdocs\\backend\\vendor\\illuminate\\database\\Connection.php:712)
[stacktrace]
#0 C:\\xampp\\htdocs\\backend\\vendor\\illuminate\\database\\Connection.php(672): Illuminate\\Database\\Connection->runQueryCallback('select `search_...', Array, Object(Closure))
#1 C:\\xampp\\htdocs\\backend\\vendor\\illuminate\\database\\Connection.php(359): Illuminate\\Database\\Connection->run('select `search_...', Array, Object(Closure))
#2 C:\\xampp\\htdocs\\backend\\vendor\\illuminate\\database\\Query\\Builder.php(2413): Illuminate\\Database\\Connection->select('select `search_...', Array, true)
#3 C:\\xampp\\htdocs\\backend\\vendor\\illuminate\\database\\Query\\Builder.php(2402): Illuminate\\Database\\Query\\Builder->runSelect()
#4 C:\\xampp\\htdocs\\backend\\vendor\\illuminate\\database\\Query\\Builder.php(2936): Illuminate\\Database\\Query\\Builder->Illuminate\\Database\\Query\\{closure}()
#5 C:\\xampp\\htdocs\\backend\\vendor\\illuminate\\database\\Query\\Builder.php(2401): Illuminate\\Database\\Query\\Builder->onceWithColumns(Array, Object(Closure))
#6 C:\\xampp\\htdocs\\backend\\vendor\\illuminate\\database\\Concerns\\BuildsQueries.php(294): Illuminate\\Database\\Query\\Builder->get(Array)
#7 C:\\xampp\\htdocs\\backend\\app\\helper.php(506): Illuminate\\Database\\Query\\Builder->first()
#8 C:\\xampp\\htdocs\\backend\\app\\Http\\Controllers\\BookController.php(37): maxresult()
#9 [internal function]: App\\Http\\Controllers\\BookController->__construct()
#10 C:\\xampp\\htdocs\\backend\\vendor\\illuminate\\container\\Container.php(917): ReflectionClass->newInstanceArgs(Array)
#11 C:\\xampp\\htdocs\\backend\\vendor\\illuminate\\container\\Container.php(758): Illuminate\\Container\\Container->build('App\\\\Http\\\\Contro...')
#12 C:\\xampp\\htdocs\\backend\\vendor\\illuminate\\container\\Container.php(694): Illuminate\\Container\\Container->resolve('App\\\\Http\\\\Contro...', Array)
#13 C:\\xampp\\htdocs\\backend\\vendor\\laravel\\lumen-framework\\src\\Application.php(300): Illuminate\\Container\\Container->make('App\\\\Http\\\\Contro...', Array)
#14 C:\\xampp\\htdocs\\backend\\vendor\\illuminate\\container\\Container.php(1027): Laravel\\Lumen\\Application->make('App\\\\Http\\\\Contro...')
#15 C:\\xampp\\htdocs\\backend\\vendor\\illuminate\\container\\Container.php(947): Illuminate\\Container\\Container->resolveClass(Object(ReflectionParameter))
#16 C:\\xampp\\htdocs\\backend\\vendor\\illuminate\\container\\Container.php(908): Illuminate\\Container\\Container->resolveDependencies(Array)
#17 C:\\xampp\\htdocs\\backend\\vendor\\illuminate\\container\\Container.php(758): Illuminate\\Container\\Container->build('App\\\\Http\\\\Contro...')
#18 C:\\xampp\\htdocs\\backend\\vendor\\illuminate\\container\\Container.php(694): Illuminate\\Container\\Container->resolve('App\\\\Http\\\\Contro...', Array)
#19 C:\\xampp\\htdocs\\backend\\vendor\\laravel\\lumen-framework\\src\\Application.php(300): Illuminate\\Container\\Container->make('App\\\\Http\\\\Contro...', Array)
#20 C:\\xampp\\htdocs\\backend\\vendor\\laravel\\lumen-framework\\src\\Concerns\\RoutesRequests.php(325): Laravel\\Lumen\\Application->make('App\\\\Http\\\\Contro...')
#21 C:\\xampp\\htdocs\\backend\\vendor\\laravel\\lumen-framework\\src\\Concerns\\RoutesRequests.php(283): Laravel\\Lumen\\Application->callControllerAction(Array)
#22 C:\\xampp\\htdocs\\backend\\vendor\\laravel\\lumen-framework\\src\\Concerns\\RoutesRequests.php(268): Laravel\\Lumen\\Application->callActionOnArrayBasedRoute(Array)
#23 C:\\xampp\\htdocs\\backend\\vendor\\laravel\\lumen-framework\\src\\Concerns\\RoutesRequests.php(170): Laravel\\Lumen\\Application->handleFoundRoute(Array)
#24 C:\\xampp\\htdocs\\backend\\vendor\\laravel\\lumen-framework\\src\\Routing\\Pipeline.php(48): Laravel\\Lumen\\Application->Laravel\\Lumen\\Concerns\\{closure}(Object(Laravel\\Lumen\\Http\\Request))
#25 C:\\xampp\\htdocs\\backend\\vendor\\illuminate\\session\\Middleware\\StartSession.php(121): Laravel\\Lumen\\Routing\\Pipeline->Laravel\\Lumen\\Routing\\{closure}(Object(Laravel\\Lumen\\Http\\Request))
#26 C:\\xampp\\htdocs\\backend\\vendor\\illuminate\\session\\Middleware\\StartSession.php(64): Illuminate\\Session\\Middleware\\StartSession->handleStatefulRequest(Object(Laravel\\Lumen\\Http\\Request), Object(Illuminate\\Session\\Store), Object(Closure))
#27 C:\\xampp\\htdocs\\backend\\vendor\\illuminate\\pipeline\\Pipeline.php(167): Illuminate\\Session\\Middleware\\StartSession->handle(Object(Laravel\\Lumen\\Http\\Request), Object(Closure))
#28 C:\\xampp\\htdocs\\backend\\vendor\\laravel\\lumen-framework\\src\\Routing\\Pipeline.php(30): Illuminate\\Pipeline\\Pipeline->Illuminate\\Pipeline\\{closure}(Object(Laravel\\Lumen\\Http\\Request))
#29 C:\\xampp\\htdocs\\backend\\vendor\\illuminate\\pipeline\\Pipeline.php(103): Laravel\\Lumen\\Routing\\Pipeline->Laravel\\Lumen\\Routing\\{closure}(Object(Laravel\\Lumen\\Http\\Request))
#30 C:\\xampp\\htdocs\\backend\\vendor\\laravel\\lumen-framework\\src\\Concerns\\RoutesRequests.php(427): Illuminate\\Pipeline\\Pipeline->then(Object(Closure))
#31 C:\\xampp\\htdocs\\backend\\vendor\\laravel\\lumen-framework\\src\\Concerns\\RoutesRequests.php(166): Laravel\\Lumen\\Application->sendThroughPipeline(Array, Object(Closure))
#32 C:\\xampp\\htdocs\\backend\\vendor\\laravel\\lumen-framework\\src\\Concerns\\RoutesRequests.php(113): Laravel\\Lumen\\Application->dispatch(NULL)
#33 C:\\xampp\\htdocs\\backend\\public\\index.php(28): Laravel\\Lumen\\Application->run()
#34 {main}

[previous exception] [object] (PDOException(code: 1045): SQLSTATE[HY000] [1045] Access denied for user 'forge'@'localhost' (using password: NO) at C:\\xampp\\htdocs\\backend\\vendor\\illuminate\\database\\Connectors\\Connector.php:70)
[stacktrace]
#0 C:\\xampp\\htdocs\\backend\\vendor\\illuminate\\database\\Connectors\\Connector.php(70): PDO->__construct('mysql:host=127....', 'forge', Object(SensitiveParameterValue), Array)
#1 C:\\xampp\\htdocs\\backend\\vendor\\illuminate\\database\\Connectors\\Connector.php(45): Illuminate\\Database\\Connectors\\Connector->createPdoConnection('mysql:host=127....', 'forge', '', Array)
#2 C:\\xampp\\htdocs\\backend\\vendor\\illuminate\\database\\Connectors\\MySqlConnector.php(24): Illuminate\\Database\\Connectors\\Connector->createConnection('mysql:host=127....', Array, Array)
#3 C:\\xampp\\htdocs\\backend\\vendor\\illuminate\\database\\Connectors\\ConnectionFactory.php(184): Illuminate\\Database\\Connectors\\MySqlConnector->connect(Array)
#4 [internal function]: Illuminate\\Database\\Connectors\\ConnectionFactory->Illuminate\\Database\\Connectors\\{closure}()
#5 C:\\xampp\\htdocs\\backend\\vendor\\illuminate\\database\\Connection.php(1064): call_user_func(Object(Closure))
#6 C:\\xampp\\htdocs\\backend\\vendor\\illuminate\\database\\Connection.php(1100): Illuminate\\Database\\Connection->getPdo()
#7 C:\\xampp\\htdocs\\backend\\vendor\\illuminate\\database\\Connection.php(442): Illuminate\\Database\\Connection->getReadPdo()
#8 C:\\xampp\\htdocs\\backend\\vendor\\illuminate\\database\\Connection.php(368): Illuminate\\Database\\Connection->getPdoForSelect(true)
#9 C:\\xampp\\htdocs\\backend\\vendor\\illuminate\\database\\Connection.php(705): Illuminate\\Database\\Connection->Illuminate\\Database\\{closure}('select `search_...', Array)
#10 C:\\xampp\\htdocs\\backend\\vendor\\illuminate\\database\\Connection.php(672): Illuminate\\Database\\Connection->runQueryCallback('select `search_...', Array, Object(Closure))
#11 C:\\xampp\\htdocs\\backend\\vendor\\illuminate\\database\\Connection.php(359): Illuminate\\Database\\Connection->run('select `search_...', Array, Object(Closure))
#12 C:\\xampp\\htdocs\\backend\\vendor\\illuminate\\database\\Query\\Builder.php(2413): Illuminate\\Database\\Connection->select('select `search_...', Array, true)
#13 C:\\xampp\\htdocs\\backend\\vendor\\illuminate\\database\\Query\\Builder.php(2402): Illuminate\\Database\\Query\\Builder->runSelect()
#14 C:\\xampp\\htdocs\\backend\\vendor\\illuminate\\database\\Query\\Builder.php(2936): Illuminate\\Database\\Query\\Builder->Illuminate\\Database\\Query\\{closure}()
#15 C:\\xampp\\htdocs\\backend\\vendor\\illuminate\\database\\Query\\Builder.php(2401): Illuminate\\Database\\Query\\Builder->onceWithColumns(Array, Object(Closure))
#16 C:\\xampp\\htdocs\\backend\\vendor\\illuminate\\database\\Concerns\\BuildsQueries.php(294): Illuminate\\Database\\Query\\Builder->get(Array)
#17 C:\\xampp\\htdocs\\backend\\app\\helper.php(506): Illuminate\\Database\\Query\\Builder->first()
#18 C:\\xampp\\htdocs\\backend\\app\\Http\\Controllers\\BookController.php(37): maxresult()
#19 [internal function]: App\\Http\\Controllers\\BookController->__construct()
#20 C:\\xampp\\htdocs\\backend\\vendor\\illuminate\\container\\Container.php(917): ReflectionClass->newInstanceArgs(Array)
#21 C:\\xampp\\htdocs\\backend\\vendor\\illuminate\\container\\Container.php(758): Illuminate\\Container\\Container->build('App\\\\Http\\\\Contro...')
#22 C:\\xampp\\htdocs\\backend\\vendor\\illuminate\\container\\Container.php(694): Illuminate\\Container\\Container->resolve('App\\\\Http\\\\Contro...', Array)
#23 C:\\xampp\\htdocs\\backend\\vendor\\laravel\\lumen-framework\\src\\Application.php(300): Illuminate\\Container\\Container->make('App\\\\Http\\\\Contro...', Array)
#24 C:\\xampp\\htdocs\\backend\\vendor\\illuminate\\container\\Container.php(1027): Laravel\\Lumen\\Application->make('App\\\\Http\\\\Contro...')
#25 C:\\xampp\\htdocs\\backend\\vendor\\illuminate\\container\\Container.php(947): Illuminate\\Container\\Container->resolveClass(Object(ReflectionParameter))
#26 C:\\xampp\\htdocs\\backend\\vendor\\illuminate\\container\\Container.php(908): Illuminate\\Container\\Container->resolveDependencies(Array)
#27 C:\\xampp\\htdocs\\backend\\vendor\\illuminate\\container\\Container.php(758): Illuminate\\Container\\Container->build('App\\\\Http\\\\Contro...')
#28 C:\\xampp\\htdocs\\backend\\vendor\\illuminate\\container\\Container.php(694): Illuminate\\Container\\Container->resolve('App\\\\Http\\\\Contro...', Array)
#29 C:\\xampp\\htdocs\\backend\\vendor\\laravel\\lumen-framework\\src\\Application.php(300): Illuminate\\Container\\Container->make('App\\\\Http\\\\Contro...', Array)
#30 C:\\xampp\\htdocs\\backend\\vendor\\laravel\\lumen-framework\\src\\Concerns\\RoutesRequests.php(325): Laravel\\Lumen\\Application->make('App\\\\Http\\\\Contro...')
#31 C:\\xampp\\htdocs\\backend\\vendor\\laravel\\lumen-framework\\src\\Concerns\\RoutesRequests.php(283): Laravel\\Lumen\\Application->callControllerAction(Array)
#32 C:\\xampp\\htdocs\\backend\\vendor\\laravel\\lumen-framework\\src\\Concerns\\RoutesRequests.php(268): Laravel\\Lumen\\Application->callActionOnArrayBasedRoute(Array)
#33 C:\\xampp\\htdocs\\backend\\vendor\\laravel\\lumen-framework\\src\\Concerns\\RoutesRequests.php(170): Laravel\\Lumen\\Application->handleFoundRoute(Array)
#34 C:\\xampp\\htdocs\\backend\\vendor\\laravel\\lumen-framework\\src\\Routing\\Pipeline.php(48): Laravel\\Lumen\\Application->Laravel\\Lumen\\Concerns\\{closure}(Object(Laravel\\Lumen\\Http\\Request))
#35 C:\\xampp\\htdocs\\backend\\vendor\\illuminate\\session\\Middleware\\StartSession.php(121): Laravel\\Lumen\\Routing\\Pipeline->Laravel\\Lumen\\Routing\\{closure}(Object(Laravel\\Lumen\\Http\\Request))
#36 C:\\xampp\\htdocs\\backend\\vendor\\illuminate\\session\\Middleware\\StartSession.php(64): Illuminate\\Session\\Middleware\\StartSession->handleStatefulRequest(Object(Laravel\\Lumen\\Http\\Request), Object(Illuminate\\Session\\Store), Object(Closure))
#37 C:\\xampp\\htdocs\\backend\\vendor\\illuminate\\pipeline\\Pipeline.php(167): Illuminate\\Session\\Middleware\\StartSession->handle(Object(Laravel\\Lumen\\Http\\Request), Object(Closure))
#38 C:\\xampp\\htdocs\\backend\\vendor\\laravel\\lumen-framework\\src\\Routing\\Pipeline.php(30): Illuminate\\Pipeline\\Pipeline->Illuminate\\Pipeline\\{closure}(Object(Laravel\\Lumen\\Http\\Request))
#39 C:\\xampp\\htdocs\\backend\\vendor\\illuminate\\pipeline\\Pipeline.php(103): Laravel\\Lumen\\Routing\\Pipeline->Laravel\\Lumen\\Routing\\{closure}(Object(Laravel\\Lumen\\Http\\Request))
#40 C:\\xampp\\htdocs\\backend\\vendor\\laravel\\lumen-framework\\src\\Concerns\\RoutesRequests.php(427): Illuminate\\Pipeline\\Pipeline->then(Object(Closure))
#41 C:\\xampp\\htdocs\\backend\\vendor\\laravel\\lumen-framework\\src\\Concerns\\RoutesRequests.php(166): Laravel\\Lumen\\Application->sendThroughPipeline(Array, Object(Closure))
#42 C:\\xampp\\htdocs\\backend\\vendor\\laravel\\lumen-framework\\src\\Concerns\\RoutesRequests.php(113): Laravel\\Lumen\\Application->dispatch(NULL)
#43 C:\\xampp\\htdocs\\backend\\public\\index.php(28): Laravel\\Lumen\\Application->run()
#44 {main}
"} 
