[2024-04-09 14:00:19] production.ERROR: SQLSTATE[HY000] [1045] Access denied for user 'forge'@'localhost' (using password: NO) (SQL: select `search_total_results` from `theme_configuration` limit 1) {"exception":"[object] (Illuminate\\Database\\QueryException(code: 1045): SQLSTATE[HY000] [1045] Access denied for user 'forge'@'localhost' (using password: NO) (SQL: select `search_total_results` from `theme_configuration` limit 1) at C:\\xampp\\htdocs\\backend\\vendor\\illuminate\\database\\Connection.php:712)
[stacktrace]
#0 C:\\xampp\\htdocs\\backend\\vendor\\illuminate\\database\\Connection.php(672): Illuminate\\Database\\Connection->runQueryCallback('select `search_...', Array, Object(Closure))
#1 C:\\xampp\\htdocs\\backend\\vendor\\illuminate\\database\\Connection.php(376): Illuminate\\Database\\Connection->run('select `search_...', Array, Object(Closure))
#2 C:\\xampp\\htdocs\\backend\\vendor\\illuminate\\database\\Query\\Builder.php(2414): Illuminate\\Database\\Connection->select('select `search_...', Array, true)
#3 C:\\xampp\\htdocs\\backend\\vendor\\illuminate\\database\\Query\\Builder.php(2402): Illuminate\\Database\\Query\\Builder->runSelect()
#4 C:\\xampp\\htdocs\\backend\\vendor\\illuminate\\database\\Query\\Builder.php(2936): Illuminate\\Database\\Query\\Builder->Illuminate\\Database\\Query\\{closure}()
#5 C:\\xampp\\htdocs\\backend\\vendor\\illuminate\\database\\Query\\Builder.php(2403): Illuminate\\Database\\Query\\Builder->onceWithColumns(Array, Object(Closure))
#6 C:\\xampp\\htdocs\\backend\\vendor\\illuminate\\database\\Concerns\\BuildsQueries.php(294): Illuminate\\Database\\Query\\Builder->get(Array)
#7 C:\\xampp\\htdocs\\backend\\app\\helper.php(506): Illuminate\\Database\\Query\\Builder->first()
#8 C:\\xampp\\htdocs\\backend\\app\\Http\\Controllers\\BookController.php(37): maxresult()
#9 [internal function]: App\\Http\\Controllers\\BookController->__construct()
#10 C:\\xampp\\htdocs\\backend\\vendor\\illuminate\\container\\Container.php(917): ReflectionClass->newInstanceArgs(Array)
#11 C:\\xampp\\htdocs\\backend\\vendor\\illuminate\\container\\Container.php(758): Illuminate\\Container\\Container->build('App\\\\Http\\\\Contro...')
#12 C:\\xampp\\htdocs\\backend\\vendor\\illuminate\\container\\Container.php(694): Illuminate\\Container\\Container->resolve('App\\\\Http\\\\Contro...', Array)
#13 C:\\xampp\\htdocs\\backend\\vendor\\laravel\\lumen-framework\\src\\Application.php(300): Illuminate\\Container\\Container->make('App\\\\Http\\\\Contro...', Array)
#14 C:\\xampp\\htdocs\\backend\\vendor\\illuminate\\container\\Container.php(1027): Laravel\\Lumen\\Application->make('App\\\\Http\\\\Contro...')
#15 C:\\xampp\\htdocs\\backend\\vendor\\illuminate\\container\\Container.php(947): Illuminate\\Container\\Container->resolveClass(Object(ReflectionParameter))
#16 C:\\xampp\\htdocs\\backend\\vendor\\illuminate\\container\\Container.php(908): Illuminate\\Container\\Container->resolveDependencies(Array)
#17 C:\\xampp\\htdocs\\backend\\vendor\\illuminate\\container\\Container.php(758): Illuminate\\Container\\Container->build('App\\\\Http\\\\Contro...')
#18 C:\\xampp\\htdocs\\backend\\vendor\\illuminate\\container\\Container.php(694): Illuminate\\Container\\Container->resolve('App\\\\Http\\\\Contro...', Array)
#19 C:\\xampp\\htdocs\\backend\\vendor\\laravel\\lumen-framework\\src\\Application.php(300): Illuminate\\Container\\Container->make('App\\\\Http\\\\Contro...', Array)
#20 C:\\xampp\\htdocs\\backend\\vendor\\laravel\\lumen-framework\\src\\Concerns\\RoutesRequests.php(325): Laravel\\Lumen\\Application->make('App\\\\Http\\\\Contro...')
#21 C:\\xampp\\htdocs\\backend\\vendor\\laravel\\lumen-framework\\src\\Concerns\\RoutesRequests.php(283): Laravel\\Lumen\\Application->callControllerAction(Array)
#22 C:\\xampp\\htdocs\\backend\\vendor\\laravel\\lumen-framework\\src\\Concerns\\RoutesRequests.php(268): Laravel\\Lumen\\Application->callActionOnArrayBasedRoute(Array)
#23 C:\\xampp\\htdocs\\backend\\vendor\\laravel\\lumen-framework\\src\\Concerns\\RoutesRequests.php(170): Laravel\\Lumen\\Application->handleFoundRoute(Array)
#24 C:\\xampp\\htdocs\\backend\\vendor\\laravel\\lumen-framework\\src\\Routing\\Pipeline.php(48): Laravel\\Lumen\\Application->Laravel\\Lumen\\Concerns\\{closure}(Object(Laravel\\Lumen\\Http\\Request))
#25 C:\\xampp\\htdocs\\backend\\vendor\\illuminate\\session\\Middleware\\StartSession.php(121): Laravel\\Lumen\\Routing\\Pipeline->Laravel\\Lumen\\Routing\\{closure}(Object(Laravel\\Lumen\\Http\\Request))
#26 C:\\xampp\\htdocs\\backend\\vendor\\illuminate\\session\\Middleware\\StartSession.php(64): Illuminate\\Session\\Middleware\\StartSession->handleStatefulRequest(Object(Laravel\\Lumen\\Http\\Request), Object(Illuminate\\Session\\Store), Object(Closure))
#27 C:\\xampp\\htdocs\\backend\\vendor\\illuminate\\pipeline\\Pipeline.php(167): Illuminate\\Session\\Middleware\\StartSession->handle(Object(Laravel\\Lumen\\Http\\Request), Object(Closure))
#28 C:\\xampp\\htdocs\\backend\\vendor\\laravel\\lumen-framework\\src\\Routing\\Pipeline.php(30): Illuminate\\Pipeline\\Pipeline->Illuminate\\Pipeline\\{closure}(Object(Laravel\\Lumen\\Http\\Request))
#29 C:\\xampp\\htdocs\\backend\\vendor\\illuminate\\pipeline\\Pipeline.php(103): Laravel\\Lumen\\Routing\\Pipeline->Laravel\\Lumen\\Routing\\{closure}(Object(Laravel\\Lumen\\Http\\Request))
#30 C:\\xampp\\htdocs\\backend\\vendor\\laravel\\lumen-framework\\src\\Concerns\\RoutesRequests.php(427): Illuminate\\Pipeline\\Pipeline->then(Object(Closure))
#31 C:\\xampp\\htdocs\\backend\\vendor\\laravel\\lumen-framework\\src\\Concerns\\RoutesRequests.php(176): Laravel\\Lumen\\Application->sendThroughPipeline(Array, Object(Closure))
#32 C:\\xampp\\htdocs\\backend\\vendor\\laravel\\lumen-framework\\src\\Concerns\\RoutesRequests.php(113): Laravel\\Lumen\\Application->dispatch(NULL)
#33 C:\\xampp\\htdocs\\backend\\public\\index.php(28): Laravel\\Lumen\\Application->run()
#34 {main}

[previous exception] [object] (PDOException(code: 1045): SQLSTATE[HY000] [1045] Access denied for user 'forge'@'localhost' (using password: NO) at C:\\xampp\\htdocs\\backend\\vendor\\illuminate\\database\\Connectors\\Connector.php:70)
[stacktrace]
#0 C:\\xampp\\htdocs\\backend\\vendor\\illuminate\\database\\Connectors\\Connector.php(70): PDO->__construct('mysql:host=127....', 'forge', '', Array)
#1 C:\\xampp\\htdocs\\backend\\vendor\\illuminate\\database\\Connectors\\Connector.php(46): Illuminate\\Database\\Connectors\\Connector->createPdoConnection('mysql:host=127....', 'forge', '', Array)
#2 C:\\xampp\\htdocs\\backend\\vendor\\illuminate\\database\\Connectors\\MySqlConnector.php(24): Illuminate\\Database\\Connectors\\Connector->createConnection('mysql:host=127....', Array, Array)
#3 C:\\xampp\\htdocs\\backend\\vendor\\illuminate\\database\\Connectors\\ConnectionFactory.php(184): Illuminate\\Database\\Connectors\\MySqlConnector->connect(Array)
#4 [internal function]: Illuminate\\Database\\Connectors\\ConnectionFactory->Illuminate\\Database\\Connectors\\{closure}()
#5 C:\\xampp\\htdocs\\backend\\vendor\\illuminate\\database\\Connection.php(1064): call_user_func(Object(Closure))
#6 C:\\xampp\\htdocs\\backend\\vendor\\illuminate\\database\\Connection.php(1100): Illuminate\\Database\\Connection->getPdo()
#7 C:\\xampp\\htdocs\\backend\\vendor\\illuminate\\database\\Connection.php(442): Illuminate\\Database\\Connection->getReadPdo()
#8 C:\\xampp\\htdocs\\backend\\vendor\\illuminate\\database\\Connection.php(368): Illuminate\\Database\\Connection->getPdoForSelect(true)
#9 C:\\xampp\\htdocs\\backend\\vendor\\illuminate\\database\\Connection.php(705): Illuminate\\Database\\Connection->Illuminate\\Database\\{closure}('select `search_...', Array)
#10 C:\\xampp\\htdocs\\backend\\vendor\\illuminate\\database\\Connection.php(672): Illuminate\\Database\\Connection->runQueryCallback('select `search_...', Array, Object(Closure))
#11 C:\\xampp\\htdocs\\backend\\vendor\\illuminate\\database\\Connection.php(376): Illuminate\\Database\\Connection->run('select `search_...', Array, Object(Closure))
#12 C:\\xampp\\htdocs\\backend\\vendor\\illuminate\\database\\Query\\Builder.php(2414): Illuminate\\Database\\Connection->select('select `search_...', Array, true)
#13 C:\\xampp\\htdocs\\backend\\vendor\\illuminate\\database\\Query\\Builder.php(2402): Illuminate\\Database\\Query\\Builder->runSelect()
#14 C:\\xampp\\htdocs\\backend\\vendor\\illuminate\\database\\Query\\Builder.php(2936): Illuminate\\Database\\Query\\Builder->Illuminate\\Database\\Query\\{closure}()
#15 C:\\xampp\\htdocs\\backend\\vendor\\illuminate\\database\\Query\\Builder.php(2403): Illuminate\\Database\\Query\\Builder->onceWithColumns(Array, Object(Closure))
#16 C:\\xampp\\htdocs\\backend\\vendor\\illuminate\\database\\Concerns\\BuildsQueries.php(294): Illuminate\\Database\\Query\\Builder->get(Array)
#17 C:\\xampp\\htdocs\\backend\\app\\helper.php(506): Illuminate\\Database\\Query\\Builder->first()
#18 C:\\xampp\\htdocs\\backend\\app\\Http\\Controllers\\BookController.php(37): maxresult()
#19 [internal function]: App\\Http\\Controllers\\BookController->__construct()
#20 C:\\xampp\\htdocs\\backend\\vendor\\illuminate\\container\\Container.php(917): ReflectionClass->newInstanceArgs(Array)
#21 C:\\xampp\\htdocs\\backend\\vendor\\illuminate\\container\\Container.php(758): Illuminate\\Container\\Container->build('App\\\\Http\\\\Contro...')
#22 C:\\xampp\\htdocs\\backend\\vendor\\illuminate\\container\\Container.php(694): Illuminate\\Container\\Container->resolve('App\\\\Http\\\\Contro...', Array)
#23 C:\\xampp\\htdocs\\backend\\vendor\\laravel\\lumen-framework\\src\\Application.php(300): Illuminate\\Container\\Container->make('App\\\\Http\\\\Contro...', Array)
#24 C:\\xampp\\htdocs\\backend\\vendor\\illuminate\\container\\Container.php(1027): Laravel\\Lumen\\Application->make('App\\\\Http\\\\Contro...')
#25 C:\\xampp\\htdocs\\backend\\vendor\\illuminate\\container\\Container.php(947): Illuminate\\Container\\Container->resolveClass(Object(ReflectionParameter))
#26 C:\\xampp\\htdocs\\backend\\vendor\\illuminate\\container\\Container.php(908): Illuminate\\Container\\Container->resolveDependencies(Array)
#27 C:\\xampp\\htdocs\\backend\\vendor\\illuminate\\container\\Container.php(758): Illuminate\\Container\\Container->build('App\\\\Http\\\\Contro...')
#28 C:\\xampp\\htdocs\\backend\\vendor\\illuminate\\container\\Container.php(694): Illuminate\\Container\\Container->resolve('App\\\\Http\\\\Contro...', Array)
#29 C:\\xampp\\htdocs\\backend\\vendor\\laravel\\lumen-framework\\src\\Application.php(300): Illuminate\\Container\\Container->make('App\\\\Http\\\\Contro...', Array)
#30 C:\\xampp\\htdocs\\backend\\vendor\\laravel\\lumen-framework\\src\\Concerns\\RoutesRequests.php(325): Laravel\\Lumen\\Application->make('App\\\\Http\\\\Contro...')
#31 C:\\xampp\\htdocs\\backend\\vendor\\laravel\\lumen-framework\\src\\Concerns\\RoutesRequests.php(283): Laravel\\Lumen\\Application->callControllerAction(Array)
#32 C:\\xampp\\htdocs\\backend\\vendor\\laravel\\lumen-framework\\src\\Concerns\\RoutesRequests.php(268): Laravel\\Lumen\\Application->callActionOnArrayBasedRoute(Array)
#33 C:\\xampp\\htdocs\\backend\\vendor\\laravel\\lumen-framework\\src\\Concerns\\RoutesRequests.php(170): Laravel\\Lumen\\Application->handleFoundRoute(Array)
#34 C:\\xampp\\htdocs\\backend\\vendor\\laravel\\lumen-framework\\src\\Routing\\Pipeline.php(48): Laravel\\Lumen\\Application->Laravel\\Lumen\\Concerns\\{closure}(Object(Laravel\\Lumen\\Http\\Request))
#35 C:\\xampp\\htdocs\\backend\\vendor\\illuminate\\session\\Middleware\\StartSession.php(121): Laravel\\Lumen\\Routing\\Pipeline->Laravel\\Lumen\\Routing\\{closure}(Object(Laravel\\Lumen\\Http\\Request))
#36 C:\\xampp\\htdocs\\backend\\vendor\\illuminate\\session\\Middleware\\StartSession.php(64): Illuminate\\Session\\Middleware\\StartSession->handleStatefulRequest(Object(Laravel\\Lumen\\Http\\Request), Object(Illuminate\\Session\\Store), Object(Closure))
#37 C:\\xampp\\htdocs\\backend\\vendor\\illuminate\\pipeline\\Pipeline.php(167): Illuminate\\Session\\Middleware\\StartSession->handle(Object(Laravel\\Lumen\\Http\\Request), Object(Closure))
#38 C:\\xampp\\htdocs\\backend\\vendor\\laravel\\lumen-framework\\src\\Routing\\Pipeline.php(30): Illuminate\\Pipeline\\Pipeline->Illuminate\\Pipeline\\{closure}(Object(Laravel\\Lumen\\Http\\Request))
#39 C:\\xampp\\htdocs\\backend\\vendor\\illuminate\\pipeline\\Pipeline.php(103): Laravel\\Lumen\\Routing\\Pipeline->Laravel\\Lumen\\Routing\\{closure}(Object(Laravel\\Lumen\\Http\\Request))
#40 C:\\xampp\\htdocs\\backend\\vendor\\laravel\\lumen-framework\\src\\Concerns\\RoutesRequests.php(427): Illuminate\\Pipeline\\Pipeline->then(Object(Closure))
#41 C:\\xampp\\htdocs\\backend\\vendor\\laravel\\lumen-framework\\src\\Concerns\\RoutesRequests.php(176): Laravel\\Lumen\\Application->sendThroughPipeline(Array, Object(Closure))
#42 C:\\xampp\\htdocs\\backend\\vendor\\laravel\\lumen-framework\\src\\Concerns\\RoutesRequests.php(113): Laravel\\Lumen\\Application->dispatch(NULL)
#43 C:\\xampp\\htdocs\\backend\\public\\index.php(28): Laravel\\Lumen\\Application->run()
#44 {main}
"} 
[2024-04-09 14:00:30] production.INFO: token found  
[2024-04-09 14:01:03] production.INFO: data from payment membership/Cart: {"checkout_data":2,"clientIDNumber":"29266208","amount":"100","token":"eyJ0eXAiOiJKV1QiLCJhbGciOiJIUzI1NiJ9.eyJpc3MiOiJodHRwOlwvXC9sb2NhbGhvc3RcL2JhY2tlbmRcL3B1YmxpY1wvd2FwaVwvbG9naW5cL29hdXRoXC9hdXRob3Jpc2UiLCJpYXQiOjE3MTI2NzEyMzAsImV4cCI6MTcxMzEwMzIzMCwibmJmIjoxNzEyNjcxMjMwLCJqdGkiOiJSUW5DN1FGNDlyQjNnQVMxIiwic3ViIjoyNzUyLCJwcnYiOiI4N2UwYWYxZWY5ZmQxNTgxMmZkZWM5NzE1M2ExNGUwYjA0NzU0NmFhIn0.GHsD1_Fhzil9R9zDFP67puAnFCHsOhqTSldyRZ4GWZU","state":"Nairobi","mobile":"+254712001188","email":"ernemwit@gmail.com","clientName":"ERNEST KIRIINYA","billDesc":"membership"}  
[2024-04-09 14:01:03] production.INFO: 6017953  
[2024-04-09 14:01:03] production.INFO: PAYLOAD====> {"apiClientID":"36","serviceID":6017953,"billDesc":"membership","currency":"KES","billRefNumber":"INV66154A1F13C8A","clientMSISDN":"+254712001188","clientName":"ERNEST KIRIINYA","clientIDNumber":"29266208","clientEmail":"ernemwit@gmail.com","callBackURLOnSuccess":"http://localhost/pesaflow/callback","amountExpected":"100","notificationURL":"http://localhost/backend/public/pesaflow/notify","secureHash":"NDU4MjQwYzY4OTYwNGUwMjIzNTZlMzUyY2Y2OTI1MGYxMzY3YmI0MjYyNzI3MDU4NTA5YjNjNWZmZDdlOGRjZA==","format":"JSON","sendSTK":"false","PictureURL":""} 
[2024-04-09 14:01:03] production.INFO: Invoice created :{"userId":2752,"planId":2,"payment_request":"{\"apiClientID\":\"36\",\"serviceID\":6017953,\"billDesc\":\"membership\",\"currency\":\"KES\",\"billRefNumber\":\"INV66154A1F13C8A\",\"clientMSISDN\":\"+254712001188\",\"clientName\":\"ERNEST KIRIINYA\",\"clientIDNumber\":\"29266208\",\"clientEmail\":\"ernemwit@gmail.com\",\"callBackURLOnSuccess\":\"http:\\\/\\\/localhost\\\/pesaflow\\\/callback\",\"amountExpected\":\"100\",\"notificationURL\":\"http:\\\/\\\/localhost\\\/backend\\\/public\\\/pesaflow\\\/notify\",\"secureHash\":\"NDU4MjQwYzY4OTYwNGUwMjIzNTZlMzUyY2Y2OTI1MGYxMzY3YmI0MjYyNzI3MDU4NTA5YjNjNWZmZDdlOGRjZA==\",\"format\":\"JSON\",\"sendSTK\":\"false\",\"PictureURL\":\"\"}","status":"pending","invoice_id":"INV66154A1F13C8A","payment_for":"membership","updated_at":"2024-04-09T14:01:03.000000Z","created_at":"2024-04-09T14:01:03.000000Z","id":119}  
[2024-04-09 14:02:07] production.INFO: data from payment membership/Cart: {"checkout_data":2,"clientIDNumber":"29266208","amount":"100","token":"eyJ0eXAiOiJKV1QiLCJhbGciOiJIUzI1NiJ9.eyJpc3MiOiJodHRwOlwvXC9sb2NhbGhvc3RcL2JhY2tlbmRcL3B1YmxpY1wvd2FwaVwvbG9naW5cL29hdXRoXC9hdXRob3Jpc2UiLCJpYXQiOjE3MTI2NzEyMzAsImV4cCI6MTcxMzEwMzIzMCwibmJmIjoxNzEyNjcxMjMwLCJqdGkiOiJSUW5DN1FGNDlyQjNnQVMxIiwic3ViIjoyNzUyLCJwcnYiOiI4N2UwYWYxZWY5ZmQxNTgxMmZkZWM5NzE1M2ExNGUwYjA0NzU0NmFhIn0.GHsD1_Fhzil9R9zDFP67puAnFCHsOhqTSldyRZ4GWZU","state":"Nairobi","mobile":"+254712001188","email":"ernemwit@gmail.com","clientName":"ERNEST KIRIINYA","billDesc":"membership"}  
[2024-04-09 14:02:07] production.INFO: 6017953  
[2024-04-09 14:02:07] production.INFO: PAYLOAD====> {"apiClientID":"36","serviceID":6017953,"billDesc":"membership","currency":"KES","billRefNumber":"INV66154A5F8D134","clientMSISDN":"+254712001188","clientName":"ERNEST KIRIINYA","clientIDNumber":"29266208","clientEmail":"ernemwit@gmail.com","callBackURLOnSuccess":"http://localhost/pesaflow/callback","amountExpected":"100","notificationURL":"http://localhost/backend/public/pesaflow/notify","secureHash":"YjcyMWEwNmJlZmJmNTUwMGMzZmIxZTJmYTc1YjBlMjEyZjljMzY4MWU1MTlhYzE2YzRiMTRiYjg3ZmI0NGJjNA==","format":"JSON","sendSTK":"false","PictureURL":""} 
[2024-04-09 14:02:07] production.INFO: Invoice created :{"userId":2752,"planId":2,"payment_request":"{\"apiClientID\":\"36\",\"serviceID\":6017953,\"billDesc\":\"membership\",\"currency\":\"KES\",\"billRefNumber\":\"INV66154A5F8D134\",\"clientMSISDN\":\"+254712001188\",\"clientName\":\"ERNEST KIRIINYA\",\"clientIDNumber\":\"29266208\",\"clientEmail\":\"ernemwit@gmail.com\",\"callBackURLOnSuccess\":\"http:\\\/\\\/localhost\\\/pesaflow\\\/callback\",\"amountExpected\":\"100\",\"notificationURL\":\"http:\\\/\\\/localhost\\\/backend\\\/public\\\/pesaflow\\\/notify\",\"secureHash\":\"YjcyMWEwNmJlZmJmNTUwMGMzZmIxZTJmYTc1YjBlMjEyZjljMzY4MWU1MTlhYzE2YzRiMTRiYjg3ZmI0NGJjNA==\",\"format\":\"JSON\",\"sendSTK\":\"false\",\"PictureURL\":\"\"}","status":"pending","invoice_id":"INV66154A5F8D134","payment_for":"membership","updated_at":"2024-04-09T14:02:07.000000Z","created_at":"2024-04-09T14:02:07.000000Z","id":120}  
[2024-04-09 14:11:39] production.INFO: Data from paymentcallback: {"status":"settled","secure_hash":"ZmY0Y2JjZmQ3OWJmOGNjODcyNWY2ZDQ3M2VmOGMwMTVhYWI4MDRmMzFkY2FiNTU0NzVhNjhlNTg0OGJiNTU2YQ==","phone_number":"254712001188","payment_reference":[{"payment_reference":"584038462849195","payment_date":"2024-04-09T17:51:25Z","inserted_at":"2024-04-09T17:51:25","currency":"KES","amount":"100.00"}],"payment_date":"2024-02-07 15:51:25+03:00 EAT Africa\/Nairobi","payment_channel":"MPESA","last_payment_amount":"100.00","invoice_number":"QPJPDRP","invoice_amount":"1350.00","currency":"KES","client_invoice_ref":"INV66154A5F8D134","amount_paid":"100.00"}  
[2024-04-09 14:11:39] production.INFO: Invoice status updated successfully.  
[2024-04-09 14:11:39] production.INFO: invoice selected from client_reference_id :{"id":120,"invoice_id":"INV66154A5F8D134","planId":"2","payment_for":"membership","payment_request":"{\"apiClientID\":\"36\",\"serviceID\":6017953,\"billDesc\":\"membership\",\"currency\":\"KES\",\"billRefNumber\":\"INV66154A5F8D134\",\"clientMSISDN\":\"+254712001188\",\"clientName\":\"ERNEST KIRIINYA\",\"clientIDNumber\":\"29266208\",\"clientEmail\":\"ernemwit@gmail.com\",\"callBackURLOnSuccess\":\"http:\\\/\\\/localhost\\\/pesaflow\\\/callback\",\"amountExpected\":\"100\",\"notificationURL\":\"http:\\\/\\\/localhost\\\/backend\\\/public\\\/pesaflow\\\/notify\",\"secureHash\":\"YjcyMWEwNmJlZmJmNTUwMGMzZmIxZTJmYTc1YjBlMjEyZjljMzY4MWU1MTlhYzE2YzRiMTRiYjg3ZmI0NGJjNA==\",\"format\":\"JSON\",\"sendSTK\":\"false\",\"PictureURL\":\"\"}","status":"settled","created_at":"2024-04-09T14:02:07.000000Z","updated_at":"2024-04-09T14:11:39.000000Z","userid":"2752"}  
[2024-04-09 14:11:39] production.INFO: createTransactionEntry  
[2024-04-09 14:11:39] production.INFO: invoice to be settled{"id":120,"invoice_id":"INV66154A5F8D134","planId":"2","payment_for":"membership","payment_request":"{\"apiClientID\":\"36\",\"serviceID\":6017953,\"billDesc\":\"membership\",\"currency\":\"KES\",\"billRefNumber\":\"INV66154A5F8D134\",\"clientMSISDN\":\"+254712001188\",\"clientName\":\"ERNEST KIRIINYA\",\"clientIDNumber\":\"29266208\",\"clientEmail\":\"ernemwit@gmail.com\",\"callBackURLOnSuccess\":\"http:\\\/\\\/localhost\\\/pesaflow\\\/callback\",\"amountExpected\":\"100\",\"notificationURL\":\"http:\\\/\\\/localhost\\\/backend\\\/public\\\/pesaflow\\\/notify\",\"secureHash\":\"YjcyMWEwNmJlZmJmNTUwMGMzZmIxZTJmYTc1YjBlMjEyZjljMzY4MWU1MTlhYzE2YzRiMTRiYjg3ZmI0NGJjNA==\",\"format\":\"JSON\",\"sendSTK\":\"false\",\"PictureURL\":\"\"}","status":"settled","created_at":"2024-04-09T14:02:07.000000Z","updated_at":"2024-04-09T14:11:39.000000Z","userid":"2752"}  
[2024-04-09 14:11:39] production.INFO: call back data from pesaflow ->createtrans{"status":"settled","secure_hash":"ZmY0Y2JjZmQ3OWJmOGNjODcyNWY2ZDQ3M2VmOGMwMTVhYWI4MDRmMzFkY2FiNTU0NzVhNjhlNTg0OGJiNTU2YQ==","phone_number":"254712001188","payment_reference":[{"payment_reference":"584038462849195","payment_date":"2024-04-09T17:51:25Z","inserted_at":"2024-04-09T17:51:25","currency":"KES","amount":"100.00"}],"payment_date":"2024-02-07 15:51:25+03:00 EAT Africa\/Nairobi","payment_channel":"MPESA","last_payment_amount":"100.00","invoice_number":"QPJPDRP","invoice_amount":"1350.00","currency":"KES","client_invoice_ref":"INV66154A5F8D134","amount_paid":"100.00"}  
[2024-04-09 14:11:39] production.INFO: $payment_method_id :{"payment_methods_id":1,"payment_key":"mpesa","payment_title":"MPESA","is_active":1,"created_at":"2021-11-25T05:22:25.000000Z","updated_at":"2023-02-20T09:28:21.000000Z"}  
[2024-04-09 14:11:39] production.INFO: client_invoice_ref/billref "INV66154A5F8D134"  
[2024-04-09 14:11:39] production.INFO: transaction array payment request {"id":120,"invoice_id":"INV66154A5F8D134","planId":"2","payment_for":"membership","payment_request":"{\"apiClientID\":\"36\",\"serviceID\":6017953,\"billDesc\":\"membership\",\"currency\":\"KES\",\"billRefNumber\":\"INV66154A5F8D134\",\"clientMSISDN\":\"+254712001188\",\"clientName\":\"ERNEST KIRIINYA\",\"clientIDNumber\":\"29266208\",\"clientEmail\":\"ernemwit@gmail.com\",\"callBackURLOnSuccess\":\"http:\\\/\\\/localhost\\\/pesaflow\\\/callback\",\"amountExpected\":\"100\",\"notificationURL\":\"http:\\\/\\\/localhost\\\/backend\\\/public\\\/pesaflow\\\/notify\",\"secureHash\":\"YjcyMWEwNmJlZmJmNTUwMGMzZmIxZTJmYTc1YjBlMjEyZjljMzY4MWU1MTlhYzE2YzRiMTRiYjg3ZmI0NGJjNA==\",\"format\":\"JSON\",\"sendSTK\":\"false\",\"PictureURL\":\"\"}","status":"settled","created_at":"2024-04-09T14:02:07.000000Z","updated_at":"2024-04-09T14:11:39.000000Z","userid":"2752"}  
[2024-04-09 14:11:39] production.INFO: Transaction entry created successfully.  
[2024-04-09 14:11:39] production.INFO: order created  
[2024-04-09 14:11:39] production.INFO: result transaction from transaction entry{"transaction_id":1030,"user_id":2752,"total_amount":100,"payment_status":null,"callback_status":0,"bank_refrence":"membership-66154c9b7acde","payment_method":1,"payment_for":"membership","created_at":"2024-04-09T14:11:39.000000Z","updated_at":"2024-04-09T14:11:39.000000Z","callback_remote_addr":null,"customer_remote_addr":"::1","mobile":"712001188","payment_response":"{\"status\":\"settled\",\"secure_hash\":\"ZmY0Y2JjZmQ3OWJmOGNjODcyNWY2ZDQ3M2VmOGMwMTVhYWI4MDRmMzFkY2FiNTU0NzVhNjhlNTg0OGJiNTU2YQ==\",\"phone_number\":\"254712001188\",\"payment_reference\":[{\"payment_reference\":\"584038462849195\",\"payment_date\":\"2024-04-09T17:51:25Z\",\"inserted_at\":\"2024-04-09T17:51:25\",\"currency\":\"KES\",\"amount\":\"100.00\"}],\"payment_date\":\"2024-02-07 15:51:25+03:00 EAT Africa\\\/Nairobi\",\"payment_channel\":\"MPESA\",\"last_payment_amount\":\"100.00\",\"invoice_number\":\"QPJPDRP\",\"invoice_amount\":\"1350.00\",\"currency\":\"KES\",\"client_invoice_ref\":\"INV66154A5F8D134\",\"amount_paid\":\"100.00\"}","payment_request":"{\"id\":120,\"invoice_id\":\"INV66154A5F8D134\",\"planId\":\"2\",\"payment_for\":\"membership\",\"payment_request\":\"{\\\"apiClientID\\\":\\\"36\\\",\\\"serviceID\\\":6017953,\\\"billDesc\\\":\\\"membership\\\",\\\"currency\\\":\\\"KES\\\",\\\"billRefNumber\\\":\\\"INV66154A5F8D134\\\",\\\"clientMSISDN\\\":\\\"+254712001188\\\",\\\"clientName\\\":\\\"ERNEST KIRIINYA\\\",\\\"clientIDNumber\\\":\\\"29266208\\\",\\\"clientEmail\\\":\\\"ernemwit@gmail.com\\\",\\\"callBackURLOnSuccess\\\":\\\"http:\\\\\\\/\\\\\\\/localhost\\\\\\\/pesaflow\\\\\\\/callback\\\",\\\"amountExpected\\\":\\\"100\\\",\\\"notificationURL\\\":\\\"http:\\\\\\\/\\\\\\\/localhost\\\\\\\/backend\\\\\\\/public\\\\\\\/pesaflow\\\\\\\/notify\\\",\\\"secureHash\\\":\\\"YjcyMWEwNmJlZmJmNTUwMGMzZmIxZTJmYTc1YjBlMjEyZjljMzY4MWU1MTlhYzE2YzRiMTRiYjg3ZmI0NGJjNA==\\\",\\\"format\\\":\\\"JSON\\\",\\\"sendSTK\\\":\\\"false\\\",\\\"PictureURL\\\":\\\"\\\"}\",\"status\":\"settled\",\"created_at\":\"2024-04-09T14:02:07.000000Z\",\"updated_at\":\"2024-04-09T14:11:39.000000Z\",\"userid\":\"2752\"}"}  
[2024-04-09 14:11:39] production.INFO: Order found, update plan  
[2024-04-09 14:11:39] production.INFO: send_sms Mobile 712001188 OTP Your Payment of Ksh 100 for membership-66154c9b7acde has been received. Thank you for choosing vtabu.  
[2024-04-09 14:11:39] production.INFO: url:https://app.craftsilicon.com/ExternalSMSService/Send.aspx?UserID=KNLS&Password=KNLS@2023e1&MessageID=0&MessageText=Your+Payment+of+Ksh+100+for+membership-66154c9b7acde+has+been+received.+Thank+you+for+choosing+vtabu.&MobileNumber=+254712001188&Priority=HIGH  
[2024-04-09 14:11:40] production.INFO: sms api response  
[2024-04-09 14:11:40] production.INFO:   
[2024-04-09 14:11:40] production.INFO:   
[2024-04-09 14:11:40] production.INFO: transaction result success payment:{"transaction_id":1030,"user_id":2752,"total_amount":100,"payment_status":null,"callback_status":0,"bank_refrence":"membership-66154c9b7acde","payment_method":1,"payment_for":"membership","created_at":"2024-04-09T14:11:39.000000Z","updated_at":"2024-04-09T14:11:39.000000Z","callback_remote_addr":null,"customer_remote_addr":"::1","mobile":"712001188","payment_response":"{\"status\":\"settled\",\"secure_hash\":\"ZmY0Y2JjZmQ3OWJmOGNjODcyNWY2ZDQ3M2VmOGMwMTVhYWI4MDRmMzFkY2FiNTU0NzVhNjhlNTg0OGJiNTU2YQ==\",\"phone_number\":\"254712001188\",\"payment_reference\":[{\"payment_reference\":\"584038462849195\",\"payment_date\":\"2024-04-09T17:51:25Z\",\"inserted_at\":\"2024-04-09T17:51:25\",\"currency\":\"KES\",\"amount\":\"100.00\"}],\"payment_date\":\"2024-02-07 15:51:25+03:00 EAT Africa\\\/Nairobi\",\"payment_channel\":\"MPESA\",\"last_payment_amount\":\"100.00\",\"invoice_number\":\"QPJPDRP\",\"invoice_amount\":\"1350.00\",\"currency\":\"KES\",\"client_invoice_ref\":\"INV66154A5F8D134\",\"amount_paid\":\"100.00\"}","payment_request":"{\"id\":120,\"invoice_id\":\"INV66154A5F8D134\",\"planId\":\"2\",\"payment_for\":\"membership\",\"payment_request\":\"{\\\"apiClientID\\\":\\\"36\\\",\\\"serviceID\\\":6017953,\\\"billDesc\\\":\\\"membership\\\",\\\"currency\\\":\\\"KES\\\",\\\"billRefNumber\\\":\\\"INV66154A5F8D134\\\",\\\"clientMSISDN\\\":\\\"+254712001188\\\",\\\"clientName\\\":\\\"ERNEST KIRIINYA\\\",\\\"clientIDNumber\\\":\\\"29266208\\\",\\\"clientEmail\\\":\\\"ernemwit@gmail.com\\\",\\\"callBackURLOnSuccess\\\":\\\"http:\\\\\\\/\\\\\\\/localhost\\\\\\\/pesaflow\\\\\\\/callback\\\",\\\"amountExpected\\\":\\\"100\\\",\\\"notificationURL\\\":\\\"http:\\\\\\\/\\\\\\\/localhost\\\\\\\/backend\\\\\\\/public\\\\\\\/pesaflow\\\\\\\/notify\\\",\\\"secureHash\\\":\\\"YjcyMWEwNmJlZmJmNTUwMGMzZmIxZTJmYTc1YjBlMjEyZjljMzY4MWU1MTlhYzE2YzRiMTRiYjg3ZmI0NGJjNA==\\\",\\\"format\\\":\\\"JSON\\\",\\\"sendSTK\\\":\\\"false\\\",\\\"PictureURL\\\":\\\"\\\"}\",\"status\":\"settled\",\"created_at\":\"2024-04-09T14:02:07.000000Z\",\"updated_at\":\"2024-04-09T14:11:39.000000Z\",\"userid\":\"2752\"}","is_membership_user":1}  
[2024-04-09 14:11:40] production.INFO: key insert audit  
[2024-04-09 14:11:40] production.INFO: send_sms Mobile 254712001188 OTP Amount:100.00 paid successfully for membership subscription.  
[2024-04-09 14:11:40] production.INFO: url:https://app.craftsilicon.com/ExternalSMSService/Send.aspx?UserID=KNLS&Password=KNLS@2023e1&MessageID=0&MessageText=Amount%3A100.00+paid+successfully+for+membership+subscription.&MobileNumber=+254254712001188&Priority=HIGH  
[2024-04-09 14:11:40] production.INFO: sms api response  
[2024-04-09 14:11:40] production.INFO:   
[2024-04-09 14:11:40] production.INFO:   
[2024-04-09 14:13:12] production.INFO: data from payment membership/Cart: {"checkout_data":2,"clientIDNumber":"29266208","amount":"100","token":"eyJ0eXAiOiJKV1QiLCJhbGciOiJIUzI1NiJ9.eyJpc3MiOiJodHRwOlwvXC9sb2NhbGhvc3RcL2JhY2tlbmRcL3B1YmxpY1wvd2FwaVwvbG9naW5cL29hdXRoXC9hdXRob3Jpc2UiLCJpYXQiOjE3MTI2NzEyMzAsImV4cCI6MTcxMzEwMzIzMCwibmJmIjoxNzEyNjcxMjMwLCJqdGkiOiJSUW5DN1FGNDlyQjNnQVMxIiwic3ViIjoyNzUyLCJwcnYiOiI4N2UwYWYxZWY5ZmQxNTgxMmZkZWM5NzE1M2ExNGUwYjA0NzU0NmFhIn0.GHsD1_Fhzil9R9zDFP67puAnFCHsOhqTSldyRZ4GWZU","state":"Nairobi","mobile":"+254712001188","email":"ernemwit@gmail.com","clientName":"ERNEST KIRIINYA","billDesc":"membership"}  
[2024-04-09 14:13:13] production.INFO: 6017953  
[2024-04-09 14:13:13] production.INFO: PAYLOAD====> {"apiClientID":"36","serviceID":6017953,"billDesc":"membership","currency":"KES","billRefNumber":"INV66154CF8F2CF7","clientMSISDN":"+254712001188","clientName":"ERNEST KIRIINYA","clientIDNumber":"29266208","clientEmail":"ernemwit@gmail.com","callBackURLOnSuccess":"http://localhost/pesaflow/callback","amountExpected":"100","notificationURL":"http://localhost/backend/public/pesaflow/notify","secureHash":"ZGJkNzY5NWUxYTQ0NWU0YjUxN2M0ZWJjMDRjNWFhN2RmMjE4Njc3MjAzNzZkODNmZTY4NTFlMTM5MTVkOTAzNg==","format":"JSON","sendSTK":"false","PictureURL":""} 
[2024-04-09 14:13:13] production.INFO: Invoice created :{"userId":2752,"planId":2,"payment_request":"{\"apiClientID\":\"36\",\"serviceID\":6017953,\"billDesc\":\"membership\",\"currency\":\"KES\",\"billRefNumber\":\"INV66154CF8F2CF7\",\"clientMSISDN\":\"+254712001188\",\"clientName\":\"ERNEST KIRIINYA\",\"clientIDNumber\":\"29266208\",\"clientEmail\":\"ernemwit@gmail.com\",\"callBackURLOnSuccess\":\"http:\\\/\\\/localhost\\\/pesaflow\\\/callback\",\"amountExpected\":\"100\",\"notificationURL\":\"http:\\\/\\\/localhost\\\/backend\\\/public\\\/pesaflow\\\/notify\",\"secureHash\":\"ZGJkNzY5NWUxYTQ0NWU0YjUxN2M0ZWJjMDRjNWFhN2RmMjE4Njc3MjAzNzZkODNmZTY4NTFlMTM5MTVkOTAzNg==\",\"format\":\"JSON\",\"sendSTK\":\"false\",\"PictureURL\":\"\"}","status":"pending","invoice_id":"INV66154CF8F2CF7","payment_for":"membership","updated_at":"2024-04-09T14:13:13.000000Z","created_at":"2024-04-09T14:13:13.000000Z","id":121}  
[2024-04-09 14:13:50] production.INFO: Data from paymentcallback: {"status":"settled","secure_hash":"ZmY0Y2JjZmQ3OWJmOGNjODcyNWY2ZDQ3M2VmOGMwMTVhYWI4MDRmMzFkY2FiNTU0NzVhNjhlNTg0OGJiNTU2YQ==","phone_number":"254712001188","payment_reference":[{"payment_reference":"584038462849195","payment_date":"2024-04-09T17:51:25Z","inserted_at":"2024-04-09T17:51:25","currency":"KES","amount":"100.00"}],"payment_date":"2024-02-07 15:51:25+03:00 EAT Africa\/Nairobi","payment_channel":"MPESA","last_payment_amount":"100.00","invoice_number":"QPJPDRP","invoice_amount":"1350.00","currency":"KES","client_invoice_ref":"INV66154CF8F2CF7","amount_paid":"100.00"}  
[2024-04-09 14:13:50] production.INFO: Invoice status updated successfully.  
[2024-04-09 14:13:50] production.INFO: invoice selected from client_reference_id :{"id":121,"invoice_id":"INV66154CF8F2CF7","planId":"2","payment_for":"membership","payment_request":"{\"apiClientID\":\"36\",\"serviceID\":6017953,\"billDesc\":\"membership\",\"currency\":\"KES\",\"billRefNumber\":\"INV66154CF8F2CF7\",\"clientMSISDN\":\"+254712001188\",\"clientName\":\"ERNEST KIRIINYA\",\"clientIDNumber\":\"29266208\",\"clientEmail\":\"ernemwit@gmail.com\",\"callBackURLOnSuccess\":\"http:\\\/\\\/localhost\\\/pesaflow\\\/callback\",\"amountExpected\":\"100\",\"notificationURL\":\"http:\\\/\\\/localhost\\\/backend\\\/public\\\/pesaflow\\\/notify\",\"secureHash\":\"ZGJkNzY5NWUxYTQ0NWU0YjUxN2M0ZWJjMDRjNWFhN2RmMjE4Njc3MjAzNzZkODNmZTY4NTFlMTM5MTVkOTAzNg==\",\"format\":\"JSON\",\"sendSTK\":\"false\",\"PictureURL\":\"\"}","status":"settled","created_at":"2024-04-09T14:13:13.000000Z","updated_at":"2024-04-09T14:13:50.000000Z","userid":"2752"}  
[2024-04-09 14:13:50] production.INFO: createTransactionEntry  
[2024-04-09 14:13:50] production.INFO: invoice to be settled{"id":121,"invoice_id":"INV66154CF8F2CF7","planId":"2","payment_for":"membership","payment_request":"{\"apiClientID\":\"36\",\"serviceID\":6017953,\"billDesc\":\"membership\",\"currency\":\"KES\",\"billRefNumber\":\"INV66154CF8F2CF7\",\"clientMSISDN\":\"+254712001188\",\"clientName\":\"ERNEST KIRIINYA\",\"clientIDNumber\":\"29266208\",\"clientEmail\":\"ernemwit@gmail.com\",\"callBackURLOnSuccess\":\"http:\\\/\\\/localhost\\\/pesaflow\\\/callback\",\"amountExpected\":\"100\",\"notificationURL\":\"http:\\\/\\\/localhost\\\/backend\\\/public\\\/pesaflow\\\/notify\",\"secureHash\":\"ZGJkNzY5NWUxYTQ0NWU0YjUxN2M0ZWJjMDRjNWFhN2RmMjE4Njc3MjAzNzZkODNmZTY4NTFlMTM5MTVkOTAzNg==\",\"format\":\"JSON\",\"sendSTK\":\"false\",\"PictureURL\":\"\"}","status":"settled","created_at":"2024-04-09T14:13:13.000000Z","updated_at":"2024-04-09T14:13:50.000000Z","userid":"2752"}  
[2024-04-09 14:13:50] production.INFO: call back data from pesaflow ->createtrans{"status":"settled","secure_hash":"ZmY0Y2JjZmQ3OWJmOGNjODcyNWY2ZDQ3M2VmOGMwMTVhYWI4MDRmMzFkY2FiNTU0NzVhNjhlNTg0OGJiNTU2YQ==","phone_number":"254712001188","payment_reference":[{"payment_reference":"584038462849195","payment_date":"2024-04-09T17:51:25Z","inserted_at":"2024-04-09T17:51:25","currency":"KES","amount":"100.00"}],"payment_date":"2024-02-07 15:51:25+03:00 EAT Africa\/Nairobi","payment_channel":"MPESA","last_payment_amount":"100.00","invoice_number":"QPJPDRP","invoice_amount":"1350.00","currency":"KES","client_invoice_ref":"INV66154CF8F2CF7","amount_paid":"100.00"}  
[2024-04-09 14:13:50] production.INFO: $payment_method_id :{"payment_methods_id":1,"payment_key":"mpesa","payment_title":"MPESA","is_active":1,"created_at":"2021-11-25T05:22:25.000000Z","updated_at":"2023-02-20T09:28:21.000000Z"}  
[2024-04-09 14:13:50] production.INFO: client_invoice_ref/billref "INV66154CF8F2CF7"  
[2024-04-09 14:13:50] production.INFO: transaction array payment request {"id":121,"invoice_id":"INV66154CF8F2CF7","planId":"2","payment_for":"membership","payment_request":"{\"apiClientID\":\"36\",\"serviceID\":6017953,\"billDesc\":\"membership\",\"currency\":\"KES\",\"billRefNumber\":\"INV66154CF8F2CF7\",\"clientMSISDN\":\"+254712001188\",\"clientName\":\"ERNEST KIRIINYA\",\"clientIDNumber\":\"29266208\",\"clientEmail\":\"ernemwit@gmail.com\",\"callBackURLOnSuccess\":\"http:\\\/\\\/localhost\\\/pesaflow\\\/callback\",\"amountExpected\":\"100\",\"notificationURL\":\"http:\\\/\\\/localhost\\\/backend\\\/public\\\/pesaflow\\\/notify\",\"secureHash\":\"ZGJkNzY5NWUxYTQ0NWU0YjUxN2M0ZWJjMDRjNWFhN2RmMjE4Njc3MjAzNzZkODNmZTY4NTFlMTM5MTVkOTAzNg==\",\"format\":\"JSON\",\"sendSTK\":\"false\",\"PictureURL\":\"\"}","status":"settled","created_at":"2024-04-09T14:13:13.000000Z","updated_at":"2024-04-09T14:13:50.000000Z","userid":"2752"}  
[2024-04-09 14:13:50] production.INFO: Transaction entry created successfully.  
[2024-04-09 14:13:50] production.INFO: order created  
[2024-04-09 14:13:50] production.INFO: result transaction from transaction entry{"transaction_id":1031,"user_id":2752,"total_amount":100,"payment_status":null,"callback_status":0,"bank_refrence":"membership-66154d1e5a206","payment_method":1,"payment_for":"membership","created_at":"2024-04-09T14:13:50.000000Z","updated_at":"2024-04-09T14:13:50.000000Z","callback_remote_addr":null,"customer_remote_addr":"::1","mobile":"712001188","payment_response":"{\"status\":\"settled\",\"secure_hash\":\"ZmY0Y2JjZmQ3OWJmOGNjODcyNWY2ZDQ3M2VmOGMwMTVhYWI4MDRmMzFkY2FiNTU0NzVhNjhlNTg0OGJiNTU2YQ==\",\"phone_number\":\"254712001188\",\"payment_reference\":[{\"payment_reference\":\"584038462849195\",\"payment_date\":\"2024-04-09T17:51:25Z\",\"inserted_at\":\"2024-04-09T17:51:25\",\"currency\":\"KES\",\"amount\":\"100.00\"}],\"payment_date\":\"2024-02-07 15:51:25+03:00 EAT Africa\\\/Nairobi\",\"payment_channel\":\"MPESA\",\"last_payment_amount\":\"100.00\",\"invoice_number\":\"QPJPDRP\",\"invoice_amount\":\"1350.00\",\"currency\":\"KES\",\"client_invoice_ref\":\"INV66154CF8F2CF7\",\"amount_paid\":\"100.00\"}","payment_request":"{\"id\":121,\"invoice_id\":\"INV66154CF8F2CF7\",\"planId\":\"2\",\"payment_for\":\"membership\",\"payment_request\":\"{\\\"apiClientID\\\":\\\"36\\\",\\\"serviceID\\\":6017953,\\\"billDesc\\\":\\\"membership\\\",\\\"currency\\\":\\\"KES\\\",\\\"billRefNumber\\\":\\\"INV66154CF8F2CF7\\\",\\\"clientMSISDN\\\":\\\"+254712001188\\\",\\\"clientName\\\":\\\"ERNEST KIRIINYA\\\",\\\"clientIDNumber\\\":\\\"29266208\\\",\\\"clientEmail\\\":\\\"ernemwit@gmail.com\\\",\\\"callBackURLOnSuccess\\\":\\\"http:\\\\\\\/\\\\\\\/localhost\\\\\\\/pesaflow\\\\\\\/callback\\\",\\\"amountExpected\\\":\\\"100\\\",\\\"notificationURL\\\":\\\"http:\\\\\\\/\\\\\\\/localhost\\\\\\\/backend\\\\\\\/public\\\\\\\/pesaflow\\\\\\\/notify\\\",\\\"secureHash\\\":\\\"ZGJkNzY5NWUxYTQ0NWU0YjUxN2M0ZWJjMDRjNWFhN2RmMjE4Njc3MjAzNzZkODNmZTY4NTFlMTM5MTVkOTAzNg==\\\",\\\"format\\\":\\\"JSON\\\",\\\"sendSTK\\\":\\\"false\\\",\\\"PictureURL\\\":\\\"\\\"}\",\"status\":\"settled\",\"created_at\":\"2024-04-09T14:13:13.000000Z\",\"updated_at\":\"2024-04-09T14:13:50.000000Z\",\"userid\":\"2752\"}"}  
[2024-04-09 14:13:50] production.INFO: Order found, update plan  
[2024-04-09 14:13:50] production.INFO: send_sms Mobile 712001188 OTP Your Payment of Ksh 100 for membership-66154d1e5a206 has been received. Thank you for choosing vtabu.  
[2024-04-09 14:13:50] production.INFO: url:https://app.craftsilicon.com/ExternalSMSService/Send.aspx?UserID=KNLS&Password=KNLS@2023e1&MessageID=0&MessageText=Your+Payment+of+Ksh+100+for+membership-66154d1e5a206+has+been+received.+Thank+you+for+choosing+vtabu.&MobileNumber=+254712001188&Priority=HIGH  
[2024-04-09 14:13:51] production.INFO: sms api response  
[2024-04-09 14:13:51] production.INFO:   
[2024-04-09 14:13:51] production.INFO:   
[2024-04-09 14:13:51] production.INFO: transaction result success payment:{"transaction_id":1031,"user_id":2752,"total_amount":100,"payment_status":null,"callback_status":0,"bank_refrence":"membership-66154d1e5a206","payment_method":1,"payment_for":"membership","created_at":"2024-04-09T14:13:50.000000Z","updated_at":"2024-04-09T14:13:50.000000Z","callback_remote_addr":null,"customer_remote_addr":"::1","mobile":"712001188","payment_response":"{\"status\":\"settled\",\"secure_hash\":\"ZmY0Y2JjZmQ3OWJmOGNjODcyNWY2ZDQ3M2VmOGMwMTVhYWI4MDRmMzFkY2FiNTU0NzVhNjhlNTg0OGJiNTU2YQ==\",\"phone_number\":\"254712001188\",\"payment_reference\":[{\"payment_reference\":\"584038462849195\",\"payment_date\":\"2024-04-09T17:51:25Z\",\"inserted_at\":\"2024-04-09T17:51:25\",\"currency\":\"KES\",\"amount\":\"100.00\"}],\"payment_date\":\"2024-02-07 15:51:25+03:00 EAT Africa\\\/Nairobi\",\"payment_channel\":\"MPESA\",\"last_payment_amount\":\"100.00\",\"invoice_number\":\"QPJPDRP\",\"invoice_amount\":\"1350.00\",\"currency\":\"KES\",\"client_invoice_ref\":\"INV66154CF8F2CF7\",\"amount_paid\":\"100.00\"}","payment_request":"{\"id\":121,\"invoice_id\":\"INV66154CF8F2CF7\",\"planId\":\"2\",\"payment_for\":\"membership\",\"payment_request\":\"{\\\"apiClientID\\\":\\\"36\\\",\\\"serviceID\\\":6017953,\\\"billDesc\\\":\\\"membership\\\",\\\"currency\\\":\\\"KES\\\",\\\"billRefNumber\\\":\\\"INV66154CF8F2CF7\\\",\\\"clientMSISDN\\\":\\\"+254712001188\\\",\\\"clientName\\\":\\\"ERNEST KIRIINYA\\\",\\\"clientIDNumber\\\":\\\"29266208\\\",\\\"clientEmail\\\":\\\"ernemwit@gmail.com\\\",\\\"callBackURLOnSuccess\\\":\\\"http:\\\\\\\/\\\\\\\/localhost\\\\\\\/pesaflow\\\\\\\/callback\\\",\\\"amountExpected\\\":\\\"100\\\",\\\"notificationURL\\\":\\\"http:\\\\\\\/\\\\\\\/localhost\\\\\\\/backend\\\\\\\/public\\\\\\\/pesaflow\\\\\\\/notify\\\",\\\"secureHash\\\":\\\"ZGJkNzY5NWUxYTQ0NWU0YjUxN2M0ZWJjMDRjNWFhN2RmMjE4Njc3MjAzNzZkODNmZTY4NTFlMTM5MTVkOTAzNg==\\\",\\\"format\\\":\\\"JSON\\\",\\\"sendSTK\\\":\\\"false\\\",\\\"PictureURL\\\":\\\"\\\"}\",\"status\":\"settled\",\"created_at\":\"2024-04-09T14:13:13.000000Z\",\"updated_at\":\"2024-04-09T14:13:50.000000Z\",\"userid\":\"2752\"}","is_membership_user":1}  
[2024-04-09 14:13:51] production.INFO: key insert audit  
[2024-04-09 14:13:51] production.INFO: send_sms Mobile 254712001188 OTP Amount:100.00 paid successfully for membership subscription.  
[2024-04-09 14:13:51] production.INFO: url:https://app.craftsilicon.com/ExternalSMSService/Send.aspx?UserID=KNLS&Password=KNLS@2023e1&MessageID=0&MessageText=Amount%3A100.00+paid+successfully+for+membership+subscription.&MobileNumber=+254254712001188&Priority=HIGH  
[2024-04-09 14:13:52] production.INFO: sms api response  
[2024-04-09 14:13:52] production.INFO:   
[2024-04-09 14:13:52] production.INFO:   
[2024-04-09 14:22:49] production.INFO: data from payment membership/Cart: {"checkout_data":2,"clientIDNumber":"29266208","amount":"100","token":"eyJ0eXAiOiJKV1QiLCJhbGciOiJIUzI1NiJ9.eyJpc3MiOiJodHRwOlwvXC9sb2NhbGhvc3RcL2JhY2tlbmRcL3B1YmxpY1wvd2FwaVwvbG9naW5cL29hdXRoXC9hdXRob3Jpc2UiLCJpYXQiOjE3MTI2NzEyMzAsImV4cCI6MTcxMzEwMzIzMCwibmJmIjoxNzEyNjcxMjMwLCJqdGkiOiJSUW5DN1FGNDlyQjNnQVMxIiwic3ViIjoyNzUyLCJwcnYiOiI4N2UwYWYxZWY5ZmQxNTgxMmZkZWM5NzE1M2ExNGUwYjA0NzU0NmFhIn0.GHsD1_Fhzil9R9zDFP67puAnFCHsOhqTSldyRZ4GWZU","state":"Nairobi","mobile":"+254712001188","email":"ernemwit@gmail.com","clientName":"ERNEST KIRIINYA","billDesc":"membership"}  
[2024-04-09 14:22:49] production.INFO: 6017953  
[2024-04-09 14:22:49] production.INFO: PAYLOAD====> {"apiClientID":"36","serviceID":6017953,"billDesc":"membership","currency":"KES","billRefNumber":"INV66154F390C72A","clientMSISDN":"+254712001188","clientName":"ERNEST KIRIINYA","clientIDNumber":"29266208","clientEmail":"ernemwit@gmail.com","callBackURLOnSuccess":"http://localhost/pesaflow/callback","amountExpected":"100","notificationURL":"http://localhost/backend/public/pesaflow/notify","secureHash":"NGY5YWNjNDAxZTFmNGY0Yjk0OGJiYmY1YWY5NTFkMGU3MDVjMWFmYmRjNzVkOTgyNDY4ZjczZDdiZGRhZTZjOA==","format":"JSON","sendSTK":"false","PictureURL":""} 
[2024-04-09 14:22:49] production.INFO: Invoice created :{"userId":2752,"planId":2,"payment_request":"{\"apiClientID\":\"36\",\"serviceID\":6017953,\"billDesc\":\"membership\",\"currency\":\"KES\",\"billRefNumber\":\"INV66154F390C72A\",\"clientMSISDN\":\"+254712001188\",\"clientName\":\"ERNEST KIRIINYA\",\"clientIDNumber\":\"29266208\",\"clientEmail\":\"ernemwit@gmail.com\",\"callBackURLOnSuccess\":\"http:\\\/\\\/localhost\\\/pesaflow\\\/callback\",\"amountExpected\":\"100\",\"notificationURL\":\"http:\\\/\\\/localhost\\\/backend\\\/public\\\/pesaflow\\\/notify\",\"secureHash\":\"NGY5YWNjNDAxZTFmNGY0Yjk0OGJiYmY1YWY5NTFkMGU3MDVjMWFmYmRjNzVkOTgyNDY4ZjczZDdiZGRhZTZjOA==\",\"format\":\"JSON\",\"sendSTK\":\"false\",\"PictureURL\":\"\"}","status":"pending","invoice_id":"INV66154F390C72A","payment_for":"membership","updated_at":"2024-04-09T14:22:49.000000Z","created_at":"2024-04-09T14:22:49.000000Z","id":122}  
[2024-04-09 14:23:04] production.INFO: Data from paymentcallback: {"status":"settled","secure_hash":"ZmY0Y2JjZmQ3OWJmOGNjODcyNWY2ZDQ3M2VmOGMwMTVhYWI4MDRmMzFkY2FiNTU0NzVhNjhlNTg0OGJiNTU2YQ==","phone_number":"254712001188","payment_reference":[{"payment_reference":"584038462849195","payment_date":"2024-04-09T17:51:25Z","inserted_at":"2024-04-09T17:51:25","currency":"KES","amount":"100.00"}],"payment_date":"2024-02-07 15:51:25+03:00 EAT Africa\/Nairobi","payment_channel":"MPESA","last_payment_amount":"100.00","invoice_number":"QPJPDRP","invoice_amount":"1350.00","currency":"KES","client_invoice_ref":"INV66154F390C72A","amount_paid":"100.00"}  
[2024-04-09 14:23:04] production.INFO: Invoice status updated successfully.  
[2024-04-09 14:23:04] production.INFO: invoice selected from client_reference_id :{"id":122,"invoice_id":"INV66154F390C72A","planId":"2","payment_for":"membership","payment_request":"{\"apiClientID\":\"36\",\"serviceID\":6017953,\"billDesc\":\"membership\",\"currency\":\"KES\",\"billRefNumber\":\"INV66154F390C72A\",\"clientMSISDN\":\"+254712001188\",\"clientName\":\"ERNEST KIRIINYA\",\"clientIDNumber\":\"29266208\",\"clientEmail\":\"ernemwit@gmail.com\",\"callBackURLOnSuccess\":\"http:\\\/\\\/localhost\\\/pesaflow\\\/callback\",\"amountExpected\":\"100\",\"notificationURL\":\"http:\\\/\\\/localhost\\\/backend\\\/public\\\/pesaflow\\\/notify\",\"secureHash\":\"NGY5YWNjNDAxZTFmNGY0Yjk0OGJiYmY1YWY5NTFkMGU3MDVjMWFmYmRjNzVkOTgyNDY4ZjczZDdiZGRhZTZjOA==\",\"format\":\"JSON\",\"sendSTK\":\"false\",\"PictureURL\":\"\"}","status":"settled","created_at":"2024-04-09T14:22:49.000000Z","updated_at":"2024-04-09T14:23:04.000000Z","userid":"2752"}  
[2024-04-09 14:23:04] production.INFO: createTransactionEntry  
[2024-04-09 14:23:04] production.INFO: invoice to be settled{"id":122,"invoice_id":"INV66154F390C72A","planId":"2","payment_for":"membership","payment_request":"{\"apiClientID\":\"36\",\"serviceID\":6017953,\"billDesc\":\"membership\",\"currency\":\"KES\",\"billRefNumber\":\"INV66154F390C72A\",\"clientMSISDN\":\"+254712001188\",\"clientName\":\"ERNEST KIRIINYA\",\"clientIDNumber\":\"29266208\",\"clientEmail\":\"ernemwit@gmail.com\",\"callBackURLOnSuccess\":\"http:\\\/\\\/localhost\\\/pesaflow\\\/callback\",\"amountExpected\":\"100\",\"notificationURL\":\"http:\\\/\\\/localhost\\\/backend\\\/public\\\/pesaflow\\\/notify\",\"secureHash\":\"NGY5YWNjNDAxZTFmNGY0Yjk0OGJiYmY1YWY5NTFkMGU3MDVjMWFmYmRjNzVkOTgyNDY4ZjczZDdiZGRhZTZjOA==\",\"format\":\"JSON\",\"sendSTK\":\"false\",\"PictureURL\":\"\"}","status":"settled","created_at":"2024-04-09T14:22:49.000000Z","updated_at":"2024-04-09T14:23:04.000000Z","userid":"2752"}  
[2024-04-09 14:23:04] production.INFO: call back data from pesaflow ->createtrans{"status":"settled","secure_hash":"ZmY0Y2JjZmQ3OWJmOGNjODcyNWY2ZDQ3M2VmOGMwMTVhYWI4MDRmMzFkY2FiNTU0NzVhNjhlNTg0OGJiNTU2YQ==","phone_number":"254712001188","payment_reference":[{"payment_reference":"584038462849195","payment_date":"2024-04-09T17:51:25Z","inserted_at":"2024-04-09T17:51:25","currency":"KES","amount":"100.00"}],"payment_date":"2024-02-07 15:51:25+03:00 EAT Africa\/Nairobi","payment_channel":"MPESA","last_payment_amount":"100.00","invoice_number":"QPJPDRP","invoice_amount":"1350.00","currency":"KES","client_invoice_ref":"INV66154F390C72A","amount_paid":"100.00"}  
[2024-04-09 14:23:04] production.INFO: $payment_method_id :{"payment_methods_id":1,"payment_key":"mpesa","payment_title":"MPESA","is_active":1,"created_at":"2021-11-25T05:22:25.000000Z","updated_at":"2023-02-20T09:28:21.000000Z"}  
[2024-04-09 14:23:04] production.INFO: client_invoice_ref/billref "INV66154F390C72A"  
[2024-04-09 14:23:04] production.INFO: transaction array payment request {"id":122,"invoice_id":"INV66154F390C72A","planId":"2","payment_for":"membership","payment_request":"{\"apiClientID\":\"36\",\"serviceID\":6017953,\"billDesc\":\"membership\",\"currency\":\"KES\",\"billRefNumber\":\"INV66154F390C72A\",\"clientMSISDN\":\"+254712001188\",\"clientName\":\"ERNEST KIRIINYA\",\"clientIDNumber\":\"29266208\",\"clientEmail\":\"ernemwit@gmail.com\",\"callBackURLOnSuccess\":\"http:\\\/\\\/localhost\\\/pesaflow\\\/callback\",\"amountExpected\":\"100\",\"notificationURL\":\"http:\\\/\\\/localhost\\\/backend\\\/public\\\/pesaflow\\\/notify\",\"secureHash\":\"NGY5YWNjNDAxZTFmNGY0Yjk0OGJiYmY1YWY5NTFkMGU3MDVjMWFmYmRjNzVkOTgyNDY4ZjczZDdiZGRhZTZjOA==\",\"format\":\"JSON\",\"sendSTK\":\"false\",\"PictureURL\":\"\"}","status":"settled","created_at":"2024-04-09T14:22:49.000000Z","updated_at":"2024-04-09T14:23:04.000000Z","userid":"2752"}  
[2024-04-09 14:23:04] production.INFO: Transaction entry created successfully.  
[2024-04-09 14:23:04] production.INFO: order created  
[2024-04-09 14:23:04] production.INFO: result transaction from transaction entry{"transaction_id":1032,"user_id":2752,"total_amount":100,"payment_status":null,"callback_status":0,"bank_refrence":"membership-66154f48160bc","payment_method":1,"payment_for":"membership","created_at":"2024-04-09T14:23:04.000000Z","updated_at":"2024-04-09T14:23:04.000000Z","callback_remote_addr":null,"customer_remote_addr":"::1","mobile":"712001188","payment_response":"{\"status\":\"settled\",\"secure_hash\":\"ZmY0Y2JjZmQ3OWJmOGNjODcyNWY2ZDQ3M2VmOGMwMTVhYWI4MDRmMzFkY2FiNTU0NzVhNjhlNTg0OGJiNTU2YQ==\",\"phone_number\":\"254712001188\",\"payment_reference\":[{\"payment_reference\":\"584038462849195\",\"payment_date\":\"2024-04-09T17:51:25Z\",\"inserted_at\":\"2024-04-09T17:51:25\",\"currency\":\"KES\",\"amount\":\"100.00\"}],\"payment_date\":\"2024-02-07 15:51:25+03:00 EAT Africa\\\/Nairobi\",\"payment_channel\":\"MPESA\",\"last_payment_amount\":\"100.00\",\"invoice_number\":\"QPJPDRP\",\"invoice_amount\":\"1350.00\",\"currency\":\"KES\",\"client_invoice_ref\":\"INV66154F390C72A\",\"amount_paid\":\"100.00\"}","payment_request":"{\"id\":122,\"invoice_id\":\"INV66154F390C72A\",\"planId\":\"2\",\"payment_for\":\"membership\",\"payment_request\":\"{\\\"apiClientID\\\":\\\"36\\\",\\\"serviceID\\\":6017953,\\\"billDesc\\\":\\\"membership\\\",\\\"currency\\\":\\\"KES\\\",\\\"billRefNumber\\\":\\\"INV66154F390C72A\\\",\\\"clientMSISDN\\\":\\\"+254712001188\\\",\\\"clientName\\\":\\\"ERNEST KIRIINYA\\\",\\\"clientIDNumber\\\":\\\"29266208\\\",\\\"clientEmail\\\":\\\"ernemwit@gmail.com\\\",\\\"callBackURLOnSuccess\\\":\\\"http:\\\\\\\/\\\\\\\/localhost\\\\\\\/pesaflow\\\\\\\/callback\\\",\\\"amountExpected\\\":\\\"100\\\",\\\"notificationURL\\\":\\\"http:\\\\\\\/\\\\\\\/localhost\\\\\\\/backend\\\\\\\/public\\\\\\\/pesaflow\\\\\\\/notify\\\",\\\"secureHash\\\":\\\"NGY5YWNjNDAxZTFmNGY0Yjk0OGJiYmY1YWY5NTFkMGU3MDVjMWFmYmRjNzVkOTgyNDY4ZjczZDdiZGRhZTZjOA==\\\",\\\"format\\\":\\\"JSON\\\",\\\"sendSTK\\\":\\\"false\\\",\\\"PictureURL\\\":\\\"\\\"}\",\"status\":\"settled\",\"created_at\":\"2024-04-09T14:22:49.000000Z\",\"updated_at\":\"2024-04-09T14:23:04.000000Z\",\"userid\":\"2752\"}"}  
[2024-04-09 14:23:04] production.INFO: Order found, update plan  
[2024-04-09 14:23:04] production.INFO: PLAN DETAIL .{"plan_id":2,"service":"Membership \/ Sign up","duration":"Kshs. 100 Per Week","no_of_days":7,"charges":"100","created_at":"2022-02-03 10:13:49","updated_at":"2022-07-06 15:07:22","is_deleted":0,"is_enabled":1}  
[2024-04-09 14:23:04] production.INFO: send_sms Mobile 712001188 OTP Your Payment of Ksh 100 for membership-66154f48160bc has been received. Thank you for choosing vtabu.  
[2024-04-09 14:23:04] production.INFO: url:https://app.craftsilicon.com/ExternalSMSService/Send.aspx?UserID=KNLS&Password=KNLS@2023e1&MessageID=0&MessageText=Your+Payment+of+Ksh+100+for+membership-66154f48160bc+has+been+received.+Thank+you+for+choosing+vtabu.&MobileNumber=+254712001188&Priority=HIGH  
[2024-04-09 14:23:04] production.INFO: sms api response  
[2024-04-09 14:23:04] production.INFO:   
[2024-04-09 14:23:04] production.INFO:   
[2024-04-09 14:23:04] production.INFO: transaction result success payment:{"transaction_id":1032,"user_id":2752,"total_amount":100,"payment_status":null,"callback_status":0,"bank_refrence":"membership-66154f48160bc","payment_method":1,"payment_for":"membership","created_at":"2024-04-09T14:23:04.000000Z","updated_at":"2024-04-09T14:23:04.000000Z","callback_remote_addr":null,"customer_remote_addr":"::1","mobile":"712001188","payment_response":"{\"status\":\"settled\",\"secure_hash\":\"ZmY0Y2JjZmQ3OWJmOGNjODcyNWY2ZDQ3M2VmOGMwMTVhYWI4MDRmMzFkY2FiNTU0NzVhNjhlNTg0OGJiNTU2YQ==\",\"phone_number\":\"254712001188\",\"payment_reference\":[{\"payment_reference\":\"584038462849195\",\"payment_date\":\"2024-04-09T17:51:25Z\",\"inserted_at\":\"2024-04-09T17:51:25\",\"currency\":\"KES\",\"amount\":\"100.00\"}],\"payment_date\":\"2024-02-07 15:51:25+03:00 EAT Africa\\\/Nairobi\",\"payment_channel\":\"MPESA\",\"last_payment_amount\":\"100.00\",\"invoice_number\":\"QPJPDRP\",\"invoice_amount\":\"1350.00\",\"currency\":\"KES\",\"client_invoice_ref\":\"INV66154F390C72A\",\"amount_paid\":\"100.00\"}","payment_request":"{\"id\":122,\"invoice_id\":\"INV66154F390C72A\",\"planId\":\"2\",\"payment_for\":\"membership\",\"payment_request\":\"{\\\"apiClientID\\\":\\\"36\\\",\\\"serviceID\\\":6017953,\\\"billDesc\\\":\\\"membership\\\",\\\"currency\\\":\\\"KES\\\",\\\"billRefNumber\\\":\\\"INV66154F390C72A\\\",\\\"clientMSISDN\\\":\\\"+254712001188\\\",\\\"clientName\\\":\\\"ERNEST KIRIINYA\\\",\\\"clientIDNumber\\\":\\\"29266208\\\",\\\"clientEmail\\\":\\\"ernemwit@gmail.com\\\",\\\"callBackURLOnSuccess\\\":\\\"http:\\\\\\\/\\\\\\\/localhost\\\\\\\/pesaflow\\\\\\\/callback\\\",\\\"amountExpected\\\":\\\"100\\\",\\\"notificationURL\\\":\\\"http:\\\\\\\/\\\\\\\/localhost\\\\\\\/backend\\\\\\\/public\\\\\\\/pesaflow\\\\\\\/notify\\\",\\\"secureHash\\\":\\\"NGY5YWNjNDAxZTFmNGY0Yjk0OGJiYmY1YWY5NTFkMGU3MDVjMWFmYmRjNzVkOTgyNDY4ZjczZDdiZGRhZTZjOA==\\\",\\\"format\\\":\\\"JSON\\\",\\\"sendSTK\\\":\\\"false\\\",\\\"PictureURL\\\":\\\"\\\"}\",\"status\":\"settled\",\"created_at\":\"2024-04-09T14:22:49.000000Z\",\"updated_at\":\"2024-04-09T14:23:04.000000Z\",\"userid\":\"2752\"}","is_membership_user":1}  
[2024-04-09 14:23:04] production.INFO: key insert audit  
[2024-04-09 14:23:04] production.INFO: send_sms Mobile 254712001188 OTP Amount:100.00 paid successfully for membership subscription.  
[2024-04-09 14:23:04] production.INFO: url:https://app.craftsilicon.com/ExternalSMSService/Send.aspx?UserID=KNLS&Password=KNLS@2023e1&MessageID=0&MessageText=Amount%3A100.00+paid+successfully+for+membership+subscription.&MobileNumber=+254254712001188&Priority=HIGH  
[2024-04-09 14:23:04] production.INFO: sms api response  
[2024-04-09 14:23:04] production.INFO:   
[2024-04-09 14:23:04] production.INFO:   
[2024-04-09 14:58:39] production.INFO: data from payment membership/Cart: {"checkout_data":2,"clientIDNumber":"29266208","amount":"100","token":"eyJ0eXAiOiJKV1QiLCJhbGciOiJIUzI1NiJ9.eyJpc3MiOiJodHRwOlwvXC9sb2NhbGhvc3RcL2JhY2tlbmRcL3B1YmxpY1wvd2FwaVwvbG9naW5cL29hdXRoXC9hdXRob3Jpc2UiLCJpYXQiOjE3MTI2NzEyMzAsImV4cCI6MTcxMzEwMzIzMCwibmJmIjoxNzEyNjcxMjMwLCJqdGkiOiJSUW5DN1FGNDlyQjNnQVMxIiwic3ViIjoyNzUyLCJwcnYiOiI4N2UwYWYxZWY5ZmQxNTgxMmZkZWM5NzE1M2ExNGUwYjA0NzU0NmFhIn0.GHsD1_Fhzil9R9zDFP67puAnFCHsOhqTSldyRZ4GWZU","state":"Nairobi","mobile":"+254712001188","email":"ernemwit@gmail.com","clientName":"ERNEST KIRIINYA","billDesc":"membership"}  
[2024-04-09 14:58:39] production.INFO: 6017953  
[2024-04-09 14:58:39] production.INFO: PAYLOAD====> {"apiClientID":"36","serviceID":6017953,"billDesc":"membership","currency":"KES","billRefNumber":"INV6615579F323EA","clientMSISDN":"+254712001188","clientName":"ERNEST KIRIINYA","clientIDNumber":"29266208","clientEmail":"ernemwit@gmail.com","callBackURLOnSuccess":"http://localhost/pesaflow/callback","amountExpected":"100","notificationURL":"http://localhost/backend/public/pesaflow/notify","secureHash":"YTRhNTQxNzU1NzI1OGQ3NmMwYzQ0ZDNjN2MzYTViY2QyNTY2Njc0YmU1ZWE1YWQwNTcxM2QwOTVkNWEwNTliMg==","format":"JSON","sendSTK":"false","PictureURL":""} 
[2024-04-09 14:58:39] production.INFO: Invoice created :{"userId":2752,"planId":2,"payment_request":"{\"apiClientID\":\"36\",\"serviceID\":6017953,\"billDesc\":\"membership\",\"currency\":\"KES\",\"billRefNumber\":\"INV6615579F323EA\",\"clientMSISDN\":\"+254712001188\",\"clientName\":\"ERNEST KIRIINYA\",\"clientIDNumber\":\"29266208\",\"clientEmail\":\"ernemwit@gmail.com\",\"callBackURLOnSuccess\":\"http:\\\/\\\/localhost\\\/pesaflow\\\/callback\",\"amountExpected\":\"100\",\"notificationURL\":\"http:\\\/\\\/localhost\\\/backend\\\/public\\\/pesaflow\\\/notify\",\"secureHash\":\"YTRhNTQxNzU1NzI1OGQ3NmMwYzQ0ZDNjN2MzYTViY2QyNTY2Njc0YmU1ZWE1YWQwNTcxM2QwOTVkNWEwNTliMg==\",\"format\":\"JSON\",\"sendSTK\":\"false\",\"PictureURL\":\"\"}","status":"pending","invoice_id":"INV6615579F323EA","payment_for":"membership","updated_at":"2024-04-09T14:58:39.000000Z","created_at":"2024-04-09T14:58:39.000000Z","id":123}  
[2024-04-09 14:58:55] production.INFO: Data from paymentcallback: {"status":"settled","secure_hash":"ZmY0Y2JjZmQ3OWJmOGNjODcyNWY2ZDQ3M2VmOGMwMTVhYWI4MDRmMzFkY2FiNTU0NzVhNjhlNTg0OGJiNTU2YQ==","phone_number":"254712001188","payment_reference":[{"payment_reference":"584038462849195","payment_date":"2024-04-09T17:51:25Z","inserted_at":"2024-04-09T17:51:25","currency":"KES","amount":"100.00"}],"payment_date":"2024-02-07 15:51:25+03:00 EAT Africa\/Nairobi","payment_channel":"MPESA","last_payment_amount":"100.00","invoice_number":"QPJPDRP","invoice_amount":"1350.00","currency":"KES","client_invoice_ref":"INV6615579F323EA","amount_paid":"100.00"}  
[2024-04-09 14:58:55] production.INFO: Invoice status updated successfully.  
[2024-04-09 14:58:55] production.INFO: invoice selected from client_reference_id :{"id":123,"invoice_id":"INV6615579F323EA","planId":"2","payment_for":"membership","payment_request":"{\"apiClientID\":\"36\",\"serviceID\":6017953,\"billDesc\":\"membership\",\"currency\":\"KES\",\"billRefNumber\":\"INV6615579F323EA\",\"clientMSISDN\":\"+254712001188\",\"clientName\":\"ERNEST KIRIINYA\",\"clientIDNumber\":\"29266208\",\"clientEmail\":\"ernemwit@gmail.com\",\"callBackURLOnSuccess\":\"http:\\\/\\\/localhost\\\/pesaflow\\\/callback\",\"amountExpected\":\"100\",\"notificationURL\":\"http:\\\/\\\/localhost\\\/backend\\\/public\\\/pesaflow\\\/notify\",\"secureHash\":\"YTRhNTQxNzU1NzI1OGQ3NmMwYzQ0ZDNjN2MzYTViY2QyNTY2Njc0YmU1ZWE1YWQwNTcxM2QwOTVkNWEwNTliMg==\",\"format\":\"JSON\",\"sendSTK\":\"false\",\"PictureURL\":\"\"}","status":"settled","created_at":"2024-04-09T14:58:39.000000Z","updated_at":"2024-04-09T14:58:55.000000Z","userid":"2752"}  
[2024-04-09 14:58:55] production.INFO: createTransactionEntry  
[2024-04-09 14:58:55] production.INFO: invoice to be settled{"id":123,"invoice_id":"INV6615579F323EA","planId":"2","payment_for":"membership","payment_request":"{\"apiClientID\":\"36\",\"serviceID\":6017953,\"billDesc\":\"membership\",\"currency\":\"KES\",\"billRefNumber\":\"INV6615579F323EA\",\"clientMSISDN\":\"+254712001188\",\"clientName\":\"ERNEST KIRIINYA\",\"clientIDNumber\":\"29266208\",\"clientEmail\":\"ernemwit@gmail.com\",\"callBackURLOnSuccess\":\"http:\\\/\\\/localhost\\\/pesaflow\\\/callback\",\"amountExpected\":\"100\",\"notificationURL\":\"http:\\\/\\\/localhost\\\/backend\\\/public\\\/pesaflow\\\/notify\",\"secureHash\":\"YTRhNTQxNzU1NzI1OGQ3NmMwYzQ0ZDNjN2MzYTViY2QyNTY2Njc0YmU1ZWE1YWQwNTcxM2QwOTVkNWEwNTliMg==\",\"format\":\"JSON\",\"sendSTK\":\"false\",\"PictureURL\":\"\"}","status":"settled","created_at":"2024-04-09T14:58:39.000000Z","updated_at":"2024-04-09T14:58:55.000000Z","userid":"2752"}  
[2024-04-09 14:58:55] production.INFO: call back data from pesaflow ->createtrans{"status":"settled","secure_hash":"ZmY0Y2JjZmQ3OWJmOGNjODcyNWY2ZDQ3M2VmOGMwMTVhYWI4MDRmMzFkY2FiNTU0NzVhNjhlNTg0OGJiNTU2YQ==","phone_number":"254712001188","payment_reference":[{"payment_reference":"584038462849195","payment_date":"2024-04-09T17:51:25Z","inserted_at":"2024-04-09T17:51:25","currency":"KES","amount":"100.00"}],"payment_date":"2024-02-07 15:51:25+03:00 EAT Africa\/Nairobi","payment_channel":"MPESA","last_payment_amount":"100.00","invoice_number":"QPJPDRP","invoice_amount":"1350.00","currency":"KES","client_invoice_ref":"INV6615579F323EA","amount_paid":"100.00"}  
[2024-04-09 14:58:55] production.INFO: $payment_method_id :{"payment_methods_id":1,"payment_key":"mpesa","payment_title":"MPESA","is_active":1,"created_at":"2021-11-25T05:22:25.000000Z","updated_at":"2023-02-20T09:28:21.000000Z"}  
[2024-04-09 14:58:55] production.INFO: client_invoice_ref/billref "INV6615579F323EA"  
[2024-04-09 14:58:55] production.INFO: transaction array payment request {"id":123,"invoice_id":"INV6615579F323EA","planId":"2","payment_for":"membership","payment_request":"{\"apiClientID\":\"36\",\"serviceID\":6017953,\"billDesc\":\"membership\",\"currency\":\"KES\",\"billRefNumber\":\"INV6615579F323EA\",\"clientMSISDN\":\"+254712001188\",\"clientName\":\"ERNEST KIRIINYA\",\"clientIDNumber\":\"29266208\",\"clientEmail\":\"ernemwit@gmail.com\",\"callBackURLOnSuccess\":\"http:\\\/\\\/localhost\\\/pesaflow\\\/callback\",\"amountExpected\":\"100\",\"notificationURL\":\"http:\\\/\\\/localhost\\\/backend\\\/public\\\/pesaflow\\\/notify\",\"secureHash\":\"YTRhNTQxNzU1NzI1OGQ3NmMwYzQ0ZDNjN2MzYTViY2QyNTY2Njc0YmU1ZWE1YWQwNTcxM2QwOTVkNWEwNTliMg==\",\"format\":\"JSON\",\"sendSTK\":\"false\",\"PictureURL\":\"\"}","status":"settled","created_at":"2024-04-09T14:58:39.000000Z","updated_at":"2024-04-09T14:58:55.000000Z","userid":"2752"}  
[2024-04-09 14:58:55] production.INFO: Transaction entry created successfully.  
[2024-04-09 14:58:55] production.INFO: order created  
[2024-04-09 14:58:55] production.INFO: result transaction from transaction entry{"transaction_id":1033,"user_id":2752,"total_amount":100,"payment_status":null,"callback_status":0,"bank_refrence":"membership-661557af4991b","payment_method":1,"payment_for":"membership","created_at":"2024-04-09T14:58:55.000000Z","updated_at":"2024-04-09T14:58:55.000000Z","callback_remote_addr":null,"customer_remote_addr":"::1","mobile":"712001188","payment_response":"{\"status\":\"settled\",\"secure_hash\":\"ZmY0Y2JjZmQ3OWJmOGNjODcyNWY2ZDQ3M2VmOGMwMTVhYWI4MDRmMzFkY2FiNTU0NzVhNjhlNTg0OGJiNTU2YQ==\",\"phone_number\":\"254712001188\",\"payment_reference\":[{\"payment_reference\":\"584038462849195\",\"payment_date\":\"2024-04-09T17:51:25Z\",\"inserted_at\":\"2024-04-09T17:51:25\",\"currency\":\"KES\",\"amount\":\"100.00\"}],\"payment_date\":\"2024-02-07 15:51:25+03:00 EAT Africa\\\/Nairobi\",\"payment_channel\":\"MPESA\",\"last_payment_amount\":\"100.00\",\"invoice_number\":\"QPJPDRP\",\"invoice_amount\":\"1350.00\",\"currency\":\"KES\",\"client_invoice_ref\":\"INV6615579F323EA\",\"amount_paid\":\"100.00\"}","payment_request":"{\"id\":123,\"invoice_id\":\"INV6615579F323EA\",\"planId\":\"2\",\"payment_for\":\"membership\",\"payment_request\":\"{\\\"apiClientID\\\":\\\"36\\\",\\\"serviceID\\\":6017953,\\\"billDesc\\\":\\\"membership\\\",\\\"currency\\\":\\\"KES\\\",\\\"billRefNumber\\\":\\\"INV6615579F323EA\\\",\\\"clientMSISDN\\\":\\\"+254712001188\\\",\\\"clientName\\\":\\\"ERNEST KIRIINYA\\\",\\\"clientIDNumber\\\":\\\"29266208\\\",\\\"clientEmail\\\":\\\"ernemwit@gmail.com\\\",\\\"callBackURLOnSuccess\\\":\\\"http:\\\\\\\/\\\\\\\/localhost\\\\\\\/pesaflow\\\\\\\/callback\\\",\\\"amountExpected\\\":\\\"100\\\",\\\"notificationURL\\\":\\\"http:\\\\\\\/\\\\\\\/localhost\\\\\\\/backend\\\\\\\/public\\\\\\\/pesaflow\\\\\\\/notify\\\",\\\"secureHash\\\":\\\"YTRhNTQxNzU1NzI1OGQ3NmMwYzQ0ZDNjN2MzYTViY2QyNTY2Njc0YmU1ZWE1YWQwNTcxM2QwOTVkNWEwNTliMg==\\\",\\\"format\\\":\\\"JSON\\\",\\\"sendSTK\\\":\\\"false\\\",\\\"PictureURL\\\":\\\"\\\"}\",\"status\":\"settled\",\"created_at\":\"2024-04-09T14:58:39.000000Z\",\"updated_at\":\"2024-04-09T14:58:55.000000Z\",\"userid\":\"2752\"}"}  
[2024-04-09 14:58:55] production.INFO: Order found, update plan  
[2024-04-09 14:58:55] production.INFO: PLAN DETAIL .{"plan_id":2,"service":"Membership \/ Sign up","duration":"Kshs. 100 Per Week","no_of_days":7,"charges":"100","created_at":"2022-02-03 10:13:49","updated_at":"2022-07-06 15:07:22","is_deleted":0,"is_enabled":1}  
[2024-04-09 14:58:55] production.INFO: send_sms Mobile 712001188 OTP Your Payment of Ksh 100 for membership-661557af4991b has been received. Thank you for choosing vtabu.  
[2024-04-09 14:58:55] production.INFO: url:https://app.craftsilicon.com/ExternalSMSService/Send.aspx?UserID=KNLS&Password=KNLS@2023e1&MessageID=0&MessageText=Your+Payment+of+Ksh+100+for+membership-661557af4991b+has+been+received.+Thank+you+for+choosing+vtabu.&MobileNumber=+254712001188&Priority=HIGH  
[2024-04-09 14:58:56] production.INFO: sms api response  
[2024-04-09 14:58:56] production.INFO:   
[2024-04-09 14:58:56] production.INFO:   
[2024-04-09 14:58:56] production.INFO: transaction result success payment:{"transaction_id":1033,"user_id":2752,"total_amount":100,"payment_status":null,"callback_status":0,"bank_refrence":"membership-661557af4991b","payment_method":1,"payment_for":"membership","created_at":"2024-04-09T14:58:55.000000Z","updated_at":"2024-04-09T14:58:55.000000Z","callback_remote_addr":null,"customer_remote_addr":"::1","mobile":"712001188","payment_response":"{\"status\":\"settled\",\"secure_hash\":\"ZmY0Y2JjZmQ3OWJmOGNjODcyNWY2ZDQ3M2VmOGMwMTVhYWI4MDRmMzFkY2FiNTU0NzVhNjhlNTg0OGJiNTU2YQ==\",\"phone_number\":\"254712001188\",\"payment_reference\":[{\"payment_reference\":\"584038462849195\",\"payment_date\":\"2024-04-09T17:51:25Z\",\"inserted_at\":\"2024-04-09T17:51:25\",\"currency\":\"KES\",\"amount\":\"100.00\"}],\"payment_date\":\"2024-02-07 15:51:25+03:00 EAT Africa\\\/Nairobi\",\"payment_channel\":\"MPESA\",\"last_payment_amount\":\"100.00\",\"invoice_number\":\"QPJPDRP\",\"invoice_amount\":\"1350.00\",\"currency\":\"KES\",\"client_invoice_ref\":\"INV6615579F323EA\",\"amount_paid\":\"100.00\"}","payment_request":"{\"id\":123,\"invoice_id\":\"INV6615579F323EA\",\"planId\":\"2\",\"payment_for\":\"membership\",\"payment_request\":\"{\\\"apiClientID\\\":\\\"36\\\",\\\"serviceID\\\":6017953,\\\"billDesc\\\":\\\"membership\\\",\\\"currency\\\":\\\"KES\\\",\\\"billRefNumber\\\":\\\"INV6615579F323EA\\\",\\\"clientMSISDN\\\":\\\"+254712001188\\\",\\\"clientName\\\":\\\"ERNEST KIRIINYA\\\",\\\"clientIDNumber\\\":\\\"29266208\\\",\\\"clientEmail\\\":\\\"ernemwit@gmail.com\\\",\\\"callBackURLOnSuccess\\\":\\\"http:\\\\\\\/\\\\\\\/localhost\\\\\\\/pesaflow\\\\\\\/callback\\\",\\\"amountExpected\\\":\\\"100\\\",\\\"notificationURL\\\":\\\"http:\\\\\\\/\\\\\\\/localhost\\\\\\\/backend\\\\\\\/public\\\\\\\/pesaflow\\\\\\\/notify\\\",\\\"secureHash\\\":\\\"YTRhNTQxNzU1NzI1OGQ3NmMwYzQ0ZDNjN2MzYTViY2QyNTY2Njc0YmU1ZWE1YWQwNTcxM2QwOTVkNWEwNTliMg==\\\",\\\"format\\\":\\\"JSON\\\",\\\"sendSTK\\\":\\\"false\\\",\\\"PictureURL\\\":\\\"\\\"}\",\"status\":\"settled\",\"created_at\":\"2024-04-09T14:58:39.000000Z\",\"updated_at\":\"2024-04-09T14:58:55.000000Z\",\"userid\":\"2752\"}","is_membership_user":1}  
[2024-04-09 14:58:56] production.INFO: key insert audit  
[2024-04-09 14:58:56] production.INFO: send_sms Mobile 254712001188 OTP Amount:100.00 paid successfully for membership subscription.  
[2024-04-09 14:58:56] production.INFO: url:https://app.craftsilicon.com/ExternalSMSService/Send.aspx?UserID=KNLS&Password=KNLS@2023e1&MessageID=0&MessageText=Amount%3A100.00+paid+successfully+for+membership+subscription.&MobileNumber=+254254712001188&Priority=HIGH  
[2024-04-09 14:58:56] production.INFO: sms api response  
[2024-04-09 14:58:56] production.INFO:   
[2024-04-09 14:58:56] production.INFO:   
[2024-04-09 15:12:00] production.INFO: data from payment membership/Cart: {"checkout_data":2,"clientIDNumber":"29266208","amount":"100","token":"eyJ0eXAiOiJKV1QiLCJhbGciOiJIUzI1NiJ9.eyJpc3MiOiJodHRwOlwvXC9sb2NhbGhvc3RcL2JhY2tlbmRcL3B1YmxpY1wvd2FwaVwvbG9naW5cL29hdXRoXC9hdXRob3Jpc2UiLCJpYXQiOjE3MTI2NzEyMzAsImV4cCI6MTcxMzEwMzIzMCwibmJmIjoxNzEyNjcxMjMwLCJqdGkiOiJSUW5DN1FGNDlyQjNnQVMxIiwic3ViIjoyNzUyLCJwcnYiOiI4N2UwYWYxZWY5ZmQxNTgxMmZkZWM5NzE1M2ExNGUwYjA0NzU0NmFhIn0.GHsD1_Fhzil9R9zDFP67puAnFCHsOhqTSldyRZ4GWZU","state":"Nairobi","mobile":"+254712001188","email":"ernemwit@gmail.com","clientName":"ERNEST KIRIINYA","billDesc":"membership"}  
[2024-04-09 15:12:00] production.INFO: 6017953  
[2024-04-09 15:12:00] production.INFO: PAYLOAD====> {"apiClientID":"36","serviceID":6017953,"billDesc":"membership","currency":"KES","billRefNumber":"INV66155AC0DDB58","clientMSISDN":"+254712001188","clientName":"ERNEST KIRIINYA","clientIDNumber":"29266208","clientEmail":"ernemwit@gmail.com","callBackURLOnSuccess":"http://localhost/pesaflow/callback","amountExpected":"100","notificationURL":"http://localhost/backend/public/pesaflow/notify","secureHash":"NWIxMjdkY2VkMTU2NjllMDhlMDA4ZWZlMzc0YzE1MjdjOGViZGZiODdjZDA1ZjM3M2NjNjYxYTljM2VkYjA4NQ==","format":"JSON","sendSTK":"false","PictureURL":""} 
[2024-04-09 15:12:01] production.INFO: Invoice created :{"userId":2752,"planId":2,"payment_request":"{\"apiClientID\":\"36\",\"serviceID\":6017953,\"billDesc\":\"membership\",\"currency\":\"KES\",\"billRefNumber\":\"INV66155AC0DDB58\",\"clientMSISDN\":\"+254712001188\",\"clientName\":\"ERNEST KIRIINYA\",\"clientIDNumber\":\"29266208\",\"clientEmail\":\"ernemwit@gmail.com\",\"callBackURLOnSuccess\":\"http:\\\/\\\/localhost\\\/pesaflow\\\/callback\",\"amountExpected\":\"100\",\"notificationURL\":\"http:\\\/\\\/localhost\\\/backend\\\/public\\\/pesaflow\\\/notify\",\"secureHash\":\"NWIxMjdkY2VkMTU2NjllMDhlMDA4ZWZlMzc0YzE1MjdjOGViZGZiODdjZDA1ZjM3M2NjNjYxYTljM2VkYjA4NQ==\",\"format\":\"JSON\",\"sendSTK\":\"false\",\"PictureURL\":\"\"}","status":"pending","invoice_id":"INV66155AC0DDB58","payment_for":"membership","updated_at":"2024-04-09T15:12:01.000000Z","created_at":"2024-04-09T15:12:01.000000Z","id":124}  
[2024-04-09 15:13:02] production.INFO: Data from paymentcallback: {"status":"settled","secure_hash":"ZmY0Y2JjZmQ3OWJmOGNjODcyNWY2ZDQ3M2VmOGMwMTVhYWI4MDRmMzFkY2FiNTU0NzVhNjhlNTg0OGJiNTU2YQ==","phone_number":"254712001188","payment_reference":[{"payment_reference":"584038462849195","payment_date":"2024-04-09T17:51:25Z","inserted_at":"2024-04-09T17:51:25","currency":"KES","amount":"100.00"}],"payment_date":"2024-02-07 15:51:25+03:00 EAT Africa\/Nairobi","payment_channel":"MPESA","last_payment_amount":"100.00","invoice_number":"QPJPDRP","invoice_amount":"1350.00","currency":"KES","client_invoice_ref":"INV66155AC0DDB58","amount_paid":"100.00"}  
[2024-04-09 15:13:02] production.INFO: Invoice status updated successfully.  
[2024-04-09 15:13:02] production.INFO: invoice selected from client_reference_id :{"id":124,"invoice_id":"INV66155AC0DDB58","planId":"2","payment_for":"membership","payment_request":"{\"apiClientID\":\"36\",\"serviceID\":6017953,\"billDesc\":\"membership\",\"currency\":\"KES\",\"billRefNumber\":\"INV66155AC0DDB58\",\"clientMSISDN\":\"+254712001188\",\"clientName\":\"ERNEST KIRIINYA\",\"clientIDNumber\":\"29266208\",\"clientEmail\":\"ernemwit@gmail.com\",\"callBackURLOnSuccess\":\"http:\\\/\\\/localhost\\\/pesaflow\\\/callback\",\"amountExpected\":\"100\",\"notificationURL\":\"http:\\\/\\\/localhost\\\/backend\\\/public\\\/pesaflow\\\/notify\",\"secureHash\":\"NWIxMjdkY2VkMTU2NjllMDhlMDA4ZWZlMzc0YzE1MjdjOGViZGZiODdjZDA1ZjM3M2NjNjYxYTljM2VkYjA4NQ==\",\"format\":\"JSON\",\"sendSTK\":\"false\",\"PictureURL\":\"\"}","status":"settled","created_at":"2024-04-09T15:12:01.000000Z","updated_at":"2024-04-09T15:13:02.000000Z","userid":"2752"}  
[2024-04-09 15:13:02] production.INFO: createTransactionEntry  
[2024-04-09 15:13:02] production.INFO: invoice to be settled{"id":124,"invoice_id":"INV66155AC0DDB58","planId":"2","payment_for":"membership","payment_request":"{\"apiClientID\":\"36\",\"serviceID\":6017953,\"billDesc\":\"membership\",\"currency\":\"KES\",\"billRefNumber\":\"INV66155AC0DDB58\",\"clientMSISDN\":\"+254712001188\",\"clientName\":\"ERNEST KIRIINYA\",\"clientIDNumber\":\"29266208\",\"clientEmail\":\"ernemwit@gmail.com\",\"callBackURLOnSuccess\":\"http:\\\/\\\/localhost\\\/pesaflow\\\/callback\",\"amountExpected\":\"100\",\"notificationURL\":\"http:\\\/\\\/localhost\\\/backend\\\/public\\\/pesaflow\\\/notify\",\"secureHash\":\"NWIxMjdkY2VkMTU2NjllMDhlMDA4ZWZlMzc0YzE1MjdjOGViZGZiODdjZDA1ZjM3M2NjNjYxYTljM2VkYjA4NQ==\",\"format\":\"JSON\",\"sendSTK\":\"false\",\"PictureURL\":\"\"}","status":"settled","created_at":"2024-04-09T15:12:01.000000Z","updated_at":"2024-04-09T15:13:02.000000Z","userid":"2752"}  
[2024-04-09 15:13:02] production.INFO: call back data from pesaflow ->createtrans{"status":"settled","secure_hash":"ZmY0Y2JjZmQ3OWJmOGNjODcyNWY2ZDQ3M2VmOGMwMTVhYWI4MDRmMzFkY2FiNTU0NzVhNjhlNTg0OGJiNTU2YQ==","phone_number":"254712001188","payment_reference":[{"payment_reference":"584038462849195","payment_date":"2024-04-09T17:51:25Z","inserted_at":"2024-04-09T17:51:25","currency":"KES","amount":"100.00"}],"payment_date":"2024-02-07 15:51:25+03:00 EAT Africa\/Nairobi","payment_channel":"MPESA","last_payment_amount":"100.00","invoice_number":"QPJPDRP","invoice_amount":"1350.00","currency":"KES","client_invoice_ref":"INV66155AC0DDB58","amount_paid":"100.00"}  
[2024-04-09 15:13:02] production.INFO: $payment_method_id :{"payment_methods_id":1,"payment_key":"mpesa","payment_title":"MPESA","is_active":1,"created_at":"2021-11-25T05:22:25.000000Z","updated_at":"2023-02-20T09:28:21.000000Z"}  
[2024-04-09 15:13:02] production.INFO: client_invoice_ref/billref "INV66155AC0DDB58"  
[2024-04-09 15:13:02] production.INFO: transaction array payment request {"id":124,"invoice_id":"INV66155AC0DDB58","planId":"2","payment_for":"membership","payment_request":"{\"apiClientID\":\"36\",\"serviceID\":6017953,\"billDesc\":\"membership\",\"currency\":\"KES\",\"billRefNumber\":\"INV66155AC0DDB58\",\"clientMSISDN\":\"+254712001188\",\"clientName\":\"ERNEST KIRIINYA\",\"clientIDNumber\":\"29266208\",\"clientEmail\":\"ernemwit@gmail.com\",\"callBackURLOnSuccess\":\"http:\\\/\\\/localhost\\\/pesaflow\\\/callback\",\"amountExpected\":\"100\",\"notificationURL\":\"http:\\\/\\\/localhost\\\/backend\\\/public\\\/pesaflow\\\/notify\",\"secureHash\":\"NWIxMjdkY2VkMTU2NjllMDhlMDA4ZWZlMzc0YzE1MjdjOGViZGZiODdjZDA1ZjM3M2NjNjYxYTljM2VkYjA4NQ==\",\"format\":\"JSON\",\"sendSTK\":\"false\",\"PictureURL\":\"\"}","status":"settled","created_at":"2024-04-09T15:12:01.000000Z","updated_at":"2024-04-09T15:13:02.000000Z","userid":"2752"}  
[2024-04-09 15:13:02] production.INFO: Transaction entry created successfully.  
[2024-04-09 15:13:02] production.INFO: order created  
[2024-04-09 15:13:02] production.INFO: result transaction from transaction entry{"transaction_id":1034,"user_id":2752,"total_amount":100,"payment_status":null,"callback_status":0,"bank_refrence":"membership-66155afead395","payment_method":1,"payment_for":"membership","created_at":"2024-04-09T15:13:02.000000Z","updated_at":"2024-04-09T15:13:02.000000Z","callback_remote_addr":null,"customer_remote_addr":"::1","mobile":"712001188","payment_response":"{\"status\":\"settled\",\"secure_hash\":\"ZmY0Y2JjZmQ3OWJmOGNjODcyNWY2ZDQ3M2VmOGMwMTVhYWI4MDRmMzFkY2FiNTU0NzVhNjhlNTg0OGJiNTU2YQ==\",\"phone_number\":\"254712001188\",\"payment_reference\":[{\"payment_reference\":\"584038462849195\",\"payment_date\":\"2024-04-09T17:51:25Z\",\"inserted_at\":\"2024-04-09T17:51:25\",\"currency\":\"KES\",\"amount\":\"100.00\"}],\"payment_date\":\"2024-02-07 15:51:25+03:00 EAT Africa\\\/Nairobi\",\"payment_channel\":\"MPESA\",\"last_payment_amount\":\"100.00\",\"invoice_number\":\"QPJPDRP\",\"invoice_amount\":\"1350.00\",\"currency\":\"KES\",\"client_invoice_ref\":\"INV66155AC0DDB58\",\"amount_paid\":\"100.00\"}","payment_request":"{\"id\":124,\"invoice_id\":\"INV66155AC0DDB58\",\"planId\":\"2\",\"payment_for\":\"membership\",\"payment_request\":\"{\\\"apiClientID\\\":\\\"36\\\",\\\"serviceID\\\":6017953,\\\"billDesc\\\":\\\"membership\\\",\\\"currency\\\":\\\"KES\\\",\\\"billRefNumber\\\":\\\"INV66155AC0DDB58\\\",\\\"clientMSISDN\\\":\\\"+254712001188\\\",\\\"clientName\\\":\\\"ERNEST KIRIINYA\\\",\\\"clientIDNumber\\\":\\\"29266208\\\",\\\"clientEmail\\\":\\\"ernemwit@gmail.com\\\",\\\"callBackURLOnSuccess\\\":\\\"http:\\\\\\\/\\\\\\\/localhost\\\\\\\/pesaflow\\\\\\\/callback\\\",\\\"amountExpected\\\":\\\"100\\\",\\\"notificationURL\\\":\\\"http:\\\\\\\/\\\\\\\/localhost\\\\\\\/backend\\\\\\\/public\\\\\\\/pesaflow\\\\\\\/notify\\\",\\\"secureHash\\\":\\\"NWIxMjdkY2VkMTU2NjllMDhlMDA4ZWZlMzc0YzE1MjdjOGViZGZiODdjZDA1ZjM3M2NjNjYxYTljM2VkYjA4NQ==\\\",\\\"format\\\":\\\"JSON\\\",\\\"sendSTK\\\":\\\"false\\\",\\\"PictureURL\\\":\\\"\\\"}\",\"status\":\"settled\",\"created_at\":\"2024-04-09T15:12:01.000000Z\",\"updated_at\":\"2024-04-09T15:13:02.000000Z\",\"userid\":\"2752\"}"}  
[2024-04-09 15:13:02] production.INFO: Order found, update plan  
[2024-04-09 15:13:02] production.INFO: PLAN DETAIL .{"plan_id":2,"service":"Membership \/ Sign up","duration":"Kshs. 100 Per Week","no_of_days":7,"charges":"100","created_at":"2022-02-03 10:13:49","updated_at":"2022-07-06 15:07:22","is_deleted":0,"is_enabled":1}  
[2024-04-09 15:13:02] production.INFO: send_sms Mobile 712001188 OTP Your Payment of Ksh 100 for membership-66155afead395 has been received. Thank you for choosing vtabu.  
[2024-04-09 15:13:02] production.INFO: url:https://app.craftsilicon.com/ExternalSMSService/Send.aspx?UserID=KNLS&Password=KNLS@2023e1&MessageID=0&MessageText=Your+Payment+of+Ksh+100+for+membership-66155afead395+has+been+received.+Thank+you+for+choosing+vtabu.&MobileNumber=+254712001188&Priority=HIGH  
[2024-04-09 15:13:03] production.INFO: sms api response  
[2024-04-09 15:13:03] production.INFO:   
[2024-04-09 15:13:03] production.INFO:   
[2024-04-09 15:13:03] production.INFO: transaction result success payment:{"transaction_id":1034,"user_id":2752,"total_amount":100,"payment_status":null,"callback_status":0,"bank_refrence":"membership-66155afead395","payment_method":1,"payment_for":"membership","created_at":"2024-04-09T15:13:02.000000Z","updated_at":"2024-04-09T15:13:02.000000Z","callback_remote_addr":null,"customer_remote_addr":"::1","mobile":"712001188","payment_response":"{\"status\":\"settled\",\"secure_hash\":\"ZmY0Y2JjZmQ3OWJmOGNjODcyNWY2ZDQ3M2VmOGMwMTVhYWI4MDRmMzFkY2FiNTU0NzVhNjhlNTg0OGJiNTU2YQ==\",\"phone_number\":\"254712001188\",\"payment_reference\":[{\"payment_reference\":\"584038462849195\",\"payment_date\":\"2024-04-09T17:51:25Z\",\"inserted_at\":\"2024-04-09T17:51:25\",\"currency\":\"KES\",\"amount\":\"100.00\"}],\"payment_date\":\"2024-02-07 15:51:25+03:00 EAT Africa\\\/Nairobi\",\"payment_channel\":\"MPESA\",\"last_payment_amount\":\"100.00\",\"invoice_number\":\"QPJPDRP\",\"invoice_amount\":\"1350.00\",\"currency\":\"KES\",\"client_invoice_ref\":\"INV66155AC0DDB58\",\"amount_paid\":\"100.00\"}","payment_request":"{\"id\":124,\"invoice_id\":\"INV66155AC0DDB58\",\"planId\":\"2\",\"payment_for\":\"membership\",\"payment_request\":\"{\\\"apiClientID\\\":\\\"36\\\",\\\"serviceID\\\":6017953,\\\"billDesc\\\":\\\"membership\\\",\\\"currency\\\":\\\"KES\\\",\\\"billRefNumber\\\":\\\"INV66155AC0DDB58\\\",\\\"clientMSISDN\\\":\\\"+254712001188\\\",\\\"clientName\\\":\\\"ERNEST KIRIINYA\\\",\\\"clientIDNumber\\\":\\\"29266208\\\",\\\"clientEmail\\\":\\\"ernemwit@gmail.com\\\",\\\"callBackURLOnSuccess\\\":\\\"http:\\\\\\\/\\\\\\\/localhost\\\\\\\/pesaflow\\\\\\\/callback\\\",\\\"amountExpected\\\":\\\"100\\\",\\\"notificationURL\\\":\\\"http:\\\\\\\/\\\\\\\/localhost\\\\\\\/backend\\\\\\\/public\\\\\\\/pesaflow\\\\\\\/notify\\\",\\\"secureHash\\\":\\\"NWIxMjdkY2VkMTU2NjllMDhlMDA4ZWZlMzc0YzE1MjdjOGViZGZiODdjZDA1ZjM3M2NjNjYxYTljM2VkYjA4NQ==\\\",\\\"format\\\":\\\"JSON\\\",\\\"sendSTK\\\":\\\"false\\\",\\\"PictureURL\\\":\\\"\\\"}\",\"status\":\"settled\",\"created_at\":\"2024-04-09T15:12:01.000000Z\",\"updated_at\":\"2024-04-09T15:13:02.000000Z\",\"userid\":\"2752\"}","is_membership_user":1}  
[2024-04-09 15:13:03] production.INFO: key insert audit  
[2024-04-09 15:13:03] production.INFO: send_sms Mobile 254712001188 OTP Amount:100.00 paid successfully for membership subscription.  
[2024-04-09 15:13:03] production.INFO: url:https://app.craftsilicon.com/ExternalSMSService/Send.aspx?UserID=KNLS&Password=KNLS@2023e1&MessageID=0&MessageText=Amount%3A100.00+paid+successfully+for+membership+subscription.&MobileNumber=+254254712001188&Priority=HIGH  
[2024-04-09 15:13:04] production.INFO: sms api response  
[2024-04-09 15:13:04] production.INFO:   
[2024-04-09 15:13:04] production.INFO:   
