[2024-02-12 08:16:28] production.ERROR: Argument 3 passed to Lcobucci\JWT\Signer\Hmac::doVerify() must be an instance of Lcobucci\JWT\Signer\Key, null given, called in C:\xampp\htdocs\backend\vendor\lcobucci\jwt\src\Signer\BaseSigner.php on line 44 {"exception":"[object] (TypeError(code: 0): Argument 3 passed to Lcobucci\\JWT\\Signer\\Hmac::doVerify() must be an instance of Lcobucci\\JWT\\Signer\\Key, null given, called in C:\\xampp\\htdocs\\backend\\vendor\\lcobucci\\jwt\\src\\Signer\\BaseSigner.php on line 44 at C:\\xampp\\htdocs\\backend\\vendor\\lcobucci\\jwt\\src\\Signer\\Hmac.php:29)
[stacktrace]
#0 C:\\xampp\\htdocs\\backend\\vendor\\lcobucci\\jwt\\src\\Signer\\BaseSigner.php(44): Lcobucci\\JWT\\Signer\\Hmac->doVerify('\\xE6\\xB1\\xC8\\xC0\
2\\x94A\\xE8\\xB0\\x98\\xD2\\xF1\\xFA\\xCA...', 'eyJ0eXAiOiJKV1Q...', NULL)
#1 C:\\xampp\\htdocs\\backend\\vendor\\lcobucci\\jwt\\src\\Signature.php(49): Lcobucci\\JWT\\Signer\\BaseSigner->verify('\\xE6\\xB1\\xC8\\xC0\
2\\x94A\\xE8\\xB0\\x98\\xD2\\xF1\\xFA\\xCA...', 'eyJ0eXAiOiJKV1Q...', NULL)
#2 C:\\xampp\\htdocs\\backend\\vendor\\lcobucci\\jwt\\src\\Token.php(202): Lcobucci\\JWT\\Signature->verify(Object(Lcobucci\\JWT\\Signer\\Hmac\\Sha256), 'eyJ0eXAiOiJKV1Q...', NULL)
#3 C:\\xampp\\htdocs\\backend\\vendor\\tymon\\jwt-auth\\src\\Providers\\JWT\\Lcobucci.php(136): Lcobucci\\JWT\\Token->verify(Object(Lcobucci\\JWT\\Signer\\Hmac\\Sha256), NULL)
#4 C:\\xampp\\htdocs\\backend\\vendor\\tymon\\jwt-auth\\src\\Manager.php(101): Tymon\\JWTAuth\\Providers\\JWT\\Lcobucci->decode('eyJ0eXAiOiJKV1Q...')
#5 C:\\xampp\\htdocs\\backend\\vendor\\tymon\\jwt-auth\\src\\JWT.php(200): Tymon\\JWTAuth\\Manager->decode(Object(Tymon\\JWTAuth\\Token))
#6 C:\\xampp\\htdocs\\backend\\vendor\\tymon\\jwt-auth\\src\\JWT.php(136): Tymon\\JWTAuth\\JWT->getPayload()
#7 C:\\xampp\\htdocs\\backend\\vendor\\tymon\\jwt-auth\\src\\JWT.php(149): Tymon\\JWTAuth\\JWT->checkOrFail()
#8 C:\\xampp\\htdocs\\backend\\vendor\\tymon\\jwt-auth\\src\\JWTGuard.php(79): Tymon\\JWTAuth\\JWT->check(true)
#9 C:\\xampp\\htdocs\\backend\\vendor\\illuminate\\auth\\GuardHelpers.php(80): Tymon\\JWTAuth\\JWTGuard->user()
#10 C:\\xampp\\htdocs\\backend\\vendor\\illuminate\\auth\\AuthManager.php(336): Tymon\\JWTAuth\\JWTGuard->id()
#11 C:\\xampp\\htdocs\\backend\\vendor\\illuminate\\support\\Facades\\Facade.php(261): Illuminate\\Auth\\AuthManager->__call('id', Array)
#12 C:\\xampp\\htdocs\\backend\\app\\Http\\Controllers\\DashboardController.php(151): Illuminate\\Support\\Facades\\Facade::__callStatic('id', Array)
#13 C:\\xampp\\htdocs\\backend\\app\\Http\\Controllers\\DashboardController.php(899): App\\Http\\Controllers\\DashboardController->newRelease()
#14 C:\\xampp\\htdocs\\backend\\vendor\\illuminate\\container\\BoundMethod.php(36): App\\Http\\Controllers\\DashboardController->homepage()
#15 C:\\xampp\\htdocs\\backend\\vendor\\illuminate\\container\\Util.php(40): Illuminate\\Container\\BoundMethod::Illuminate\\Container\\{closure}()
#16 C:\\xampp\\htdocs\\backend\\vendor\\illuminate\\container\\BoundMethod.php(93): Illuminate\\Container\\Util::unwrapIfClosure(Object(Closure))
#17 C:\\xampp\\htdocs\\backend\\vendor\\illuminate\\container\\BoundMethod.php(37): Illuminate\\Container\\BoundMethod::callBoundMethod(Object(Laravel\\Lumen\\Application), Array, Object(Closure))
#18 C:\\xampp\\htdocs\\backend\\vendor\\illuminate\\container\\Container.php(653): Illuminate\\Container\\BoundMethod::call(Object(Laravel\\Lumen\\Application), Array, Array, NULL)
#19 C:\\xampp\\htdocs\\backend\\vendor\\laravel\\lumen-framework\\src\\Concerns\\RoutesRequests.php(390): Illuminate\\Container\\Container->call(Array, Array)
#20 C:\\xampp\\htdocs\\backend\\vendor\\laravel\\lumen-framework\\src\\Concerns\\RoutesRequests.php(356): Laravel\\Lumen\\Application->callControllerCallable(Array, Array)
#21 C:\\xampp\\htdocs\\backend\\vendor\\laravel\\lumen-framework\\src\\Concerns\\RoutesRequests.php(330): Laravel\\Lumen\\Application->callLumenController(Object(App\\Http\\Controllers\\DashboardController), 'homepage', Array)
#22 C:\\xampp\\htdocs\\backend\\vendor\\laravel\\lumen-framework\\src\\Concerns\\RoutesRequests.php(283): Laravel\\Lumen\\Application->callControllerAction(Array)
#23 C:\\xampp\\htdocs\\backend\\vendor\\laravel\\lumen-framework\\src\\Concerns\\RoutesRequests.php(268): Laravel\\Lumen\\Application->callActionOnArrayBasedRoute(Array)
#24 C:\\xampp\\htdocs\\backend\\vendor\\laravel\\lumen-framework\\src\\Concerns\\RoutesRequests.php(170): Laravel\\Lumen\\Application->handleFoundRoute(Array)
#25 C:\\xampp\\htdocs\\backend\\vendor\\laravel\\lumen-framework\\src\\Routing\\Pipeline.php(48): Laravel\\Lumen\\Application->Laravel\\Lumen\\Concerns\\{closure}(Object(Laravel\\Lumen\\Http\\Request))
#26 C:\\xampp\\htdocs\\backend\\vendor\\illuminate\\session\\Middleware\\StartSession.php(121): Laravel\\Lumen\\Routing\\Pipeline->Laravel\\Lumen\\Routing\\{closure}(Object(Laravel\\Lumen\\Http\\Request))
#27 C:\\xampp\\htdocs\\backend\\vendor\\illuminate\\session\\Middleware\\StartSession.php(64): Illuminate\\Session\\Middleware\\StartSession->handleStatefulRequest(Object(Laravel\\Lumen\\Http\\Request), Object(Illuminate\\Session\\Store), Object(Closure))
#28 C:\\xampp\\htdocs\\backend\\vendor\\illuminate\\pipeline\\Pipeline.php(167): Illuminate\\Session\\Middleware\\StartSession->handle(Object(Laravel\\Lumen\\Http\\Request), Object(Closure))
#29 C:\\xampp\\htdocs\\backend\\vendor\\laravel\\lumen-framework\\src\\Routing\\Pipeline.php(30): Illuminate\\Pipeline\\Pipeline->Illuminate\\Pipeline\\{closure}(Object(Laravel\\Lumen\\Http\\Request))
#30 C:\\xampp\\htdocs\\backend\\vendor\\illuminate\\pipeline\\Pipeline.php(103): Laravel\\Lumen\\Routing\\Pipeline->Laravel\\Lumen\\Routing\\{closure}(Object(Laravel\\Lumen\\Http\\Request))
#31 C:\\xampp\\htdocs\\backend\\vendor\\laravel\\lumen-framework\\src\\Concerns\\RoutesRequests.php(427): Illuminate\\Pipeline\\Pipeline->then(Object(Closure))
#32 C:\\xampp\\htdocs\\backend\\vendor\\laravel\\lumen-framework\\src\\Concerns\\RoutesRequests.php(176): Laravel\\Lumen\\Application->sendThroughPipeline(Array, Object(Closure))
#33 C:\\xampp\\htdocs\\backend\\vendor\\laravel\\lumen-framework\\src\\Concerns\\RoutesRequests.php(113): Laravel\\Lumen\\Application->dispatch(NULL)
#34 C:\\xampp\\htdocs\\backend\\public\\index.php(28): Laravel\\Lumen\\Application->run()
#35 {main}
"} 
[2024-02-12 08:24:44] production.ERROR: Argument 3 passed to Lcobucci\JWT\Signer\Hmac::doVerify() must be an instance of Lcobucci\JWT\Signer\Key, null given, called in C:\xampp\htdocs\backend\vendor\lcobucci\jwt\src\Signer\BaseSigner.php on line 44 {"exception":"[object] (TypeError(code: 0): Argument 3 passed to Lcobucci\\JWT\\Signer\\Hmac::doVerify() must be an instance of Lcobucci\\JWT\\Signer\\Key, null given, called in C:\\xampp\\htdocs\\backend\\vendor\\lcobucci\\jwt\\src\\Signer\\BaseSigner.php on line 44 at C:\\xampp\\htdocs\\backend\\vendor\\lcobucci\\jwt\\src\\Signer\\Hmac.php:29)
[stacktrace]
#0 C:\\xampp\\htdocs\\backend\\vendor\\lcobucci\\jwt\\src\\Signer\\BaseSigner.php(44): Lcobucci\\JWT\\Signer\\Hmac->doVerify('\\xE6\\xB1\\xC8\\xC0\
2\\x94A\\xE8\\xB0\\x98\\xD2\\xF1\\xFA\\xCA...', 'eyJ0eXAiOiJKV1Q...', NULL)
#1 C:\\xampp\\htdocs\\backend\\vendor\\lcobucci\\jwt\\src\\Signature.php(49): Lcobucci\\JWT\\Signer\\BaseSigner->verify('\\xE6\\xB1\\xC8\\xC0\
2\\x94A\\xE8\\xB0\\x98\\xD2\\xF1\\xFA\\xCA...', 'eyJ0eXAiOiJKV1Q...', NULL)
#2 C:\\xampp\\htdocs\\backend\\vendor\\lcobucci\\jwt\\src\\Token.php(202): Lcobucci\\JWT\\Signature->verify(Object(Lcobucci\\JWT\\Signer\\Hmac\\Sha256), 'eyJ0eXAiOiJKV1Q...', NULL)
#3 C:\\xampp\\htdocs\\backend\\vendor\\tymon\\jwt-auth\\src\\Providers\\JWT\\Lcobucci.php(136): Lcobucci\\JWT\\Token->verify(Object(Lcobucci\\JWT\\Signer\\Hmac\\Sha256), NULL)
#4 C:\\xampp\\htdocs\\backend\\vendor\\tymon\\jwt-auth\\src\\Manager.php(101): Tymon\\JWTAuth\\Providers\\JWT\\Lcobucci->decode('eyJ0eXAiOiJKV1Q...')
#5 C:\\xampp\\htdocs\\backend\\vendor\\tymon\\jwt-auth\\src\\JWT.php(200): Tymon\\JWTAuth\\Manager->decode(Object(Tymon\\JWTAuth\\Token))
#6 C:\\xampp\\htdocs\\backend\\vendor\\tymon\\jwt-auth\\src\\JWT.php(136): Tymon\\JWTAuth\\JWT->getPayload()
#7 C:\\xampp\\htdocs\\backend\\vendor\\tymon\\jwt-auth\\src\\JWT.php(149): Tymon\\JWTAuth\\JWT->checkOrFail()
#8 C:\\xampp\\htdocs\\backend\\vendor\\tymon\\jwt-auth\\src\\JWTGuard.php(79): Tymon\\JWTAuth\\JWT->check(true)
#9 C:\\xampp\\htdocs\\backend\\vendor\\illuminate\\auth\\GuardHelpers.php(80): Tymon\\JWTAuth\\JWTGuard->user()
#10 C:\\xampp\\htdocs\\backend\\vendor\\illuminate\\auth\\AuthManager.php(336): Tymon\\JWTAuth\\JWTGuard->id()
#11 C:\\xampp\\htdocs\\backend\\vendor\\illuminate\\support\\Facades\\Facade.php(261): Illuminate\\Auth\\AuthManager->__call('id', Array)
#12 C:\\xampp\\htdocs\\backend\\app\\Http\\Controllers\\DashboardController.php(151): Illuminate\\Support\\Facades\\Facade::__callStatic('id', Array)
#13 C:\\xampp\\htdocs\\backend\\app\\Http\\Controllers\\DashboardController.php(899): App\\Http\\Controllers\\DashboardController->newRelease()
#14 C:\\xampp\\htdocs\\backend\\vendor\\illuminate\\container\\BoundMethod.php(36): App\\Http\\Controllers\\DashboardController->homepage()
#15 C:\\xampp\\htdocs\\backend\\vendor\\illuminate\\container\\Util.php(40): Illuminate\\Container\\BoundMethod::Illuminate\\Container\\{closure}()
#16 C:\\xampp\\htdocs\\backend\\vendor\\illuminate\\container\\BoundMethod.php(93): Illuminate\\Container\\Util::unwrapIfClosure(Object(Closure))
#17 C:\\xampp\\htdocs\\backend\\vendor\\illuminate\\container\\BoundMethod.php(37): Illuminate\\Container\\BoundMethod::callBoundMethod(Object(Laravel\\Lumen\\Application), Array, Object(Closure))
#18 C:\\xampp\\htdocs\\backend\\vendor\\illuminate\\container\\Container.php(653): Illuminate\\Container\\BoundMethod::call(Object(Laravel\\Lumen\\Application), Array, Array, NULL)
#19 C:\\xampp\\htdocs\\backend\\vendor\\laravel\\lumen-framework\\src\\Concerns\\RoutesRequests.php(390): Illuminate\\Container\\Container->call(Array, Array)
#20 C:\\xampp\\htdocs\\backend\\vendor\\laravel\\lumen-framework\\src\\Concerns\\RoutesRequests.php(356): Laravel\\Lumen\\Application->callControllerCallable(Array, Array)
#21 C:\\xampp\\htdocs\\backend\\vendor\\laravel\\lumen-framework\\src\\Concerns\\RoutesRequests.php(330): Laravel\\Lumen\\Application->callLumenController(Object(App\\Http\\Controllers\\DashboardController), 'homepage', Array)
#22 C:\\xampp\\htdocs\\backend\\vendor\\laravel\\lumen-framework\\src\\Concerns\\RoutesRequests.php(283): Laravel\\Lumen\\Application->callControllerAction(Array)
#23 C:\\xampp\\htdocs\\backend\\vendor\\laravel\\lumen-framework\\src\\Concerns\\RoutesRequests.php(268): Laravel\\Lumen\\Application->callActionOnArrayBasedRoute(Array)
#24 C:\\xampp\\htdocs\\backend\\vendor\\laravel\\lumen-framework\\src\\Concerns\\RoutesRequests.php(170): Laravel\\Lumen\\Application->handleFoundRoute(Array)
#25 C:\\xampp\\htdocs\\backend\\vendor\\laravel\\lumen-framework\\src\\Routing\\Pipeline.php(48): Laravel\\Lumen\\Application->Laravel\\Lumen\\Concerns\\{closure}(Object(Laravel\\Lumen\\Http\\Request))
#26 C:\\xampp\\htdocs\\backend\\vendor\\illuminate\\session\\Middleware\\StartSession.php(121): Laravel\\Lumen\\Routing\\Pipeline->Laravel\\Lumen\\Routing\\{closure}(Object(Laravel\\Lumen\\Http\\Request))
#27 C:\\xampp\\htdocs\\backend\\vendor\\illuminate\\session\\Middleware\\StartSession.php(64): Illuminate\\Session\\Middleware\\StartSession->handleStatefulRequest(Object(Laravel\\Lumen\\Http\\Request), Object(Illuminate\\Session\\Store), Object(Closure))
#28 C:\\xampp\\htdocs\\backend\\vendor\\illuminate\\pipeline\\Pipeline.php(167): Illuminate\\Session\\Middleware\\StartSession->handle(Object(Laravel\\Lumen\\Http\\Request), Object(Closure))
#29 C:\\xampp\\htdocs\\backend\\vendor\\laravel\\lumen-framework\\src\\Routing\\Pipeline.php(30): Illuminate\\Pipeline\\Pipeline->Illuminate\\Pipeline\\{closure}(Object(Laravel\\Lumen\\Http\\Request))
#30 C:\\xampp\\htdocs\\backend\\vendor\\illuminate\\pipeline\\Pipeline.php(103): Laravel\\Lumen\\Routing\\Pipeline->Laravel\\Lumen\\Routing\\{closure}(Object(Laravel\\Lumen\\Http\\Request))
#31 C:\\xampp\\htdocs\\backend\\vendor\\laravel\\lumen-framework\\src\\Concerns\\RoutesRequests.php(427): Illuminate\\Pipeline\\Pipeline->then(Object(Closure))
#32 C:\\xampp\\htdocs\\backend\\vendor\\laravel\\lumen-framework\\src\\Concerns\\RoutesRequests.php(176): Laravel\\Lumen\\Application->sendThroughPipeline(Array, Object(Closure))
#33 C:\\xampp\\htdocs\\backend\\vendor\\laravel\\lumen-framework\\src\\Concerns\\RoutesRequests.php(113): Laravel\\Lumen\\Application->dispatch(NULL)
#34 C:\\xampp\\htdocs\\backend\\public\\index.php(28): Laravel\\Lumen\\Application->run()
#35 {main}
"} 
[2024-02-12 08:26:22] production.ERROR: Argument 3 passed to Lcobucci\JWT\Signer\Hmac::doVerify() must be an instance of Lcobucci\JWT\Signer\Key, null given, called in C:\xampp\htdocs\backend\vendor\lcobucci\jwt\src\Signer\BaseSigner.php on line 44 {"exception":"[object] (TypeError(code: 0): Argument 3 passed to Lcobucci\\JWT\\Signer\\Hmac::doVerify() must be an instance of Lcobucci\\JWT\\Signer\\Key, null given, called in C:\\xampp\\htdocs\\backend\\vendor\\lcobucci\\jwt\\src\\Signer\\BaseSigner.php on line 44 at C:\\xampp\\htdocs\\backend\\vendor\\lcobucci\\jwt\\src\\Signer\\Hmac.php:29)
[stacktrace]
#0 C:\\xampp\\htdocs\\backend\\vendor\\lcobucci\\jwt\\src\\Signer\\BaseSigner.php(44): Lcobucci\\JWT\\Signer\\Hmac->doVerify('\\xE6\\xB1\\xC8\\xC0\
2\\x94A\\xE8\\xB0\\x98\\xD2\\xF1\\xFA\\xCA...', 'eyJ0eXAiOiJKV1Q...', NULL)
#1 C:\\xampp\\htdocs\\backend\\vendor\\lcobucci\\jwt\\src\\Signature.php(49): Lcobucci\\JWT\\Signer\\BaseSigner->verify('\\xE6\\xB1\\xC8\\xC0\
2\\x94A\\xE8\\xB0\\x98\\xD2\\xF1\\xFA\\xCA...', 'eyJ0eXAiOiJKV1Q...', NULL)
#2 C:\\xampp\\htdocs\\backend\\vendor\\lcobucci\\jwt\\src\\Token.php(202): Lcobucci\\JWT\\Signature->verify(Object(Lcobucci\\JWT\\Signer\\Hmac\\Sha256), 'eyJ0eXAiOiJKV1Q...', NULL)
#3 C:\\xampp\\htdocs\\backend\\vendor\\tymon\\jwt-auth\\src\\Providers\\JWT\\Lcobucci.php(136): Lcobucci\\JWT\\Token->verify(Object(Lcobucci\\JWT\\Signer\\Hmac\\Sha256), NULL)
#4 C:\\xampp\\htdocs\\backend\\vendor\\tymon\\jwt-auth\\src\\Manager.php(101): Tymon\\JWTAuth\\Providers\\JWT\\Lcobucci->decode('eyJ0eXAiOiJKV1Q...')
#5 C:\\xampp\\htdocs\\backend\\vendor\\tymon\\jwt-auth\\src\\JWT.php(200): Tymon\\JWTAuth\\Manager->decode(Object(Tymon\\JWTAuth\\Token))
#6 C:\\xampp\\htdocs\\backend\\vendor\\tymon\\jwt-auth\\src\\JWT.php(136): Tymon\\JWTAuth\\JWT->getPayload()
#7 C:\\xampp\\htdocs\\backend\\vendor\\tymon\\jwt-auth\\src\\JWT.php(149): Tymon\\JWTAuth\\JWT->checkOrFail()
#8 C:\\xampp\\htdocs\\backend\\vendor\\tymon\\jwt-auth\\src\\JWTGuard.php(79): Tymon\\JWTAuth\\JWT->check(true)
#9 C:\\xampp\\htdocs\\backend\\vendor\\illuminate\\auth\\GuardHelpers.php(80): Tymon\\JWTAuth\\JWTGuard->user()
#10 C:\\xampp\\htdocs\\backend\\vendor\\illuminate\\auth\\AuthManager.php(336): Tymon\\JWTAuth\\JWTGuard->id()
#11 C:\\xampp\\htdocs\\backend\\vendor\\illuminate\\support\\Facades\\Facade.php(261): Illuminate\\Auth\\AuthManager->__call('id', Array)
#12 C:\\xampp\\htdocs\\backend\\app\\Http\\Controllers\\DashboardController.php(151): Illuminate\\Support\\Facades\\Facade::__callStatic('id', Array)
#13 C:\\xampp\\htdocs\\backend\\app\\Http\\Controllers\\DashboardController.php(899): App\\Http\\Controllers\\DashboardController->newRelease()
#14 C:\\xampp\\htdocs\\backend\\vendor\\illuminate\\container\\BoundMethod.php(36): App\\Http\\Controllers\\DashboardController->homepage()
#15 C:\\xampp\\htdocs\\backend\\vendor\\illuminate\\container\\Util.php(40): Illuminate\\Container\\BoundMethod::Illuminate\\Container\\{closure}()
#16 C:\\xampp\\htdocs\\backend\\vendor\\illuminate\\container\\BoundMethod.php(93): Illuminate\\Container\\Util::unwrapIfClosure(Object(Closure))
#17 C:\\xampp\\htdocs\\backend\\vendor\\illuminate\\container\\BoundMethod.php(37): Illuminate\\Container\\BoundMethod::callBoundMethod(Object(Laravel\\Lumen\\Application), Array, Object(Closure))
#18 C:\\xampp\\htdocs\\backend\\vendor\\illuminate\\container\\Container.php(653): Illuminate\\Container\\BoundMethod::call(Object(Laravel\\Lumen\\Application), Array, Array, NULL)
#19 C:\\xampp\\htdocs\\backend\\vendor\\laravel\\lumen-framework\\src\\Concerns\\RoutesRequests.php(390): Illuminate\\Container\\Container->call(Array, Array)
#20 C:\\xampp\\htdocs\\backend\\vendor\\laravel\\lumen-framework\\src\\Concerns\\RoutesRequests.php(356): Laravel\\Lumen\\Application->callControllerCallable(Array, Array)
#21 C:\\xampp\\htdocs\\backend\\vendor\\laravel\\lumen-framework\\src\\Concerns\\RoutesRequests.php(330): Laravel\\Lumen\\Application->callLumenController(Object(App\\Http\\Controllers\\DashboardController), 'homepage', Array)
#22 C:\\xampp\\htdocs\\backend\\vendor\\laravel\\lumen-framework\\src\\Concerns\\RoutesRequests.php(283): Laravel\\Lumen\\Application->callControllerAction(Array)
#23 C:\\xampp\\htdocs\\backend\\vendor\\laravel\\lumen-framework\\src\\Concerns\\RoutesRequests.php(268): Laravel\\Lumen\\Application->callActionOnArrayBasedRoute(Array)
#24 C:\\xampp\\htdocs\\backend\\vendor\\laravel\\lumen-framework\\src\\Concerns\\RoutesRequests.php(170): Laravel\\Lumen\\Application->handleFoundRoute(Array)
#25 C:\\xampp\\htdocs\\backend\\vendor\\laravel\\lumen-framework\\src\\Routing\\Pipeline.php(48): Laravel\\Lumen\\Application->Laravel\\Lumen\\Concerns\\{closure}(Object(Laravel\\Lumen\\Http\\Request))
#26 C:\\xampp\\htdocs\\backend\\vendor\\illuminate\\session\\Middleware\\StartSession.php(121): Laravel\\Lumen\\Routing\\Pipeline->Laravel\\Lumen\\Routing\\{closure}(Object(Laravel\\Lumen\\Http\\Request))
#27 C:\\xampp\\htdocs\\backend\\vendor\\illuminate\\session\\Middleware\\StartSession.php(64): Illuminate\\Session\\Middleware\\StartSession->handleStatefulRequest(Object(Laravel\\Lumen\\Http\\Request), Object(Illuminate\\Session\\Store), Object(Closure))
#28 C:\\xampp\\htdocs\\backend\\vendor\\illuminate\\pipeline\\Pipeline.php(167): Illuminate\\Session\\Middleware\\StartSession->handle(Object(Laravel\\Lumen\\Http\\Request), Object(Closure))
#29 C:\\xampp\\htdocs\\backend\\vendor\\laravel\\lumen-framework\\src\\Routing\\Pipeline.php(30): Illuminate\\Pipeline\\Pipeline->Illuminate\\Pipeline\\{closure}(Object(Laravel\\Lumen\\Http\\Request))
#30 C:\\xampp\\htdocs\\backend\\vendor\\illuminate\\pipeline\\Pipeline.php(103): Laravel\\Lumen\\Routing\\Pipeline->Laravel\\Lumen\\Routing\\{closure}(Object(Laravel\\Lumen\\Http\\Request))
#31 C:\\xampp\\htdocs\\backend\\vendor\\laravel\\lumen-framework\\src\\Concerns\\RoutesRequests.php(427): Illuminate\\Pipeline\\Pipeline->then(Object(Closure))
#32 C:\\xampp\\htdocs\\backend\\vendor\\laravel\\lumen-framework\\src\\Concerns\\RoutesRequests.php(176): Laravel\\Lumen\\Application->sendThroughPipeline(Array, Object(Closure))
#33 C:\\xampp\\htdocs\\backend\\vendor\\laravel\\lumen-framework\\src\\Concerns\\RoutesRequests.php(113): Laravel\\Lumen\\Application->dispatch(NULL)
#34 C:\\xampp\\htdocs\\backend\\public\\index.php(28): Laravel\\Lumen\\Application->run()
#35 {main}
"} 
[2024-02-12 09:39:46] production.INFO: token found  
