[2024-02-06 05:41:54] production.INFO: Authenticate exception ssocontrollerIlluminate\Http\Client\RequestException: HTTP request returned status code 500 in C:\xampp\htdocs\backend\vendor\illuminate\http\Client\Response.php:288
Stack trace:
#0 C:\xampp\htdocs\backend\vendor\illuminate\http\Client\Response.php(305): Illuminate\Http\Client\Response->toException()
#1 C:\xampp\htdocs\backend\app\Http\Controllers\SSOController.php(632): Illuminate\Http\Client\Response->throw()
#2 C:\xampp\htdocs\backend\vendor\illuminate\container\BoundMethod.php(36): App\Http\Controllers\SSOController->getUser(Object(Laravel\Lumen\Http\Request))
#3 C:\xampp\htdocs\backend\vendor\illuminate\container\Util.php(40): Illuminate\Container\BoundMethod::Illuminate\Container\{closure}()
#4 C:\xampp\htdocs\backend\vendor\illuminate\container\BoundMethod.php(93): Illuminate\Container\Util::unwrapIfClosure(Object(Closure))
#5 C:\xampp\htdocs\backend\vendor\illuminate\container\BoundMethod.php(37): Illuminate\Container\BoundMethod::callBoundMethod(Object(Laravel\Lumen\Application), Array, Object(Closure))
#6 C:\xampp\htdocs\backend\vendor\illuminate\container\Container.php(653): Illuminate\Container\BoundMethod::call(Object(Laravel\Lumen\Application), Array, Array, NULL)
#7 C:\xampp\htdocs\backend\vendor\laravel\lumen-framework\src\Concerns\RoutesRequests.php(390): Illuminate\Container\Container->call(Array, Array)
#8 C:\xampp\htdocs\backend\vendor\laravel\lumen-framework\src\Concerns\RoutesRequests.php(356): Laravel\Lumen\Application->callControllerCallable(Array, Array)
#9 C:\xampp\htdocs\backend\vendor\laravel\lumen-framework\src\Concerns\RoutesRequests.php(330): Laravel\Lumen\Application->callLumenController(Object(App\Http\Controllers\SSOController), 'getUser', Array)
#10 C:\xampp\htdocs\backend\vendor\laravel\lumen-framework\src\Concerns\RoutesRequests.php(283): Laravel\Lumen\Application->callControllerAction(Array)
#11 C:\xampp\htdocs\backend\vendor\laravel\lumen-framework\src\Concerns\RoutesRequests.php(268): Laravel\Lumen\Application->callActionOnArrayBasedRoute(Array)
#12 C:\xampp\htdocs\backend\vendor\laravel\lumen-framework\src\Concerns\RoutesRequests.php(170): Laravel\Lumen\Application->handleFoundRoute(Array)
#13 C:\xampp\htdocs\backend\vendor\laravel\lumen-framework\src\Routing\Pipeline.php(48): Laravel\Lumen\Application->Laravel\Lumen\Concerns\{closure}(Object(Laravel\Lumen\Http\Request))
#14 C:\xampp\htdocs\backend\vendor\illuminate\session\Middleware\StartSession.php(121): Laravel\Lumen\Routing\Pipeline->Laravel\Lumen\Routing\{closure}(Object(Laravel\Lumen\Http\Request))
#15 C:\xampp\htdocs\backend\vendor\illuminate\session\Middleware\StartSession.php(64): Illuminate\Session\Middleware\StartSession->handleStatefulRequest(Object(Laravel\Lumen\Http\Request), Object(Illuminate\Session\Store), Object(Closure))
#16 C:\xampp\htdocs\backend\vendor\illuminate\pipeline\Pipeline.php(167): Illuminate\Session\Middleware\StartSession->handle(Object(Laravel\Lumen\Http\Request), Object(Closure))
#17 C:\xampp\htdocs\backend\vendor\laravel\lumen-framework\src\Routing\Pipeline.php(30): Illuminate\Pipeline\Pipeline->Illuminate\Pipeline\{closure}(Object(Laravel\Lumen\Http\Request))
#18 C:\xampp\htdocs\backend\vendor\illuminate\pipeline\Pipeline.php(103): Laravel\Lumen\Routing\Pipeline->Laravel\Lumen\Routing\{closure}(Object(Laravel\Lumen\Http\Request))
#19 C:\xampp\htdocs\backend\vendor\laravel\lumen-framework\src\Concerns\RoutesRequests.php(427): Illuminate\Pipeline\Pipeline->then(Object(Closure))
#20 C:\xampp\htdocs\backend\vendor\laravel\lumen-framework\src\Concerns\RoutesRequests.php(176): Laravel\Lumen\Application->sendThroughPipeline(Array, Object(Closure))
#21 C:\xampp\htdocs\backend\vendor\laravel\lumen-framework\src\Concerns\RoutesRequests.php(113): Laravel\Lumen\Application->dispatch(NULL)
#22 C:\xampp\htdocs\backend\public\index.php(28): Laravel\Lumen\Application->run()
#23 {main}  
[2024-02-06 05:42:00] production.INFO: token found  
[2024-02-06 05:42:15] production.INFO: MEMBERSHIP UPDATE- Request Data: 2752  
[2024-02-06 05:42:15] production.INFO: updated MEMBERSHIP:{"plan":{"member_subscription_id":370,"user_id":2752,"plan":1,"start_date":"2024-03-04","end_date":"2024-03-05","is_expired":0,"created_at":"2024-02-02 08:48:43","updated_at":"2024-02-02 08:48:43","status":"done","transaction_id":1011},"is_membership_user":1,"is_member":1}  
[2024-02-06 05:42:32] production.INFO: MEMBERSHIP UPDATE- Request Data: 2752  
[2024-02-06 05:42:32] production.INFO: updated MEMBERSHIP:{"plan":{"member_subscription_id":370,"user_id":2752,"plan":1,"start_date":"2024-03-04","end_date":"2024-03-05","is_expired":0,"created_at":"2024-02-02 08:48:43","updated_at":"2024-02-02 08:48:43","status":"done","transaction_id":1011},"is_membership_user":1,"is_member":1}  
[2024-02-06 05:42:44] production.INFO: MEMBERSHIP UPDATE- Request Data: 2752  
[2024-02-06 05:42:44] production.INFO: updated MEMBERSHIP:{"plan":{"member_subscription_id":370,"user_id":2752,"plan":1,"start_date":"2024-03-04","end_date":"2024-03-05","is_expired":0,"created_at":"2024-02-02 08:48:43","updated_at":"2024-02-02 08:48:43","status":"done","transaction_id":1011},"is_membership_user":1,"is_member":1}  
[2024-02-06 05:43:09] production.INFO: MEMBERSHIP UPDATE- Request Data: 2752  
[2024-02-06 05:43:09] production.INFO: updated MEMBERSHIP:{"plan":{"member_subscription_id":370,"user_id":2752,"plan":1,"start_date":"2024-03-04","end_date":"2024-03-05","is_expired":0,"created_at":"2024-02-02 08:48:43","updated_at":"2024-02-02 08:48:43","status":"done","transaction_id":1011},"is_membership_user":1,"is_member":1}  
[2024-02-06 05:45:22] production.ERROR: Class 'App\Http\Controllers\Content' not found {"exception":"[object] (Error(code: 0): Class 'App\\Http\\Controllers\\Content' not found at C:\\xampp\\htdocs\\backend\\app\\Http\\Controllers\\SSOController.php:424)
[stacktrace]
#0 C:\\xampp\\htdocs\\backend\\vendor\\illuminate\\container\\BoundMethod.php(36): App\\Http\\Controllers\\SSOController->payment(Object(Laravel\\Lumen\\Http\\Request))
#1 C:\\xampp\\htdocs\\backend\\vendor\\illuminate\\container\\Util.php(40): Illuminate\\Container\\BoundMethod::Illuminate\\Container\\{closure}()
#2 C:\\xampp\\htdocs\\backend\\vendor\\illuminate\\container\\BoundMethod.php(93): Illuminate\\Container\\Util::unwrapIfClosure(Object(Closure))
#3 C:\\xampp\\htdocs\\backend\\vendor\\illuminate\\container\\BoundMethod.php(37): Illuminate\\Container\\BoundMethod::callBoundMethod(Object(Laravel\\Lumen\\Application), Array, Object(Closure))
#4 C:\\xampp\\htdocs\\backend\\vendor\\illuminate\\container\\Container.php(653): Illuminate\\Container\\BoundMethod::call(Object(Laravel\\Lumen\\Application), Array, Array, NULL)
#5 C:\\xampp\\htdocs\\backend\\vendor\\laravel\\lumen-framework\\src\\Concerns\\RoutesRequests.php(390): Illuminate\\Container\\Container->call(Array, Array)
#6 C:\\xampp\\htdocs\\backend\\vendor\\laravel\\lumen-framework\\src\\Concerns\\RoutesRequests.php(356): Laravel\\Lumen\\Application->callControllerCallable(Array, Array)
#7 C:\\xampp\\htdocs\\backend\\vendor\\laravel\\lumen-framework\\src\\Concerns\\RoutesRequests.php(330): Laravel\\Lumen\\Application->callLumenController(Object(App\\Http\\Controllers\\SSOController), 'payment', Array)
#8 C:\\xampp\\htdocs\\backend\\vendor\\laravel\\lumen-framework\\src\\Concerns\\RoutesRequests.php(283): Laravel\\Lumen\\Application->callControllerAction(Array)
#9 C:\\xampp\\htdocs\\backend\\vendor\\laravel\\lumen-framework\\src\\Concerns\\RoutesRequests.php(268): Laravel\\Lumen\\Application->callActionOnArrayBasedRoute(Array)
#10 C:\\xampp\\htdocs\\backend\\vendor\\laravel\\lumen-framework\\src\\Concerns\\RoutesRequests.php(170): Laravel\\Lumen\\Application->handleFoundRoute(Array)
#11 C:\\xampp\\htdocs\\backend\\vendor\\laravel\\lumen-framework\\src\\Routing\\Pipeline.php(48): Laravel\\Lumen\\Application->Laravel\\Lumen\\Concerns\\{closure}(Object(Laravel\\Lumen\\Http\\Request))
#12 C:\\xampp\\htdocs\\backend\\vendor\\illuminate\\session\\Middleware\\StartSession.php(121): Laravel\\Lumen\\Routing\\Pipeline->Laravel\\Lumen\\Routing\\{closure}(Object(Laravel\\Lumen\\Http\\Request))
#13 C:\\xampp\\htdocs\\backend\\vendor\\illuminate\\session\\Middleware\\StartSession.php(64): Illuminate\\Session\\Middleware\\StartSession->handleStatefulRequest(Object(Laravel\\Lumen\\Http\\Request), Object(Illuminate\\Session\\Store), Object(Closure))
#14 C:\\xampp\\htdocs\\backend\\vendor\\illuminate\\pipeline\\Pipeline.php(167): Illuminate\\Session\\Middleware\\StartSession->handle(Object(Laravel\\Lumen\\Http\\Request), Object(Closure))
#15 C:\\xampp\\htdocs\\backend\\vendor\\laravel\\lumen-framework\\src\\Routing\\Pipeline.php(30): Illuminate\\Pipeline\\Pipeline->Illuminate\\Pipeline\\{closure}(Object(Laravel\\Lumen\\Http\\Request))
#16 C:\\xampp\\htdocs\\backend\\vendor\\illuminate\\pipeline\\Pipeline.php(103): Laravel\\Lumen\\Routing\\Pipeline->Laravel\\Lumen\\Routing\\{closure}(Object(Laravel\\Lumen\\Http\\Request))
#17 C:\\xampp\\htdocs\\backend\\vendor\\laravel\\lumen-framework\\src\\Concerns\\RoutesRequests.php(427): Illuminate\\Pipeline\\Pipeline->then(Object(Closure))
#18 C:\\xampp\\htdocs\\backend\\vendor\\laravel\\lumen-framework\\src\\Concerns\\RoutesRequests.php(176): Laravel\\Lumen\\Application->sendThroughPipeline(Array, Object(Closure))
#19 C:\\xampp\\htdocs\\backend\\vendor\\laravel\\lumen-framework\\src\\Concerns\\RoutesRequests.php(113): Laravel\\Lumen\\Application->dispatch(NULL)
#20 C:\\xampp\\htdocs\\backend\\public\\index.php(28): Laravel\\Lumen\\Application->run()
#21 {main}
"} 
[2024-02-06 05:53:04] production.INFO: data from payment membership/Cart: {"checkout_data":[10177,7205],"clientIDNumber":"29266208","amount":1948,"token":"eyJ0eXAiOiJKV1QiLCJhbGciOiJIUzI1NiJ9.eyJpc3MiOiJodHRwOlwvXC9sb2NhbGhvc3RcL2JhY2tlbmRcL3B1YmxpY1wvd2FwaVwvbG9naW5cL29hdXRoXC9hdXRob3Jpc2UiLCJpYXQiOjE3MDcxOTgxMjAsImV4cCI6MTcwNzYzMDEyMCwibmJmIjoxNzA3MTk4MTIwLCJqdGkiOiJ0bGN3ZDZsNWpzU2UwQUJQIiwic3ViIjoyNzUyLCJwcnYiOiI4N2UwYWYxZWY5ZmQxNTgxMmZkZWM5NzE1M2ExNGUwYjA0NzU0NmFhIn0.vXbMcjvWNdQgKLB2eboFMVNr3MsM7pmFjB1xz_89Pv8","state":"Nairobi","mobile":"+254712001188","email":"ernemwit@gmail.com","clientName":"ERNEST KIRIINYA","billDesc":"cart"}  
[2024-02-06 05:53:04] production.INFO: 6923233  
[2024-02-06 05:53:04] production.INFO: PAYLOAD====> {"apiClientID":"36","serviceID":6923233,"billDesc":"cart","currency":"KES","billRefNumber":"INV65C1C940CD43E","clientMSISDN":"+254712001188","clientName":"ERNEST KIRIINYA","clientIDNumber":"29266208","clientEmail":"ernemwit@gmail.com","callBackURLOnSuccess":"http://localhost/pesaflow/callback","amountExpected":1948,"notificationURL":"http://localhost/backend/public/pesaflow/notify","secureHash":"NGU3ZTdjMzI0MzczZmVlNmI2ZjQxM2Y1MmI1ZmIwZjQxMzU2MDY3MGJlMzMwNDU1YjVhNzZjZWJkODMyZmVhNw==","format":"JSON","sendSTK":"false","PictureURL":""} 
[2024-02-06 05:53:05] production.INFO: Invoice created :{"userId":2752,"planId":0,"payment_request":"{\"apiClientID\":\"36\",\"serviceID\":6923233,\"billDesc\":\"cart\",\"currency\":\"KES\",\"billRefNumber\":\"INV65C1C940CD43E\",\"clientMSISDN\":\"+254712001188\",\"clientName\":\"ERNEST KIRIINYA\",\"clientIDNumber\":\"29266208\",\"clientEmail\":\"ernemwit@gmail.com\",\"callBackURLOnSuccess\":\"http:\\\/\\\/localhost\\\/pesaflow\\\/callback\",\"amountExpected\":1948,\"notificationURL\":\"http:\\\/\\\/localhost\\\/backend\\\/public\\\/pesaflow\\\/notify\",\"secureHash\":\"NGU3ZTdjMzI0MzczZmVlNmI2ZjQxM2Y1MmI1ZmIwZjQxMzU2MDY3MGJlMzMwNDU1YjVhNzZjZWJkODMyZmVhNw==\",\"format\":\"JSON\",\"sendSTK\":\"false\",\"PictureURL\":\"\"}","status":"pending","invoice_id":"INV65C1C940CD43E","payment_for":"cart","updated_at":"2024-02-06T05:53:05.000000Z","created_at":"2024-02-06T05:53:05.000000Z","id":89}  
[2024-02-06 06:04:27] production.INFO: MEMBERSHIP UPDATE- Request Data: 2752  
[2024-02-06 06:04:27] production.INFO: updated MEMBERSHIP:{"plan":{"member_subscription_id":370,"user_id":2752,"plan":1,"start_date":"2024-03-04","end_date":"2024-03-05","is_expired":0,"created_at":"2024-02-02 08:48:43","updated_at":"2024-02-02 08:48:43","status":"done","transaction_id":1011},"is_membership_user":1,"is_member":1}  
[2024-02-06 06:08:10] production.INFO: MEMBERSHIP UPDATE- Request Data: 2752  
[2024-02-06 06:08:10] production.INFO: updated MEMBERSHIP:{"plan":{"member_subscription_id":370,"user_id":2752,"plan":1,"start_date":"2024-03-04","end_date":"2024-03-05","is_expired":0,"created_at":"2024-02-02 08:48:43","updated_at":"2024-02-02 08:48:43","status":"done","transaction_id":1011},"is_membership_user":1,"is_member":1}  
[2024-02-06 06:15:51] production.INFO: Amount mismatch backend amount:1899 and frontend amount10  
[2024-02-06 06:35:15] production.INFO: data from payment membership/Cart: {"checkout_data":[10177],"clientIDNumber":"29266208","amount":1899,"token":"eyJ0eXAiOiJKV1QiLCJhbGciOiJIUzI1NiJ9.eyJpc3MiOiJodHRwOlwvXC9sb2NhbGhvc3RcL2JhY2tlbmRcL3B1YmxpY1wvd2FwaVwvbG9naW5cL29hdXRoXC9hdXRob3Jpc2UiLCJpYXQiOjE3MDcxOTgxMjAsImV4cCI6MTcwNzYzMDEyMCwibmJmIjoxNzA3MTk4MTIwLCJqdGkiOiJ0bGN3ZDZsNWpzU2UwQUJQIiwic3ViIjoyNzUyLCJwcnYiOiI4N2UwYWYxZWY5ZmQxNTgxMmZkZWM5NzE1M2ExNGUwYjA0NzU0NmFhIn0.vXbMcjvWNdQgKLB2eboFMVNr3MsM7pmFjB1xz_89Pv8","state":"Nairobi","mobile":"+254712001188","email":"ernemwit@gmail.com","clientName":"ERNEST KIRIINYA","billDesc":"cart"}  
[2024-02-06 06:35:15] production.INFO: 6923233  
[2024-02-06 06:35:15] production.INFO: PAYLOAD====> {"apiClientID":"36","serviceID":6923233,"billDesc":"cart","currency":"KES","billRefNumber":"INV65C1D323B30EC","clientMSISDN":"+254712001188","clientName":"ERNEST KIRIINYA","clientIDNumber":"29266208","clientEmail":"ernemwit@gmail.com","callBackURLOnSuccess":"http://localhost/pesaflow/callback","amountExpected":1899,"notificationURL":"http://localhost/backend/public/pesaflow/notify","secureHash":"M2FhZWMxZGU3MjUwYWI1Y2NlZDk0Nzc2YzZlZjEyYWJkNmE5NzBkYzkxYmU2YWQ0NWM4M2NmZTk2N2ZlOWI3Ng==","format":"JSON","sendSTK":"false","PictureURL":""} 
[2024-02-06 06:35:15] production.INFO: Invoice created :{"userId":2752,"planId":0,"payment_request":"{\"apiClientID\":\"36\",\"serviceID\":6923233,\"billDesc\":\"cart\",\"currency\":\"KES\",\"billRefNumber\":\"INV65C1D323B30EC\",\"clientMSISDN\":\"+254712001188\",\"clientName\":\"ERNEST KIRIINYA\",\"clientIDNumber\":\"29266208\",\"clientEmail\":\"ernemwit@gmail.com\",\"callBackURLOnSuccess\":\"http:\\\/\\\/localhost\\\/pesaflow\\\/callback\",\"amountExpected\":1899,\"notificationURL\":\"http:\\\/\\\/localhost\\\/backend\\\/public\\\/pesaflow\\\/notify\",\"secureHash\":\"M2FhZWMxZGU3MjUwYWI1Y2NlZDk0Nzc2YzZlZjEyYWJkNmE5NzBkYzkxYmU2YWQ0NWM4M2NmZTk2N2ZlOWI3Ng==\",\"format\":\"JSON\",\"sendSTK\":\"false\",\"PictureURL\":\"\"}","status":"pending","invoice_id":"INV65C1D323B30EC","payment_for":"cart","updated_at":"2024-02-06T06:35:15.000000Z","created_at":"2024-02-06T06:35:15.000000Z","id":90}  
[2024-02-06 08:07:11] production.INFO: MEMBERSHIP UPDATE- Request Data: 2752  
[2024-02-06 08:07:11] production.INFO: updated MEMBERSHIP:{"plan":{"member_subscription_id":370,"user_id":2752,"plan":1,"start_date":"2024-03-04","end_date":"2024-03-05","is_expired":0,"created_at":"2024-02-02 08:48:43","updated_at":"2024-02-02 08:48:43","status":"done","transaction_id":1011},"is_membership_user":1,"is_member":1}  
[2024-02-06 08:39:17] production.INFO: MEMBERSHIP UPDATE- Request Data: 2752  
[2024-02-06 08:39:17] production.INFO: updated MEMBERSHIP:{"plan":{"member_subscription_id":370,"user_id":2752,"plan":1,"start_date":"2024-03-04","end_date":"2024-03-05","is_expired":0,"created_at":"2024-02-02 08:48:43","updated_at":"2024-02-02 08:48:43","status":"done","transaction_id":1011},"is_membership_user":1,"is_member":1}  
[2024-02-06 09:37:04] production.INFO: updating:eyJpdiI6IkZGOW5jMEhCUXp6ekRrM1JRYmptWGc9PSIsInZhbHVlIjoiVVV1MnRoZmFQOWZLbEtLQlFWaUpKdz09IiwibWFjIjoiOTkwOTUwYWU3MmFiZWM1OGVlNjM0YzMxYmY3NDM0Y2M1MDk3M2IxZTZkZGFlY2IzOTEyMjhmZWM4MjhhMDQwNCIsInRhZyI6IiJ9  
[2024-02-06 09:37:04] production.INFO: reset_url:http://localhost/reset-password?token=eyJpdiI6IkZGOW5jMEhCUXp6ekRrM1JRYmptWGc9PSIsInZhbHVlIjoiVVV1MnRoZmFQOWZLbEtLQlFWaUpKdz09IiwibWFjIjoiOTkwOTUwYWU3MmFiZWM1OGVlNjM0YzMxYmY3NDM0Y2M1MDk3M2IxZTZkZGFlY2IzOTEyMjhmZWM4MjhhMDQwNCIsInRhZyI6IiJ9  
[2024-02-06 09:37:04] production.INFO: forgot exceptionConnection could not be established with host smtp.gmail.com :stream_socket_client(): php_network_getaddresses: getaddrinfo failed: No such host is known.   
