[2024-02-07 12:05:08] production.INFO: Authenticate exception ssocontrollerIlluminate\Http\Client\RequestException: HTTP request returned status code 500 in C:\xampp\htdocs\backend\vendor\illuminate\http\Client\Response.php:288
Stack trace:
#0 C:\xampp\htdocs\backend\vendor\illuminate\http\Client\Response.php(305): Illuminate\Http\Client\Response->toException()
#1 C:\xampp\htdocs\backend\app\Http\Controllers\SSOController.php(644): Illuminate\Http\Client\Response->throw()
#2 C:\xampp\htdocs\backend\vendor\illuminate\container\BoundMethod.php(36): App\Http\Controllers\SSOController->getUser(Object(Laravel\Lumen\Http\Request))
#3 C:\xampp\htdocs\backend\vendor\illuminate\container\Util.php(40): Illuminate\Container\BoundMethod::Illuminate\Container\{closure}()
#4 C:\xampp\htdocs\backend\vendor\illuminate\container\BoundMethod.php(93): Illuminate\Container\Util::unwrapIfClosure(Object(Closure))
#5 C:\xampp\htdocs\backend\vendor\illuminate\container\BoundMethod.php(37): Illuminate\Container\BoundMethod::callBoundMethod(Object(Laravel\Lumen\Application), Array, Object(Closure))
#6 C:\xampp\htdocs\backend\vendor\illuminate\container\Container.php(653): Illuminate\Container\BoundMethod::call(Object(Laravel\Lumen\Application), Array, Array, NULL)
#7 C:\xampp\htdocs\backend\vendor\laravel\lumen-framework\src\Concerns\RoutesRequests.php(390): Illuminate\Container\Container->call(Array, Array)
#8 C:\xampp\htdocs\backend\vendor\laravel\lumen-framework\src\Concerns\RoutesRequests.php(356): Laravel\Lumen\Application->callControllerCallable(Array, Array)
#9 C:\xampp\htdocs\backend\vendor\laravel\lumen-framework\src\Concerns\RoutesRequests.php(330): Laravel\Lumen\Application->callLumenController(Object(App\Http\Controllers\SSOController), 'getUser', Array)
#10 C:\xampp\htdocs\backend\vendor\laravel\lumen-framework\src\Concerns\RoutesRequests.php(283): Laravel\Lumen\Application->callControllerAction(Array)
#11 C:\xampp\htdocs\backend\vendor\laravel\lumen-framework\src\Concerns\RoutesRequests.php(268): Laravel\Lumen\Application->callActionOnArrayBasedRoute(Array)
#12 C:\xampp\htdocs\backend\vendor\laravel\lumen-framework\src\Concerns\RoutesRequests.php(170): Laravel\Lumen\Application->handleFoundRoute(Array)
#13 C:\xampp\htdocs\backend\vendor\laravel\lumen-framework\src\Routing\Pipeline.php(48): Laravel\Lumen\Application->Laravel\Lumen\Concerns\{closure}(Object(Laravel\Lumen\Http\Request))
#14 C:\xampp\htdocs\backend\vendor\illuminate\session\Middleware\StartSession.php(121): Laravel\Lumen\Routing\Pipeline->Laravel\Lumen\Routing\{closure}(Object(Laravel\Lumen\Http\Request))
#15 C:\xampp\htdocs\backend\vendor\illuminate\session\Middleware\StartSession.php(64): Illuminate\Session\Middleware\StartSession->handleStatefulRequest(Object(Laravel\Lumen\Http\Request), Object(Illuminate\Session\Store), Object(Closure))
#16 C:\xampp\htdocs\backend\vendor\illuminate\pipeline\Pipeline.php(167): Illuminate\Session\Middleware\StartSession->handle(Object(Laravel\Lumen\Http\Request), Object(Closure))
#17 C:\xampp\htdocs\backend\vendor\laravel\lumen-framework\src\Routing\Pipeline.php(30): Illuminate\Pipeline\Pipeline->Illuminate\Pipeline\{closure}(Object(Laravel\Lumen\Http\Request))
#18 C:\xampp\htdocs\backend\vendor\illuminate\pipeline\Pipeline.php(103): Laravel\Lumen\Routing\Pipeline->Laravel\Lumen\Routing\{closure}(Object(Laravel\Lumen\Http\Request))
#19 C:\xampp\htdocs\backend\vendor\laravel\lumen-framework\src\Concerns\RoutesRequests.php(427): Illuminate\Pipeline\Pipeline->then(Object(Closure))
#20 C:\xampp\htdocs\backend\vendor\laravel\lumen-framework\src\Concerns\RoutesRequests.php(176): Laravel\Lumen\Application->sendThroughPipeline(Array, Object(Closure))
#21 C:\xampp\htdocs\backend\vendor\laravel\lumen-framework\src\Concerns\RoutesRequests.php(113): Laravel\Lumen\Application->dispatch(NULL)
#22 C:\xampp\htdocs\backend\public\index.php(28): Laravel\Lumen\Application->run()
#23 {main}  
[2024-02-07 12:06:27] production.INFO: Authenticate exception ssocontrollerIlluminate\Http\Client\RequestException: HTTP request returned status code 500 in C:\xampp\htdocs\backend\vendor\illuminate\http\Client\Response.php:288
Stack trace:
#0 C:\xampp\htdocs\backend\vendor\illuminate\http\Client\Response.php(305): Illuminate\Http\Client\Response->toException()
#1 C:\xampp\htdocs\backend\app\Http\Controllers\SSOController.php(644): Illuminate\Http\Client\Response->throw()
#2 C:\xampp\htdocs\backend\vendor\illuminate\container\BoundMethod.php(36): App\Http\Controllers\SSOController->getUser(Object(Laravel\Lumen\Http\Request))
#3 C:\xampp\htdocs\backend\vendor\illuminate\container\Util.php(40): Illuminate\Container\BoundMethod::Illuminate\Container\{closure}()
#4 C:\xampp\htdocs\backend\vendor\illuminate\container\BoundMethod.php(93): Illuminate\Container\Util::unwrapIfClosure(Object(Closure))
#5 C:\xampp\htdocs\backend\vendor\illuminate\container\BoundMethod.php(37): Illuminate\Container\BoundMethod::callBoundMethod(Object(Laravel\Lumen\Application), Array, Object(Closure))
#6 C:\xampp\htdocs\backend\vendor\illuminate\container\Container.php(653): Illuminate\Container\BoundMethod::call(Object(Laravel\Lumen\Application), Array, Array, NULL)
#7 C:\xampp\htdocs\backend\vendor\laravel\lumen-framework\src\Concerns\RoutesRequests.php(390): Illuminate\Container\Container->call(Array, Array)
#8 C:\xampp\htdocs\backend\vendor\laravel\lumen-framework\src\Concerns\RoutesRequests.php(356): Laravel\Lumen\Application->callControllerCallable(Array, Array)
#9 C:\xampp\htdocs\backend\vendor\laravel\lumen-framework\src\Concerns\RoutesRequests.php(330): Laravel\Lumen\Application->callLumenController(Object(App\Http\Controllers\SSOController), 'getUser', Array)
#10 C:\xampp\htdocs\backend\vendor\laravel\lumen-framework\src\Concerns\RoutesRequests.php(283): Laravel\Lumen\Application->callControllerAction(Array)
#11 C:\xampp\htdocs\backend\vendor\laravel\lumen-framework\src\Concerns\RoutesRequests.php(268): Laravel\Lumen\Application->callActionOnArrayBasedRoute(Array)
#12 C:\xampp\htdocs\backend\vendor\laravel\lumen-framework\src\Concerns\RoutesRequests.php(170): Laravel\Lumen\Application->handleFoundRoute(Array)
#13 C:\xampp\htdocs\backend\vendor\laravel\lumen-framework\src\Routing\Pipeline.php(48): Laravel\Lumen\Application->Laravel\Lumen\Concerns\{closure}(Object(Laravel\Lumen\Http\Request))
#14 C:\xampp\htdocs\backend\vendor\illuminate\session\Middleware\StartSession.php(121): Laravel\Lumen\Routing\Pipeline->Laravel\Lumen\Routing\{closure}(Object(Laravel\Lumen\Http\Request))
#15 C:\xampp\htdocs\backend\vendor\illuminate\session\Middleware\StartSession.php(64): Illuminate\Session\Middleware\StartSession->handleStatefulRequest(Object(Laravel\Lumen\Http\Request), Object(Illuminate\Session\Store), Object(Closure))
#16 C:\xampp\htdocs\backend\vendor\illuminate\pipeline\Pipeline.php(167): Illuminate\Session\Middleware\StartSession->handle(Object(Laravel\Lumen\Http\Request), Object(Closure))
#17 C:\xampp\htdocs\backend\vendor\laravel\lumen-framework\src\Routing\Pipeline.php(30): Illuminate\Pipeline\Pipeline->Illuminate\Pipeline\{closure}(Object(Laravel\Lumen\Http\Request))
#18 C:\xampp\htdocs\backend\vendor\illuminate\pipeline\Pipeline.php(103): Laravel\Lumen\Routing\Pipeline->Laravel\Lumen\Routing\{closure}(Object(Laravel\Lumen\Http\Request))
#19 C:\xampp\htdocs\backend\vendor\laravel\lumen-framework\src\Concerns\RoutesRequests.php(427): Illuminate\Pipeline\Pipeline->then(Object(Closure))
#20 C:\xampp\htdocs\backend\vendor\laravel\lumen-framework\src\Concerns\RoutesRequests.php(176): Laravel\Lumen\Application->sendThroughPipeline(Array, Object(Closure))
#21 C:\xampp\htdocs\backend\vendor\laravel\lumen-framework\src\Concerns\RoutesRequests.php(113): Laravel\Lumen\Application->dispatch(NULL)
#22 C:\xampp\htdocs\backend\public\index.php(28): Laravel\Lumen\Application->run()
#23 {main}  
[2024-02-07 12:08:44] production.INFO: forgetSetPassword  
[2024-02-07 12:08:44] production.INFO: user not found  
[2024-02-07 12:09:20] production.INFO: forgetSetPassword  
[2024-02-07 12:09:20] production.INFO: user not found  
[2024-02-07 12:09:41] production.INFO: token found  
[2024-02-07 12:12:28] production.ERROR: Argument 3 passed to Lcobucci\JWT\Signer\Hmac::doVerify() must be an instance of Lcobucci\JWT\Signer\Key, null given, called in C:\xampp\htdocs\backend\vendor\lcobucci\jwt\src\Signer\BaseSigner.php on line 44 {"exception":"[object] (TypeError(code: 0): Argument 3 passed to Lcobucci\\JWT\\Signer\\Hmac::doVerify() must be an instance of Lcobucci\\JWT\\Signer\\Key, null given, called in C:\\xampp\\htdocs\\backend\\vendor\\lcobucci\\jwt\\src\\Signer\\BaseSigner.php on line 44 at C:\\xampp\\htdocs\\backend\\vendor\\lcobucci\\jwt\\src\\Signer\\Hmac.php:29)
[stacktrace]
#0 C:\\xampp\\htdocs\\backend\\vendor\\lcobucci\\jwt\\src\\Signer\\BaseSigner.php(44): Lcobucci\\JWT\\Signer\\Hmac->doVerify('P\\e\\x9B\\x0F\\xA3\\xA2\\x1A\\x90s\\xBF\\xA1\\x05\\xBC\\x1D\\xFA...', 'eyJ0eXAiOiJKV1Q...', NULL)
#1 C:\\xampp\\htdocs\\backend\\vendor\\lcobucci\\jwt\\src\\Signature.php(49): Lcobucci\\JWT\\Signer\\BaseSigner->verify('P\\e\\x9B\\x0F\\xA3\\xA2\\x1A\\x90s\\xBF\\xA1\\x05\\xBC\\x1D\\xFA...', 'eyJ0eXAiOiJKV1Q...', NULL)
#2 C:\\xampp\\htdocs\\backend\\vendor\\lcobucci\\jwt\\src\\Token.php(202): Lcobucci\\JWT\\Signature->verify(Object(Lcobucci\\JWT\\Signer\\Hmac\\Sha256), 'eyJ0eXAiOiJKV1Q...', NULL)
#3 C:\\xampp\\htdocs\\backend\\vendor\\tymon\\jwt-auth\\src\\Providers\\JWT\\Lcobucci.php(136): Lcobucci\\JWT\\Token->verify(Object(Lcobucci\\JWT\\Signer\\Hmac\\Sha256), NULL)
#4 C:\\xampp\\htdocs\\backend\\vendor\\tymon\\jwt-auth\\src\\Manager.php(101): Tymon\\JWTAuth\\Providers\\JWT\\Lcobucci->decode('eyJ0eXAiOiJKV1Q...')
#5 C:\\xampp\\htdocs\\backend\\vendor\\tymon\\jwt-auth\\src\\JWT.php(200): Tymon\\JWTAuth\\Manager->decode(Object(Tymon\\JWTAuth\\Token))
#6 C:\\xampp\\htdocs\\backend\\vendor\\tymon\\jwt-auth\\src\\JWT.php(136): Tymon\\JWTAuth\\JWT->getPayload()
#7 C:\\xampp\\htdocs\\backend\\vendor\\tymon\\jwt-auth\\src\\JWT.php(149): Tymon\\JWTAuth\\JWT->checkOrFail()
#8 C:\\xampp\\htdocs\\backend\\vendor\\tymon\\jwt-auth\\src\\JWTGuard.php(79): Tymon\\JWTAuth\\JWT->check(true)
#9 C:\\xampp\\htdocs\\backend\\vendor\\illuminate\\auth\\AuthManager.php(336): Tymon\\JWTAuth\\JWTGuard->user()
#10 C:\\xampp\\htdocs\\backend\\app\\Http\\Middleware\\Authenticate.php(38): Illuminate\\Auth\\AuthManager->__call('user', Array)
#11 C:\\xampp\\htdocs\\backend\\vendor\\illuminate\\pipeline\\Pipeline.php(167): App\\Http\\Middleware\\Authenticate->handle(Object(Laravel\\Lumen\\Http\\Request), Object(Closure), 'api')
#12 C:\\xampp\\htdocs\\backend\\vendor\\laravel\\lumen-framework\\src\\Routing\\Pipeline.php(30): Illuminate\\Pipeline\\Pipeline->Illuminate\\Pipeline\\{closure}(Object(Laravel\\Lumen\\Http\\Request))
#13 C:\\xampp\\htdocs\\backend\\vendor\\illuminate\\pipeline\\Pipeline.php(103): Laravel\\Lumen\\Routing\\Pipeline->Laravel\\Lumen\\Routing\\{closure}(Object(Laravel\\Lumen\\Http\\Request))
#14 C:\\xampp\\htdocs\\backend\\vendor\\laravel\\lumen-framework\\src\\Concerns\\RoutesRequests.php(427): Illuminate\\Pipeline\\Pipeline->then(Object(Closure))
#15 C:\\xampp\\htdocs\\backend\\vendor\\laravel\\lumen-framework\\src\\Concerns\\RoutesRequests.php(264): Laravel\\Lumen\\Application->sendThroughPipeline(Array, Object(Closure))
#16 C:\\xampp\\htdocs\\backend\\vendor\\laravel\\lumen-framework\\src\\Concerns\\RoutesRequests.php(170): Laravel\\Lumen\\Application->handleFoundRoute(Array)
#17 C:\\xampp\\htdocs\\backend\\vendor\\laravel\\lumen-framework\\src\\Routing\\Pipeline.php(48): Laravel\\Lumen\\Application->Laravel\\Lumen\\Concerns\\{closure}(Object(Laravel\\Lumen\\Http\\Request))
#18 C:\\xampp\\htdocs\\backend\\vendor\\illuminate\\session\\Middleware\\StartSession.php(121): Laravel\\Lumen\\Routing\\Pipeline->Laravel\\Lumen\\Routing\\{closure}(Object(Laravel\\Lumen\\Http\\Request))
#19 C:\\xampp\\htdocs\\backend\\vendor\\illuminate\\session\\Middleware\\StartSession.php(64): Illuminate\\Session\\Middleware\\StartSession->handleStatefulRequest(Object(Laravel\\Lumen\\Http\\Request), Object(Illuminate\\Session\\Store), Object(Closure))
#20 C:\\xampp\\htdocs\\backend\\vendor\\illuminate\\pipeline\\Pipeline.php(167): Illuminate\\Session\\Middleware\\StartSession->handle(Object(Laravel\\Lumen\\Http\\Request), Object(Closure))
#21 C:\\xampp\\htdocs\\backend\\vendor\\laravel\\lumen-framework\\src\\Routing\\Pipeline.php(30): Illuminate\\Pipeline\\Pipeline->Illuminate\\Pipeline\\{closure}(Object(Laravel\\Lumen\\Http\\Request))
#22 C:\\xampp\\htdocs\\backend\\vendor\\illuminate\\pipeline\\Pipeline.php(103): Laravel\\Lumen\\Routing\\Pipeline->Laravel\\Lumen\\Routing\\{closure}(Object(Laravel\\Lumen\\Http\\Request))
#23 C:\\xampp\\htdocs\\backend\\vendor\\laravel\\lumen-framework\\src\\Concerns\\RoutesRequests.php(427): Illuminate\\Pipeline\\Pipeline->then(Object(Closure))
#24 C:\\xampp\\htdocs\\backend\\vendor\\laravel\\lumen-framework\\src\\Concerns\\RoutesRequests.php(176): Laravel\\Lumen\\Application->sendThroughPipeline(Array, Object(Closure))
#25 C:\\xampp\\htdocs\\backend\\vendor\\laravel\\lumen-framework\\src\\Concerns\\RoutesRequests.php(113): Laravel\\Lumen\\Application->dispatch(NULL)
#26 C:\\xampp\\htdocs\\backend\\public\\index.php(28): Laravel\\Lumen\\Application->run()
#27 {main}
"} 
[2024-02-07 12:19:01] production.INFO: Authenticate exception ssocontrollerIlluminate\Http\Client\RequestException: HTTP request returned status code 500 in C:\xampp\htdocs\backend\vendor\illuminate\http\Client\Response.php:288
Stack trace:
#0 C:\xampp\htdocs\backend\vendor\illuminate\http\Client\Response.php(305): Illuminate\Http\Client\Response->toException()
#1 C:\xampp\htdocs\backend\app\Http\Controllers\SSOController.php(644): Illuminate\Http\Client\Response->throw()
#2 C:\xampp\htdocs\backend\vendor\illuminate\container\BoundMethod.php(36): App\Http\Controllers\SSOController->getUser(Object(Laravel\Lumen\Http\Request))
#3 C:\xampp\htdocs\backend\vendor\illuminate\container\Util.php(40): Illuminate\Container\BoundMethod::Illuminate\Container\{closure}()
#4 C:\xampp\htdocs\backend\vendor\illuminate\container\BoundMethod.php(93): Illuminate\Container\Util::unwrapIfClosure(Object(Closure))
#5 C:\xampp\htdocs\backend\vendor\illuminate\container\BoundMethod.php(37): Illuminate\Container\BoundMethod::callBoundMethod(Object(Laravel\Lumen\Application), Array, Object(Closure))
#6 C:\xampp\htdocs\backend\vendor\illuminate\container\Container.php(653): Illuminate\Container\BoundMethod::call(Object(Laravel\Lumen\Application), Array, Array, NULL)
#7 C:\xampp\htdocs\backend\vendor\laravel\lumen-framework\src\Concerns\RoutesRequests.php(390): Illuminate\Container\Container->call(Array, Array)
#8 C:\xampp\htdocs\backend\vendor\laravel\lumen-framework\src\Concerns\RoutesRequests.php(356): Laravel\Lumen\Application->callControllerCallable(Array, Array)
#9 C:\xampp\htdocs\backend\vendor\laravel\lumen-framework\src\Concerns\RoutesRequests.php(330): Laravel\Lumen\Application->callLumenController(Object(App\Http\Controllers\SSOController), 'getUser', Array)
#10 C:\xampp\htdocs\backend\vendor\laravel\lumen-framework\src\Concerns\RoutesRequests.php(283): Laravel\Lumen\Application->callControllerAction(Array)
#11 C:\xampp\htdocs\backend\vendor\laravel\lumen-framework\src\Concerns\RoutesRequests.php(268): Laravel\Lumen\Application->callActionOnArrayBasedRoute(Array)
#12 C:\xampp\htdocs\backend\vendor\laravel\lumen-framework\src\Concerns\RoutesRequests.php(170): Laravel\Lumen\Application->handleFoundRoute(Array)
#13 C:\xampp\htdocs\backend\vendor\laravel\lumen-framework\src\Routing\Pipeline.php(48): Laravel\Lumen\Application->Laravel\Lumen\Concerns\{closure}(Object(Laravel\Lumen\Http\Request))
#14 C:\xampp\htdocs\backend\vendor\illuminate\session\Middleware\StartSession.php(121): Laravel\Lumen\Routing\Pipeline->Laravel\Lumen\Routing\{closure}(Object(Laravel\Lumen\Http\Request))
#15 C:\xampp\htdocs\backend\vendor\illuminate\session\Middleware\StartSession.php(64): Illuminate\Session\Middleware\StartSession->handleStatefulRequest(Object(Laravel\Lumen\Http\Request), Object(Illuminate\Session\Store), Object(Closure))
#16 C:\xampp\htdocs\backend\vendor\illuminate\pipeline\Pipeline.php(167): Illuminate\Session\Middleware\StartSession->handle(Object(Laravel\Lumen\Http\Request), Object(Closure))
#17 C:\xampp\htdocs\backend\vendor\laravel\lumen-framework\src\Routing\Pipeline.php(30): Illuminate\Pipeline\Pipeline->Illuminate\Pipeline\{closure}(Object(Laravel\Lumen\Http\Request))
#18 C:\xampp\htdocs\backend\vendor\illuminate\pipeline\Pipeline.php(103): Laravel\Lumen\Routing\Pipeline->Laravel\Lumen\Routing\{closure}(Object(Laravel\Lumen\Http\Request))
#19 C:\xampp\htdocs\backend\vendor\laravel\lumen-framework\src\Concerns\RoutesRequests.php(427): Illuminate\Pipeline\Pipeline->then(Object(Closure))
#20 C:\xampp\htdocs\backend\vendor\laravel\lumen-framework\src\Concerns\RoutesRequests.php(176): Laravel\Lumen\Application->sendThroughPipeline(Array, Object(Closure))
#21 C:\xampp\htdocs\backend\vendor\laravel\lumen-framework\src\Concerns\RoutesRequests.php(113): Laravel\Lumen\Application->dispatch(NULL)
#22 C:\xampp\htdocs\backend\public\index.php(28): Laravel\Lumen\Application->run()
#23 {main}  
[2024-02-07 12:19:23] production.INFO: Authenticate exception ssocontrollerIlluminate\Http\Client\RequestException: HTTP request returned status code 500 in C:\xampp\htdocs\backend\vendor\illuminate\http\Client\Response.php:288
Stack trace:
#0 C:\xampp\htdocs\backend\vendor\illuminate\http\Client\Response.php(305): Illuminate\Http\Client\Response->toException()
#1 C:\xampp\htdocs\backend\app\Http\Controllers\SSOController.php(644): Illuminate\Http\Client\Response->throw()
#2 C:\xampp\htdocs\backend\vendor\illuminate\container\BoundMethod.php(36): App\Http\Controllers\SSOController->getUser(Object(Laravel\Lumen\Http\Request))
#3 C:\xampp\htdocs\backend\vendor\illuminate\container\Util.php(40): Illuminate\Container\BoundMethod::Illuminate\Container\{closure}()
#4 C:\xampp\htdocs\backend\vendor\illuminate\container\BoundMethod.php(93): Illuminate\Container\Util::unwrapIfClosure(Object(Closure))
#5 C:\xampp\htdocs\backend\vendor\illuminate\container\BoundMethod.php(37): Illuminate\Container\BoundMethod::callBoundMethod(Object(Laravel\Lumen\Application), Array, Object(Closure))
#6 C:\xampp\htdocs\backend\vendor\illuminate\container\Container.php(653): Illuminate\Container\BoundMethod::call(Object(Laravel\Lumen\Application), Array, Array, NULL)
#7 C:\xampp\htdocs\backend\vendor\laravel\lumen-framework\src\Concerns\RoutesRequests.php(390): Illuminate\Container\Container->call(Array, Array)
#8 C:\xampp\htdocs\backend\vendor\laravel\lumen-framework\src\Concerns\RoutesRequests.php(356): Laravel\Lumen\Application->callControllerCallable(Array, Array)
#9 C:\xampp\htdocs\backend\vendor\laravel\lumen-framework\src\Concerns\RoutesRequests.php(330): Laravel\Lumen\Application->callLumenController(Object(App\Http\Controllers\SSOController), 'getUser', Array)
#10 C:\xampp\htdocs\backend\vendor\laravel\lumen-framework\src\Concerns\RoutesRequests.php(283): Laravel\Lumen\Application->callControllerAction(Array)
#11 C:\xampp\htdocs\backend\vendor\laravel\lumen-framework\src\Concerns\RoutesRequests.php(268): Laravel\Lumen\Application->callActionOnArrayBasedRoute(Array)
#12 C:\xampp\htdocs\backend\vendor\laravel\lumen-framework\src\Concerns\RoutesRequests.php(170): Laravel\Lumen\Application->handleFoundRoute(Array)
#13 C:\xampp\htdocs\backend\vendor\laravel\lumen-framework\src\Routing\Pipeline.php(48): Laravel\Lumen\Application->Laravel\Lumen\Concerns\{closure}(Object(Laravel\Lumen\Http\Request))
#14 C:\xampp\htdocs\backend\vendor\illuminate\session\Middleware\StartSession.php(121): Laravel\Lumen\Routing\Pipeline->Laravel\Lumen\Routing\{closure}(Object(Laravel\Lumen\Http\Request))
#15 C:\xampp\htdocs\backend\vendor\illuminate\session\Middleware\StartSession.php(64): Illuminate\Session\Middleware\StartSession->handleStatefulRequest(Object(Laravel\Lumen\Http\Request), Object(Illuminate\Session\Store), Object(Closure))
#16 C:\xampp\htdocs\backend\vendor\illuminate\pipeline\Pipeline.php(167): Illuminate\Session\Middleware\StartSession->handle(Object(Laravel\Lumen\Http\Request), Object(Closure))
#17 C:\xampp\htdocs\backend\vendor\laravel\lumen-framework\src\Routing\Pipeline.php(30): Illuminate\Pipeline\Pipeline->Illuminate\Pipeline\{closure}(Object(Laravel\Lumen\Http\Request))
#18 C:\xampp\htdocs\backend\vendor\illuminate\pipeline\Pipeline.php(103): Laravel\Lumen\Routing\Pipeline->Laravel\Lumen\Routing\{closure}(Object(Laravel\Lumen\Http\Request))
#19 C:\xampp\htdocs\backend\vendor\laravel\lumen-framework\src\Concerns\RoutesRequests.php(427): Illuminate\Pipeline\Pipeline->then(Object(Closure))
#20 C:\xampp\htdocs\backend\vendor\laravel\lumen-framework\src\Concerns\RoutesRequests.php(176): Laravel\Lumen\Application->sendThroughPipeline(Array, Object(Closure))
#21 C:\xampp\htdocs\backend\vendor\laravel\lumen-framework\src\Concerns\RoutesRequests.php(113): Laravel\Lumen\Application->dispatch(NULL)
#22 C:\xampp\htdocs\backend\public\index.php(28): Laravel\Lumen\Application->run()
#23 {main}  
[2024-02-07 12:19:49] production.INFO: Authenticate exception ssocontrollerIlluminate\Http\Client\RequestException: HTTP request returned status code 500 in C:\xampp\htdocs\backend\vendor\illuminate\http\Client\Response.php:288
Stack trace:
#0 C:\xampp\htdocs\backend\vendor\illuminate\http\Client\Response.php(305): Illuminate\Http\Client\Response->toException()
#1 C:\xampp\htdocs\backend\app\Http\Controllers\SSOController.php(644): Illuminate\Http\Client\Response->throw()
#2 C:\xampp\htdocs\backend\vendor\illuminate\container\BoundMethod.php(36): App\Http\Controllers\SSOController->getUser(Object(Laravel\Lumen\Http\Request))
#3 C:\xampp\htdocs\backend\vendor\illuminate\container\Util.php(40): Illuminate\Container\BoundMethod::Illuminate\Container\{closure}()
#4 C:\xampp\htdocs\backend\vendor\illuminate\container\BoundMethod.php(93): Illuminate\Container\Util::unwrapIfClosure(Object(Closure))
#5 C:\xampp\htdocs\backend\vendor\illuminate\container\BoundMethod.php(37): Illuminate\Container\BoundMethod::callBoundMethod(Object(Laravel\Lumen\Application), Array, Object(Closure))
#6 C:\xampp\htdocs\backend\vendor\illuminate\container\Container.php(653): Illuminate\Container\BoundMethod::call(Object(Laravel\Lumen\Application), Array, Array, NULL)
#7 C:\xampp\htdocs\backend\vendor\laravel\lumen-framework\src\Concerns\RoutesRequests.php(390): Illuminate\Container\Container->call(Array, Array)
#8 C:\xampp\htdocs\backend\vendor\laravel\lumen-framework\src\Concerns\RoutesRequests.php(356): Laravel\Lumen\Application->callControllerCallable(Array, Array)
#9 C:\xampp\htdocs\backend\vendor\laravel\lumen-framework\src\Concerns\RoutesRequests.php(330): Laravel\Lumen\Application->callLumenController(Object(App\Http\Controllers\SSOController), 'getUser', Array)
#10 C:\xampp\htdocs\backend\vendor\laravel\lumen-framework\src\Concerns\RoutesRequests.php(283): Laravel\Lumen\Application->callControllerAction(Array)
#11 C:\xampp\htdocs\backend\vendor\laravel\lumen-framework\src\Concerns\RoutesRequests.php(268): Laravel\Lumen\Application->callActionOnArrayBasedRoute(Array)
#12 C:\xampp\htdocs\backend\vendor\laravel\lumen-framework\src\Concerns\RoutesRequests.php(170): Laravel\Lumen\Application->handleFoundRoute(Array)
#13 C:\xampp\htdocs\backend\vendor\laravel\lumen-framework\src\Routing\Pipeline.php(48): Laravel\Lumen\Application->Laravel\Lumen\Concerns\{closure}(Object(Laravel\Lumen\Http\Request))
#14 C:\xampp\htdocs\backend\vendor\illuminate\session\Middleware\StartSession.php(121): Laravel\Lumen\Routing\Pipeline->Laravel\Lumen\Routing\{closure}(Object(Laravel\Lumen\Http\Request))
#15 C:\xampp\htdocs\backend\vendor\illuminate\session\Middleware\StartSession.php(64): Illuminate\Session\Middleware\StartSession->handleStatefulRequest(Object(Laravel\Lumen\Http\Request), Object(Illuminate\Session\Store), Object(Closure))
#16 C:\xampp\htdocs\backend\vendor\illuminate\pipeline\Pipeline.php(167): Illuminate\Session\Middleware\StartSession->handle(Object(Laravel\Lumen\Http\Request), Object(Closure))
#17 C:\xampp\htdocs\backend\vendor\laravel\lumen-framework\src\Routing\Pipeline.php(30): Illuminate\Pipeline\Pipeline->Illuminate\Pipeline\{closure}(Object(Laravel\Lumen\Http\Request))
#18 C:\xampp\htdocs\backend\vendor\illuminate\pipeline\Pipeline.php(103): Laravel\Lumen\Routing\Pipeline->Laravel\Lumen\Routing\{closure}(Object(Laravel\Lumen\Http\Request))
#19 C:\xampp\htdocs\backend\vendor\laravel\lumen-framework\src\Concerns\RoutesRequests.php(427): Illuminate\Pipeline\Pipeline->then(Object(Closure))
#20 C:\xampp\htdocs\backend\vendor\laravel\lumen-framework\src\Concerns\RoutesRequests.php(176): Laravel\Lumen\Application->sendThroughPipeline(Array, Object(Closure))
#21 C:\xampp\htdocs\backend\vendor\laravel\lumen-framework\src\Concerns\RoutesRequests.php(113): Laravel\Lumen\Application->dispatch(NULL)
#22 C:\xampp\htdocs\backend\public\index.php(28): Laravel\Lumen\Application->run()
#23 {main}  
[2024-02-07 12:20:21] production.INFO: Authenticate exception ssocontrollerIlluminate\Http\Client\RequestException: HTTP request returned status code 500 in C:\xampp\htdocs\backend\vendor\illuminate\http\Client\Response.php:288
Stack trace:
#0 C:\xampp\htdocs\backend\vendor\illuminate\http\Client\Response.php(305): Illuminate\Http\Client\Response->toException()
#1 C:\xampp\htdocs\backend\app\Http\Controllers\SSOController.php(644): Illuminate\Http\Client\Response->throw()
#2 C:\xampp\htdocs\backend\vendor\illuminate\container\BoundMethod.php(36): App\Http\Controllers\SSOController->getUser(Object(Laravel\Lumen\Http\Request))
#3 C:\xampp\htdocs\backend\vendor\illuminate\container\Util.php(40): Illuminate\Container\BoundMethod::Illuminate\Container\{closure}()
#4 C:\xampp\htdocs\backend\vendor\illuminate\container\BoundMethod.php(93): Illuminate\Container\Util::unwrapIfClosure(Object(Closure))
#5 C:\xampp\htdocs\backend\vendor\illuminate\container\BoundMethod.php(37): Illuminate\Container\BoundMethod::callBoundMethod(Object(Laravel\Lumen\Application), Array, Object(Closure))
#6 C:\xampp\htdocs\backend\vendor\illuminate\container\Container.php(653): Illuminate\Container\BoundMethod::call(Object(Laravel\Lumen\Application), Array, Array, NULL)
#7 C:\xampp\htdocs\backend\vendor\laravel\lumen-framework\src\Concerns\RoutesRequests.php(390): Illuminate\Container\Container->call(Array, Array)
#8 C:\xampp\htdocs\backend\vendor\laravel\lumen-framework\src\Concerns\RoutesRequests.php(356): Laravel\Lumen\Application->callControllerCallable(Array, Array)
#9 C:\xampp\htdocs\backend\vendor\laravel\lumen-framework\src\Concerns\RoutesRequests.php(330): Laravel\Lumen\Application->callLumenController(Object(App\Http\Controllers\SSOController), 'getUser', Array)
#10 C:\xampp\htdocs\backend\vendor\laravel\lumen-framework\src\Concerns\RoutesRequests.php(283): Laravel\Lumen\Application->callControllerAction(Array)
#11 C:\xampp\htdocs\backend\vendor\laravel\lumen-framework\src\Concerns\RoutesRequests.php(268): Laravel\Lumen\Application->callActionOnArrayBasedRoute(Array)
#12 C:\xampp\htdocs\backend\vendor\laravel\lumen-framework\src\Concerns\RoutesRequests.php(170): Laravel\Lumen\Application->handleFoundRoute(Array)
#13 C:\xampp\htdocs\backend\vendor\laravel\lumen-framework\src\Routing\Pipeline.php(48): Laravel\Lumen\Application->Laravel\Lumen\Concerns\{closure}(Object(Laravel\Lumen\Http\Request))
#14 C:\xampp\htdocs\backend\vendor\illuminate\session\Middleware\StartSession.php(121): Laravel\Lumen\Routing\Pipeline->Laravel\Lumen\Routing\{closure}(Object(Laravel\Lumen\Http\Request))
#15 C:\xampp\htdocs\backend\vendor\illuminate\session\Middleware\StartSession.php(64): Illuminate\Session\Middleware\StartSession->handleStatefulRequest(Object(Laravel\Lumen\Http\Request), Object(Illuminate\Session\Store), Object(Closure))
#16 C:\xampp\htdocs\backend\vendor\illuminate\pipeline\Pipeline.php(167): Illuminate\Session\Middleware\StartSession->handle(Object(Laravel\Lumen\Http\Request), Object(Closure))
#17 C:\xampp\htdocs\backend\vendor\laravel\lumen-framework\src\Routing\Pipeline.php(30): Illuminate\Pipeline\Pipeline->Illuminate\Pipeline\{closure}(Object(Laravel\Lumen\Http\Request))
#18 C:\xampp\htdocs\backend\vendor\illuminate\pipeline\Pipeline.php(103): Laravel\Lumen\Routing\Pipeline->Laravel\Lumen\Routing\{closure}(Object(Laravel\Lumen\Http\Request))
#19 C:\xampp\htdocs\backend\vendor\laravel\lumen-framework\src\Concerns\RoutesRequests.php(427): Illuminate\Pipeline\Pipeline->then(Object(Closure))
#20 C:\xampp\htdocs\backend\vendor\laravel\lumen-framework\src\Concerns\RoutesRequests.php(176): Laravel\Lumen\Application->sendThroughPipeline(Array, Object(Closure))
#21 C:\xampp\htdocs\backend\vendor\laravel\lumen-framework\src\Concerns\RoutesRequests.php(113): Laravel\Lumen\Application->dispatch(NULL)
#22 C:\xampp\htdocs\backend\public\index.php(28): Laravel\Lumen\Application->run()
#23 {main}  
[2024-02-07 12:20:42] production.INFO: token found  
[2024-02-07 12:22:55] production.INFO: Authenticate exception ssocontrollerIlluminate\Http\Client\RequestException: HTTP request returned status code 500 in C:\xampp\htdocs\backend\vendor\illuminate\http\Client\Response.php:288
Stack trace:
#0 C:\xampp\htdocs\backend\vendor\illuminate\http\Client\Response.php(305): Illuminate\Http\Client\Response->toException()
#1 C:\xampp\htdocs\backend\app\Http\Controllers\SSOController.php(644): Illuminate\Http\Client\Response->throw()
#2 C:\xampp\htdocs\backend\vendor\illuminate\container\BoundMethod.php(36): App\Http\Controllers\SSOController->getUser(Object(Laravel\Lumen\Http\Request))
#3 C:\xampp\htdocs\backend\vendor\illuminate\container\Util.php(40): Illuminate\Container\BoundMethod::Illuminate\Container\{closure}()
#4 C:\xampp\htdocs\backend\vendor\illuminate\container\BoundMethod.php(93): Illuminate\Container\Util::unwrapIfClosure(Object(Closure))
#5 C:\xampp\htdocs\backend\vendor\illuminate\container\BoundMethod.php(37): Illuminate\Container\BoundMethod::callBoundMethod(Object(Laravel\Lumen\Application), Array, Object(Closure))
#6 C:\xampp\htdocs\backend\vendor\illuminate\container\Container.php(653): Illuminate\Container\BoundMethod::call(Object(Laravel\Lumen\Application), Array, Array, NULL)
#7 C:\xampp\htdocs\backend\vendor\laravel\lumen-framework\src\Concerns\RoutesRequests.php(390): Illuminate\Container\Container->call(Array, Array)
#8 C:\xampp\htdocs\backend\vendor\laravel\lumen-framework\src\Concerns\RoutesRequests.php(356): Laravel\Lumen\Application->callControllerCallable(Array, Array)
#9 C:\xampp\htdocs\backend\vendor\laravel\lumen-framework\src\Concerns\RoutesRequests.php(330): Laravel\Lumen\Application->callLumenController(Object(App\Http\Controllers\SSOController), 'getUser', Array)
#10 C:\xampp\htdocs\backend\vendor\laravel\lumen-framework\src\Concerns\RoutesRequests.php(283): Laravel\Lumen\Application->callControllerAction(Array)
#11 C:\xampp\htdocs\backend\vendor\laravel\lumen-framework\src\Concerns\RoutesRequests.php(268): Laravel\Lumen\Application->callActionOnArrayBasedRoute(Array)
#12 C:\xampp\htdocs\backend\vendor\laravel\lumen-framework\src\Concerns\RoutesRequests.php(170): Laravel\Lumen\Application->handleFoundRoute(Array)
#13 C:\xampp\htdocs\backend\vendor\laravel\lumen-framework\src\Routing\Pipeline.php(48): Laravel\Lumen\Application->Laravel\Lumen\Concerns\{closure}(Object(Laravel\Lumen\Http\Request))
#14 C:\xampp\htdocs\backend\vendor\illuminate\session\Middleware\StartSession.php(121): Laravel\Lumen\Routing\Pipeline->Laravel\Lumen\Routing\{closure}(Object(Laravel\Lumen\Http\Request))
#15 C:\xampp\htdocs\backend\vendor\illuminate\session\Middleware\StartSession.php(64): Illuminate\Session\Middleware\StartSession->handleStatefulRequest(Object(Laravel\Lumen\Http\Request), Object(Illuminate\Session\Store), Object(Closure))
#16 C:\xampp\htdocs\backend\vendor\illuminate\pipeline\Pipeline.php(167): Illuminate\Session\Middleware\StartSession->handle(Object(Laravel\Lumen\Http\Request), Object(Closure))
#17 C:\xampp\htdocs\backend\vendor\laravel\lumen-framework\src\Routing\Pipeline.php(30): Illuminate\Pipeline\Pipeline->Illuminate\Pipeline\{closure}(Object(Laravel\Lumen\Http\Request))
#18 C:\xampp\htdocs\backend\vendor\illuminate\pipeline\Pipeline.php(103): Laravel\Lumen\Routing\Pipeline->Laravel\Lumen\Routing\{closure}(Object(Laravel\Lumen\Http\Request))
#19 C:\xampp\htdocs\backend\vendor\laravel\lumen-framework\src\Concerns\RoutesRequests.php(427): Illuminate\Pipeline\Pipeline->then(Object(Closure))
#20 C:\xampp\htdocs\backend\vendor\laravel\lumen-framework\src\Concerns\RoutesRequests.php(176): Laravel\Lumen\Application->sendThroughPipeline(Array, Object(Closure))
#21 C:\xampp\htdocs\backend\vendor\laravel\lumen-framework\src\Concerns\RoutesRequests.php(113): Laravel\Lumen\Application->dispatch(NULL)
#22 C:\xampp\htdocs\backend\public\index.php(28): Laravel\Lumen\Application->run()
#23 {main}  
[2024-02-07 12:23:16] production.INFO: token found  
[2024-02-07 12:33:17] production.INFO: Authenticate exception ssocontrollerIlluminate\Http\Client\RequestException: HTTP request returned status code 500 in C:\xampp\htdocs\backend\vendor\illuminate\http\Client\Response.php:288
Stack trace:
#0 C:\xampp\htdocs\backend\vendor\illuminate\http\Client\Response.php(305): Illuminate\Http\Client\Response->toException()
#1 C:\xampp\htdocs\backend\app\Http\Controllers\SSOController.php(644): Illuminate\Http\Client\Response->throw()
#2 C:\xampp\htdocs\backend\vendor\illuminate\container\BoundMethod.php(36): App\Http\Controllers\SSOController->getUser(Object(Laravel\Lumen\Http\Request))
#3 C:\xampp\htdocs\backend\vendor\illuminate\container\Util.php(40): Illuminate\Container\BoundMethod::Illuminate\Container\{closure}()
#4 C:\xampp\htdocs\backend\vendor\illuminate\container\BoundMethod.php(93): Illuminate\Container\Util::unwrapIfClosure(Object(Closure))
#5 C:\xampp\htdocs\backend\vendor\illuminate\container\BoundMethod.php(37): Illuminate\Container\BoundMethod::callBoundMethod(Object(Laravel\Lumen\Application), Array, Object(Closure))
#6 C:\xampp\htdocs\backend\vendor\illuminate\container\Container.php(653): Illuminate\Container\BoundMethod::call(Object(Laravel\Lumen\Application), Array, Array, NULL)
#7 C:\xampp\htdocs\backend\vendor\laravel\lumen-framework\src\Concerns\RoutesRequests.php(390): Illuminate\Container\Container->call(Array, Array)
#8 C:\xampp\htdocs\backend\vendor\laravel\lumen-framework\src\Concerns\RoutesRequests.php(356): Laravel\Lumen\Application->callControllerCallable(Array, Array)
#9 C:\xampp\htdocs\backend\vendor\laravel\lumen-framework\src\Concerns\RoutesRequests.php(330): Laravel\Lumen\Application->callLumenController(Object(App\Http\Controllers\SSOController), 'getUser', Array)
#10 C:\xampp\htdocs\backend\vendor\laravel\lumen-framework\src\Concerns\RoutesRequests.php(283): Laravel\Lumen\Application->callControllerAction(Array)
#11 C:\xampp\htdocs\backend\vendor\laravel\lumen-framework\src\Concerns\RoutesRequests.php(268): Laravel\Lumen\Application->callActionOnArrayBasedRoute(Array)
#12 C:\xampp\htdocs\backend\vendor\laravel\lumen-framework\src\Concerns\RoutesRequests.php(170): Laravel\Lumen\Application->handleFoundRoute(Array)
#13 C:\xampp\htdocs\backend\vendor\laravel\lumen-framework\src\Routing\Pipeline.php(48): Laravel\Lumen\Application->Laravel\Lumen\Concerns\{closure}(Object(Laravel\Lumen\Http\Request))
#14 C:\xampp\htdocs\backend\vendor\illuminate\session\Middleware\StartSession.php(121): Laravel\Lumen\Routing\Pipeline->Laravel\Lumen\Routing\{closure}(Object(Laravel\Lumen\Http\Request))
#15 C:\xampp\htdocs\backend\vendor\illuminate\session\Middleware\StartSession.php(64): Illuminate\Session\Middleware\StartSession->handleStatefulRequest(Object(Laravel\Lumen\Http\Request), Object(Illuminate\Session\Store), Object(Closure))
#16 C:\xampp\htdocs\backend\vendor\illuminate\pipeline\Pipeline.php(167): Illuminate\Session\Middleware\StartSession->handle(Object(Laravel\Lumen\Http\Request), Object(Closure))
#17 C:\xampp\htdocs\backend\vendor\laravel\lumen-framework\src\Routing\Pipeline.php(30): Illuminate\Pipeline\Pipeline->Illuminate\Pipeline\{closure}(Object(Laravel\Lumen\Http\Request))
#18 C:\xampp\htdocs\backend\vendor\illuminate\pipeline\Pipeline.php(103): Laravel\Lumen\Routing\Pipeline->Laravel\Lumen\Routing\{closure}(Object(Laravel\Lumen\Http\Request))
#19 C:\xampp\htdocs\backend\vendor\laravel\lumen-framework\src\Concerns\RoutesRequests.php(427): Illuminate\Pipeline\Pipeline->then(Object(Closure))
#20 C:\xampp\htdocs\backend\vendor\laravel\lumen-framework\src\Concerns\RoutesRequests.php(176): Laravel\Lumen\Application->sendThroughPipeline(Array, Object(Closure))
#21 C:\xampp\htdocs\backend\vendor\laravel\lumen-framework\src\Concerns\RoutesRequests.php(113): Laravel\Lumen\Application->dispatch(NULL)
#22 C:\xampp\htdocs\backend\public\index.php(28): Laravel\Lumen\Application->run()
#23 {main}  
[2024-02-07 12:36:40] production.INFO: token found  
[2024-02-07 12:37:16] production.INFO: Authenticate exception ssocontrollerIlluminate\Http\Client\RequestException: HTTP request returned status code 500 in C:\xampp\htdocs\backend\vendor\illuminate\http\Client\Response.php:288
Stack trace:
#0 C:\xampp\htdocs\backend\vendor\illuminate\http\Client\Response.php(305): Illuminate\Http\Client\Response->toException()
#1 C:\xampp\htdocs\backend\app\Http\Controllers\SSOController.php(644): Illuminate\Http\Client\Response->throw()
#2 C:\xampp\htdocs\backend\vendor\illuminate\container\BoundMethod.php(36): App\Http\Controllers\SSOController->getUser(Object(Laravel\Lumen\Http\Request))
#3 C:\xampp\htdocs\backend\vendor\illuminate\container\Util.php(40): Illuminate\Container\BoundMethod::Illuminate\Container\{closure}()
#4 C:\xampp\htdocs\backend\vendor\illuminate\container\BoundMethod.php(93): Illuminate\Container\Util::unwrapIfClosure(Object(Closure))
#5 C:\xampp\htdocs\backend\vendor\illuminate\container\BoundMethod.php(37): Illuminate\Container\BoundMethod::callBoundMethod(Object(Laravel\Lumen\Application), Array, Object(Closure))
#6 C:\xampp\htdocs\backend\vendor\illuminate\container\Container.php(653): Illuminate\Container\BoundMethod::call(Object(Laravel\Lumen\Application), Array, Array, NULL)
#7 C:\xampp\htdocs\backend\vendor\laravel\lumen-framework\src\Concerns\RoutesRequests.php(390): Illuminate\Container\Container->call(Array, Array)
#8 C:\xampp\htdocs\backend\vendor\laravel\lumen-framework\src\Concerns\RoutesRequests.php(356): Laravel\Lumen\Application->callControllerCallable(Array, Array)
#9 C:\xampp\htdocs\backend\vendor\laravel\lumen-framework\src\Concerns\RoutesRequests.php(330): Laravel\Lumen\Application->callLumenController(Object(App\Http\Controllers\SSOController), 'getUser', Array)
#10 C:\xampp\htdocs\backend\vendor\laravel\lumen-framework\src\Concerns\RoutesRequests.php(283): Laravel\Lumen\Application->callControllerAction(Array)
#11 C:\xampp\htdocs\backend\vendor\laravel\lumen-framework\src\Concerns\RoutesRequests.php(268): Laravel\Lumen\Application->callActionOnArrayBasedRoute(Array)
#12 C:\xampp\htdocs\backend\vendor\laravel\lumen-framework\src\Concerns\RoutesRequests.php(170): Laravel\Lumen\Application->handleFoundRoute(Array)
#13 C:\xampp\htdocs\backend\vendor\laravel\lumen-framework\src\Routing\Pipeline.php(48): Laravel\Lumen\Application->Laravel\Lumen\Concerns\{closure}(Object(Laravel\Lumen\Http\Request))
#14 C:\xampp\htdocs\backend\vendor\illuminate\session\Middleware\StartSession.php(121): Laravel\Lumen\Routing\Pipeline->Laravel\Lumen\Routing\{closure}(Object(Laravel\Lumen\Http\Request))
#15 C:\xampp\htdocs\backend\vendor\illuminate\session\Middleware\StartSession.php(64): Illuminate\Session\Middleware\StartSession->handleStatefulRequest(Object(Laravel\Lumen\Http\Request), Object(Illuminate\Session\Store), Object(Closure))
#16 C:\xampp\htdocs\backend\vendor\illuminate\pipeline\Pipeline.php(167): Illuminate\Session\Middleware\StartSession->handle(Object(Laravel\Lumen\Http\Request), Object(Closure))
#17 C:\xampp\htdocs\backend\vendor\laravel\lumen-framework\src\Routing\Pipeline.php(30): Illuminate\Pipeline\Pipeline->Illuminate\Pipeline\{closure}(Object(Laravel\Lumen\Http\Request))
#18 C:\xampp\htdocs\backend\vendor\illuminate\pipeline\Pipeline.php(103): Laravel\Lumen\Routing\Pipeline->Laravel\Lumen\Routing\{closure}(Object(Laravel\Lumen\Http\Request))
#19 C:\xampp\htdocs\backend\vendor\laravel\lumen-framework\src\Concerns\RoutesRequests.php(427): Illuminate\Pipeline\Pipeline->then(Object(Closure))
#20 C:\xampp\htdocs\backend\vendor\laravel\lumen-framework\src\Concerns\RoutesRequests.php(176): Laravel\Lumen\Application->sendThroughPipeline(Array, Object(Closure))
#21 C:\xampp\htdocs\backend\vendor\laravel\lumen-framework\src\Concerns\RoutesRequests.php(113): Laravel\Lumen\Application->dispatch(NULL)
#22 C:\xampp\htdocs\backend\public\index.php(28): Laravel\Lumen\Application->run()
#23 {main}  
[2024-02-07 12:37:30] production.INFO: token found  
[2024-02-07 13:09:12] production.ERROR: SQLSTATE[HY000] [1045] Access denied for user 'forge'@'localhost' (using password: NO) (SQL: select `search_total_results` from `theme_configuration` limit 1) {"exception":"[object] (Illuminate\\Database\\QueryException(code: 1045): SQLSTATE[HY000] [1045] Access denied for user 'forge'@'localhost' (using password: NO) (SQL: select `search_total_results` from `theme_configuration` limit 1) at C:\\xampp\\htdocs\\backend\\vendor\\illuminate\\database\\Connection.php:712)
[stacktrace]
#0 C:\\xampp\\htdocs\\backend\\vendor\\illuminate\\database\\Connection.php(672): Illuminate\\Database\\Connection->runQueryCallback('select `search_...', Array, Object(Closure))
#1 C:\\xampp\\htdocs\\backend\\vendor\\illuminate\\database\\Connection.php(376): Illuminate\\Database\\Connection->run('select `search_...', Array, Object(Closure))
#2 C:\\xampp\\htdocs\\backend\\vendor\\illuminate\\database\\Query\\Builder.php(2414): Illuminate\\Database\\Connection->select('select `search_...', Array, true)
#3 C:\\xampp\\htdocs\\backend\\vendor\\illuminate\\database\\Query\\Builder.php(2402): Illuminate\\Database\\Query\\Builder->runSelect()
#4 C:\\xampp\\htdocs\\backend\\vendor\\illuminate\\database\\Query\\Builder.php(2936): Illuminate\\Database\\Query\\Builder->Illuminate\\Database\\Query\\{closure}()
#5 C:\\xampp\\htdocs\\backend\\vendor\\illuminate\\database\\Query\\Builder.php(2403): Illuminate\\Database\\Query\\Builder->onceWithColumns(Array, Object(Closure))
#6 C:\\xampp\\htdocs\\backend\\vendor\\illuminate\\database\\Concerns\\BuildsQueries.php(294): Illuminate\\Database\\Query\\Builder->get(Array)
#7 C:\\xampp\\htdocs\\backend\\app\\helper.php(505): Illuminate\\Database\\Query\\Builder->first()
#8 C:\\xampp\\htdocs\\backend\\app\\Http\\Controllers\\BookController.php(37): maxresult()
#9 [internal function]: App\\Http\\Controllers\\BookController->__construct()
#10 C:\\xampp\\htdocs\\backend\\vendor\\illuminate\\container\\Container.php(917): ReflectionClass->newInstanceArgs(Array)
#11 C:\\xampp\\htdocs\\backend\\vendor\\illuminate\\container\\Container.php(758): Illuminate\\Container\\Container->build('App\\\\Http\\\\Contro...')
#12 C:\\xampp\\htdocs\\backend\\vendor\\illuminate\\container\\Container.php(694): Illuminate\\Container\\Container->resolve('App\\\\Http\\\\Contro...', Array)
#13 C:\\xampp\\htdocs\\backend\\vendor\\laravel\\lumen-framework\\src\\Application.php(300): Illuminate\\Container\\Container->make('App\\\\Http\\\\Contro...', Array)
#14 C:\\xampp\\htdocs\\backend\\vendor\\illuminate\\container\\Container.php(1027): Laravel\\Lumen\\Application->make('App\\\\Http\\\\Contro...')
#15 C:\\xampp\\htdocs\\backend\\vendor\\illuminate\\container\\Container.php(947): Illuminate\\Container\\Container->resolveClass(Object(ReflectionParameter))
#16 C:\\xampp\\htdocs\\backend\\vendor\\illuminate\\container\\Container.php(908): Illuminate\\Container\\Container->resolveDependencies(Array)
#17 C:\\xampp\\htdocs\\backend\\vendor\\illuminate\\container\\Container.php(758): Illuminate\\Container\\Container->build('App\\\\Http\\\\Contro...')
#18 C:\\xampp\\htdocs\\backend\\vendor\\illuminate\\container\\Container.php(694): Illuminate\\Container\\Container->resolve('App\\\\Http\\\\Contro...', Array)
#19 C:\\xampp\\htdocs\\backend\\vendor\\laravel\\lumen-framework\\src\\Application.php(300): Illuminate\\Container\\Container->make('App\\\\Http\\\\Contro...', Array)
#20 C:\\xampp\\htdocs\\backend\\vendor\\laravel\\lumen-framework\\src\\Concerns\\RoutesRequests.php(325): Laravel\\Lumen\\Application->make('App\\\\Http\\\\Contro...')
#21 C:\\xampp\\htdocs\\backend\\vendor\\laravel\\lumen-framework\\src\\Concerns\\RoutesRequests.php(283): Laravel\\Lumen\\Application->callControllerAction(Array)
#22 C:\\xampp\\htdocs\\backend\\vendor\\laravel\\lumen-framework\\src\\Concerns\\RoutesRequests.php(268): Laravel\\Lumen\\Application->callActionOnArrayBasedRoute(Array)
#23 C:\\xampp\\htdocs\\backend\\vendor\\laravel\\lumen-framework\\src\\Concerns\\RoutesRequests.php(170): Laravel\\Lumen\\Application->handleFoundRoute(Array)
#24 C:\\xampp\\htdocs\\backend\\vendor\\laravel\\lumen-framework\\src\\Routing\\Pipeline.php(48): Laravel\\Lumen\\Application->Laravel\\Lumen\\Concerns\\{closure}(Object(Laravel\\Lumen\\Http\\Request))
#25 C:\\xampp\\htdocs\\backend\\vendor\\illuminate\\session\\Middleware\\StartSession.php(121): Laravel\\Lumen\\Routing\\Pipeline->Laravel\\Lumen\\Routing\\{closure}(Object(Laravel\\Lumen\\Http\\Request))
#26 C:\\xampp\\htdocs\\backend\\vendor\\illuminate\\session\\Middleware\\StartSession.php(64): Illuminate\\Session\\Middleware\\StartSession->handleStatefulRequest(Object(Laravel\\Lumen\\Http\\Request), Object(Illuminate\\Session\\Store), Object(Closure))
#27 C:\\xampp\\htdocs\\backend\\vendor\\illuminate\\pipeline\\Pipeline.php(167): Illuminate\\Session\\Middleware\\StartSession->handle(Object(Laravel\\Lumen\\Http\\Request), Object(Closure))
#28 C:\\xampp\\htdocs\\backend\\vendor\\laravel\\lumen-framework\\src\\Routing\\Pipeline.php(30): Illuminate\\Pipeline\\Pipeline->Illuminate\\Pipeline\\{closure}(Object(Laravel\\Lumen\\Http\\Request))
#29 C:\\xampp\\htdocs\\backend\\vendor\\illuminate\\pipeline\\Pipeline.php(103): Laravel\\Lumen\\Routing\\Pipeline->Laravel\\Lumen\\Routing\\{closure}(Object(Laravel\\Lumen\\Http\\Request))
#30 C:\\xampp\\htdocs\\backend\\vendor\\laravel\\lumen-framework\\src\\Concerns\\RoutesRequests.php(427): Illuminate\\Pipeline\\Pipeline->then(Object(Closure))
#31 C:\\xampp\\htdocs\\backend\\vendor\\laravel\\lumen-framework\\src\\Concerns\\RoutesRequests.php(176): Laravel\\Lumen\\Application->sendThroughPipeline(Array, Object(Closure))
#32 C:\\xampp\\htdocs\\backend\\vendor\\laravel\\lumen-framework\\src\\Concerns\\RoutesRequests.php(113): Laravel\\Lumen\\Application->dispatch(NULL)
#33 C:\\xampp\\htdocs\\backend\\public\\index.php(28): Laravel\\Lumen\\Application->run()
#34 {main}

[previous exception] [object] (PDOException(code: 1045): SQLSTATE[HY000] [1045] Access denied for user 'forge'@'localhost' (using password: NO) at C:\\xampp\\htdocs\\backend\\vendor\\illuminate\\database\\Connectors\\Connector.php:70)
[stacktrace]
#0 C:\\xampp\\htdocs\\backend\\vendor\\illuminate\\database\\Connectors\\Connector.php(70): PDO->__construct('mysql:host=127....', 'forge', '', Array)
#1 C:\\xampp\\htdocs\\backend\\vendor\\illuminate\\database\\Connectors\\Connector.php(46): Illuminate\\Database\\Connectors\\Connector->createPdoConnection('mysql:host=127....', 'forge', '', Array)
#2 C:\\xampp\\htdocs\\backend\\vendor\\illuminate\\database\\Connectors\\MySqlConnector.php(24): Illuminate\\Database\\Connectors\\Connector->createConnection('mysql:host=127....', Array, Array)
#3 C:\\xampp\\htdocs\\backend\\vendor\\illuminate\\database\\Connectors\\ConnectionFactory.php(184): Illuminate\\Database\\Connectors\\MySqlConnector->connect(Array)
#4 [internal function]: Illuminate\\Database\\Connectors\\ConnectionFactory->Illuminate\\Database\\Connectors\\{closure}()
#5 C:\\xampp\\htdocs\\backend\\vendor\\illuminate\\database\\Connection.php(1064): call_user_func(Object(Closure))
#6 C:\\xampp\\htdocs\\backend\\vendor\\illuminate\\database\\Connection.php(1100): Illuminate\\Database\\Connection->getPdo()
#7 C:\\xampp\\htdocs\\backend\\vendor\\illuminate\\database\\Connection.php(442): Illuminate\\Database\\Connection->getReadPdo()
#8 C:\\xampp\\htdocs\\backend\\vendor\\illuminate\\database\\Connection.php(368): Illuminate\\Database\\Connection->getPdoForSelect(true)
#9 C:\\xampp\\htdocs\\backend\\vendor\\illuminate\\database\\Connection.php(705): Illuminate\\Database\\Connection->Illuminate\\Database\\{closure}('select `search_...', Array)
#10 C:\\xampp\\htdocs\\backend\\vendor\\illuminate\\database\\Connection.php(672): Illuminate\\Database\\Connection->runQueryCallback('select `search_...', Array, Object(Closure))
#11 C:\\xampp\\htdocs\\backend\\vendor\\illuminate\\database\\Connection.php(376): Illuminate\\Database\\Connection->run('select `search_...', Array, Object(Closure))
#12 C:\\xampp\\htdocs\\backend\\vendor\\illuminate\\database\\Query\\Builder.php(2414): Illuminate\\Database\\Connection->select('select `search_...', Array, true)
#13 C:\\xampp\\htdocs\\backend\\vendor\\illuminate\\database\\Query\\Builder.php(2402): Illuminate\\Database\\Query\\Builder->runSelect()
#14 C:\\xampp\\htdocs\\backend\\vendor\\illuminate\\database\\Query\\Builder.php(2936): Illuminate\\Database\\Query\\Builder->Illuminate\\Database\\Query\\{closure}()
#15 C:\\xampp\\htdocs\\backend\\vendor\\illuminate\\database\\Query\\Builder.php(2403): Illuminate\\Database\\Query\\Builder->onceWithColumns(Array, Object(Closure))
#16 C:\\xampp\\htdocs\\backend\\vendor\\illuminate\\database\\Concerns\\BuildsQueries.php(294): Illuminate\\Database\\Query\\Builder->get(Array)
#17 C:\\xampp\\htdocs\\backend\\app\\helper.php(505): Illuminate\\Database\\Query\\Builder->first()
#18 C:\\xampp\\htdocs\\backend\\app\\Http\\Controllers\\BookController.php(37): maxresult()
#19 [internal function]: App\\Http\\Controllers\\BookController->__construct()
#20 C:\\xampp\\htdocs\\backend\\vendor\\illuminate\\container\\Container.php(917): ReflectionClass->newInstanceArgs(Array)
#21 C:\\xampp\\htdocs\\backend\\vendor\\illuminate\\container\\Container.php(758): Illuminate\\Container\\Container->build('App\\\\Http\\\\Contro...')
#22 C:\\xampp\\htdocs\\backend\\vendor\\illuminate\\container\\Container.php(694): Illuminate\\Container\\Container->resolve('App\\\\Http\\\\Contro...', Array)
#23 C:\\xampp\\htdocs\\backend\\vendor\\laravel\\lumen-framework\\src\\Application.php(300): Illuminate\\Container\\Container->make('App\\\\Http\\\\Contro...', Array)
#24 C:\\xampp\\htdocs\\backend\\vendor\\illuminate\\container\\Container.php(1027): Laravel\\Lumen\\Application->make('App\\\\Http\\\\Contro...')
#25 C:\\xampp\\htdocs\\backend\\vendor\\illuminate\\container\\Container.php(947): Illuminate\\Container\\Container->resolveClass(Object(ReflectionParameter))
#26 C:\\xampp\\htdocs\\backend\\vendor\\illuminate\\container\\Container.php(908): Illuminate\\Container\\Container->resolveDependencies(Array)
#27 C:\\xampp\\htdocs\\backend\\vendor\\illuminate\\container\\Container.php(758): Illuminate\\Container\\Container->build('App\\\\Http\\\\Contro...')
#28 C:\\xampp\\htdocs\\backend\\vendor\\illuminate\\container\\Container.php(694): Illuminate\\Container\\Container->resolve('App\\\\Http\\\\Contro...', Array)
#29 C:\\xampp\\htdocs\\backend\\vendor\\laravel\\lumen-framework\\src\\Application.php(300): Illuminate\\Container\\Container->make('App\\\\Http\\\\Contro...', Array)
#30 C:\\xampp\\htdocs\\backend\\vendor\\laravel\\lumen-framework\\src\\Concerns\\RoutesRequests.php(325): Laravel\\Lumen\\Application->make('App\\\\Http\\\\Contro...')
#31 C:\\xampp\\htdocs\\backend\\vendor\\laravel\\lumen-framework\\src\\Concerns\\RoutesRequests.php(283): Laravel\\Lumen\\Application->callControllerAction(Array)
#32 C:\\xampp\\htdocs\\backend\\vendor\\laravel\\lumen-framework\\src\\Concerns\\RoutesRequests.php(268): Laravel\\Lumen\\Application->callActionOnArrayBasedRoute(Array)
#33 C:\\xampp\\htdocs\\backend\\vendor\\laravel\\lumen-framework\\src\\Concerns\\RoutesRequests.php(170): Laravel\\Lumen\\Application->handleFoundRoute(Array)
#34 C:\\xampp\\htdocs\\backend\\vendor\\laravel\\lumen-framework\\src\\Routing\\Pipeline.php(48): Laravel\\Lumen\\Application->Laravel\\Lumen\\Concerns\\{closure}(Object(Laravel\\Lumen\\Http\\Request))
#35 C:\\xampp\\htdocs\\backend\\vendor\\illuminate\\session\\Middleware\\StartSession.php(121): Laravel\\Lumen\\Routing\\Pipeline->Laravel\\Lumen\\Routing\\{closure}(Object(Laravel\\Lumen\\Http\\Request))
#36 C:\\xampp\\htdocs\\backend\\vendor\\illuminate\\session\\Middleware\\StartSession.php(64): Illuminate\\Session\\Middleware\\StartSession->handleStatefulRequest(Object(Laravel\\Lumen\\Http\\Request), Object(Illuminate\\Session\\Store), Object(Closure))
#37 C:\\xampp\\htdocs\\backend\\vendor\\illuminate\\pipeline\\Pipeline.php(167): Illuminate\\Session\\Middleware\\StartSession->handle(Object(Laravel\\Lumen\\Http\\Request), Object(Closure))
#38 C:\\xampp\\htdocs\\backend\\vendor\\laravel\\lumen-framework\\src\\Routing\\Pipeline.php(30): Illuminate\\Pipeline\\Pipeline->Illuminate\\Pipeline\\{closure}(Object(Laravel\\Lumen\\Http\\Request))
#39 C:\\xampp\\htdocs\\backend\\vendor\\illuminate\\pipeline\\Pipeline.php(103): Laravel\\Lumen\\Routing\\Pipeline->Laravel\\Lumen\\Routing\\{closure}(Object(Laravel\\Lumen\\Http\\Request))
#40 C:\\xampp\\htdocs\\backend\\vendor\\laravel\\lumen-framework\\src\\Concerns\\RoutesRequests.php(427): Illuminate\\Pipeline\\Pipeline->then(Object(Closure))
#41 C:\\xampp\\htdocs\\backend\\vendor\\laravel\\lumen-framework\\src\\Concerns\\RoutesRequests.php(176): Laravel\\Lumen\\Application->sendThroughPipeline(Array, Object(Closure))
#42 C:\\xampp\\htdocs\\backend\\vendor\\laravel\\lumen-framework\\src\\Concerns\\RoutesRequests.php(113): Laravel\\Lumen\\Application->dispatch(NULL)
#43 C:\\xampp\\htdocs\\backend\\public\\index.php(28): Laravel\\Lumen\\Application->run()
#44 {main}
"} 
[2024-02-07 13:14:51] production.ERROR: Argument 3 passed to Lcobucci\JWT\Signer\Hmac::doVerify() must be an instance of Lcobucci\JWT\Signer\Key, null given, called in C:\xampp\htdocs\backend\vendor\lcobucci\jwt\src\Signer\BaseSigner.php on line 44 {"exception":"[object] (TypeError(code: 0): Argument 3 passed to Lcobucci\\JWT\\Signer\\Hmac::doVerify() must be an instance of Lcobucci\\JWT\\Signer\\Key, null given, called in C:\\xampp\\htdocs\\backend\\vendor\\lcobucci\\jwt\\src\\Signer\\BaseSigner.php on line 44 at C:\\xampp\\htdocs\\backend\\vendor\\lcobucci\\jwt\\src\\Signer\\Hmac.php:29)
[stacktrace]
#0 C:\\xampp\\htdocs\\backend\\vendor\\lcobucci\\jwt\\src\\Signer\\BaseSigner.php(44): Lcobucci\\JWT\\Signer\\Hmac->doVerify('s6\\xBD\\xD8'\\x92\\xA8p\\xD8N\\xD3\\xAD\\xC4\\xDC\\xBD...', 'eyJ0eXAiOiJKV1Q...', NULL)
#1 C:\\xampp\\htdocs\\backend\\vendor\\lcobucci\\jwt\\src\\Signature.php(49): Lcobucci\\JWT\\Signer\\BaseSigner->verify('s6\\xBD\\xD8'\\x92\\xA8p\\xD8N\\xD3\\xAD\\xC4\\xDC\\xBD...', 'eyJ0eXAiOiJKV1Q...', NULL)
#2 C:\\xampp\\htdocs\\backend\\vendor\\lcobucci\\jwt\\src\\Token.php(202): Lcobucci\\JWT\\Signature->verify(Object(Lcobucci\\JWT\\Signer\\Hmac\\Sha256), 'eyJ0eXAiOiJKV1Q...', NULL)
#3 C:\\xampp\\htdocs\\backend\\vendor\\tymon\\jwt-auth\\src\\Providers\\JWT\\Lcobucci.php(136): Lcobucci\\JWT\\Token->verify(Object(Lcobucci\\JWT\\Signer\\Hmac\\Sha256), NULL)
#4 C:\\xampp\\htdocs\\backend\\vendor\\tymon\\jwt-auth\\src\\Manager.php(101): Tymon\\JWTAuth\\Providers\\JWT\\Lcobucci->decode('eyJ0eXAiOiJKV1Q...')
#5 C:\\xampp\\htdocs\\backend\\vendor\\tymon\\jwt-auth\\src\\JWT.php(200): Tymon\\JWTAuth\\Manager->decode(Object(Tymon\\JWTAuth\\Token))
#6 C:\\xampp\\htdocs\\backend\\vendor\\tymon\\jwt-auth\\src\\JWT.php(136): Tymon\\JWTAuth\\JWT->getPayload()
#7 C:\\xampp\\htdocs\\backend\\vendor\\tymon\\jwt-auth\\src\\JWT.php(149): Tymon\\JWTAuth\\JWT->checkOrFail()
#8 C:\\xampp\\htdocs\\backend\\vendor\\tymon\\jwt-auth\\src\\JWTGuard.php(79): Tymon\\JWTAuth\\JWT->check(true)
#9 C:\\xampp\\htdocs\\backend\\vendor\\illuminate\\auth\\GuardHelpers.php(80): Tymon\\JWTAuth\\JWTGuard->user()
#10 C:\\xampp\\htdocs\\backend\\vendor\\illuminate\\auth\\AuthManager.php(336): Tymon\\JWTAuth\\JWTGuard->id()
#11 C:\\xampp\\htdocs\\backend\\vendor\\illuminate\\support\\Facades\\Facade.php(261): Illuminate\\Auth\\AuthManager->__call('id', Array)
#12 C:\\xampp\\htdocs\\backend\\app\\Http\\Controllers\\DashboardController.php(151): Illuminate\\Support\\Facades\\Facade::__callStatic('id', Array)
#13 C:\\xampp\\htdocs\\backend\\app\\Http\\Controllers\\DashboardController.php(899): App\\Http\\Controllers\\DashboardController->newRelease()
#14 C:\\xampp\\htdocs\\backend\\vendor\\illuminate\\container\\BoundMethod.php(36): App\\Http\\Controllers\\DashboardController->homepage()
#15 C:\\xampp\\htdocs\\backend\\vendor\\illuminate\\container\\Util.php(40): Illuminate\\Container\\BoundMethod::Illuminate\\Container\\{closure}()
#16 C:\\xampp\\htdocs\\backend\\vendor\\illuminate\\container\\BoundMethod.php(93): Illuminate\\Container\\Util::unwrapIfClosure(Object(Closure))
#17 C:\\xampp\\htdocs\\backend\\vendor\\illuminate\\container\\BoundMethod.php(37): Illuminate\\Container\\BoundMethod::callBoundMethod(Object(Laravel\\Lumen\\Application), Array, Object(Closure))
#18 C:\\xampp\\htdocs\\backend\\vendor\\illuminate\\container\\Container.php(653): Illuminate\\Container\\BoundMethod::call(Object(Laravel\\Lumen\\Application), Array, Array, NULL)
#19 C:\\xampp\\htdocs\\backend\\vendor\\laravel\\lumen-framework\\src\\Concerns\\RoutesRequests.php(390): Illuminate\\Container\\Container->call(Array, Array)
#20 C:\\xampp\\htdocs\\backend\\vendor\\laravel\\lumen-framework\\src\\Concerns\\RoutesRequests.php(356): Laravel\\Lumen\\Application->callControllerCallable(Array, Array)
#21 C:\\xampp\\htdocs\\backend\\vendor\\laravel\\lumen-framework\\src\\Concerns\\RoutesRequests.php(330): Laravel\\Lumen\\Application->callLumenController(Object(App\\Http\\Controllers\\DashboardController), 'homepage', Array)
#22 C:\\xampp\\htdocs\\backend\\vendor\\laravel\\lumen-framework\\src\\Concerns\\RoutesRequests.php(283): Laravel\\Lumen\\Application->callControllerAction(Array)
#23 C:\\xampp\\htdocs\\backend\\vendor\\laravel\\lumen-framework\\src\\Concerns\\RoutesRequests.php(268): Laravel\\Lumen\\Application->callActionOnArrayBasedRoute(Array)
#24 C:\\xampp\\htdocs\\backend\\vendor\\laravel\\lumen-framework\\src\\Concerns\\RoutesRequests.php(170): Laravel\\Lumen\\Application->handleFoundRoute(Array)
#25 C:\\xampp\\htdocs\\backend\\vendor\\laravel\\lumen-framework\\src\\Routing\\Pipeline.php(48): Laravel\\Lumen\\Application->Laravel\\Lumen\\Concerns\\{closure}(Object(Laravel\\Lumen\\Http\\Request))
#26 C:\\xampp\\htdocs\\backend\\vendor\\illuminate\\session\\Middleware\\StartSession.php(121): Laravel\\Lumen\\Routing\\Pipeline->Laravel\\Lumen\\Routing\\{closure}(Object(Laravel\\Lumen\\Http\\Request))
#27 C:\\xampp\\htdocs\\backend\\vendor\\illuminate\\session\\Middleware\\StartSession.php(64): Illuminate\\Session\\Middleware\\StartSession->handleStatefulRequest(Object(Laravel\\Lumen\\Http\\Request), Object(Illuminate\\Session\\Store), Object(Closure))
#28 C:\\xampp\\htdocs\\backend\\vendor\\illuminate\\pipeline\\Pipeline.php(167): Illuminate\\Session\\Middleware\\StartSession->handle(Object(Laravel\\Lumen\\Http\\Request), Object(Closure))
#29 C:\\xampp\\htdocs\\backend\\vendor\\laravel\\lumen-framework\\src\\Routing\\Pipeline.php(30): Illuminate\\Pipeline\\Pipeline->Illuminate\\Pipeline\\{closure}(Object(Laravel\\Lumen\\Http\\Request))
#30 C:\\xampp\\htdocs\\backend\\vendor\\illuminate\\pipeline\\Pipeline.php(103): Laravel\\Lumen\\Routing\\Pipeline->Laravel\\Lumen\\Routing\\{closure}(Object(Laravel\\Lumen\\Http\\Request))
#31 C:\\xampp\\htdocs\\backend\\vendor\\laravel\\lumen-framework\\src\\Concerns\\RoutesRequests.php(427): Illuminate\\Pipeline\\Pipeline->then(Object(Closure))
#32 C:\\xampp\\htdocs\\backend\\vendor\\laravel\\lumen-framework\\src\\Concerns\\RoutesRequests.php(176): Laravel\\Lumen\\Application->sendThroughPipeline(Array, Object(Closure))
#33 C:\\xampp\\htdocs\\backend\\vendor\\laravel\\lumen-framework\\src\\Concerns\\RoutesRequests.php(113): Laravel\\Lumen\\Application->dispatch(NULL)
#34 C:\\xampp\\htdocs\\backend\\public\\index.php(28): Laravel\\Lumen\\Application->run()
#35 {main}
"} 
[2024-02-07 13:43:22] production.ERROR: Argument 3 passed to Lcobucci\JWT\Signer\Hmac::doVerify() must be an instance of Lcobucci\JWT\Signer\Key, null given, called in C:\xampp\htdocs\backend\vendor\lcobucci\jwt\src\Signer\BaseSigner.php on line 44 {"exception":"[object] (TypeError(code: 0): Argument 3 passed to Lcobucci\\JWT\\Signer\\Hmac::doVerify() must be an instance of Lcobucci\\JWT\\Signer\\Key, null given, called in C:\\xampp\\htdocs\\backend\\vendor\\lcobucci\\jwt\\src\\Signer\\BaseSigner.php on line 44 at C:\\xampp\\htdocs\\backend\\vendor\\lcobucci\\jwt\\src\\Signer\\Hmac.php:29)
[stacktrace]
#0 C:\\xampp\\htdocs\\backend\\vendor\\lcobucci\\jwt\\src\\Signer\\BaseSigner.php(44): Lcobucci\\JWT\\Signer\\Hmac->doVerify('s6\\xBD\\xD8'\\x92\\xA8p\\xD8N\\xD3\\xAD\\xC4\\xDC\\xBD...', 'eyJ0eXAiOiJKV1Q...', NULL)
#1 C:\\xampp\\htdocs\\backend\\vendor\\lcobucci\\jwt\\src\\Signature.php(49): Lcobucci\\JWT\\Signer\\BaseSigner->verify('s6\\xBD\\xD8'\\x92\\xA8p\\xD8N\\xD3\\xAD\\xC4\\xDC\\xBD...', 'eyJ0eXAiOiJKV1Q...', NULL)
#2 C:\\xampp\\htdocs\\backend\\vendor\\lcobucci\\jwt\\src\\Token.php(202): Lcobucci\\JWT\\Signature->verify(Object(Lcobucci\\JWT\\Signer\\Hmac\\Sha256), 'eyJ0eXAiOiJKV1Q...', NULL)
#3 C:\\xampp\\htdocs\\backend\\vendor\\tymon\\jwt-auth\\src\\Providers\\JWT\\Lcobucci.php(136): Lcobucci\\JWT\\Token->verify(Object(Lcobucci\\JWT\\Signer\\Hmac\\Sha256), NULL)
#4 C:\\xampp\\htdocs\\backend\\vendor\\tymon\\jwt-auth\\src\\Manager.php(101): Tymon\\JWTAuth\\Providers\\JWT\\Lcobucci->decode('eyJ0eXAiOiJKV1Q...')
#5 C:\\xampp\\htdocs\\backend\\vendor\\tymon\\jwt-auth\\src\\JWT.php(200): Tymon\\JWTAuth\\Manager->decode(Object(Tymon\\JWTAuth\\Token))
#6 C:\\xampp\\htdocs\\backend\\vendor\\tymon\\jwt-auth\\src\\JWT.php(136): Tymon\\JWTAuth\\JWT->getPayload()
#7 C:\\xampp\\htdocs\\backend\\vendor\\tymon\\jwt-auth\\src\\JWT.php(149): Tymon\\JWTAuth\\JWT->checkOrFail()
#8 C:\\xampp\\htdocs\\backend\\vendor\\tymon\\jwt-auth\\src\\JWTGuard.php(79): Tymon\\JWTAuth\\JWT->check(true)
#9 C:\\xampp\\htdocs\\backend\\vendor\\illuminate\\auth\\AuthManager.php(336): Tymon\\JWTAuth\\JWTGuard->user()
#10 C:\\xampp\\htdocs\\backend\\app\\Http\\Middleware\\Authenticate.php(38): Illuminate\\Auth\\AuthManager->__call('user', Array)
#11 C:\\xampp\\htdocs\\backend\\vendor\\illuminate\\pipeline\\Pipeline.php(167): App\\Http\\Middleware\\Authenticate->handle(Object(Laravel\\Lumen\\Http\\Request), Object(Closure), 'api')
#12 C:\\xampp\\htdocs\\backend\\vendor\\laravel\\lumen-framework\\src\\Routing\\Pipeline.php(30): Illuminate\\Pipeline\\Pipeline->Illuminate\\Pipeline\\{closure}(Object(Laravel\\Lumen\\Http\\Request))
#13 C:\\xampp\\htdocs\\backend\\vendor\\illuminate\\pipeline\\Pipeline.php(103): Laravel\\Lumen\\Routing\\Pipeline->Laravel\\Lumen\\Routing\\{closure}(Object(Laravel\\Lumen\\Http\\Request))
#14 C:\\xampp\\htdocs\\backend\\vendor\\laravel\\lumen-framework\\src\\Concerns\\RoutesRequests.php(427): Illuminate\\Pipeline\\Pipeline->then(Object(Closure))
#15 C:\\xampp\\htdocs\\backend\\vendor\\laravel\\lumen-framework\\src\\Concerns\\RoutesRequests.php(264): Laravel\\Lumen\\Application->sendThroughPipeline(Array, Object(Closure))
#16 C:\\xampp\\htdocs\\backend\\vendor\\laravel\\lumen-framework\\src\\Concerns\\RoutesRequests.php(170): Laravel\\Lumen\\Application->handleFoundRoute(Array)
#17 C:\\xampp\\htdocs\\backend\\vendor\\laravel\\lumen-framework\\src\\Routing\\Pipeline.php(48): Laravel\\Lumen\\Application->Laravel\\Lumen\\Concerns\\{closure}(Object(Laravel\\Lumen\\Http\\Request))
#18 C:\\xampp\\htdocs\\backend\\vendor\\illuminate\\session\\Middleware\\StartSession.php(121): Laravel\\Lumen\\Routing\\Pipeline->Laravel\\Lumen\\Routing\\{closure}(Object(Laravel\\Lumen\\Http\\Request))
#19 C:\\xampp\\htdocs\\backend\\vendor\\illuminate\\session\\Middleware\\StartSession.php(64): Illuminate\\Session\\Middleware\\StartSession->handleStatefulRequest(Object(Laravel\\Lumen\\Http\\Request), Object(Illuminate\\Session\\Store), Object(Closure))
#20 C:\\xampp\\htdocs\\backend\\vendor\\illuminate\\pipeline\\Pipeline.php(167): Illuminate\\Session\\Middleware\\StartSession->handle(Object(Laravel\\Lumen\\Http\\Request), Object(Closure))
#21 C:\\xampp\\htdocs\\backend\\vendor\\laravel\\lumen-framework\\src\\Routing\\Pipeline.php(30): Illuminate\\Pipeline\\Pipeline->Illuminate\\Pipeline\\{closure}(Object(Laravel\\Lumen\\Http\\Request))
#22 C:\\xampp\\htdocs\\backend\\vendor\\illuminate\\pipeline\\Pipeline.php(103): Laravel\\Lumen\\Routing\\Pipeline->Laravel\\Lumen\\Routing\\{closure}(Object(Laravel\\Lumen\\Http\\Request))
#23 C:\\xampp\\htdocs\\backend\\vendor\\laravel\\lumen-framework\\src\\Concerns\\RoutesRequests.php(427): Illuminate\\Pipeline\\Pipeline->then(Object(Closure))
#24 C:\\xampp\\htdocs\\backend\\vendor\\laravel\\lumen-framework\\src\\Concerns\\RoutesRequests.php(176): Laravel\\Lumen\\Application->sendThroughPipeline(Array, Object(Closure))
#25 C:\\xampp\\htdocs\\backend\\vendor\\laravel\\lumen-framework\\src\\Concerns\\RoutesRequests.php(113): Laravel\\Lumen\\Application->dispatch(NULL)
#26 C:\\xampp\\htdocs\\backend\\public\\index.php(28): Laravel\\Lumen\\Application->run()
#27 {main}
"} 
