[2024-01-30 07:02:06] production.INFO: registration  
[2024-01-30 07:02:06] production.INFO: check indentification:null  
[2024-01-30 07:02:06] production.INFO: user detail  
[2024-01-30 07:02:06] production.INFO: Array
(
    [user_id] => 2751
    [identification_number] => 29266208
    [identification_type] => 1
    [country] => Kenya
    [state] => Nairobi
    [city] => Nairobi
    [address] => kitengela
    [gender] => M
    [dob] => 1992/03/15
)
  
[2024-01-30 07:02:06] production.INFO: key insert audit  
[2024-01-30 07:02:46] production.INFO: token found  
[2024-01-30 07:03:34] production.INFO: MEMBERSHIP UPDATE- Request Data: 2751  
[2024-01-30 07:03:34] production.INFO: updated MEMBERSHIP:{"is_membership_user":0}  
[2024-01-30 08:39:36] production.INFO: MEMBERSHIP UPDATE- Request Data: 2751  
[2024-01-30 08:39:36] production.INFO: updated MEMBERSHIP:{"is_membership_user":0}  
[2024-01-30 08:41:08] production.INFO: key insert audit  
[2024-01-30 08:41:13] production.INFO: MEMBERSHIP UPDATE- Request Data: 2751  
[2024-01-30 08:41:13] production.INFO: updated MEMBERSHIP:{"is_membership_user":0}  
[2024-01-30 08:41:37] production.INFO: Get my profile  
[2024-01-30 08:41:37] production.INFO: Get my profile  
[2024-01-30 08:41:56] production.INFO: Array
(
    [class] => 3
    [categories] => 
    [publishers] => 2751
)
  
[2024-01-30 10:52:38] production.INFO: Get my profile  
[2024-01-30 10:52:38] production.INFO: Get my profile  
