[2024-02-09 08:27:53] production.INFO: token found  
[2024-02-09 08:28:19] production.INFO: token found  
[2024-02-09 08:28:22] production.ERROR: Argument 3 passed to Lcobucci\JWT\Signer\Hmac::doVerify() must be an instance of Lcobucci\JWT\Signer\Key, null given, called in C:\xampp\htdocs\backend\vendor\lcobucci\jwt\src\Signer\BaseSigner.php on line 44 {"exception":"[object] (TypeError(code: 0): Argument 3 passed to Lcobucci\\JWT\\Signer\\Hmac::doVerify() must be an instance of Lcobucci\\JWT\\Signer\\Key, null given, called in C:\\xampp\\htdocs\\backend\\vendor\\lcobucci\\jwt\\src\\Signer\\BaseSigner.php on line 44 at C:\\xampp\\htdocs\\backend\\vendor\\lcobucci\\jwt\\src\\Signer\\Hmac.php:29)
[stacktrace]
#0 C:\\xampp\\htdocs\\backend\\vendor\\lcobucci\\jwt\\src\\Signer\\BaseSigner.php(44): Lcobucci\\JWT\\Signer\\Hmac->doVerify('\\xD2z\\xA7\\xB6\\x95\\xA8\\xB9 7\\x86\\xA8`Ds\\xD6...', 'eyJ0eXAiOiJKV1Q...', NULL)
#1 C:\\xampp\\htdocs\\backend\\vendor\\lcobucci\\jwt\\src\\Signature.php(49): Lcobucci\\JWT\\Signer\\BaseSigner->verify('\\xD2z\\xA7\\xB6\\x95\\xA8\\xB9 7\\x86\\xA8`Ds\\xD6...', 'eyJ0eXAiOiJKV1Q...', NULL)
#2 C:\\xampp\\htdocs\\backend\\vendor\\lcobucci\\jwt\\src\\Token.php(202): Lcobucci\\JWT\\Signature->verify(Object(Lcobucci\\JWT\\Signer\\Hmac\\Sha256), 'eyJ0eXAiOiJKV1Q...', NULL)
#3 C:\\xampp\\htdocs\\backend\\vendor\\tymon\\jwt-auth\\src\\Providers\\JWT\\Lcobucci.php(136): Lcobucci\\JWT\\Token->verify(Object(Lcobucci\\JWT\\Signer\\Hmac\\Sha256), NULL)
#4 C:\\xampp\\htdocs\\backend\\vendor\\tymon\\jwt-auth\\src\\Manager.php(101): Tymon\\JWTAuth\\Providers\\JWT\\Lcobucci->decode('eyJ0eXAiOiJKV1Q...')
#5 C:\\xampp\\htdocs\\backend\\vendor\\tymon\\jwt-auth\\src\\JWT.php(200): Tymon\\JWTAuth\\Manager->decode(Object(Tymon\\JWTAuth\\Token))
#6 C:\\xampp\\htdocs\\backend\\vendor\\tymon\\jwt-auth\\src\\JWT.php(136): Tymon\\JWTAuth\\JWT->getPayload()
#7 C:\\xampp\\htdocs\\backend\\vendor\\tymon\\jwt-auth\\src\\JWT.php(149): Tymon\\JWTAuth\\JWT->checkOrFail()
#8 C:\\xampp\\htdocs\\backend\\vendor\\tymon\\jwt-auth\\src\\JWTGuard.php(79): Tymon\\JWTAuth\\JWT->check(true)
#9 C:\\xampp\\htdocs\\backend\\vendor\\illuminate\\auth\\AuthManager.php(336): Tymon\\JWTAuth\\JWTGuard->user()
#10 C:\\xampp\\htdocs\\backend\\app\\Http\\Middleware\\Authenticate.php(38): Illuminate\\Auth\\AuthManager->__call('user', Array)
#11 C:\\xampp\\htdocs\\backend\\vendor\\illuminate\\pipeline\\Pipeline.php(167): App\\Http\\Middleware\\Authenticate->handle(Object(Laravel\\Lumen\\Http\\Request), Object(Closure), 'api')
#12 C:\\xampp\\htdocs\\backend\\vendor\\laravel\\lumen-framework\\src\\Routing\\Pipeline.php(30): Illuminate\\Pipeline\\Pipeline->Illuminate\\Pipeline\\{closure}(Object(Laravel\\Lumen\\Http\\Request))
#13 C:\\xampp\\htdocs\\backend\\vendor\\illuminate\\pipeline\\Pipeline.php(103): Laravel\\Lumen\\Routing\\Pipeline->Laravel\\Lumen\\Routing\\{closure}(Object(Laravel\\Lumen\\Http\\Request))
#14 C:\\xampp\\htdocs\\backend\\vendor\\laravel\\lumen-framework\\src\\Concerns\\RoutesRequests.php(427): Illuminate\\Pipeline\\Pipeline->then(Object(Closure))
#15 C:\\xampp\\htdocs\\backend\\vendor\\laravel\\lumen-framework\\src\\Concerns\\RoutesRequests.php(264): Laravel\\Lumen\\Application->sendThroughPipeline(Array, Object(Closure))
#16 C:\\xampp\\htdocs\\backend\\vendor\\laravel\\lumen-framework\\src\\Concerns\\RoutesRequests.php(170): Laravel\\Lumen\\Application->handleFoundRoute(Array)
#17 C:\\xampp\\htdocs\\backend\\vendor\\laravel\\lumen-framework\\src\\Routing\\Pipeline.php(48): Laravel\\Lumen\\Application->Laravel\\Lumen\\Concerns\\{closure}(Object(Laravel\\Lumen\\Http\\Request))
#18 C:\\xampp\\htdocs\\backend\\vendor\\illuminate\\session\\Middleware\\StartSession.php(121): Laravel\\Lumen\\Routing\\Pipeline->Laravel\\Lumen\\Routing\\{closure}(Object(Laravel\\Lumen\\Http\\Request))
#19 C:\\xampp\\htdocs\\backend\\vendor\\illuminate\\session\\Middleware\\StartSession.php(64): Illuminate\\Session\\Middleware\\StartSession->handleStatefulRequest(Object(Laravel\\Lumen\\Http\\Request), Object(Illuminate\\Session\\Store), Object(Closure))
#20 C:\\xampp\\htdocs\\backend\\vendor\\illuminate\\pipeline\\Pipeline.php(167): Illuminate\\Session\\Middleware\\StartSession->handle(Object(Laravel\\Lumen\\Http\\Request), Object(Closure))
#21 C:\\xampp\\htdocs\\backend\\vendor\\laravel\\lumen-framework\\src\\Routing\\Pipeline.php(30): Illuminate\\Pipeline\\Pipeline->Illuminate\\Pipeline\\{closure}(Object(Laravel\\Lumen\\Http\\Request))
#22 C:\\xampp\\htdocs\\backend\\vendor\\illuminate\\pipeline\\Pipeline.php(103): Laravel\\Lumen\\Routing\\Pipeline->Laravel\\Lumen\\Routing\\{closure}(Object(Laravel\\Lumen\\Http\\Request))
#23 C:\\xampp\\htdocs\\backend\\vendor\\laravel\\lumen-framework\\src\\Concerns\\RoutesRequests.php(427): Illuminate\\Pipeline\\Pipeline->then(Object(Closure))
#24 C:\\xampp\\htdocs\\backend\\vendor\\laravel\\lumen-framework\\src\\Concerns\\RoutesRequests.php(176): Laravel\\Lumen\\Application->sendThroughPipeline(Array, Object(Closure))
#25 C:\\xampp\\htdocs\\backend\\vendor\\laravel\\lumen-framework\\src\\Concerns\\RoutesRequests.php(113): Laravel\\Lumen\\Application->dispatch(NULL)
#26 C:\\xampp\\htdocs\\backend\\public\\index.php(28): Laravel\\Lumen\\Application->run()
#27 {main}
"} 
[2024-02-09 08:28:57] production.INFO: data from payment membership/Cart: {"checkout_data":1,"clientIDNumber":"29266208","amount":"20","token":"eyJ0eXAiOiJKV1QiLCJhbGciOiJIUzI1NiJ9.eyJpc3MiOiJodHRwOlwvXC9sb2NhbGhvc3RcL2JhY2tlbmRcL3B1YmxpY1wvd2FwaVwvbG9naW5cL29hdXRoXC9hdXRob3Jpc2UiLCJpYXQiOjE3MDc0NjcyOTksImV4cCI6MTcwNzg5OTI5OSwibmJmIjoxNzA3NDY3Mjk5LCJqdGkiOiJOekpPVHBycFRRSFBGMVkxIiwic3ViIjoyNzUyLCJwcnYiOiI4N2UwYWYxZWY5ZmQxNTgxMmZkZWM5NzE1M2ExNGUwYjA0NzU0NmFhIn0.0nqntpWouSA3hqhgRHPWvvL_Q3K8n014_eQGqI8fL7o","state":"Nairobi","mobile":"+254712001188","email":"ernemwit@gmail.com","clientName":"ERNEST KIRIINYA","billDesc":"membership"}  
[2024-02-09 08:28:57] production.INFO: 6017917  
[2024-02-09 08:28:57] production.INFO: PAYLOAD====> {"apiClientID":"273","serviceID":"194994","billDesc":"membership","currency":"KES","billRefNumber":"INV65C5E24994C23","clientMSISDN":"+254712001188","clientName":"ERNEST KIRIINYA","clientIDNumber":"29266208","clientEmail":"ernemwit@gmail.com","callBackURLOnSuccess":"http://localhost/pesaflow/callback","amountExpected":"20","notificationURL":"http://localhost/backend/public/pesaflow/notify","secureHash":"MzFkZmFjNWM5ZmUxMTE0MjY3MzI5OGNmNmJhNGYwNzVlNGVlOTRlYjcyNTU4ZmU1NWMwNmIwMDIyOWE3ZGRhNQ==","format":"JSON","sendSTK":"false","PictureURL":""} 
[2024-02-09 08:28:57] production.INFO: Invoice created :{"userId":2752,"planId":1,"payment_request":"{\"apiClientID\":\"273\",\"serviceID\":\"194994\",\"billDesc\":\"membership\",\"currency\":\"KES\",\"billRefNumber\":\"INV65C5E24994C23\",\"clientMSISDN\":\"+254712001188\",\"clientName\":\"ERNEST KIRIINYA\",\"clientIDNumber\":\"29266208\",\"clientEmail\":\"ernemwit@gmail.com\",\"callBackURLOnSuccess\":\"http:\\\/\\\/localhost\\\/pesaflow\\\/callback\",\"amountExpected\":\"20\",\"notificationURL\":\"http:\\\/\\\/localhost\\\/backend\\\/public\\\/pesaflow\\\/notify\",\"secureHash\":\"MzFkZmFjNWM5ZmUxMTE0MjY3MzI5OGNmNmJhNGYwNzVlNGVlOTRlYjcyNTU4ZmU1NWMwNmIwMDIyOWE3ZGRhNQ==\",\"format\":\"JSON\",\"sendSTK\":\"false\",\"PictureURL\":\"\"}","status":"pending","invoice_id":"INV65C5E24994C23","payment_for":"membership","updated_at":"2024-02-09T08:28:57.000000Z","created_at":"2024-02-09T08:28:57.000000Z","id":103}  
[2024-02-09 08:29:54] production.INFO: data from payment membership/Cart: {"checkout_data":1,"clientIDNumber":"29266208","amount":"20","token":"eyJ0eXAiOiJKV1QiLCJhbGciOiJIUzI1NiJ9.eyJpc3MiOiJodHRwOlwvXC9sb2NhbGhvc3RcL2JhY2tlbmRcL3B1YmxpY1wvd2FwaVwvbG9naW5cL29hdXRoXC9hdXRob3Jpc2UiLCJpYXQiOjE3MDc0NjcyOTksImV4cCI6MTcwNzg5OTI5OSwibmJmIjoxNzA3NDY3Mjk5LCJqdGkiOiJOekpPVHBycFRRSFBGMVkxIiwic3ViIjoyNzUyLCJwcnYiOiI4N2UwYWYxZWY5ZmQxNTgxMmZkZWM5NzE1M2ExNGUwYjA0NzU0NmFhIn0.0nqntpWouSA3hqhgRHPWvvL_Q3K8n014_eQGqI8fL7o","state":"Nairobi","mobile":"+254712001188","email":"ernemwit@gmail.com","clientName":"ERNEST KIRIINYA","billDesc":"membership"}  
[2024-02-09 08:29:54] production.INFO: 6017917  
[2024-02-09 08:29:54] production.INFO: PAYLOAD====> {"apiClientID":"273","serviceID":"194994","billDesc":"membership","currency":"KES","billRefNumber":"INV65C5E282DC9DB","clientMSISDN":"+254712001188","clientName":"ERNEST KIRIINYA","clientIDNumber":"29266208","clientEmail":"ernemwit@gmail.com","callBackURLOnSuccess":"http://localhost/pesaflow/callback","amountExpected":"20","notificationURL":"http://localhost/backend/public/pesaflow/notify","secureHash":"MTFhYjI5YWI2ZDRlMzI2OTYwYjI3Mzc5MjE0OThlZjliZjFmZGZjNTYxMWM3NTM2MTBhZGVjMzAyYWE3ZGQ1OA==","format":"JSON","sendSTK":"false","PictureURL":""} 
[2024-02-09 08:29:54] production.INFO: Invoice created :{"userId":2752,"planId":1,"payment_request":"{\"apiClientID\":\"273\",\"serviceID\":\"194994\",\"billDesc\":\"membership\",\"currency\":\"KES\",\"billRefNumber\":\"INV65C5E282DC9DB\",\"clientMSISDN\":\"+254712001188\",\"clientName\":\"ERNEST KIRIINYA\",\"clientIDNumber\":\"29266208\",\"clientEmail\":\"ernemwit@gmail.com\",\"callBackURLOnSuccess\":\"http:\\\/\\\/localhost\\\/pesaflow\\\/callback\",\"amountExpected\":\"20\",\"notificationURL\":\"http:\\\/\\\/localhost\\\/backend\\\/public\\\/pesaflow\\\/notify\",\"secureHash\":\"MTFhYjI5YWI2ZDRlMzI2OTYwYjI3Mzc5MjE0OThlZjliZjFmZGZjNTYxMWM3NTM2MTBhZGVjMzAyYWE3ZGQ1OA==\",\"format\":\"JSON\",\"sendSTK\":\"false\",\"PictureURL\":\"\"}","status":"pending","invoice_id":"INV65C5E282DC9DB","payment_for":"membership","updated_at":"2024-02-09T08:29:54.000000Z","created_at":"2024-02-09T08:29:54.000000Z","id":104}  
[2024-02-09 08:35:27] production.INFO: data from payment membership/Cart: {"checkout_data":1,"clientIDNumber":"29266208","amount":"20","token":"eyJ0eXAiOiJKV1QiLCJhbGciOiJIUzI1NiJ9.eyJpc3MiOiJodHRwOlwvXC9sb2NhbGhvc3RcL2JhY2tlbmRcL3B1YmxpY1wvd2FwaVwvbG9naW5cL29hdXRoXC9hdXRob3Jpc2UiLCJpYXQiOjE3MDc0NjcyOTksImV4cCI6MTcwNzg5OTI5OSwibmJmIjoxNzA3NDY3Mjk5LCJqdGkiOiJOekpPVHBycFRRSFBGMVkxIiwic3ViIjoyNzUyLCJwcnYiOiI4N2UwYWYxZWY5ZmQxNTgxMmZkZWM5NzE1M2ExNGUwYjA0NzU0NmFhIn0.0nqntpWouSA3hqhgRHPWvvL_Q3K8n014_eQGqI8fL7o","state":"Nairobi","mobile":"+254712001188","email":"ernemwit@gmail.com","clientName":"ERNEST KIRIINYA","billDesc":"membership"}  
[2024-02-09 08:35:27] production.INFO: 6017917  
[2024-02-09 08:35:27] production.INFO: PAYLOAD====> {"apiClientID":"273","serviceID":"194994","billDesc":"membership","currency":"KES","billRefNumber":"INV65C5E3CFC978F","clientMSISDN":"+254712001188","clientName":"ERNEST KIRIINYA","clientIDNumber":"29266208","clientEmail":"ernemwit@gmail.com","callBackURLOnSuccess":"http://localhost/pesaflow/callback","amountExpected":"20","notificationURL":"http://localhost/backend/public/pesaflow/notify","secureHash":"YmU4MjdmNzg1MjhlNGVkMmJkOTFkNGZkNDQ5MDRiMGZjZWE4MjM0ZTJmODA4MDkzODhlMmM0NTliYjkzZGU2Mg==","format":"JSON","sendSTK":"false","PictureURL":""} 
[2024-02-09 08:35:27] production.INFO: Invoice created :{"userId":2752,"planId":1,"payment_request":"{\"apiClientID\":\"273\",\"serviceID\":\"194994\",\"billDesc\":\"membership\",\"currency\":\"KES\",\"billRefNumber\":\"INV65C5E3CFC978F\",\"clientMSISDN\":\"+254712001188\",\"clientName\":\"ERNEST KIRIINYA\",\"clientIDNumber\":\"29266208\",\"clientEmail\":\"ernemwit@gmail.com\",\"callBackURLOnSuccess\":\"http:\\\/\\\/localhost\\\/pesaflow\\\/callback\",\"amountExpected\":\"20\",\"notificationURL\":\"http:\\\/\\\/localhost\\\/backend\\\/public\\\/pesaflow\\\/notify\",\"secureHash\":\"YmU4MjdmNzg1MjhlNGVkMmJkOTFkNGZkNDQ5MDRiMGZjZWE4MjM0ZTJmODA4MDkzODhlMmM0NTliYjkzZGU2Mg==\",\"format\":\"JSON\",\"sendSTK\":\"false\",\"PictureURL\":\"\"}","status":"pending","invoice_id":"INV65C5E3CFC978F","payment_for":"membership","updated_at":"2024-02-09T08:35:27.000000Z","created_at":"2024-02-09T08:35:27.000000Z","id":105}  
[2024-02-09 08:35:48] production.INFO: data from payment membership/Cart: {"checkout_data":3,"clientIDNumber":"29266208","amount":"500","token":"eyJ0eXAiOiJKV1QiLCJhbGciOiJIUzI1NiJ9.eyJpc3MiOiJodHRwOlwvXC9sb2NhbGhvc3RcL2JhY2tlbmRcL3B1YmxpY1wvd2FwaVwvbG9naW5cL29hdXRoXC9hdXRob3Jpc2UiLCJpYXQiOjE3MDc0NjcyOTksImV4cCI6MTcwNzg5OTI5OSwibmJmIjoxNzA3NDY3Mjk5LCJqdGkiOiJOekpPVHBycFRRSFBGMVkxIiwic3ViIjoyNzUyLCJwcnYiOiI4N2UwYWYxZWY5ZmQxNTgxMmZkZWM5NzE1M2ExNGUwYjA0NzU0NmFhIn0.0nqntpWouSA3hqhgRHPWvvL_Q3K8n014_eQGqI8fL7o","state":"Nairobi","mobile":"+254712001188","email":"ernemwit@gmail.com","clientName":"ERNEST KIRIINYA","billDesc":"membership"}  
[2024-02-09 08:35:48] production.INFO: 6017963  
[2024-02-09 08:35:48] production.INFO: PAYLOAD====> {"apiClientID":"273","serviceID":"194994","billDesc":"membership","currency":"KES","billRefNumber":"INV65C5E3E419F79","clientMSISDN":"+254712001188","clientName":"ERNEST KIRIINYA","clientIDNumber":"29266208","clientEmail":"ernemwit@gmail.com","callBackURLOnSuccess":"http://localhost/pesaflow/callback","amountExpected":"500","notificationURL":"http://localhost/backend/public/pesaflow/notify","secureHash":"YjUzNDJlZDYwMTAyN2NjZTg3ODUyYzBjNzQ5ZTgxNTRhYWE2OTMxYjk5NTgxOWUxOGYwOGQ1ZTA2N2ZhMzM4ZQ==","format":"JSON","sendSTK":"false","PictureURL":""} 
[2024-02-09 08:35:48] production.INFO: Invoice created :{"userId":2752,"planId":3,"payment_request":"{\"apiClientID\":\"273\",\"serviceID\":\"194994\",\"billDesc\":\"membership\",\"currency\":\"KES\",\"billRefNumber\":\"INV65C5E3E419F79\",\"clientMSISDN\":\"+254712001188\",\"clientName\":\"ERNEST KIRIINYA\",\"clientIDNumber\":\"29266208\",\"clientEmail\":\"ernemwit@gmail.com\",\"callBackURLOnSuccess\":\"http:\\\/\\\/localhost\\\/pesaflow\\\/callback\",\"amountExpected\":\"500\",\"notificationURL\":\"http:\\\/\\\/localhost\\\/backend\\\/public\\\/pesaflow\\\/notify\",\"secureHash\":\"YjUzNDJlZDYwMTAyN2NjZTg3ODUyYzBjNzQ5ZTgxNTRhYWE2OTMxYjk5NTgxOWUxOGYwOGQ1ZTA2N2ZhMzM4ZQ==\",\"format\":\"JSON\",\"sendSTK\":\"false\",\"PictureURL\":\"\"}","status":"pending","invoice_id":"INV65C5E3E419F79","payment_for":"membership","updated_at":"2024-02-09T08:35:48.000000Z","created_at":"2024-02-09T08:35:48.000000Z","id":106}  
[2024-02-09 08:37:36] production.INFO: data from payment membership/Cart: {"checkout_data":1,"clientIDNumber":"29266208","amount":"20","token":"eyJ0eXAiOiJKV1QiLCJhbGciOiJIUzI1NiJ9.eyJpc3MiOiJodHRwOlwvXC9sb2NhbGhvc3RcL2JhY2tlbmRcL3B1YmxpY1wvd2FwaVwvbG9naW5cL29hdXRoXC9hdXRob3Jpc2UiLCJpYXQiOjE3MDc0NjcyOTksImV4cCI6MTcwNzg5OTI5OSwibmJmIjoxNzA3NDY3Mjk5LCJqdGkiOiJOekpPVHBycFRRSFBGMVkxIiwic3ViIjoyNzUyLCJwcnYiOiI4N2UwYWYxZWY5ZmQxNTgxMmZkZWM5NzE1M2ExNGUwYjA0NzU0NmFhIn0.0nqntpWouSA3hqhgRHPWvvL_Q3K8n014_eQGqI8fL7o","state":"Nairobi","mobile":"+254712001188","email":"ernemwit@gmail.com","clientName":"ERNEST KIRIINYA","billDesc":"membership"}  
[2024-02-09 08:37:36] production.INFO: 6017917  
[2024-02-09 08:37:36] production.INFO: PAYLOAD====> {"apiClientID":"36","serviceID":6017917,"billDesc":"membership","currency":"KES","billRefNumber":"INV65C5E450CCDAA","clientMSISDN":"+254712001188","clientName":"ERNEST KIRIINYA","clientIDNumber":"29266208","clientEmail":"ernemwit@gmail.com","callBackURLOnSuccess":"http://localhost/pesaflow/callback","amountExpected":"20","notificationURL":"http://localhost/backend/public/pesaflow/notify","secureHash":"YTIzOTcwNzdlNzlhNmViNzljMjkwY2E1MGIzZTQ0YmIxZmU1MmFkZjdiNDJkNDVkODI4YTIyNDJjZGI0OTIyYw==","format":"JSON","sendSTK":"false","PictureURL":""} 
[2024-02-09 08:37:36] production.INFO: Invoice created :{"userId":2752,"planId":1,"payment_request":"{\"apiClientID\":\"36\",\"serviceID\":6017917,\"billDesc\":\"membership\",\"currency\":\"KES\",\"billRefNumber\":\"INV65C5E450CCDAA\",\"clientMSISDN\":\"+254712001188\",\"clientName\":\"ERNEST KIRIINYA\",\"clientIDNumber\":\"29266208\",\"clientEmail\":\"ernemwit@gmail.com\",\"callBackURLOnSuccess\":\"http:\\\/\\\/localhost\\\/pesaflow\\\/callback\",\"amountExpected\":\"20\",\"notificationURL\":\"http:\\\/\\\/localhost\\\/backend\\\/public\\\/pesaflow\\\/notify\",\"secureHash\":\"YTIzOTcwNzdlNzlhNmViNzljMjkwY2E1MGIzZTQ0YmIxZmU1MmFkZjdiNDJkNDVkODI4YTIyNDJjZGI0OTIyYw==\",\"format\":\"JSON\",\"sendSTK\":\"false\",\"PictureURL\":\"\"}","status":"pending","invoice_id":"INV65C5E450CCDAA","payment_for":"membership","updated_at":"2024-02-09T08:37:36.000000Z","created_at":"2024-02-09T08:37:36.000000Z","id":107}  
[2024-02-09 08:38:28] production.INFO: data from payment membership/Cart: {"checkout_data":1,"clientIDNumber":"29266208","amount":"20","token":"eyJ0eXAiOiJKV1QiLCJhbGciOiJIUzI1NiJ9.eyJpc3MiOiJodHRwOlwvXC9sb2NhbGhvc3RcL2JhY2tlbmRcL3B1YmxpY1wvd2FwaVwvbG9naW5cL29hdXRoXC9hdXRob3Jpc2UiLCJpYXQiOjE3MDc0NjcyOTksImV4cCI6MTcwNzg5OTI5OSwibmJmIjoxNzA3NDY3Mjk5LCJqdGkiOiJOekpPVHBycFRRSFBGMVkxIiwic3ViIjoyNzUyLCJwcnYiOiI4N2UwYWYxZWY5ZmQxNTgxMmZkZWM5NzE1M2ExNGUwYjA0NzU0NmFhIn0.0nqntpWouSA3hqhgRHPWvvL_Q3K8n014_eQGqI8fL7o","state":"Nairobi","mobile":"+254712001188","email":"ernemwit@gmail.com","clientName":"ERNEST KIRIINYA","billDesc":"membership"}  
[2024-02-09 08:38:28] production.INFO: 6017917  
[2024-02-09 08:38:28] production.INFO: PAYLOAD====> {"apiClientID":"36","serviceID":6017917,"billDesc":"membership","currency":"KES","billRefNumber":"INV65C5E484EB293","clientMSISDN":"+254712001188","clientName":"ERNEST KIRIINYA","clientIDNumber":"29266208","clientEmail":"ernemwit@gmail.com","callBackURLOnSuccess":"http://localhost/pesaflow/callback","amountExpected":"20","notificationURL":"http://localhost/backend/public/pesaflow/notify","secureHash":"YTZkN2M2NjBkZjEyNmFkNzRiMWRlM2Q0NTUyZjBmY2Y1ZWMwOTU4M2YwMjAwYmYzZDI3MTBmZWEzMmFiZDc3ZQ==","format":"JSON","sendSTK":"false","PictureURL":""} 
[2024-02-09 08:38:29] production.INFO: Invoice created :{"userId":2752,"planId":1,"payment_request":"{\"apiClientID\":\"36\",\"serviceID\":6017917,\"billDesc\":\"membership\",\"currency\":\"KES\",\"billRefNumber\":\"INV65C5E484EB293\",\"clientMSISDN\":\"+254712001188\",\"clientName\":\"ERNEST KIRIINYA\",\"clientIDNumber\":\"29266208\",\"clientEmail\":\"ernemwit@gmail.com\",\"callBackURLOnSuccess\":\"http:\\\/\\\/localhost\\\/pesaflow\\\/callback\",\"amountExpected\":\"20\",\"notificationURL\":\"http:\\\/\\\/localhost\\\/backend\\\/public\\\/pesaflow\\\/notify\",\"secureHash\":\"YTZkN2M2NjBkZjEyNmFkNzRiMWRlM2Q0NTUyZjBmY2Y1ZWMwOTU4M2YwMjAwYmYzZDI3MTBmZWEzMmFiZDc3ZQ==\",\"format\":\"JSON\",\"sendSTK\":\"false\",\"PictureURL\":\"\"}","status":"pending","invoice_id":"INV65C5E484EB293","payment_for":"membership","updated_at":"2024-02-09T08:38:29.000000Z","created_at":"2024-02-09T08:38:29.000000Z","id":108}  
[2024-02-09 08:38:42] production.INFO: data from payment membership/Cart: {"checkout_data":1,"clientIDNumber":"29266208","amount":"20","token":"eyJ0eXAiOiJKV1QiLCJhbGciOiJIUzI1NiJ9.eyJpc3MiOiJodHRwOlwvXC9sb2NhbGhvc3RcL2JhY2tlbmRcL3B1YmxpY1wvd2FwaVwvbG9naW5cL29hdXRoXC9hdXRob3Jpc2UiLCJpYXQiOjE3MDc0NjcyOTksImV4cCI6MTcwNzg5OTI5OSwibmJmIjoxNzA3NDY3Mjk5LCJqdGkiOiJOekpPVHBycFRRSFBGMVkxIiwic3ViIjoyNzUyLCJwcnYiOiI4N2UwYWYxZWY5ZmQxNTgxMmZkZWM5NzE1M2ExNGUwYjA0NzU0NmFhIn0.0nqntpWouSA3hqhgRHPWvvL_Q3K8n014_eQGqI8fL7o","state":"Nairobi","mobile":"+254712001188","email":"ernemwit@gmail.com","clientName":"ERNEST KIRIINYA","billDesc":"membership"}  
[2024-02-09 08:38:42] production.INFO: 6017917  
[2024-02-09 08:38:42] production.INFO: PAYLOAD====> {"apiClientID":"36","serviceID":6017917,"billDesc":"membership","currency":"KES","billRefNumber":"INV65C5E49216A04","clientMSISDN":"+254712001188","clientName":"ERNEST KIRIINYA","clientIDNumber":"29266208","clientEmail":"ernemwit@gmail.com","callBackURLOnSuccess":"http://localhost/pesaflow/callback","amountExpected":"20","notificationURL":"http://localhost/backend/public/pesaflow/notify","secureHash":"OTUzYThiYzM4ZDBlMTc1YzEzNzlkMGY5ZGY1MzE1YTQzZjM3MDhiODQ1MjVmMzUxODgzYzY0ODFmZDI4NzQwNA==","format":"JSON","sendSTK":"false","PictureURL":""} 
[2024-02-09 08:38:42] production.INFO: Invoice created :{"userId":2752,"planId":1,"payment_request":"{\"apiClientID\":\"36\",\"serviceID\":6017917,\"billDesc\":\"membership\",\"currency\":\"KES\",\"billRefNumber\":\"INV65C5E49216A04\",\"clientMSISDN\":\"+254712001188\",\"clientName\":\"ERNEST KIRIINYA\",\"clientIDNumber\":\"29266208\",\"clientEmail\":\"ernemwit@gmail.com\",\"callBackURLOnSuccess\":\"http:\\\/\\\/localhost\\\/pesaflow\\\/callback\",\"amountExpected\":\"20\",\"notificationURL\":\"http:\\\/\\\/localhost\\\/backend\\\/public\\\/pesaflow\\\/notify\",\"secureHash\":\"OTUzYThiYzM4ZDBlMTc1YzEzNzlkMGY5ZGY1MzE1YTQzZjM3MDhiODQ1MjVmMzUxODgzYzY0ODFmZDI4NzQwNA==\",\"format\":\"JSON\",\"sendSTK\":\"false\",\"PictureURL\":\"\"}","status":"pending","invoice_id":"INV65C5E49216A04","payment_for":"membership","updated_at":"2024-02-09T08:38:42.000000Z","created_at":"2024-02-09T08:38:42.000000Z","id":109}  
[2024-02-09 09:22:17] production.INFO: user found  
[2024-02-09 09:22:17] production.INFO: password matched  
[2024-02-09 09:22:17] production.INFO: attempts_count 0 updated  
[2024-02-09 09:22:17] production.INFO: token found  
[2024-02-09 09:22:18] production.INFO: from2024-02-09 09:22:18  
[2024-02-09 09:22:18] production.INFO: to2023-08-31 10:18:39  
[2024-02-09 09:22:18] production.INFO: days161  
[2024-02-09 09:22:18] production.INFO: dontask: mobile:0710510983  
[2024-02-09 09:22:18] production.INFO: calling send sms and insert otp  
[2024-02-09 09:22:18] production.INFO: send_sms Mobile 0710510983 OTP Please enter this One Time PIN: 241662 to log onto your v.tabu account.  
[2024-02-09 09:22:18] production.INFO: url:https://app.craftsilicon.com/ExternalSMSService/Send.aspx?UserID=KNLS&Password=KNLS@2023e1&MessageID=0&MessageText=Please+enter+this+One+Time+PIN%3A+241662+to+log+onto+your+v.tabu+account.&MobileNumber=+254710510983&Priority=HIGH  
[2024-02-09 09:22:18] production.INFO: sms api response  
[2024-02-09 09:22:18] production.INFO:   
[2024-02-09 09:22:18] production.INFO:   
[2024-02-09 09:22:50] production.INFO: to2024-02-09 09:22:18  
[2024-02-09 09:22:50] production.INFO: current2024-02-09 09:22:50  
[2024-02-09 09:22:50] production.INFO: otpverify diff_in_minutes0  
[2024-02-09 09:22:59] production.INFO: Admin dashboard  
[2024-02-09 09:22:59] production.INFO: filter:week  
[2024-02-09 09:22:59] production.INFO: user details  
[2024-02-09 09:23:16] production.INFO: Array
(
    [0] => Array
        (
            [query] => select count(*) as aggregate from `audit`
            [bindings] => Array
                (
                )

            [time] => 43.68
        )

    [1] => Array
        (
            [query] => select `audit_id`, `module`, `module_id`, `user_id`, `activity`, `platform`, `created_at` as `created_on` from `audit` order by `audit_id` desc limit 10 offset 0
            [bindings] => Array
                (
                )

            [time] => 1.47
        )

)
  
[2024-02-09 12:11:53] production.INFO: MEMBERSHIP UPDATE- Request Data: 2752  
[2024-02-09 12:11:53] production.INFO: updated MEMBERSHIP:{"plan":{"member_subscription_id":370,"user_id":2752,"plan":1,"start_date":"2024-03-04","end_date":"2024-03-05","is_expired":0,"created_at":"2024-02-02 08:48:43","updated_at":"2024-02-02 08:48:43","status":"done","transaction_id":1011},"is_membership_user":1,"is_member":1}  
[2024-02-09 12:11:59] production.INFO: {"checkout_data":[10174,10142,10088]}  
[2024-02-09 12:11:59] production.INFO: Amount mismatch backend amount:3353 and frontend amount1353  
[2024-02-09 12:12:46] production.INFO: MEMBERSHIP UPDATE- Request Data: 2752  
[2024-02-09 12:12:46] production.INFO: updated MEMBERSHIP:{"plan":{"member_subscription_id":370,"user_id":2752,"plan":1,"start_date":"2024-03-04","end_date":"2024-03-05","is_expired":0,"created_at":"2024-02-02 08:48:43","updated_at":"2024-02-02 08:48:43","status":"done","transaction_id":1011},"is_membership_user":1,"is_member":1}  
[2024-02-09 12:13:00] production.INFO: MEMBERSHIP UPDATE- Request Data: 2752  
[2024-02-09 12:13:00] production.INFO: updated MEMBERSHIP:{"plan":{"member_subscription_id":370,"user_id":2752,"plan":1,"start_date":"2024-03-04","end_date":"2024-03-05","is_expired":0,"created_at":"2024-02-02 08:48:43","updated_at":"2024-02-02 08:48:43","status":"done","transaction_id":1011},"is_membership_user":1,"is_member":1}  
[2024-02-09 12:13:17] production.INFO: MEMBERSHIP UPDATE- Request Data: 2752  
[2024-02-09 12:13:17] production.INFO: updated MEMBERSHIP:{"plan":{"member_subscription_id":370,"user_id":2752,"plan":1,"start_date":"2024-03-04","end_date":"2024-03-05","is_expired":0,"created_at":"2024-02-02 08:48:43","updated_at":"2024-02-02 08:48:43","status":"done","transaction_id":1011},"is_membership_user":1,"is_member":1}  
[2024-02-09 12:13:40] production.INFO: {"checkout_data":[10174,10142,10088]}  
[2024-02-09 12:13:41] production.INFO: Amount mismatch backend amount:3353 and frontend amount1353  
[2024-02-09 12:14:33] production.INFO: {"checkout_data":[10174,10142,10088,10174,10142,10142]}  
[2024-02-09 12:14:33] production.INFO: Amount mismatch backend amount:8053 and frontend amount1350  
[2024-02-09 12:15:12] production.INFO: {"checkout_data":[10142]}  
[2024-02-09 12:15:12] production.INFO: data from payment membership/Cart: {"checkout_data":[10142],"clientIDNumber":"29266208","amount":1350,"token":"eyJ0eXAiOiJKV1QiLCJhbGciOiJIUzI1NiJ9.eyJpc3MiOiJodHRwOlwvXC9sb2NhbGhvc3RcL2JhY2tlbmRcL3B1YmxpY1wvd2FwaVwvbG9naW5cL29hdXRoXC9hdXRob3Jpc2UiLCJpYXQiOjE3MDc0NjcyNzMsImV4cCI6MTcwNzg5OTI3MywibmJmIjoxNzA3NDY3MjczLCJqdGkiOiJiSHB5bDJPanNDbE5oWjFqIiwic3ViIjoyNzUyLCJwcnYiOiI4N2UwYWYxZWY5ZmQxNTgxMmZkZWM5NzE1M2ExNGUwYjA0NzU0NmFhIn0.Pyrot5Qi0O720Z0UHr8KuBGbG_s2AEQPWMMaK8q7d5w","state":"Nairobi","mobile":"+254712001188","email":"ernemwit@gmail.com","clientName":"ERNEST KIRIINYA","billDesc":"cart"}  
[2024-02-09 12:15:12] production.INFO: 6923233  
[2024-02-09 12:15:12] production.INFO: PAYLOAD====> {"apiClientID":"36","serviceID":6923233,"billDesc":"cart","currency":"KES","billRefNumber":"INV65C617507F0A3","clientMSISDN":"+254712001188","clientName":"ERNEST KIRIINYA","clientIDNumber":"29266208","clientEmail":"ernemwit@gmail.com","callBackURLOnSuccess":"http://localhost/pesaflow/callback","amountExpected":1350,"notificationURL":"http://localhost/backend/public/pesaflow/notify","secureHash":"YjEwOGZjM2MwNmNmNjg3ZDBkMDIzMmNhOWJhNWM0ODBlYjUyNzBiYzI3YjI2MDE1ZjdlNTRhYmQ0ZWU1MzgxMA==","format":"JSON","sendSTK":"false","PictureURL":""} 
[2024-02-09 12:15:12] production.INFO: Invoice created :{"userId":2752,"planId":"{\"checkout_data\":[10142]}","payment_request":"{\"apiClientID\":\"36\",\"serviceID\":6923233,\"billDesc\":\"cart\",\"currency\":\"KES\",\"billRefNumber\":\"INV65C617507F0A3\",\"clientMSISDN\":\"+254712001188\",\"clientName\":\"ERNEST KIRIINYA\",\"clientIDNumber\":\"29266208\",\"clientEmail\":\"ernemwit@gmail.com\",\"callBackURLOnSuccess\":\"http:\\\/\\\/localhost\\\/pesaflow\\\/callback\",\"amountExpected\":1350,\"notificationURL\":\"http:\\\/\\\/localhost\\\/backend\\\/public\\\/pesaflow\\\/notify\",\"secureHash\":\"YjEwOGZjM2MwNmNmNjg3ZDBkMDIzMmNhOWJhNWM0ODBlYjUyNzBiYzI3YjI2MDE1ZjdlNTRhYmQ0ZWU1MzgxMA==\",\"format\":\"JSON\",\"sendSTK\":\"false\",\"PictureURL\":\"\"}","status":"pending","invoice_id":"INV65C617507F0A3","payment_for":"cart","updated_at":"2024-02-09T12:15:12.000000Z","created_at":"2024-02-09T12:15:12.000000Z","id":110}  
