[2024-02-16 05:23:13] production.ERROR: Argument 3 passed to Lcobucci\JWT\Signer\Hmac::doVerify() must be an instance of Lcobucci\JWT\Signer\Key, null given, called in C:\xampp\htdocs\backend\vendor\lcobucci\jwt\src\Signer\BaseSigner.php on line 44 {"exception":"[object] (TypeError(code: 0): Argument 3 passed to Lcobucci\\JWT\\Signer\\Hmac::doVerify() must be an instance of Lcobucci\\JWT\\Signer\\Key, null given, called in C:\\xampp\\htdocs\\backend\\vendor\\lcobucci\\jwt\\src\\Signer\\BaseSigner.php on line 44 at C:\\xampp\\htdocs\\backend\\vendor\\lcobucci\\jwt\\src\\Signer\\Hmac.php:29)
[stacktrace]
#0 C:\\xampp\\htdocs\\backend\\vendor\\lcobucci\\jwt\\src\\Signer\\BaseSigner.php(44): Lcobucci\\JWT\\Signer\\Hmac->doVerify('\\xC1)R\\xCB\\xB0Nu$\\xE5\\xED\
\\\x8B\\x90\\xAE...', 'eyJ0eXAiOiJKV1Q...', NULL)
#1 C:\\xampp\\htdocs\\backend\\vendor\\lcobucci\\jwt\\src\\Signature.php(49): Lcobucci\\JWT\\Signer\\BaseSigner->verify('\\xC1)R\\xCB\\xB0Nu$\\xE5\\xED\
\\\x8B\\x90\\xAE...', 'eyJ0eXAiOiJKV1Q...', NULL)
#2 C:\\xampp\\htdocs\\backend\\vendor\\lcobucci\\jwt\\src\\Token.php(202): Lcobucci\\JWT\\Signature->verify(Object(Lcobucci\\JWT\\Signer\\Hmac\\Sha256), 'eyJ0eXAiOiJKV1Q...', NULL)
#3 C:\\xampp\\htdocs\\backend\\vendor\\tymon\\jwt-auth\\src\\Providers\\JWT\\Lcobucci.php(136): Lcobucci\\JWT\\Token->verify(Object(Lcobucci\\JWT\\Signer\\Hmac\\Sha256), NULL)
#4 C:\\xampp\\htdocs\\backend\\vendor\\tymon\\jwt-auth\\src\\Manager.php(101): Tymon\\JWTAuth\\Providers\\JWT\\Lcobucci->decode('eyJ0eXAiOiJKV1Q...')
#5 C:\\xampp\\htdocs\\backend\\vendor\\tymon\\jwt-auth\\src\\JWT.php(200): Tymon\\JWTAuth\\Manager->decode(Object(Tymon\\JWTAuth\\Token))
#6 C:\\xampp\\htdocs\\backend\\vendor\\tymon\\jwt-auth\\src\\JWT.php(136): Tymon\\JWTAuth\\JWT->getPayload()
#7 C:\\xampp\\htdocs\\backend\\vendor\\tymon\\jwt-auth\\src\\JWT.php(149): Tymon\\JWTAuth\\JWT->checkOrFail()
#8 C:\\xampp\\htdocs\\backend\\vendor\\tymon\\jwt-auth\\src\\JWTGuard.php(79): Tymon\\JWTAuth\\JWT->check(true)
#9 C:\\xampp\\htdocs\\backend\\vendor\\illuminate\\auth\\AuthManager.php(336): Tymon\\JWTAuth\\JWTGuard->user()
#10 C:\\xampp\\htdocs\\backend\\app\\Http\\Middleware\\Authenticate.php(38): Illuminate\\Auth\\AuthManager->__call('user', Array)
#11 C:\\xampp\\htdocs\\backend\\vendor\\illuminate\\pipeline\\Pipeline.php(167): App\\Http\\Middleware\\Authenticate->handle(Object(Laravel\\Lumen\\Http\\Request), Object(Closure), 'api')
#12 C:\\xampp\\htdocs\\backend\\vendor\\laravel\\lumen-framework\\src\\Routing\\Pipeline.php(30): Illuminate\\Pipeline\\Pipeline->Illuminate\\Pipeline\\{closure}(Object(Laravel\\Lumen\\Http\\Request))
#13 C:\\xampp\\htdocs\\backend\\vendor\\illuminate\\pipeline\\Pipeline.php(103): Laravel\\Lumen\\Routing\\Pipeline->Laravel\\Lumen\\Routing\\{closure}(Object(Laravel\\Lumen\\Http\\Request))
#14 C:\\xampp\\htdocs\\backend\\vendor\\laravel\\lumen-framework\\src\\Concerns\\RoutesRequests.php(427): Illuminate\\Pipeline\\Pipeline->then(Object(Closure))
#15 C:\\xampp\\htdocs\\backend\\vendor\\laravel\\lumen-framework\\src\\Concerns\\RoutesRequests.php(264): Laravel\\Lumen\\Application->sendThroughPipeline(Array, Object(Closure))
#16 C:\\xampp\\htdocs\\backend\\vendor\\laravel\\lumen-framework\\src\\Concerns\\RoutesRequests.php(170): Laravel\\Lumen\\Application->handleFoundRoute(Array)
#17 C:\\xampp\\htdocs\\backend\\vendor\\laravel\\lumen-framework\\src\\Routing\\Pipeline.php(48): Laravel\\Lumen\\Application->Laravel\\Lumen\\Concerns\\{closure}(Object(Laravel\\Lumen\\Http\\Request))
#18 C:\\xampp\\htdocs\\backend\\vendor\\illuminate\\session\\Middleware\\StartSession.php(121): Laravel\\Lumen\\Routing\\Pipeline->Laravel\\Lumen\\Routing\\{closure}(Object(Laravel\\Lumen\\Http\\Request))
#19 C:\\xampp\\htdocs\\backend\\vendor\\illuminate\\session\\Middleware\\StartSession.php(64): Illuminate\\Session\\Middleware\\StartSession->handleStatefulRequest(Object(Laravel\\Lumen\\Http\\Request), Object(Illuminate\\Session\\Store), Object(Closure))
#20 C:\\xampp\\htdocs\\backend\\vendor\\illuminate\\pipeline\\Pipeline.php(167): Illuminate\\Session\\Middleware\\StartSession->handle(Object(Laravel\\Lumen\\Http\\Request), Object(Closure))
#21 C:\\xampp\\htdocs\\backend\\vendor\\laravel\\lumen-framework\\src\\Routing\\Pipeline.php(30): Illuminate\\Pipeline\\Pipeline->Illuminate\\Pipeline\\{closure}(Object(Laravel\\Lumen\\Http\\Request))
#22 C:\\xampp\\htdocs\\backend\\vendor\\illuminate\\pipeline\\Pipeline.php(103): Laravel\\Lumen\\Routing\\Pipeline->Laravel\\Lumen\\Routing\\{closure}(Object(Laravel\\Lumen\\Http\\Request))
#23 C:\\xampp\\htdocs\\backend\\vendor\\laravel\\lumen-framework\\src\\Concerns\\RoutesRequests.php(427): Illuminate\\Pipeline\\Pipeline->then(Object(Closure))
#24 C:\\xampp\\htdocs\\backend\\vendor\\laravel\\lumen-framework\\src\\Concerns\\RoutesRequests.php(176): Laravel\\Lumen\\Application->sendThroughPipeline(Array, Object(Closure))
#25 C:\\xampp\\htdocs\\backend\\vendor\\laravel\\lumen-framework\\src\\Concerns\\RoutesRequests.php(113): Laravel\\Lumen\\Application->dispatch(NULL)
#26 C:\\xampp\\htdocs\\backend\\public\\index.php(28): Laravel\\Lumen\\Application->run()
#27 {main}
"} 
[2024-02-16 05:26:32] production.INFO: user found  
[2024-02-16 05:26:32] production.INFO: password matched  
[2024-02-16 05:26:32] production.INFO: attempts_count 0 updated  
[2024-02-16 05:26:32] production.INFO: token found  
[2024-02-16 05:26:32] production.INFO: from2024-02-16 05:26:32  
[2024-02-16 05:26:32] production.INFO: to2023-08-31 10:18:39  
[2024-02-16 05:26:32] production.INFO: days168  
[2024-02-16 05:26:32] production.INFO: dontask: mobile:0710510983  
[2024-02-16 05:26:32] production.INFO: calling send sms and insert otp  
[2024-02-16 05:26:32] production.INFO: send_sms Mobile 0710510983 OTP Please enter this One Time PIN: 768866 to log onto your v.tabu account.  
[2024-02-16 05:26:32] production.INFO: url:https://app.craftsilicon.com/ExternalSMSService/Send.aspx?UserID=KNLS&Password=KNLS@2023e1&MessageID=0&MessageText=Please+enter+this+One+Time+PIN%3A+768866+to+log+onto+your+v.tabu+account.&MobileNumber=+254710510983&Priority=HIGH  
[2024-02-16 05:26:33] production.INFO: sms api response  
[2024-02-16 05:26:33] production.INFO:   
[2024-02-16 05:26:33] production.INFO:   
[2024-02-16 05:27:05] production.INFO: to2024-02-16 05:26:32  
[2024-02-16 05:27:05] production.INFO: current2024-02-16 05:27:05  
[2024-02-16 05:27:05] production.INFO: otpverify diff_in_minutes0  
[2024-02-16 05:27:06] production.INFO: Admin dashboard  
[2024-02-16 05:27:06] production.INFO: filter:week  
[2024-02-16 05:27:06] production.INFO: user details  
[2024-02-16 05:28:24] production.INFO: salesStatistics  
[2024-02-16 05:29:57] production.INFO: key insert audit  
[2024-02-16 05:29:58] production.INFO: key insert audit  
[2024-02-16 05:29:59] production.INFO: key insert audit  
[2024-02-16 05:30:00] production.INFO: key insert audit  
[2024-02-16 05:30:01] production.INFO: key insert audit  
[2024-02-16 05:30:03] production.INFO: key insert audit  
[2024-02-16 05:39:55] production.INFO: token found  
[2024-02-16 05:40:57] production.INFO: MEMBERSHIP UPDATE- Request Data: 2752  
[2024-02-16 05:40:57] production.INFO: updated MEMBERSHIP:{"plan":{"member_subscription_id":373,"user_id":2752,"plan":1,"start_date":"2024-03-05 03:00:00","end_date":"2024-03-05 04:00:00","is_expired":0,"created_at":"2024-02-10 11:06:50","updated_at":"2024-02-10 11:06:50","status":"done","transaction_id":1027},"is_membership_user":1,"is_member":1}  
[2024-02-16 05:41:07] production.INFO: MEMBERSHIP UPDATE- Request Data: 2752  
[2024-02-16 05:41:07] production.INFO: updated MEMBERSHIP:{"plan":{"member_subscription_id":373,"user_id":2752,"plan":1,"start_date":"2024-03-05 03:00:00","end_date":"2024-03-05 04:00:00","is_expired":0,"created_at":"2024-02-10 11:06:50","updated_at":"2024-02-10 11:06:50","status":"done","transaction_id":1027},"is_membership_user":1,"is_member":1}  
[2024-02-16 05:41:43] production.INFO: MEMBERSHIP UPDATE- Request Data: 2752  
[2024-02-16 05:41:43] production.INFO: updated MEMBERSHIP:{"plan":{"member_subscription_id":373,"user_id":2752,"plan":1,"start_date":"2024-03-05 03:00:00","end_date":"2024-03-05 04:00:00","is_expired":0,"created_at":"2024-02-10 11:06:50","updated_at":"2024-02-10 11:06:50","status":"done","transaction_id":1027},"is_membership_user":1,"is_member":1}  
[2024-02-16 05:42:44] production.INFO: MEMBERSHIP UPDATE- Request Data: 2752  
[2024-02-16 05:42:45] production.INFO: updated MEMBERSHIP:{"plan":{"member_subscription_id":373,"user_id":2752,"plan":1,"start_date":"2024-03-05 03:00:00","end_date":"2024-03-05 04:00:00","is_expired":0,"created_at":"2024-02-10 11:06:50","updated_at":"2024-02-10 11:06:50","status":"done","transaction_id":1027},"is_membership_user":1,"is_member":1}  
[2024-02-16 05:43:22] production.INFO: {"checkout_data":[10142,10088,9891,2423,10142,9891,2423,10142,2423,10142]}  
[2024-02-16 05:43:22] production.INFO: Amount mismatch backend amount:6643 and frontend amount1350  
[2024-02-16 05:44:00] production.INFO: {"checkout_data":[10142]}  
[2024-02-16 05:44:00] production.INFO: data from payment membership/Cart: {"checkout_data":[10142],"clientIDNumber":"29266208","amount":1350,"token":"eyJ0eXAiOiJKV1QiLCJhbGciOiJIUzI1NiJ9.eyJpc3MiOiJodHRwOlwvXC9sb2NhbGhvc3RcL2JhY2tlbmRcL3B1YmxpY1wvd2FwaVwvbG9naW5cL29hdXRoXC9hdXRob3Jpc2UiLCJpYXQiOjE3MDgwNjE5OTUsImV4cCI6MTcwODQ5Mzk5NSwibmJmIjoxNzA4MDYxOTk1LCJqdGkiOiIyd2lNdHZLTndTMEhhaVhRIiwic3ViIjoyNzUyLCJwcnYiOiI4N2UwYWYxZWY5ZmQxNTgxMmZkZWM5NzE1M2ExNGUwYjA0NzU0NmFhIn0.FKUeJg6ZG5DyGNZtQ0FTjgVLrpSC7s-K8CsWPrwXujc","state":"Nairobi","mobile":"+254712001188","email":"ernemwit@gmail.com","clientName":"ERNEST KIRIINYA","billDesc":"cart"}  
[2024-02-16 05:44:00] production.INFO: 6923233  
[2024-02-16 05:44:00] production.INFO: PAYLOAD====> {"apiClientID":"36","serviceID":6923233,"billDesc":"cart","currency":"KES","billRefNumber":"INV65CEF620E7513","clientMSISDN":"+254712001188","clientName":"ERNEST KIRIINYA","clientIDNumber":"29266208","clientEmail":"ernemwit@gmail.com","callBackURLOnSuccess":"http://localhost/pesaflow/callback","amountExpected":1350,"notificationURL":"http://localhost/backend/public/pesaflow/notify","secureHash":"NzYzNTM0NGJiZmY0ODdmM2U1MzE0ZmYyNTJiYmRlZjRhZGJhM2NlMjg2MDk5ODllZWQxMjBlODgwODUzM2E0Mg==","format":"JSON","sendSTK":"false","PictureURL":""} 
[2024-02-16 05:44:00] production.INFO: Invoice created :{"userId":2752,"planId":"{\"checkout_data\":[10142]}","payment_request":"{\"apiClientID\":\"36\",\"serviceID\":6923233,\"billDesc\":\"cart\",\"currency\":\"KES\",\"billRefNumber\":\"INV65CEF620E7513\",\"clientMSISDN\":\"+254712001188\",\"clientName\":\"ERNEST KIRIINYA\",\"clientIDNumber\":\"29266208\",\"clientEmail\":\"ernemwit@gmail.com\",\"callBackURLOnSuccess\":\"http:\\\/\\\/localhost\\\/pesaflow\\\/callback\",\"amountExpected\":1350,\"notificationURL\":\"http:\\\/\\\/localhost\\\/backend\\\/public\\\/pesaflow\\\/notify\",\"secureHash\":\"NzYzNTM0NGJiZmY0ODdmM2U1MzE0ZmYyNTJiYmRlZjRhZGJhM2NlMjg2MDk5ODllZWQxMjBlODgwODUzM2E0Mg==\",\"format\":\"JSON\",\"sendSTK\":\"false\",\"PictureURL\":\"\"}","status":"pending","invoice_id":"INV65CEF620E7513","payment_for":"cart","updated_at":"2024-02-16T05:44:00.000000Z","created_at":"2024-02-16T05:44:00.000000Z","id":117}  
[2024-02-16 05:48:56] production.INFO: Data from paymentcallback: {"status":"settled","secure_hash":"ZmY0Y2JjZmQ3OWJmOGNjODcyNWY2ZDQ3M2VmOGMwMTVhYWI4MDRmMzFkY2FiNTU0NzVhNjhlNTg0OGJiNTU2YQ==","phone_number":"254712001188","payment_reference":[{"payment_reference":"584038462849195","payment_date":"2024-02-16T12:51:25Z","inserted_at":"2024-02-16T12:51:25","currency":"KES","amount":"1350.00"}],"payment_date":"2024-02-16 15:51:25+03:00 EAT Africa\/Nairobi","payment_channel":"VISA & MASTERCARD KES","last_payment_amount":"1350.00","invoice_number":"MLLMRPR","invoice_amount":"1350.00","currency":"KES","client_invoice_ref":"INV65CEF620E7513","amount_paid":"1350.00"}  
[2024-02-16 05:48:56] production.INFO: Invoice status updated successfully.  
[2024-02-16 05:48:56] production.INFO: invoice selected from client_reference_id :{"id":117,"invoice_id":"INV65CEF620E7513","planId":"{\"checkout_data\":[10142]}","payment_for":"cart","payment_request":"{\"apiClientID\":\"36\",\"serviceID\":6923233,\"billDesc\":\"cart\",\"currency\":\"KES\",\"billRefNumber\":\"INV65CEF620E7513\",\"clientMSISDN\":\"+254712001188\",\"clientName\":\"ERNEST KIRIINYA\",\"clientIDNumber\":\"29266208\",\"clientEmail\":\"ernemwit@gmail.com\",\"callBackURLOnSuccess\":\"http:\\\/\\\/localhost\\\/pesaflow\\\/callback\",\"amountExpected\":1350,\"notificationURL\":\"http:\\\/\\\/localhost\\\/backend\\\/public\\\/pesaflow\\\/notify\",\"secureHash\":\"NzYzNTM0NGJiZmY0ODdmM2U1MzE0ZmYyNTJiYmRlZjRhZGJhM2NlMjg2MDk5ODllZWQxMjBlODgwODUzM2E0Mg==\",\"format\":\"JSON\",\"sendSTK\":\"false\",\"PictureURL\":\"\"}","status":"settled","created_at":"2024-02-16T05:44:00.000000Z","updated_at":"2024-02-16T05:48:56.000000Z","userid":"2752"}  
[2024-02-16 05:48:56] production.INFO: createTransactionEntry  
[2024-02-16 05:48:56] production.INFO: invoice to be settled{"id":117,"invoice_id":"INV65CEF620E7513","planId":"{\"checkout_data\":[10142]}","payment_for":"cart","payment_request":"{\"apiClientID\":\"36\",\"serviceID\":6923233,\"billDesc\":\"cart\",\"currency\":\"KES\",\"billRefNumber\":\"INV65CEF620E7513\",\"clientMSISDN\":\"+254712001188\",\"clientName\":\"ERNEST KIRIINYA\",\"clientIDNumber\":\"29266208\",\"clientEmail\":\"ernemwit@gmail.com\",\"callBackURLOnSuccess\":\"http:\\\/\\\/localhost\\\/pesaflow\\\/callback\",\"amountExpected\":1350,\"notificationURL\":\"http:\\\/\\\/localhost\\\/backend\\\/public\\\/pesaflow\\\/notify\",\"secureHash\":\"NzYzNTM0NGJiZmY0ODdmM2U1MzE0ZmYyNTJiYmRlZjRhZGJhM2NlMjg2MDk5ODllZWQxMjBlODgwODUzM2E0Mg==\",\"format\":\"JSON\",\"sendSTK\":\"false\",\"PictureURL\":\"\"}","status":"settled","created_at":"2024-02-16T05:44:00.000000Z","updated_at":"2024-02-16T05:48:56.000000Z","userid":"2752"}  
[2024-02-16 05:48:56] production.INFO: call back data from pesaflow ->createtrans{"status":"settled","secure_hash":"ZmY0Y2JjZmQ3OWJmOGNjODcyNWY2ZDQ3M2VmOGMwMTVhYWI4MDRmMzFkY2FiNTU0NzVhNjhlNTg0OGJiNTU2YQ==","phone_number":"254712001188","payment_reference":[{"payment_reference":"584038462849195","payment_date":"2024-02-16T12:51:25Z","inserted_at":"2024-02-16T12:51:25","currency":"KES","amount":"1350.00"}],"payment_date":"2024-02-16 15:51:25+03:00 EAT Africa\/Nairobi","payment_channel":"VISA & MASTERCARD KES","last_payment_amount":"1350.00","invoice_number":"MLLMRPR","invoice_amount":"1350.00","currency":"KES","client_invoice_ref":"INV65CEF620E7513","amount_paid":"1350.00"}  
[2024-02-16 05:48:56] production.INFO: $payment_method_id :  
[2024-02-16 05:48:56] production.INFO: client_invoice_ref/billref "INV65CEF620E7513"  
[2024-02-16 05:48:56] production.INFO: transaction array payment request {"id":117,"invoice_id":"INV65CEF620E7513","planId":"{\"checkout_data\":[10142]}","payment_for":"cart","payment_request":"{\"apiClientID\":\"36\",\"serviceID\":6923233,\"billDesc\":\"cart\",\"currency\":\"KES\",\"billRefNumber\":\"INV65CEF620E7513\",\"clientMSISDN\":\"+254712001188\",\"clientName\":\"ERNEST KIRIINYA\",\"clientIDNumber\":\"29266208\",\"clientEmail\":\"ernemwit@gmail.com\",\"callBackURLOnSuccess\":\"http:\\\/\\\/localhost\\\/pesaflow\\\/callback\",\"amountExpected\":1350,\"notificationURL\":\"http:\\\/\\\/localhost\\\/backend\\\/public\\\/pesaflow\\\/notify\",\"secureHash\":\"NzYzNTM0NGJiZmY0ODdmM2U1MzE0ZmYyNTJiYmRlZjRhZGJhM2NlMjg2MDk5ODllZWQxMjBlODgwODUzM2E0Mg==\",\"format\":\"JSON\",\"sendSTK\":\"false\",\"PictureURL\":\"\"}","status":"settled","created_at":"2024-02-16T05:44:00.000000Z","updated_at":"2024-02-16T05:48:56.000000Z","userid":"2752"}  
[2024-02-16 05:48:56] production.INFO: Transaction entry created successfully.  
[2024-02-16 05:48:56] production.INFO: CONTENT IDS{"checkout_data":[10142]}  
[2024-02-16 05:48:56] production.INFO: invoice ====>{"id":117,"invoice_id":"INV65CEF620E7513","planId":"{\"checkout_data\":[10142]}","payment_for":"cart","payment_request":"{\"apiClientID\":\"36\",\"serviceID\":6923233,\"billDesc\":\"cart\",\"currency\":\"KES\",\"billRefNumber\":\"INV65CEF620E7513\",\"clientMSISDN\":\"+254712001188\",\"clientName\":\"ERNEST KIRIINYA\",\"clientIDNumber\":\"29266208\",\"clientEmail\":\"ernemwit@gmail.com\",\"callBackURLOnSuccess\":\"http:\\\/\\\/localhost\\\/pesaflow\\\/callback\",\"amountExpected\":1350,\"notificationURL\":\"http:\\\/\\\/localhost\\\/backend\\\/public\\\/pesaflow\\\/notify\",\"secureHash\":\"NzYzNTM0NGJiZmY0ODdmM2U1MzE0ZmYyNTJiYmRlZjRhZGJhM2NlMjg2MDk5ODllZWQxMjBlODgwODUzM2E0Mg==\",\"format\":\"JSON\",\"sendSTK\":\"false\",\"PictureURL\":\"\"}","status":"settled","created_at":"2024-02-16T05:44:00.000000Z","updated_at":"2024-02-16T05:48:56.000000Z","userid":"2752"}  
[2024-02-16 05:48:56] production.INFO: order created  
[2024-02-16 05:48:56] production.INFO: result transaction from transaction entry{"transaction_id":1028,"user_id":2752,"total_amount":1350,"payment_status":null,"callback_status":0,"bank_refrence":"content-65cef7486c64b","payment_method":1,"payment_for":"cart","created_at":"2024-02-16T05:48:56.000000Z","updated_at":"2024-02-16T05:48:56.000000Z","callback_remote_addr":null,"customer_remote_addr":"::1","mobile":"712001188","payment_response":"{\"status\":\"settled\",\"secure_hash\":\"ZmY0Y2JjZmQ3OWJmOGNjODcyNWY2ZDQ3M2VmOGMwMTVhYWI4MDRmMzFkY2FiNTU0NzVhNjhlNTg0OGJiNTU2YQ==\",\"phone_number\":\"254712001188\",\"payment_reference\":[{\"payment_reference\":\"584038462849195\",\"payment_date\":\"2024-02-16T12:51:25Z\",\"inserted_at\":\"2024-02-16T12:51:25\",\"currency\":\"KES\",\"amount\":\"1350.00\"}],\"payment_date\":\"2024-02-16 15:51:25+03:00 EAT Africa\\\/Nairobi\",\"payment_channel\":\"VISA & MASTERCARD KES\",\"last_payment_amount\":\"1350.00\",\"invoice_number\":\"MLLMRPR\",\"invoice_amount\":\"1350.00\",\"currency\":\"KES\",\"client_invoice_ref\":\"INV65CEF620E7513\",\"amount_paid\":\"1350.00\"}","payment_request":"{\"id\":117,\"invoice_id\":\"INV65CEF620E7513\",\"planId\":\"{\\\"checkout_data\\\":[10142]}\",\"payment_for\":\"cart\",\"payment_request\":\"{\\\"apiClientID\\\":\\\"36\\\",\\\"serviceID\\\":6923233,\\\"billDesc\\\":\\\"cart\\\",\\\"currency\\\":\\\"KES\\\",\\\"billRefNumber\\\":\\\"INV65CEF620E7513\\\",\\\"clientMSISDN\\\":\\\"+254712001188\\\",\\\"clientName\\\":\\\"ERNEST KIRIINYA\\\",\\\"clientIDNumber\\\":\\\"29266208\\\",\\\"clientEmail\\\":\\\"ernemwit@gmail.com\\\",\\\"callBackURLOnSuccess\\\":\\\"http:\\\\\\\/\\\\\\\/localhost\\\\\\\/pesaflow\\\\\\\/callback\\\",\\\"amountExpected\\\":1350,\\\"notificationURL\\\":\\\"http:\\\\\\\/\\\\\\\/localhost\\\\\\\/backend\\\\\\\/public\\\\\\\/pesaflow\\\\\\\/notify\\\",\\\"secureHash\\\":\\\"NzYzNTM0NGJiZmY0ODdmM2U1MzE0ZmYyNTJiYmRlZjRhZGJhM2NlMjg2MDk5ODllZWQxMjBlODgwODUzM2E0Mg==\\\",\\\"format\\\":\\\"JSON\\\",\\\"sendSTK\\\":\\\"false\\\",\\\"PictureURL\\\":\\\"\\\"}\",\"status\":\"settled\",\"created_at\":\"2024-02-16T05:44:00.000000Z\",\"updated_at\":\"2024-02-16T05:48:56.000000Z\",\"userid\":\"2752\"}"}  
[2024-02-16 05:48:56] production.INFO: Order found, update plan or cart.  
[2024-02-16 05:48:56] production.INFO: create_reader_content  
[2024-02-16 05:48:56] production.INFO: Array
(
    [content_id] => 10142
    [reader_id] => 2752
    [subscription_on] => 2024-02-16
    [subscription_end] => 2024-02-16
)
  
[2024-02-16 05:48:56] production.INFO: send_sms Mobile 712001188 OTP Your Payment of Ksh 1350 for content-65cef7486c64b has been received. Thank you for choosing vtabu.  
[2024-02-16 05:48:56] production.INFO: url:https://app.craftsilicon.com/ExternalSMSService/Send.aspx?UserID=KNLS&Password=KNLS@2023e1&MessageID=0&MessageText=Your+Payment+of+Ksh+1350+for+content-65cef7486c64b+has+been+received.+Thank+you+for+choosing+vtabu.&MobileNumber=+254712001188&Priority=HIGH  
[2024-02-16 05:48:57] production.INFO: sms api response  
[2024-02-16 05:48:57] production.INFO:   
[2024-02-16 05:48:57] production.INFO:   
[2024-02-16 05:48:57] production.INFO: transaction result success payment:{"transaction_id":1028,"user_id":2752,"total_amount":1350,"payment_status":null,"callback_status":0,"bank_refrence":"content-65cef7486c64b","payment_method":1,"payment_for":"cart","created_at":"2024-02-16T05:48:56.000000Z","updated_at":"2024-02-16T05:48:56.000000Z","callback_remote_addr":null,"customer_remote_addr":"::1","mobile":"712001188","payment_response":"{\"status\":\"settled\",\"secure_hash\":\"ZmY0Y2JjZmQ3OWJmOGNjODcyNWY2ZDQ3M2VmOGMwMTVhYWI4MDRmMzFkY2FiNTU0NzVhNjhlNTg0OGJiNTU2YQ==\",\"phone_number\":\"254712001188\",\"payment_reference\":[{\"payment_reference\":\"584038462849195\",\"payment_date\":\"2024-02-16T12:51:25Z\",\"inserted_at\":\"2024-02-16T12:51:25\",\"currency\":\"KES\",\"amount\":\"1350.00\"}],\"payment_date\":\"2024-02-16 15:51:25+03:00 EAT Africa\\\/Nairobi\",\"payment_channel\":\"VISA & MASTERCARD KES\",\"last_payment_amount\":\"1350.00\",\"invoice_number\":\"MLLMRPR\",\"invoice_amount\":\"1350.00\",\"currency\":\"KES\",\"client_invoice_ref\":\"INV65CEF620E7513\",\"amount_paid\":\"1350.00\"}","payment_request":"{\"id\":117,\"invoice_id\":\"INV65CEF620E7513\",\"planId\":\"{\\\"checkout_data\\\":[10142]}\",\"payment_for\":\"cart\",\"payment_request\":\"{\\\"apiClientID\\\":\\\"36\\\",\\\"serviceID\\\":6923233,\\\"billDesc\\\":\\\"cart\\\",\\\"currency\\\":\\\"KES\\\",\\\"billRefNumber\\\":\\\"INV65CEF620E7513\\\",\\\"clientMSISDN\\\":\\\"+254712001188\\\",\\\"clientName\\\":\\\"ERNEST KIRIINYA\\\",\\\"clientIDNumber\\\":\\\"29266208\\\",\\\"clientEmail\\\":\\\"ernemwit@gmail.com\\\",\\\"callBackURLOnSuccess\\\":\\\"http:\\\\\\\/\\\\\\\/localhost\\\\\\\/pesaflow\\\\\\\/callback\\\",\\\"amountExpected\\\":1350,\\\"notificationURL\\\":\\\"http:\\\\\\\/\\\\\\\/localhost\\\\\\\/backend\\\\\\\/public\\\\\\\/pesaflow\\\\\\\/notify\\\",\\\"secureHash\\\":\\\"NzYzNTM0NGJiZmY0ODdmM2U1MzE0ZmYyNTJiYmRlZjRhZGJhM2NlMjg2MDk5ODllZWQxMjBlODgwODUzM2E0Mg==\\\",\\\"format\\\":\\\"JSON\\\",\\\"sendSTK\\\":\\\"false\\\",\\\"PictureURL\\\":\\\"\\\"}\",\"status\":\"settled\",\"created_at\":\"2024-02-16T05:44:00.000000Z\",\"updated_at\":\"2024-02-16T05:48:56.000000Z\",\"userid\":\"2752\"}"}  
[2024-02-16 05:48:57] production.INFO: key insert audit  
[2024-02-16 05:48:57] production.INFO: send_sms Mobile 254712001188 OTP Amount:1350.00 paid successfully for content purchased.  
[2024-02-16 05:48:57] production.INFO: url:https://app.craftsilicon.com/ExternalSMSService/Send.aspx?UserID=KNLS&Password=KNLS@2023e1&MessageID=0&MessageText=Amount%3A1350.00+paid+successfully+for+content+purchased.&MobileNumber=+254254712001188&Priority=HIGH  
[2024-02-16 05:48:58] production.INFO: sms api response  
[2024-02-16 05:48:58] production.INFO:   
[2024-02-16 05:48:58] production.INFO:   
[2024-02-16 05:49:57] production.INFO: CALLBACK PESA-FLOW - Request Data: 2752  
[2024-02-16 05:49:57] production.INFO: updated user profile:{"plan":{"member_subscription_id":373,"user_id":2752,"plan":1,"start_date":"2024-03-05 03:00:00","end_date":"2024-03-05 04:00:00","is_expired":0,"created_at":"2024-02-10 11:06:50","updated_at":"2024-02-10 11:06:50","status":"done","transaction_id":1027},"is_membership_user":1,"is_member":1}  
[2024-02-16 05:51:56] production.INFO: token found  
[2024-02-16 05:52:31] production.INFO: MEMBERSHIP UPDATE- Request Data: 2752  
[2024-02-16 05:52:31] production.INFO: updated MEMBERSHIP:{"plan":{"member_subscription_id":373,"user_id":2752,"plan":1,"start_date":"2024-03-05 03:00:00","end_date":"2024-03-05 04:00:00","is_expired":0,"created_at":"2024-02-10 11:06:50","updated_at":"2024-02-10 11:06:50","status":"done","transaction_id":1027},"is_membership_user":1,"is_member":1}  
[2024-02-16 05:52:57] production.INFO: MEMBERSHIP UPDATE- Request Data: 2752  
[2024-02-16 05:52:57] production.INFO: updated MEMBERSHIP:{"plan":{"member_subscription_id":373,"user_id":2752,"plan":1,"start_date":"2024-03-05 03:00:00","end_date":"2024-03-05 04:00:00","is_expired":0,"created_at":"2024-02-10 11:06:50","updated_at":"2024-02-10 11:06:50","status":"done","transaction_id":1027},"is_membership_user":1,"is_member":1}  
[2024-02-16 05:58:42] production.ERROR: Argument 3 passed to Lcobucci\JWT\Signer\Hmac::doVerify() must be an instance of Lcobucci\JWT\Signer\Key, null given, called in C:\xampp\htdocs\backend\vendor\lcobucci\jwt\src\Signer\BaseSigner.php on line 44 {"exception":"[object] (TypeError(code: 0): Argument 3 passed to Lcobucci\\JWT\\Signer\\Hmac::doVerify() must be an instance of Lcobucci\\JWT\\Signer\\Key, null given, called in C:\\xampp\\htdocs\\backend\\vendor\\lcobucci\\jwt\\src\\Signer\\BaseSigner.php on line 44 at C:\\xampp\\htdocs\\backend\\vendor\\lcobucci\\jwt\\src\\Signer\\Hmac.php:29)
[stacktrace]
#0 C:\\xampp\\htdocs\\backend\\vendor\\lcobucci\\jwt\\src\\Signer\\BaseSigner.php(44): Lcobucci\\JWT\\Signer\\Hmac->doVerify('R\\x06\\\xA8\\x065.,\\xB7\\xB7\\xE3H\\xF9\\x00w...', 'eyJ0eXAiOiJKV1Q...', NULL)
#1 C:\\xampp\\htdocs\\backend\\vendor\\lcobucci\\jwt\\src\\Signature.php(49): Lcobucci\\JWT\\Signer\\BaseSigner->verify('R\\x06\\\xA8\\x065.,\\xB7\\xB7\\xE3H\\xF9\\x00w...', 'eyJ0eXAiOiJKV1Q...', NULL)
#2 C:\\xampp\\htdocs\\backend\\vendor\\lcobucci\\jwt\\src\\Token.php(202): Lcobucci\\JWT\\Signature->verify(Object(Lcobucci\\JWT\\Signer\\Hmac\\Sha256), 'eyJ0eXAiOiJKV1Q...', NULL)
#3 C:\\xampp\\htdocs\\backend\\vendor\\tymon\\jwt-auth\\src\\Providers\\JWT\\Lcobucci.php(136): Lcobucci\\JWT\\Token->verify(Object(Lcobucci\\JWT\\Signer\\Hmac\\Sha256), NULL)
#4 C:\\xampp\\htdocs\\backend\\vendor\\tymon\\jwt-auth\\src\\Manager.php(101): Tymon\\JWTAuth\\Providers\\JWT\\Lcobucci->decode('eyJ0eXAiOiJKV1Q...')
#5 C:\\xampp\\htdocs\\backend\\vendor\\tymon\\jwt-auth\\src\\JWT.php(200): Tymon\\JWTAuth\\Manager->decode(Object(Tymon\\JWTAuth\\Token))
#6 C:\\xampp\\htdocs\\backend\\vendor\\tymon\\jwt-auth\\src\\JWT.php(136): Tymon\\JWTAuth\\JWT->getPayload()
#7 C:\\xampp\\htdocs\\backend\\vendor\\tymon\\jwt-auth\\src\\JWT.php(149): Tymon\\JWTAuth\\JWT->checkOrFail()
#8 C:\\xampp\\htdocs\\backend\\vendor\\tymon\\jwt-auth\\src\\JWTGuard.php(79): Tymon\\JWTAuth\\JWT->check(true)
#9 C:\\xampp\\htdocs\\backend\\vendor\\illuminate\\auth\\AuthManager.php(336): Tymon\\JWTAuth\\JWTGuard->user()
#10 C:\\xampp\\htdocs\\backend\\app\\Http\\Middleware\\Authenticate.php(38): Illuminate\\Auth\\AuthManager->__call('user', Array)
#11 C:\\xampp\\htdocs\\backend\\vendor\\illuminate\\pipeline\\Pipeline.php(167): App\\Http\\Middleware\\Authenticate->handle(Object(Laravel\\Lumen\\Http\\Request), Object(Closure), 'api')
#12 C:\\xampp\\htdocs\\backend\\vendor\\laravel\\lumen-framework\\src\\Routing\\Pipeline.php(30): Illuminate\\Pipeline\\Pipeline->Illuminate\\Pipeline\\{closure}(Object(Laravel\\Lumen\\Http\\Request))
#13 C:\\xampp\\htdocs\\backend\\vendor\\illuminate\\pipeline\\Pipeline.php(103): Laravel\\Lumen\\Routing\\Pipeline->Laravel\\Lumen\\Routing\\{closure}(Object(Laravel\\Lumen\\Http\\Request))
#14 C:\\xampp\\htdocs\\backend\\vendor\\laravel\\lumen-framework\\src\\Concerns\\RoutesRequests.php(427): Illuminate\\Pipeline\\Pipeline->then(Object(Closure))
#15 C:\\xampp\\htdocs\\backend\\vendor\\laravel\\lumen-framework\\src\\Concerns\\RoutesRequests.php(264): Laravel\\Lumen\\Application->sendThroughPipeline(Array, Object(Closure))
#16 C:\\xampp\\htdocs\\backend\\vendor\\laravel\\lumen-framework\\src\\Concerns\\RoutesRequests.php(170): Laravel\\Lumen\\Application->handleFoundRoute(Array)
#17 C:\\xampp\\htdocs\\backend\\vendor\\laravel\\lumen-framework\\src\\Routing\\Pipeline.php(48): Laravel\\Lumen\\Application->Laravel\\Lumen\\Concerns\\{closure}(Object(Laravel\\Lumen\\Http\\Request))
#18 C:\\xampp\\htdocs\\backend\\vendor\\illuminate\\session\\Middleware\\StartSession.php(121): Laravel\\Lumen\\Routing\\Pipeline->Laravel\\Lumen\\Routing\\{closure}(Object(Laravel\\Lumen\\Http\\Request))
#19 C:\\xampp\\htdocs\\backend\\vendor\\illuminate\\session\\Middleware\\StartSession.php(64): Illuminate\\Session\\Middleware\\StartSession->handleStatefulRequest(Object(Laravel\\Lumen\\Http\\Request), Object(Illuminate\\Session\\Store), Object(Closure))
#20 C:\\xampp\\htdocs\\backend\\vendor\\illuminate\\pipeline\\Pipeline.php(167): Illuminate\\Session\\Middleware\\StartSession->handle(Object(Laravel\\Lumen\\Http\\Request), Object(Closure))
#21 C:\\xampp\\htdocs\\backend\\vendor\\laravel\\lumen-framework\\src\\Routing\\Pipeline.php(30): Illuminate\\Pipeline\\Pipeline->Illuminate\\Pipeline\\{closure}(Object(Laravel\\Lumen\\Http\\Request))
#22 C:\\xampp\\htdocs\\backend\\vendor\\illuminate\\pipeline\\Pipeline.php(103): Laravel\\Lumen\\Routing\\Pipeline->Laravel\\Lumen\\Routing\\{closure}(Object(Laravel\\Lumen\\Http\\Request))
#23 C:\\xampp\\htdocs\\backend\\vendor\\laravel\\lumen-framework\\src\\Concerns\\RoutesRequests.php(427): Illuminate\\Pipeline\\Pipeline->then(Object(Closure))
#24 C:\\xampp\\htdocs\\backend\\vendor\\laravel\\lumen-framework\\src\\Concerns\\RoutesRequests.php(176): Laravel\\Lumen\\Application->sendThroughPipeline(Array, Object(Closure))
#25 C:\\xampp\\htdocs\\backend\\vendor\\laravel\\lumen-framework\\src\\Concerns\\RoutesRequests.php(113): Laravel\\Lumen\\Application->dispatch(NULL)
#26 C:\\xampp\\htdocs\\backend\\public\\index.php(28): Laravel\\Lumen\\Application->run()
#27 {main}
"} 
[2024-02-16 06:00:44] production.INFO: MEMBERSHIP UPDATE- Request Data: 2752  
[2024-02-16 06:00:44] production.INFO: updated MEMBERSHIP:{"plan":{"member_subscription_id":373,"user_id":2752,"plan":1,"start_date":"2024-03-05 03:00:00","end_date":"2024-03-05 04:00:00","is_expired":0,"created_at":"2024-02-10 11:06:50","updated_at":"2024-02-10 11:06:50","status":"done","transaction_id":1027},"is_membership_user":1,"is_member":1}  
[2024-02-16 06:02:50] production.INFO: MEMBERSHIP UPDATE- Request Data: 2752  
[2024-02-16 06:02:50] production.INFO: updated MEMBERSHIP:{"plan":{"member_subscription_id":373,"user_id":2752,"plan":1,"start_date":"2024-03-05 03:00:00","end_date":"2024-03-05 04:00:00","is_expired":0,"created_at":"2024-02-10 11:06:50","updated_at":"2024-02-10 11:06:50","status":"done","transaction_id":1027},"is_membership_user":1,"is_member":1}  
[2024-02-16 06:08:35] production.INFO: MEMBERSHIP UPDATE- Request Data: 2752  
[2024-02-16 06:08:35] production.INFO: updated MEMBERSHIP:{"plan":{"member_subscription_id":373,"user_id":2752,"plan":1,"start_date":"2024-03-05 03:00:00","end_date":"2024-03-05 04:00:00","is_expired":0,"created_at":"2024-02-10 11:06:50","updated_at":"2024-02-10 11:06:50","status":"done","transaction_id":1027},"is_membership_user":1,"is_member":1}  
[2024-02-16 06:14:08] production.INFO: MEMBERSHIP UPDATE- Request Data: 2752  
[2024-02-16 06:14:08] production.INFO: updated MEMBERSHIP:{"plan":{"member_subscription_id":373,"user_id":2752,"plan":1,"start_date":"2024-03-05 03:00:00","end_date":"2024-03-05 04:00:00","is_expired":0,"created_at":"2024-02-10 11:06:50","updated_at":"2024-02-10 11:06:50","status":"done","transaction_id":1027},"is_membership_user":1,"is_member":1}  
[2024-02-16 06:22:51] production.INFO: user found  
[2024-02-16 06:22:51] production.INFO: password matched  
[2024-02-16 06:22:51] production.INFO: attempts_count 0 updated  
[2024-02-16 06:22:52] production.INFO: token found  
[2024-02-16 06:22:52] production.INFO: from2024-02-16 06:22:52  
[2024-02-16 06:22:52] production.INFO: to2023-08-31 10:18:39  
[2024-02-16 06:22:52] production.INFO: days168  
[2024-02-16 06:22:52] production.INFO: dontask: mobile:0710510983  
[2024-02-16 06:22:52] production.INFO: calling send sms and insert otp  
[2024-02-16 06:22:52] production.INFO: send_sms Mobile 0710510983 OTP Please enter this One Time PIN: 195357 to log onto your v.tabu account.  
[2024-02-16 06:22:52] production.INFO: url:https://app.craftsilicon.com/ExternalSMSService/Send.aspx?UserID=KNLS&Password=KNLS@2023e1&MessageID=0&MessageText=Please+enter+this+One+Time+PIN%3A+195357+to+log+onto+your+v.tabu+account.&MobileNumber=+254710510983&Priority=HIGH  
[2024-02-16 06:22:52] production.INFO: sms api response  
[2024-02-16 06:22:52] production.INFO:   
[2024-02-16 06:22:52] production.INFO:   
[2024-02-16 06:23:12] production.INFO: to2024-02-16 06:22:52  
[2024-02-16 06:23:12] production.INFO: current2024-02-16 06:23:12  
[2024-02-16 06:23:12] production.INFO: otpverify diff_in_minutes0  
[2024-02-16 06:23:14] production.INFO: Admin dashboard  
[2024-02-16 06:23:14] production.INFO: filter:week  
[2024-02-16 06:23:15] production.INFO: user details  
[2024-02-16 06:51:58] production.INFO: get_publisher_name  
[2024-02-16 06:51:58] production.INFO: get_publisher_name  
[2024-02-16 08:00:44] production.INFO: Admin dashboard  
[2024-02-16 08:00:44] production.INFO: filter:week  
[2024-02-16 08:00:44] production.INFO: user details  
[2024-02-16 08:05:30] production.INFO: token found  
[2024-02-16 08:05:39] production.INFO: Get my profile  
[2024-02-16 08:05:39] production.INFO: Get my profile  
[2024-02-16 08:06:03] production.INFO: MEMBERSHIP UPDATE- Request Data: 2752  
[2024-02-16 08:06:03] production.INFO: updated MEMBERSHIP:{"plan":{"member_subscription_id":373,"user_id":2752,"plan":1,"start_date":"2024-03-05 03:00:00","end_date":"2024-03-05 04:00:00","is_expired":0,"created_at":"2024-02-10 11:06:50","updated_at":"2024-02-10 11:06:50","status":"done","transaction_id":1027},"is_membership_user":1,"is_member":1}  
[2024-02-16 08:06:27] production.INFO: {"checkout_data":[10142]}  
[2024-02-16 08:06:27] production.INFO: data from payment membership/Cart: {"checkout_data":[10142],"clientIDNumber":"29266208","amount":1350,"token":"eyJ0eXAiOiJKV1QiLCJhbGciOiJIUzI1NiJ9.eyJpc3MiOiJodHRwOlwvXC9sb2NhbGhvc3RcL2JhY2tlbmRcL3B1YmxpY1wvd2FwaVwvbG9naW5cL29hdXRoXC9hdXRob3Jpc2UiLCJpYXQiOjE3MDgwNzA3MzAsImV4cCI6MTcwODUwMjczMCwibmJmIjoxNzA4MDcwNzMwLCJqdGkiOiJCZGM3ZEdxVVE0Wk5DNjlxIiwic3ViIjoyNzUyLCJwcnYiOiI4N2UwYWYxZWY5ZmQxNTgxMmZkZWM5NzE1M2ExNGUwYjA0NzU0NmFhIn0.U4JhirokMdzXK9qa37rt9kBQzeyEZt4_Vsqnrvpt0oI","state":"Nairobi","mobile":"+254712001188","email":"ernemwit@gmail.com","clientName":"ERNEST KIRIINYA","billDesc":"cart"}  
[2024-02-16 08:06:27] production.INFO: 6923233  
[2024-02-16 08:06:27] production.INFO: PAYLOAD====> {"apiClientID":"36","serviceID":6923233,"billDesc":"cart","currency":"KES","billRefNumber":"INV65CF1783D4EB4","clientMSISDN":"+254712001188","clientName":"ERNEST KIRIINYA","clientIDNumber":"29266208","clientEmail":"ernemwit@gmail.com","callBackURLOnSuccess":"http://localhost/pesaflow/callback","amountExpected":1350,"notificationURL":"http://localhost/backend/public/pesaflow/notify","secureHash":"MmExYWI0MzFiZTdiZTExZjcwYmIwYWI2OTkzNTdjNWQwNzQyZjVmNzBhNWI3ODVkYzU2M2YyZjQ5ODA1ZDJkOA==","format":"JSON","sendSTK":"false","PictureURL":""} 
[2024-02-16 08:06:27] production.INFO: Invoice created :{"userId":2752,"planId":"{\"checkout_data\":[10142]}","payment_request":"{\"apiClientID\":\"36\",\"serviceID\":6923233,\"billDesc\":\"cart\",\"currency\":\"KES\",\"billRefNumber\":\"INV65CF1783D4EB4\",\"clientMSISDN\":\"+254712001188\",\"clientName\":\"ERNEST KIRIINYA\",\"clientIDNumber\":\"29266208\",\"clientEmail\":\"ernemwit@gmail.com\",\"callBackURLOnSuccess\":\"http:\\\/\\\/localhost\\\/pesaflow\\\/callback\",\"amountExpected\":1350,\"notificationURL\":\"http:\\\/\\\/localhost\\\/backend\\\/public\\\/pesaflow\\\/notify\",\"secureHash\":\"MmExYWI0MzFiZTdiZTExZjcwYmIwYWI2OTkzNTdjNWQwNzQyZjVmNzBhNWI3ODVkYzU2M2YyZjQ5ODA1ZDJkOA==\",\"format\":\"JSON\",\"sendSTK\":\"false\",\"PictureURL\":\"\"}","status":"pending","invoice_id":"INV65CF1783D4EB4","payment_for":"cart","updated_at":"2024-02-16T08:06:27.000000Z","created_at":"2024-02-16T08:06:27.000000Z","id":118}  
[2024-02-16 08:06:55] production.INFO: Data from paymentcallback: {"status":"settled","secure_hash":"ZmY0Y2JjZmQ3OWJmOGNjODcyNWY2ZDQ3M2VmOGMwMTVhYWI4MDRmMzFkY2FiNTU0NzVhNjhlNTg0OGJiNTU2YQ==","phone_number":"254712001188","payment_reference":[{"payment_reference":"584038462849195","payment_date":"2024-02-16T12:51:25Z","inserted_at":"2024-02-16T12:51:25","currency":"KES","amount":"1350.00"}],"payment_date":"2024-02-16 15:51:25+03:00 EAT Africa\/Nairobi","payment_channel":"VISA & MASTERCARD KES","last_payment_amount":"1350.00","invoice_number":"MLLMRPR","invoice_amount":"1350.00","currency":"KES","client_invoice_ref":"INV65CF1783D4EB4","amount_paid":"1350.00"}  
[2024-02-16 08:06:55] production.INFO: Invoice status updated successfully.  
[2024-02-16 08:06:55] production.INFO: invoice selected from client_reference_id :{"id":118,"invoice_id":"INV65CF1783D4EB4","planId":"{\"checkout_data\":[10142]}","payment_for":"cart","payment_request":"{\"apiClientID\":\"36\",\"serviceID\":6923233,\"billDesc\":\"cart\",\"currency\":\"KES\",\"billRefNumber\":\"INV65CF1783D4EB4\",\"clientMSISDN\":\"+254712001188\",\"clientName\":\"ERNEST KIRIINYA\",\"clientIDNumber\":\"29266208\",\"clientEmail\":\"ernemwit@gmail.com\",\"callBackURLOnSuccess\":\"http:\\\/\\\/localhost\\\/pesaflow\\\/callback\",\"amountExpected\":1350,\"notificationURL\":\"http:\\\/\\\/localhost\\\/backend\\\/public\\\/pesaflow\\\/notify\",\"secureHash\":\"MmExYWI0MzFiZTdiZTExZjcwYmIwYWI2OTkzNTdjNWQwNzQyZjVmNzBhNWI3ODVkYzU2M2YyZjQ5ODA1ZDJkOA==\",\"format\":\"JSON\",\"sendSTK\":\"false\",\"PictureURL\":\"\"}","status":"settled","created_at":"2024-02-16T08:06:27.000000Z","updated_at":"2024-02-16T08:06:55.000000Z","userid":"2752"}  
[2024-02-16 08:06:55] production.INFO: createTransactionEntry  
[2024-02-16 08:06:55] production.INFO: invoice to be settled{"id":118,"invoice_id":"INV65CF1783D4EB4","planId":"{\"checkout_data\":[10142]}","payment_for":"cart","payment_request":"{\"apiClientID\":\"36\",\"serviceID\":6923233,\"billDesc\":\"cart\",\"currency\":\"KES\",\"billRefNumber\":\"INV65CF1783D4EB4\",\"clientMSISDN\":\"+254712001188\",\"clientName\":\"ERNEST KIRIINYA\",\"clientIDNumber\":\"29266208\",\"clientEmail\":\"ernemwit@gmail.com\",\"callBackURLOnSuccess\":\"http:\\\/\\\/localhost\\\/pesaflow\\\/callback\",\"amountExpected\":1350,\"notificationURL\":\"http:\\\/\\\/localhost\\\/backend\\\/public\\\/pesaflow\\\/notify\",\"secureHash\":\"MmExYWI0MzFiZTdiZTExZjcwYmIwYWI2OTkzNTdjNWQwNzQyZjVmNzBhNWI3ODVkYzU2M2YyZjQ5ODA1ZDJkOA==\",\"format\":\"JSON\",\"sendSTK\":\"false\",\"PictureURL\":\"\"}","status":"settled","created_at":"2024-02-16T08:06:27.000000Z","updated_at":"2024-02-16T08:06:55.000000Z","userid":"2752"}  
[2024-02-16 08:06:55] production.INFO: call back data from pesaflow ->createtrans{"status":"settled","secure_hash":"ZmY0Y2JjZmQ3OWJmOGNjODcyNWY2ZDQ3M2VmOGMwMTVhYWI4MDRmMzFkY2FiNTU0NzVhNjhlNTg0OGJiNTU2YQ==","phone_number":"254712001188","payment_reference":[{"payment_reference":"584038462849195","payment_date":"2024-02-16T12:51:25Z","inserted_at":"2024-02-16T12:51:25","currency":"KES","amount":"1350.00"}],"payment_date":"2024-02-16 15:51:25+03:00 EAT Africa\/Nairobi","payment_channel":"VISA & MASTERCARD KES","last_payment_amount":"1350.00","invoice_number":"MLLMRPR","invoice_amount":"1350.00","currency":"KES","client_invoice_ref":"INV65CF1783D4EB4","amount_paid":"1350.00"}  
[2024-02-16 08:06:55] production.INFO: $payment_method_id :  
[2024-02-16 08:06:55] production.INFO: client_invoice_ref/billref "INV65CF1783D4EB4"  
[2024-02-16 08:06:55] production.INFO: transaction array payment request {"id":118,"invoice_id":"INV65CF1783D4EB4","planId":"{\"checkout_data\":[10142]}","payment_for":"cart","payment_request":"{\"apiClientID\":\"36\",\"serviceID\":6923233,\"billDesc\":\"cart\",\"currency\":\"KES\",\"billRefNumber\":\"INV65CF1783D4EB4\",\"clientMSISDN\":\"+254712001188\",\"clientName\":\"ERNEST KIRIINYA\",\"clientIDNumber\":\"29266208\",\"clientEmail\":\"ernemwit@gmail.com\",\"callBackURLOnSuccess\":\"http:\\\/\\\/localhost\\\/pesaflow\\\/callback\",\"amountExpected\":1350,\"notificationURL\":\"http:\\\/\\\/localhost\\\/backend\\\/public\\\/pesaflow\\\/notify\",\"secureHash\":\"MmExYWI0MzFiZTdiZTExZjcwYmIwYWI2OTkzNTdjNWQwNzQyZjVmNzBhNWI3ODVkYzU2M2YyZjQ5ODA1ZDJkOA==\",\"format\":\"JSON\",\"sendSTK\":\"false\",\"PictureURL\":\"\"}","status":"settled","created_at":"2024-02-16T08:06:27.000000Z","updated_at":"2024-02-16T08:06:55.000000Z","userid":"2752"}  
[2024-02-16 08:06:55] production.INFO: Transaction entry created successfully.  
[2024-02-16 08:06:55] production.INFO: CONTENT IDS{"checkout_data":[10142]}  
[2024-02-16 08:06:55] production.INFO: invoice ====>{"id":118,"invoice_id":"INV65CF1783D4EB4","planId":"{\"checkout_data\":[10142]}","payment_for":"cart","payment_request":"{\"apiClientID\":\"36\",\"serviceID\":6923233,\"billDesc\":\"cart\",\"currency\":\"KES\",\"billRefNumber\":\"INV65CF1783D4EB4\",\"clientMSISDN\":\"+254712001188\",\"clientName\":\"ERNEST KIRIINYA\",\"clientIDNumber\":\"29266208\",\"clientEmail\":\"ernemwit@gmail.com\",\"callBackURLOnSuccess\":\"http:\\\/\\\/localhost\\\/pesaflow\\\/callback\",\"amountExpected\":1350,\"notificationURL\":\"http:\\\/\\\/localhost\\\/backend\\\/public\\\/pesaflow\\\/notify\",\"secureHash\":\"MmExYWI0MzFiZTdiZTExZjcwYmIwYWI2OTkzNTdjNWQwNzQyZjVmNzBhNWI3ODVkYzU2M2YyZjQ5ODA1ZDJkOA==\",\"format\":\"JSON\",\"sendSTK\":\"false\",\"PictureURL\":\"\"}","status":"settled","created_at":"2024-02-16T08:06:27.000000Z","updated_at":"2024-02-16T08:06:55.000000Z","userid":"2752"}  
[2024-02-16 08:06:55] production.INFO: order created  
[2024-02-16 08:06:55] production.INFO: result transaction from transaction entry{"transaction_id":1029,"user_id":2752,"total_amount":1350,"payment_status":null,"callback_status":0,"bank_refrence":"content-65cf179fa0bc0","payment_method":1,"payment_for":"cart","created_at":"2024-02-16T08:06:55.000000Z","updated_at":"2024-02-16T08:06:55.000000Z","callback_remote_addr":null,"customer_remote_addr":"::1","mobile":"712001188","payment_response":"{\"status\":\"settled\",\"secure_hash\":\"ZmY0Y2JjZmQ3OWJmOGNjODcyNWY2ZDQ3M2VmOGMwMTVhYWI4MDRmMzFkY2FiNTU0NzVhNjhlNTg0OGJiNTU2YQ==\",\"phone_number\":\"254712001188\",\"payment_reference\":[{\"payment_reference\":\"584038462849195\",\"payment_date\":\"2024-02-16T12:51:25Z\",\"inserted_at\":\"2024-02-16T12:51:25\",\"currency\":\"KES\",\"amount\":\"1350.00\"}],\"payment_date\":\"2024-02-16 15:51:25+03:00 EAT Africa\\\/Nairobi\",\"payment_channel\":\"VISA & MASTERCARD KES\",\"last_payment_amount\":\"1350.00\",\"invoice_number\":\"MLLMRPR\",\"invoice_amount\":\"1350.00\",\"currency\":\"KES\",\"client_invoice_ref\":\"INV65CF1783D4EB4\",\"amount_paid\":\"1350.00\"}","payment_request":"{\"id\":118,\"invoice_id\":\"INV65CF1783D4EB4\",\"planId\":\"{\\\"checkout_data\\\":[10142]}\",\"payment_for\":\"cart\",\"payment_request\":\"{\\\"apiClientID\\\":\\\"36\\\",\\\"serviceID\\\":6923233,\\\"billDesc\\\":\\\"cart\\\",\\\"currency\\\":\\\"KES\\\",\\\"billRefNumber\\\":\\\"INV65CF1783D4EB4\\\",\\\"clientMSISDN\\\":\\\"+254712001188\\\",\\\"clientName\\\":\\\"ERNEST KIRIINYA\\\",\\\"clientIDNumber\\\":\\\"29266208\\\",\\\"clientEmail\\\":\\\"ernemwit@gmail.com\\\",\\\"callBackURLOnSuccess\\\":\\\"http:\\\\\\\/\\\\\\\/localhost\\\\\\\/pesaflow\\\\\\\/callback\\\",\\\"amountExpected\\\":1350,\\\"notificationURL\\\":\\\"http:\\\\\\\/\\\\\\\/localhost\\\\\\\/backend\\\\\\\/public\\\\\\\/pesaflow\\\\\\\/notify\\\",\\\"secureHash\\\":\\\"MmExYWI0MzFiZTdiZTExZjcwYmIwYWI2OTkzNTdjNWQwNzQyZjVmNzBhNWI3ODVkYzU2M2YyZjQ5ODA1ZDJkOA==\\\",\\\"format\\\":\\\"JSON\\\",\\\"sendSTK\\\":\\\"false\\\",\\\"PictureURL\\\":\\\"\\\"}\",\"status\":\"settled\",\"created_at\":\"2024-02-16T08:06:27.000000Z\",\"updated_at\":\"2024-02-16T08:06:55.000000Z\",\"userid\":\"2752\"}"}  
[2024-02-16 08:06:55] production.INFO: Order found, update plan or cart.  
[2024-02-16 08:06:55] production.INFO: create_reader_content  
[2024-02-16 08:06:55] production.INFO: Array
(
    [content_id] => 10142
    [reader_id] => 2752
    [subscription_on] => 2024-02-16
    [subscription_end] => 
)
  
[2024-02-16 08:06:55] production.INFO: send_sms Mobile 712001188 OTP Your Payment of Ksh 1350 for content-65cf179fa0bc0 has been received. Thank you for choosing vtabu.  
[2024-02-16 08:06:55] production.INFO: url:https://app.craftsilicon.com/ExternalSMSService/Send.aspx?UserID=KNLS&Password=KNLS@2023e1&MessageID=0&MessageText=Your+Payment+of+Ksh+1350+for+content-65cf179fa0bc0+has+been+received.+Thank+you+for+choosing+vtabu.&MobileNumber=+254712001188&Priority=HIGH  
[2024-02-16 08:06:56] production.INFO: sms api response  
[2024-02-16 08:06:56] production.INFO:   
[2024-02-16 08:06:56] production.INFO:   
[2024-02-16 08:06:56] production.INFO: transaction result success payment:{"transaction_id":1029,"user_id":2752,"total_amount":1350,"payment_status":null,"callback_status":0,"bank_refrence":"content-65cf179fa0bc0","payment_method":1,"payment_for":"cart","created_at":"2024-02-16T08:06:55.000000Z","updated_at":"2024-02-16T08:06:55.000000Z","callback_remote_addr":null,"customer_remote_addr":"::1","mobile":"712001188","payment_response":"{\"status\":\"settled\",\"secure_hash\":\"ZmY0Y2JjZmQ3OWJmOGNjODcyNWY2ZDQ3M2VmOGMwMTVhYWI4MDRmMzFkY2FiNTU0NzVhNjhlNTg0OGJiNTU2YQ==\",\"phone_number\":\"254712001188\",\"payment_reference\":[{\"payment_reference\":\"584038462849195\",\"payment_date\":\"2024-02-16T12:51:25Z\",\"inserted_at\":\"2024-02-16T12:51:25\",\"currency\":\"KES\",\"amount\":\"1350.00\"}],\"payment_date\":\"2024-02-16 15:51:25+03:00 EAT Africa\\\/Nairobi\",\"payment_channel\":\"VISA & MASTERCARD KES\",\"last_payment_amount\":\"1350.00\",\"invoice_number\":\"MLLMRPR\",\"invoice_amount\":\"1350.00\",\"currency\":\"KES\",\"client_invoice_ref\":\"INV65CF1783D4EB4\",\"amount_paid\":\"1350.00\"}","payment_request":"{\"id\":118,\"invoice_id\":\"INV65CF1783D4EB4\",\"planId\":\"{\\\"checkout_data\\\":[10142]}\",\"payment_for\":\"cart\",\"payment_request\":\"{\\\"apiClientID\\\":\\\"36\\\",\\\"serviceID\\\":6923233,\\\"billDesc\\\":\\\"cart\\\",\\\"currency\\\":\\\"KES\\\",\\\"billRefNumber\\\":\\\"INV65CF1783D4EB4\\\",\\\"clientMSISDN\\\":\\\"+254712001188\\\",\\\"clientName\\\":\\\"ERNEST KIRIINYA\\\",\\\"clientIDNumber\\\":\\\"29266208\\\",\\\"clientEmail\\\":\\\"ernemwit@gmail.com\\\",\\\"callBackURLOnSuccess\\\":\\\"http:\\\\\\\/\\\\\\\/localhost\\\\\\\/pesaflow\\\\\\\/callback\\\",\\\"amountExpected\\\":1350,\\\"notificationURL\\\":\\\"http:\\\\\\\/\\\\\\\/localhost\\\\\\\/backend\\\\\\\/public\\\\\\\/pesaflow\\\\\\\/notify\\\",\\\"secureHash\\\":\\\"MmExYWI0MzFiZTdiZTExZjcwYmIwYWI2OTkzNTdjNWQwNzQyZjVmNzBhNWI3ODVkYzU2M2YyZjQ5ODA1ZDJkOA==\\\",\\\"format\\\":\\\"JSON\\\",\\\"sendSTK\\\":\\\"false\\\",\\\"PictureURL\\\":\\\"\\\"}\",\"status\":\"settled\",\"created_at\":\"2024-02-16T08:06:27.000000Z\",\"updated_at\":\"2024-02-16T08:06:55.000000Z\",\"userid\":\"2752\"}"}  
[2024-02-16 08:06:56] production.INFO: key insert audit  
[2024-02-16 08:06:56] production.INFO: send_sms Mobile 254712001188 OTP Amount:1350.00 paid successfully for content purchased.  
[2024-02-16 08:06:56] production.INFO: url:https://app.craftsilicon.com/ExternalSMSService/Send.aspx?UserID=KNLS&Password=KNLS@2023e1&MessageID=0&MessageText=Amount%3A1350.00+paid+successfully+for+content+purchased.&MobileNumber=+254254712001188&Priority=HIGH  
[2024-02-16 08:06:57] production.INFO: sms api response  
[2024-02-16 08:06:57] production.INFO:   
[2024-02-16 08:06:57] production.INFO:   
[2024-02-16 08:07:40] production.INFO: CALLBACK PESA-FLOW - Request Data: 2752  
[2024-02-16 08:07:40] production.INFO: updated user profile:{"plan":{"member_subscription_id":373,"user_id":2752,"plan":1,"start_date":"2024-03-05 03:00:00","end_date":"2024-03-05 04:00:00","is_expired":0,"created_at":"2024-02-10 11:06:50","updated_at":"2024-02-10 11:06:50","status":"done","transaction_id":1027},"is_membership_user":1,"is_member":1}  
[2024-02-16 08:08:59] production.INFO: MEMBERSHIP UPDATE- Request Data: 2752  
[2024-02-16 08:08:59] production.INFO: updated MEMBERSHIP:{"plan":{"member_subscription_id":373,"user_id":2752,"plan":1,"start_date":"2024-03-05 03:00:00","end_date":"2024-03-05 04:00:00","is_expired":0,"created_at":"2024-02-10 11:06:50","updated_at":"2024-02-10 11:06:50","status":"done","transaction_id":1027},"is_membership_user":1,"is_member":1}  
