[2024-02-02 06:00:02] production.INFO: data from payment membership: {"checkout_data":1,"amount":"20","token":"eyJ0eXAiOiJKV1QiLCJhbGciOiJIUzI1NiJ9.eyJpc3MiOiJodHRwOlwvXC9sb2NhbGhvc3RcL2JhY2tlbmRcL3B1YmxpY1wvd2FwaVwvbG9naW5cL29hdXRoXC9hdXRob3Jpc2UiLCJpYXQiOjE3MDY3ODgwMTQsImV4cCI6MTcwNzIyMDAxNCwibmJmIjoxNzA2Nzg4MDE0LCJqdGkiOiJBbEdHOE9XUE9JOE5YN1MwIiwic3ViIjoyNzUyLCJwcnYiOiI4N2UwYWYxZWY5ZmQxNTgxMmZkZWM5NzE1M2ExNGUwYjA0NzU0NmFhIn0.hkxMv9cWkrb2M3Bp_dD3EcPALTZJOCU9FAxQakryA4Y","state":"Nairobi","mobile":"+254712001188","email":"ernemwit@gmail.com","clientName":"ERNEST KIRIINYA","billDesc":"membership"}  
[2024-02-02 06:00:02] production.INFO: 6017917  
[2024-02-02 06:00:02] production.INFO: PAYLOAD====> {"apiClientID":null,"serviceID":6017917,"billDesc":"membership","currency":"KES","billRefNumber":"INV65BC84E2DA03A","clientMSISDN":"+254712001188","clientName":"ERNEST KIRIINYA","clientIDNumber":null,"clientEmail":"ernemwit@gmail.com","callBackURLOnSuccess":"/pesaflow/callback","amountExpected":"20","notificationURL":"/backend/public/pesaflow/notify","secureHash":"NDk3NjZlYWU1NTY5YmE1MmFjNzcwZDdkZDkwMTYwN2FkMWUxYzQ2YzQxYjBkM2RmOTcyZDc4YTZhYTdiZWRlOA==","format":"JSON","sendSTK":"false","PictureURL":""} 
[2024-02-02 06:00:03] production.INFO: Invoice created :{"userId":2752,"planId":1,"payment_request":"{\"apiClientID\":null,\"serviceID\":6017917,\"billDesc\":\"membership\",\"currency\":\"KES\",\"billRefNumber\":\"INV65BC84E2DA03A\",\"clientMSISDN\":\"+254712001188\",\"clientName\":\"ERNEST KIRIINYA\",\"clientIDNumber\":null,\"clientEmail\":\"ernemwit@gmail.com\",\"callBackURLOnSuccess\":\"\\\/pesaflow\\\/callback\",\"amountExpected\":\"20\",\"notificationURL\":\"\\\/backend\\\/public\\\/pesaflow\\\/notify\",\"secureHash\":\"NDk3NjZlYWU1NTY5YmE1MmFjNzcwZDdkZDkwMTYwN2FkMWUxYzQ2YzQxYjBkM2RmOTcyZDc4YTZhYTdiZWRlOA==\",\"format\":\"JSON\",\"sendSTK\":\"false\",\"PictureURL\":\"\"}","status":"pending","invoice_id":"INV65BC84E2DA03A","payment_for":"membership","updated_at":"2024-02-02T06:00:03.000000Z","created_at":"2024-02-02T06:00:03.000000Z","id":37}  
[2024-02-02 06:00:32] production.INFO: data from payment membership: {"checkout_data":1,"amount":"20","token":"eyJ0eXAiOiJKV1QiLCJhbGciOiJIUzI1NiJ9.eyJpc3MiOiJodHRwOlwvXC9sb2NhbGhvc3RcL2JhY2tlbmRcL3B1YmxpY1wvd2FwaVwvbG9naW5cL29hdXRoXC9hdXRob3Jpc2UiLCJpYXQiOjE3MDY3ODgwMTQsImV4cCI6MTcwNzIyMDAxNCwibmJmIjoxNzA2Nzg4MDE0LCJqdGkiOiJBbEdHOE9XUE9JOE5YN1MwIiwic3ViIjoyNzUyLCJwcnYiOiI4N2UwYWYxZWY5ZmQxNTgxMmZkZWM5NzE1M2ExNGUwYjA0NzU0NmFhIn0.hkxMv9cWkrb2M3Bp_dD3EcPALTZJOCU9FAxQakryA4Y","state":"Nairobi","mobile":"+254712001188","email":"ernemwit@gmail.com","clientName":"ERNEST KIRIINYA","billDesc":"membership"}  
[2024-02-02 06:00:32] production.INFO: 6017917  
[2024-02-02 06:00:32] production.INFO: PAYLOAD====> {"apiClientID":"36","serviceID":6017917,"billDesc":"membership","currency":"KES","billRefNumber":"INV65BC85006B732","clientMSISDN":"+254712001188","clientName":"ERNEST KIRIINYA","clientIDNumber":null,"clientEmail":"ernemwit@gmail.com","callBackURLOnSuccess":"http://localhost/pesaflow/callback","amountExpected":"20","notificationURL":"http://localhost/backend/public/pesaflow/notify","secureHash":"N2VhZmNkZTVhOWZkZDIyOTZiMjcwNzVjNTM0OTA2NGUyZTEwNDM4NDhiZTRjMmM0ZjcyYjgxM2IxZmE2YWJiOQ==","format":"JSON","sendSTK":"false","PictureURL":""} 
[2024-02-02 06:00:32] production.INFO: Invoice created :{"userId":2752,"planId":1,"payment_request":"{\"apiClientID\":\"36\",\"serviceID\":6017917,\"billDesc\":\"membership\",\"currency\":\"KES\",\"billRefNumber\":\"INV65BC85006B732\",\"clientMSISDN\":\"+254712001188\",\"clientName\":\"ERNEST KIRIINYA\",\"clientIDNumber\":null,\"clientEmail\":\"ernemwit@gmail.com\",\"callBackURLOnSuccess\":\"http:\\\/\\\/localhost\\\/pesaflow\\\/callback\",\"amountExpected\":\"20\",\"notificationURL\":\"http:\\\/\\\/localhost\\\/backend\\\/public\\\/pesaflow\\\/notify\",\"secureHash\":\"N2VhZmNkZTVhOWZkZDIyOTZiMjcwNzVjNTM0OTA2NGUyZTEwNDM4NDhiZTRjMmM0ZjcyYjgxM2IxZmE2YWJiOQ==\",\"format\":\"JSON\",\"sendSTK\":\"false\",\"PictureURL\":\"\"}","status":"pending","invoice_id":"INV65BC85006B732","payment_for":"membership","updated_at":"2024-02-02T06:00:32.000000Z","created_at":"2024-02-02T06:00:32.000000Z","id":38}  
[2024-02-02 06:01:05] production.INFO: Data from paymentcallback: {"status":"settled","secure_hash":"N2QzYTU5M2M0ZTZlMDJhMmI5YWZlYzk4OTlmMjczNWQ2MjBlOTBjYmNmNzAzYWIxN2E4ZDIzZjVkZDZlZDZiNg==","phone_number":"+254712001188","payment_reference":[{"payment_reference":"SAJ5I3N3ZN","payment_date":"2024-01-19T15:50:53Z","inserted_at":"2024-01-19T15:50:53","currency":"KES","amount":"20.00"}],"payment_date":"2024-01-19 18:50:56+03:00 EAT Africa\/Nairobi","payment_channel":"MPESA","last_payment_amount":"20.00","invoice_number":"MZRAYGK","invoice_amount":"20.00","currency":"KES","client_invoice_ref":"INV65BC85006B732","amount_paid":"20.00"}  
[2024-02-02 06:01:05] production.INFO: Invoice status updated successfully.  
[2024-02-02 06:01:05] production.INFO: invoice selected from client_reference_id :{"id":38,"invoice_id":"INV65BC85006B732","planId":"1","payment_for":"membership","payment_request":"{\"apiClientID\":\"36\",\"serviceID\":6017917,\"billDesc\":\"membership\",\"currency\":\"KES\",\"billRefNumber\":\"INV65BC85006B732\",\"clientMSISDN\":\"+254712001188\",\"clientName\":\"ERNEST KIRIINYA\",\"clientIDNumber\":null,\"clientEmail\":\"ernemwit@gmail.com\",\"callBackURLOnSuccess\":\"http:\\\/\\\/localhost\\\/pesaflow\\\/callback\",\"amountExpected\":\"20\",\"notificationURL\":\"http:\\\/\\\/localhost\\\/backend\\\/public\\\/pesaflow\\\/notify\",\"secureHash\":\"N2VhZmNkZTVhOWZkZDIyOTZiMjcwNzVjNTM0OTA2NGUyZTEwNDM4NDhiZTRjMmM0ZjcyYjgxM2IxZmE2YWJiOQ==\",\"format\":\"JSON\",\"sendSTK\":\"false\",\"PictureURL\":\"\"}","status":"settled","created_at":"2024-02-02T06:00:32.000000Z","updated_at":"2024-02-02T06:01:05.000000Z","userid":"2752"}  
[2024-02-02 06:01:05] production.INFO: createTransactionEntry  
[2024-02-02 06:01:05] production.INFO: invoice to be settled{"id":38,"invoice_id":"INV65BC85006B732","planId":"1","payment_for":"membership","payment_request":"{\"apiClientID\":\"36\",\"serviceID\":6017917,\"billDesc\":\"membership\",\"currency\":\"KES\",\"billRefNumber\":\"INV65BC85006B732\",\"clientMSISDN\":\"+254712001188\",\"clientName\":\"ERNEST KIRIINYA\",\"clientIDNumber\":null,\"clientEmail\":\"ernemwit@gmail.com\",\"callBackURLOnSuccess\":\"http:\\\/\\\/localhost\\\/pesaflow\\\/callback\",\"amountExpected\":\"20\",\"notificationURL\":\"http:\\\/\\\/localhost\\\/backend\\\/public\\\/pesaflow\\\/notify\",\"secureHash\":\"N2VhZmNkZTVhOWZkZDIyOTZiMjcwNzVjNTM0OTA2NGUyZTEwNDM4NDhiZTRjMmM0ZjcyYjgxM2IxZmE2YWJiOQ==\",\"format\":\"JSON\",\"sendSTK\":\"false\",\"PictureURL\":\"\"}","status":"settled","created_at":"2024-02-02T06:00:32.000000Z","updated_at":"2024-02-02T06:01:05.000000Z","userid":"2752"}  
[2024-02-02 06:01:05] production.INFO: $payment_method_id :{"payment_methods_id":1,"payment_key":"mpesa","payment_title":"MPESA","is_active":1,"created_at":"2021-11-25T05:22:25.000000Z","updated_at":"2023-02-20T09:28:21.000000Z"}  
[2024-02-02 06:01:05] production.INFO: client_invoice_ref/billref "INV65BC85006B732"  
[2024-02-02 06:01:05] production.INFO: transaction array payment request {"user_id":"2752","payment_for":"membership","total_amount":"20.00","bank_refrence":"membership-65bc8521db0a6","payment_method":1,"payment_request":"null"}  
[2024-02-02 06:01:05] production.INFO: Transaction entry created successfully.  
[2024-02-02 06:01:05] production.INFO: order created  
[2024-02-02 06:01:05] production.INFO: result transaction from transaction entry{"transaction_id":1004,"user_id":2752,"total_amount":20,"payment_status":null,"callback_status":0,"bank_refrence":"membership-65bc8521db0a6","payment_method":1,"payment_for":"membership","created_at":"2024-02-02T06:01:05.000000Z","updated_at":"2024-02-02T06:01:05.000000Z","callback_remote_addr":null,"customer_remote_addr":"::1","mobile":"712001188","payment_response":"{\"attributes\":{},\"request\":{},\"query\":{},\"server\":{},\"files\":{},\"cookies\":{},\"headers\":{}}","payment_request":"null"}  
[2024-02-02 06:01:05] production.INFO: Order found, update plan  
[2024-02-02 06:01:05] production.INFO: send_sms Mobile 712001188 OTP Your Payment of Ksh 20 for membership-65bc8521db0a6 has been received. Thank you for choosing vtabu.  
[2024-02-02 06:01:05] production.INFO: url:https://app.craftsilicon.com/ExternalSMSService/Send.aspx?UserID=KNLS&Password=KNLS@2023e1&MessageID=0&MessageText=Your+Payment+of+Ksh+20+for+membership-65bc8521db0a6+has+been+received.+Thank+you+for+choosing+vtabu.&MobileNumber=+254712001188&Priority=HIGH  
[2024-02-02 06:01:06] production.INFO: sms api response  
[2024-02-02 06:01:06] production.INFO:   
[2024-02-02 06:01:06] production.INFO:   
[2024-02-02 06:01:06] production.INFO: transaction result success payment:{"transaction_id":1004,"user_id":2752,"total_amount":20,"payment_status":null,"callback_status":0,"bank_refrence":"membership-65bc8521db0a6","payment_method":1,"payment_for":"membership","created_at":"2024-02-02T06:01:05.000000Z","updated_at":"2024-02-02T06:01:05.000000Z","callback_remote_addr":null,"customer_remote_addr":"::1","mobile":"712001188","payment_response":"{\"attributes\":{},\"request\":{},\"query\":{},\"server\":{},\"files\":{},\"cookies\":{},\"headers\":{}}","payment_request":"null","is_membership_user":1}  
[2024-02-02 06:01:06] production.INFO: key insert audit  
[2024-02-02 06:01:06] production.INFO: send_sms Mobile 712001188 OTP Amount:20.00 paid successfully for membership subscription.  
[2024-02-02 06:01:06] production.INFO: url:https://app.craftsilicon.com/ExternalSMSService/Send.aspx?UserID=KNLS&Password=KNLS@2023e1&MessageID=0&MessageText=Amount%3A20.00+paid+successfully+for+membership+subscription.&MobileNumber=+254712001188&Priority=HIGH  
[2024-02-02 06:01:07] production.INFO: sms api response  
[2024-02-02 06:01:07] production.INFO:   
[2024-02-02 06:01:07] production.INFO:   
[2024-02-02 06:08:32] production.INFO: data from payment membership: {"checkout_data":1,"amount":"20","token":"eyJ0eXAiOiJKV1QiLCJhbGciOiJIUzI1NiJ9.eyJpc3MiOiJodHRwOlwvXC9sb2NhbGhvc3RcL2JhY2tlbmRcL3B1YmxpY1wvd2FwaVwvbG9naW5cL29hdXRoXC9hdXRob3Jpc2UiLCJpYXQiOjE3MDY3ODgwMTQsImV4cCI6MTcwNzIyMDAxNCwibmJmIjoxNzA2Nzg4MDE0LCJqdGkiOiJBbEdHOE9XUE9JOE5YN1MwIiwic3ViIjoyNzUyLCJwcnYiOiI4N2UwYWYxZWY5ZmQxNTgxMmZkZWM5NzE1M2ExNGUwYjA0NzU0NmFhIn0.hkxMv9cWkrb2M3Bp_dD3EcPALTZJOCU9FAxQakryA4Y","state":"Nairobi","mobile":"+254712001188","email":"ernemwit@gmail.com","clientName":"ERNEST KIRIINYA","billDesc":"membership"}  
[2024-02-02 06:08:32] production.INFO: 6017917  
[2024-02-02 06:08:32] production.INFO: PAYLOAD====> {"apiClientID":"36","serviceID":6017917,"billDesc":"membership","currency":"KES","billRefNumber":"INV65BC86E05AD2F","clientMSISDN":"+254712001188","clientName":"ERNEST KIRIINYA","clientIDNumber":null,"clientEmail":"ernemwit@gmail.com","callBackURLOnSuccess":"http://localhost/pesaflow/callback","amountExpected":"20","notificationURL":"http://localhost/backend/public/pesaflow/notify","secureHash":"NjgyYzg3Njc3M2Y5NDFiNWFjMjFmYzk3YzE4MjRhYzZlOWViYTMyZWJlMWMyZjQ4M2M5ZmQyNGU0MGFlYzQzYw==","format":"JSON","sendSTK":"false","PictureURL":""} 
[2024-02-02 06:08:32] production.INFO: Invoice created :{"userId":2752,"planId":1,"payment_request":"{\"apiClientID\":\"36\",\"serviceID\":6017917,\"billDesc\":\"membership\",\"currency\":\"KES\",\"billRefNumber\":\"INV65BC86E05AD2F\",\"clientMSISDN\":\"+254712001188\",\"clientName\":\"ERNEST KIRIINYA\",\"clientIDNumber\":null,\"clientEmail\":\"ernemwit@gmail.com\",\"callBackURLOnSuccess\":\"http:\\\/\\\/localhost\\\/pesaflow\\\/callback\",\"amountExpected\":\"20\",\"notificationURL\":\"http:\\\/\\\/localhost\\\/backend\\\/public\\\/pesaflow\\\/notify\",\"secureHash\":\"NjgyYzg3Njc3M2Y5NDFiNWFjMjFmYzk3YzE4MjRhYzZlOWViYTMyZWJlMWMyZjQ4M2M5ZmQyNGU0MGFlYzQzYw==\",\"format\":\"JSON\",\"sendSTK\":\"false\",\"PictureURL\":\"\"}","status":"pending","invoice_id":"INV65BC86E05AD2F","payment_for":"membership","updated_at":"2024-02-02T06:08:32.000000Z","created_at":"2024-02-02T06:08:32.000000Z","id":39}  
[2024-02-02 06:09:38] production.INFO: Data from paymentcallback: {"status":"settled","secure_hash":"N2QzYTU5M2M0ZTZlMDJhMmI5YWZlYzk4OTlmMjczNWQ2MjBlOTBjYmNmNzAzYWIxN2E4ZDIzZjVkZDZlZDZiNg==","phone_number":"+254712001188","payment_reference":[{"payment_reference":"SAJ5I3N3ZN","payment_date":"2024-01-19T15:50:53Z","inserted_at":"2024-01-19T15:50:53","currency":"KES","amount":"20.00"}],"payment_date":"2024-01-19 18:50:56+03:00 EAT Africa\/Nairobi","payment_channel":"MPESA","last_payment_amount":"20.00","invoice_number":"MZRAYGK","invoice_amount":"20.00","currency":"KES","client_invoice_ref":"INV65BC86E05AD2F","amount_paid":"20.00"}  
[2024-02-02 06:09:38] production.INFO: Invoice status updated successfully.  
[2024-02-02 06:09:38] production.INFO: invoice selected from client_reference_id :{"id":39,"invoice_id":"INV65BC86E05AD2F","planId":"1","payment_for":"membership","payment_request":"{\"apiClientID\":\"36\",\"serviceID\":6017917,\"billDesc\":\"membership\",\"currency\":\"KES\",\"billRefNumber\":\"INV65BC86E05AD2F\",\"clientMSISDN\":\"+254712001188\",\"clientName\":\"ERNEST KIRIINYA\",\"clientIDNumber\":null,\"clientEmail\":\"ernemwit@gmail.com\",\"callBackURLOnSuccess\":\"http:\\\/\\\/localhost\\\/pesaflow\\\/callback\",\"amountExpected\":\"20\",\"notificationURL\":\"http:\\\/\\\/localhost\\\/backend\\\/public\\\/pesaflow\\\/notify\",\"secureHash\":\"NjgyYzg3Njc3M2Y5NDFiNWFjMjFmYzk3YzE4MjRhYzZlOWViYTMyZWJlMWMyZjQ4M2M5ZmQyNGU0MGFlYzQzYw==\",\"format\":\"JSON\",\"sendSTK\":\"false\",\"PictureURL\":\"\"}","status":"settled","created_at":"2024-02-02T06:08:32.000000Z","updated_at":"2024-02-02T06:09:38.000000Z","userid":"2752"}  
[2024-02-02 06:09:38] production.INFO: createTransactionEntry  
[2024-02-02 06:09:38] production.INFO: invoice to be settled{"id":39,"invoice_id":"INV65BC86E05AD2F","planId":"1","payment_for":"membership","payment_request":"{\"apiClientID\":\"36\",\"serviceID\":6017917,\"billDesc\":\"membership\",\"currency\":\"KES\",\"billRefNumber\":\"INV65BC86E05AD2F\",\"clientMSISDN\":\"+254712001188\",\"clientName\":\"ERNEST KIRIINYA\",\"clientIDNumber\":null,\"clientEmail\":\"ernemwit@gmail.com\",\"callBackURLOnSuccess\":\"http:\\\/\\\/localhost\\\/pesaflow\\\/callback\",\"amountExpected\":\"20\",\"notificationURL\":\"http:\\\/\\\/localhost\\\/backend\\\/public\\\/pesaflow\\\/notify\",\"secureHash\":\"NjgyYzg3Njc3M2Y5NDFiNWFjMjFmYzk3YzE4MjRhYzZlOWViYTMyZWJlMWMyZjQ4M2M5ZmQyNGU0MGFlYzQzYw==\",\"format\":\"JSON\",\"sendSTK\":\"false\",\"PictureURL\":\"\"}","status":"settled","created_at":"2024-02-02T06:08:32.000000Z","updated_at":"2024-02-02T06:09:38.000000Z","userid":"2752"}  
[2024-02-02 06:09:38] production.INFO: request data from pesaflow{"attributes":{},"request":{},"query":{},"server":{},"files":{},"cookies":{},"headers":{}}  
[2024-02-02 06:09:38] production.INFO: $payment_method_id :{"payment_methods_id":1,"payment_key":"mpesa","payment_title":"MPESA","is_active":1,"created_at":"2021-11-25T05:22:25.000000Z","updated_at":"2023-02-20T09:28:21.000000Z"}  
[2024-02-02 06:09:38] production.INFO: client_invoice_ref/billref "INV65BC86E05AD2F"  
[2024-02-02 06:09:38] production.INFO: transaction array payment request {"user_id":"2752","payment_for":"membership","total_amount":"20.00","bank_refrence":"membership-65bc8722530c8","payment_method":1,"payment_request":"null"}  
[2024-02-02 06:09:38] production.INFO: Transaction entry created successfully.  
[2024-02-02 06:09:38] production.INFO: order created  
[2024-02-02 06:09:38] production.INFO: result transaction from transaction entry{"transaction_id":1005,"user_id":2752,"total_amount":20,"payment_status":null,"callback_status":0,"bank_refrence":"membership-65bc8722530c8","payment_method":1,"payment_for":"membership","created_at":"2024-02-02T06:09:38.000000Z","updated_at":"2024-02-02T06:09:38.000000Z","callback_remote_addr":null,"customer_remote_addr":"::1","mobile":"712001188","payment_response":"{\"attributes\":{},\"request\":{},\"query\":{},\"server\":{},\"files\":{},\"cookies\":{},\"headers\":{}}","payment_request":"null"}  
[2024-02-02 06:09:38] production.INFO: Order found, update plan  
[2024-02-02 06:09:38] production.INFO: send_sms Mobile 712001188 OTP Your Payment of Ksh 20 for membership-65bc8722530c8 has been received. Thank you for choosing vtabu.  
[2024-02-02 06:09:38] production.INFO: url:https://app.craftsilicon.com/ExternalSMSService/Send.aspx?UserID=KNLS&Password=KNLS@2023e1&MessageID=0&MessageText=Your+Payment+of+Ksh+20+for+membership-65bc8722530c8+has+been+received.+Thank+you+for+choosing+vtabu.&MobileNumber=+254712001188&Priority=HIGH  
[2024-02-02 06:09:39] production.INFO: sms api response  
[2024-02-02 06:09:39] production.INFO:   
[2024-02-02 06:09:39] production.INFO:   
[2024-02-02 06:09:39] production.INFO: transaction result success payment:{"transaction_id":1005,"user_id":2752,"total_amount":20,"payment_status":null,"callback_status":0,"bank_refrence":"membership-65bc8722530c8","payment_method":1,"payment_for":"membership","created_at":"2024-02-02T06:09:38.000000Z","updated_at":"2024-02-02T06:09:38.000000Z","callback_remote_addr":null,"customer_remote_addr":"::1","mobile":"712001188","payment_response":"{\"attributes\":{},\"request\":{},\"query\":{},\"server\":{},\"files\":{},\"cookies\":{},\"headers\":{}}","payment_request":"null","is_membership_user":1}  
[2024-02-02 06:09:39] production.INFO: key insert audit  
[2024-02-02 06:09:39] production.INFO: send_sms Mobile 712001188 OTP Amount:20.00 paid successfully for membership subscription.  
[2024-02-02 06:09:39] production.INFO: url:https://app.craftsilicon.com/ExternalSMSService/Send.aspx?UserID=KNLS&Password=KNLS@2023e1&MessageID=0&MessageText=Amount%3A20.00+paid+successfully+for+membership+subscription.&MobileNumber=+254712001188&Priority=HIGH  
[2024-02-02 06:09:40] production.INFO: sms api response  
[2024-02-02 06:09:40] production.INFO:   
[2024-02-02 06:09:40] production.INFO:   
